#
# A fatal error has been detected by the Java Runtime Environment:
#
#  EXCEPTION_ACCESS_VIOLATION (0xc0000005) at pc=0x00007ffd08671bc5, pid=19060, tid=19672
#
# JRE version:  (20.0.1+9) (build )
# Java VM: Java HotSpot(TM) 64-Bit Server VM (20.0.1+9-29, mixed mode, sharing, tiered, unknown gc, windows-amd64)
# Problematic frame:
# C  [jimage.dll+0x1bc5]
#
# No core dump will be written. Minidumps are not enabled by default on client versions of Windows
#
#

---------------  S U M M A R Y ------------

Command Line: 

Host: AMD Ryzen 3 3300U with Radeon Vega Mobile Gfx  , 4 cores, 3G,  Windows 11 , 64 bit Build 22621 (10.0.22621.1928)
Time: Sun Jul 30 20:02:33 2023 India Standard Time elapsed time: 0.023082 seconds (0d 0h 0m 0s)

---------------  T H R E A D  ---------------

Current thread is native thread

Stack: [0x000000fe36400000,0x000000fe36500000],  sp=0x000000fe364fd770,  free space=1013k
Native frames: (J=compiled Java code, j=interpreted, Vv=VM code, C=native code)
C  [jimage.dll+0x1bc5]
C  [jimage.dll+0x1d53]
C  [jimage.dll+0x2619]
V  [jvm.dll+0x2233d0]
V  [jvm.dll+0xc70c2]
V  [jvm.dll+0x7fcbda]
V  [jvm.dll+0x44c76f]
V  [jvm.dll+0x44e0e1]
C  [jli.dll+0x5287]
C  [ucrtbase.dll+0x29363]
C  [KERNEL32.DLL+0x126ad]
C  [ntdll.dll+0x5aa68]


siginfo: EXCEPTION_ACCESS_VIOLATION (0xc0000005), reading address 0x0000000000017a44


Registers:
RAX=0x0000000000005e8a, RBX=0x000000fe364fd861, RCX=0x00007ffd08676000, RDX=0x0000000000005e8a
RSP=0x000000fe364fd770, RBP=0x000000fe364fd860, RSI=0x0000000000007366, RDI=0x000000fe364fd860
R8 =0x00007ffd08674298, R9 =0x000000000000001c, R10=0x00007ffd08680000, R11=0x00007ffd08676000
R12=0x0000000000000000, R13=0x000000fe364ffc50, R14=0x000000fe364fe8d0, R15=0x00007ffcd78d1170
RIP=0x00007ffd08671bc5, EFLAGS=0x0000000000010212


Top of Stack: (sp=0x000000fe364fd770)
0x000000fe364fd770:   000002340f2f0b28 00000000d60002d4
0x000000fe364fd780:   000002340f2f0b40 000002340f2f0afc
0x000000fe364fd790:   000002340f490ea0 00007ffd08671d53
0x000000fe364fd7a0:   000000000000000b 000002340f490ea0
0x000000fe364fd7b0:   00000000000006f5 00000000000006f5
0x000000fe364fd7c0:   00000000000006f5 00007ffd1031422a
0x000000fe364fd7d0:   000002340f463360 00000234d60002d4
0x000000fe364fd7e0:   000002340f460000 000000fe000003ff
0x000000fe364fd7f0:   00000000000006f5 00000234115e0080
0x000000fe364fd800:   000072710e9e2235 000002340f460150
0x000000fe364fd810:   00007ffcd78b0170 0000000000000017
0x000000fe364fd820:   000002340f490ea0 000000fe364fe8d0
0x000000fe364fd830:   000000000000000b 00007ffd08672619
0x000000fe364fd840:   000002340f460000 00007ffd000003ff
0x000000fe364fd850:   000000000000075e 00000234115fd9f0
0x000000fe364fd860:   61622e6176616a2f 692f6b646a2f6573
0x000000fe364fd870:   2f6c616e7265746e 6f6974706f2f6d76
0x000000fe364fd880:   000002340f00736e 00000234115fefc0
0x000000fe364fd890:   00000234000003ff 000000000000075e
0x000000fe364fd8a0:   00000234115e0000 0000023405010004
0x000000fe364fd8b0:   00000000000005eb 0000000000005eb0
0x000000fe364fd8c0:   000002340f46007c 000002340f460150
0x000000fe364fd8d0:   00000234115fd9e0 00007ffdd60002d4
0x000000fe364fd8e0:   000002340f460000 000000fe02000002
0x000000fe364fd8f0:   0000000000000000 0000000000000000
0x000000fe364fd900:   000002340f460150 0000023411603890
0x000000fe364fd910:   0000000000000000 0000000000000000
0x000000fe364fd920:   0000000000000173 00007ffd1031422a
0x000000fe364fd930:   000002340f463360 000000fe364fdc69
0x000000fe364fd940:   000002340f460000 0000000000000173
0x000000fe364fd950:   00000234116038a0 0000023411603890
0x000000fe364fd960:   0000000000000400 00007ffd1030f466 

Instructions: (pc=0x00007ffd08671bc5)
0x00007ffd08671ac5:   48 85 c9 74 1d 80 3d 3f 45 00 00 00 74 06 48 8b
0x00007ffd08671ad5:   53 18 eb 04 48 8b 53 40 e8 96 0e 00 00 48 83 63
0x00007ffd08671ae5:   48 00 8b 4b 0c 83 f9 ff 74 09 e8 cc 0c 00 00 83
0x00007ffd08671af5:   4b 0c ff 48 8b 4b 70 48 85 c9 74 0f ba 10 00 00
0x00007ffd08671b05:   00 e8 ed 0e 00 00 48 83 63 70 00 48 83 c4 20 5b
0x00007ffd08671b15:   c3 cc cc 40 53 48 83 ec 20 48 8b d9 48 8d 0d f8
0x00007ffd08671b25:   46 00 00 e8 9b 0c 00 00 83 6b 08 01 75 24 48 8b
0x00007ffd08671b35:   d3 48 8d 0d db 44 00 00 e8 22 08 00 00 48 8b cb
0x00007ffd08671b45:   e8 d6 fe ff ff ba 78 00 00 00 48 8b cb e8 a1 0e
0x00007ffd08671b55:   00 00 48 8d 0d c2 46 00 00 48 83 c4 20 5b e9 68
0x00007ffd08671b65:   0c 00 00 48 89 5c 24 08 48 89 74 24 10 57 48 83
0x00007ffd08671b75:   ec 20 41 8b f1 4d 8b c8 48 8b fa 4c 8b d9 4d 85
0x00007ffd08671b85:   c0 74 78 85 f6 74 74 44 8a 12 48 8d 5a 01 48 8b
0x00007ffd08671b95:   d3 b8 93 01 00 01 eb 12 69 c0 93 01 00 01 41 0f
0x00007ffd08671ba5:   b6 ca 44 8a 12 33 c1 48 ff c2 45 84 d2 75 e9 4d
0x00007ffd08671bb5:   8b 03 0f ba f0 1f 33 d2 49 8b cb f7 f6 48 63 c2
0x00007ffd08671bc5:   41 8b 14 81 41 ff 50 08 85 c0 7e 24 8a 0f eb 10
0x00007ffd08671bd5:   69 c0 93 01 00 01 0f b6 c9 33 c1 8a 0b 48 ff c3
0x00007ffd08671be5:   84 c9 75 ec 0f ba f0 1f 33 d2 f7 f6 8b c2 eb 0e
0x00007ffd08671bf5:   79 09 83 c9 ff 2b c8 8b c1 eb 03 83 c8 ff 48 8b
0x00007ffd08671c05:   5c 24 30 48 8b 74 24 38 48 83 c4 20 5f c3 cc 48
0x00007ffd08671c15:   89 5c 24 08 48 89 74 24 10 57 48 83 ec 20 48 8b
0x00007ffd08671c25:   f1 48 8d 0d f3 45 00 00 e8 96 0b 00 00 33 ff 39
0x00007ffd08671c35:   3d de 43 00 00 76 24 48 8b 05 dd 43 00 00 48 8b
0x00007ffd08671c45:   d6 48 8b 1c f8 48 8b 0b e8 68 1e 00 00 85 c0 74
0x00007ffd08671c55:   2b ff c7 3b 3d ba 43 00 00 72 dc 33 db 48 8d 0d
0x00007ffd08671c65:   b7 45 00 00 e8 62 0b 00 00 48 8b 74 24 38 48 8b
0x00007ffd08671c75:   c3 48 8b 5c 24 30 48 83 c4 20 5f c3 ff 43 08 eb
0x00007ffd08671c85:   dc cc cc 48 89 5c 24 08 48 89 74 24 10 57 48 83
0x00007ffd08671c95:   ec 20 48 8b d9 48 8b f2 48 8b 49 10 49 8b f8 8b
0x00007ffd08671ca5:   53 30 48 8b 01 ff 50 20 4c 8b 43 50 48 8b d6 48
0x00007ffd08671cb5:   8b 4b 10 44 8b c8 e8 a8 fe ff ff 83 f8 ff 74 38 



---------------  P R O C E S S  ---------------

VM state: not at safepoint (not fully initialized)

VM Mutex/Monitor currently owned by a thread: None

GC Precious Log:
<Not initialized>


Dynamic libraries:
0x00007ff6aaf30000 - 0x00007ff6aaf40000 	C:\Program Files\Java\jdk-20\bin\java.exe
0x00007ffd102d0000 - 0x00007ffd104e4000 	C:\WINDOWS\SYSTEM32\ntdll.dll
0x00007ffd0ef00000 - 0x00007ffd0efc2000 	C:\WINDOWS\System32\KERNEL32.DLL
0x00007ffd0d920000 - 0x00007ffd0dcc3000 	C:\WINDOWS\System32\KERNELBASE.dll
0x00007ffd0d6d0000 - 0x00007ffd0d7e1000 	C:\WINDOWS\System32\ucrtbase.dll
0x00007ffd08680000 - 0x00007ffd0869b000 	C:\Program Files\Java\jdk-20\bin\VCRUNTIME140.dll
0x00007ffcfc270000 - 0x00007ffcfc289000 	C:\Program Files\Java\jdk-20\bin\jli.dll
0x00007ffd100a0000 - 0x00007ffd1014e000 	C:\WINDOWS\System32\ADVAPI32.dll
0x00007ffd0f2f0000 - 0x00007ffd0f397000 	C:\WINDOWS\System32\msvcrt.dll
0x00007ffd101e0000 - 0x00007ffd10284000 	C:\WINDOWS\System32\sechost.dll
0x00007ffd0ed50000 - 0x00007ffd0ee67000 	C:\WINDOWS\System32\RPCRT4.dll
0x00007ffd0fca0000 - 0x00007ffd0fe4a000 	C:\WINDOWS\System32\USER32.dll
0x00007ffd0e080000 - 0x00007ffd0e0a6000 	C:\WINDOWS\System32\win32u.dll
0x00007ffd0eca0000 - 0x00007ffd0ecc9000 	C:\WINDOWS\System32\GDI32.dll
0x00007ffd0dcd0000 - 0x00007ffd0dde9000 	C:\WINDOWS\System32\gdi32full.dll
0x00007ffd0df60000 - 0x00007ffd0dffa000 	C:\WINDOWS\System32\msvcp_win.dll
0x00007ffd05c20000 - 0x00007ffd05c2a000 	C:\WINDOWS\SYSTEM32\VERSION.dll
0x00007ffcf3d40000 - 0x00007ffcf3fce000 	C:\WINDOWS\WinSxS\amd64_microsoft.windows.common-controls_6595b64144ccf1df_6.0.22621.1635_none_270f70857386168e\COMCTL32.dll
0x00007ffd0f590000 - 0x00007ffd0f5c1000 	C:\WINDOWS\System32\IMM32.DLL
0x00007ffd0aa40000 - 0x00007ffd0aa4c000 	C:\Program Files\Java\jdk-20\bin\vcruntime140_1.dll
0x00007ffcfb940000 - 0x00007ffcfb9ce000 	C:\Program Files\Java\jdk-20\bin\msvcp140.dll
0x00007ffcd6f70000 - 0x00007ffcd7c07000 	C:\Program Files\Java\jdk-20\bin\server\jvm.dll
0x00007ffcf7380000 - 0x00007ffcf7389000 	C:\WINDOWS\SYSTEM32\WSOCK32.dll
0x00007ffd10160000 - 0x00007ffd101d1000 	C:\WINDOWS\System32\WS2_32.dll
0x00007ffd07720000 - 0x00007ffd07754000 	C:\WINDOWS\SYSTEM32\WINMM.dll
0x00007ffd0c6f0000 - 0x00007ffd0c708000 	C:\WINDOWS\SYSTEM32\kernel.appcore.dll
0x00007ffd08670000 - 0x00007ffd0867a000 	C:\Program Files\Java\jdk-20\bin\jimage.dll
0x00007ffcfcc60000 - 0x00007ffcfce8e000 	C:\WINDOWS\SYSTEM32\DBGHELP.DLL
0x00007ffd0e0b0000 - 0x00007ffd0e439000 	C:\WINDOWS\System32\combase.dll
0x00007ffd0f1b0000 - 0x00007ffd0f287000 	C:\WINDOWS\System32\OLEAUT32.dll
0x00007ffcfca00000 - 0x00007ffcfca32000 	C:\WINDOWS\SYSTEM32\dbgcore.DLL
0x00007ffd0e000000 - 0x00007ffd0e07a000 	C:\WINDOWS\System32\bcryptPrimitives.dll

dbghelp: loaded successfully - version: 4.0.5 - missing functions: none
symbol engine: initialized successfully - sym options: 0x614 - pdb path: .;C:\Program Files\Java\jdk-20\bin;C:\WINDOWS\SYSTEM32;C:\WINDOWS\WinSxS\amd64_microsoft.windows.common-controls_6595b64144ccf1df_6.0.22621.1635_none_270f70857386168e;C:\Program Files\Java\jdk-20\bin\server

VM Arguments:
java_command: <unknown>
java_class_path (initial): <not set>
Launcher Type: SUN_STANDARD

[Global flags]
     bool UseLargePagesIndividualAllocation        = false                                  {pd product} {ergonomic}

Logging:
Log output configuration:
 #0: stdout all=warning uptime,level,tags foldmultilines=false
 #1: stderr all=off uptime,level,tags foldmultilines=false

Environment Variables:
JAVA_HOME=C:\Program Files\Java\jdk-20
PATH=C:\Program Files\Common Files\Oracle\Java\javapath;C:\Python311\Scripts\;C:\Python311\;C:\WINDOWS\system32;C:\WINDOWS;C:\WINDOWS\System32\Wbem;C:\WINDOWS\System32\WindowsPowerShell\v1.0\;C:\WINDOWS\System32\OpenSSH\;C:\Program Files\nodejs\;C:\ProgramData\chocolatey\bin;C:\Program Files\MySQL\MySQL Server 8.0\bin;C:\Program Files\Java\jdk-20\bin;C:\Program Files\Common Files\Oracle\Java\javapath;C:\Program Files\MySQL\MySQL Shell 8.0\bin\;C:\Users\HP\AppData\Local\Programs\Python\Python310\Scripts\;C:\Users\HP\AppData\Local\Programs\Python\Python310\;C:\Users\HP\AppData\Local\Microsoft\WindowsApps;C:\Users\HP\AppData\Local\Programs\Microsoft VS Code\bin;C:\MinGW\bin;C:\kotlinc\bin;C:\Users\HP\AppData\Local\Programs\MiKTeX\miktex\bin\x64\;C:\Users\HP\AppData\Roaming\npm;C:\Program Files\Java\jdk-20\bin;
USERNAME=harry sahani
OS=Windows_NT
PROCESSOR_IDENTIFIER=AMD64 Family 23 Model 24 Stepping 1, AuthenticAMD
TMP=C:\Users\HP\AppData\Local\Temp
TEMP=C:\Users\HP\AppData\Local\Temp




---------------  S Y S T E M  ---------------

OS:
 Windows 11 , 64 bit Build 22621 (10.0.22621.1928)
OS uptime: 16 days 0:23 hours

CPU: total 4 (initial active 0) 

Memory: 4k page, system-wide physical 3530M (224M free)
TotalPageFile size 14282M (AvailPageFile size 4M)
current process WorkingSet (physical memory assigned to process): 8M, peak: 8M
current process commit charge ("private bytes"): 3M, peak: 3M

vm_info: Java HotSpot(TM) 64-Bit Server VM (20.0.1+9-29) for windows-amd64 JRE (20.0.1+9-29), built on 2023-03-07T13:56:11Z by "mach5one" with MS VC++ 17.1 (VS2022)

END.
