#
# There is insufficient memory for the Java Runtime Environment to continue.
# Native memory allocation (mmap) failed to map 102760448 bytes for G1 virtual space
# Possible reasons:
#   The system is out of physical RAM or swap space
#   The process is running with CompressedOops enabled, and the Java Heap may be blocking the growth of the native heap
# Possible solutions:
#   Reduce memory load on the system
#   Increase physical memory or swap space
#   Check if swap backing store is full
#   Decrease Java heap size (-Xmx/-Xms)
#   Decrease number of Java threads
#   Decrease Java thread stack sizes (-Xss)
#   Set larger code cache with -XX:ReservedCodeCacheSize=
#   JVM is running with Unscaled Compressed Oops mode in which the Java heap is
#     placed in the first 4GB address space. The Java Heap base address is the
#     maximum limit for the native heap growth. Please use -XX:HeapBaseMinAddress
#     to set the Java Heap base and to place the Java Heap above 4GB virtual address.
# This output file may be truncated or incomplete.
#
#  Out of Memory Error (os_windows.cpp:3528), pid=15368, tid=12396
#
# JRE version: Java(TM) SE Runtime Environment (20.0.1+9) (build 20.0.1+9-29)
# Java VM: Java HotSpot(TM) 64-Bit Server VM (20.0.1+9-29, mixed mode, sharing, tiered, compressed oops, compressed class ptrs, g1 gc, windows-amd64)
# No core dump will be written. Minidumps are not enabled by default on client versions of Windows
#

---------------  S U M M A R Y ------------

Command Line: -Dfile.encoding=UTF-8 --module-path=C:\Users\HP\Documents\NetBeansProjects\project\build\classes project.Splash

Host: AMD Ryzen 3 3300U with Radeon Vega Mobile Gfx  , 4 cores, 3G,  Windows 11 , 64 bit Build 22621 (10.0.22621.1928)
Time: Wed Aug  9 11:39:12 2023 India Standard Time elapsed time: 65.387084 seconds (0d 0h 1m 5s)

---------------  T H R E A D  ---------------

Current thread (0x00000194393240f0):  VMThread "VM Thread" [stack: 0x0000007533300000,0x0000007533400000] [id=12396]

Stack: [0x0000007533300000,0x0000007533400000]
Native frames: (J=compiled Java code, j=interpreted, Vv=VM code, C=native code)
V  [jvm.dll+0x6bb95a]
V  [jvm.dll+0x8485fa]
V  [jvm.dll+0x84a1f5]
V  [jvm.dll+0x84a8f3]
V  [jvm.dll+0x280b0f]
V  [jvm.dll+0x6b86e9]
V  [jvm.dll+0x6ad2da]
V  [jvm.dll+0x35adf5]
V  [jvm.dll+0x363016]
V  [jvm.dll+0x3b3b3e]
V  [jvm.dll+0x3b3dc5]
V  [jvm.dll+0x32b50a]
V  [jvm.dll+0x32e126]
V  [jvm.dll+0x3381ee]
V  [jvm.dll+0x371a5a]
V  [jvm.dll+0x85023e]
V  [jvm.dll+0x851351]
V  [jvm.dll+0x851859]
V  [jvm.dll+0x851ad3]
V  [jvm.dll+0x7f4b56]
V  [jvm.dll+0x6ba5cb]
C  [ucrtbase.dll+0x29363]
C  [KERNEL32.DLL+0x126ad]
C  [ntdll.dll+0x5aa68]

VM_Operation (0x0000007532fff390): G1PauseRemark, mode: safepoint, requested by thread 0x00000194392ae620


---------------  P R O C E S S  ---------------

Threads class SMR info:
_java_thread_list=0x000001945d2d11e0, length=19, elements={
0x00000194539fe2f0, 0x00000194539feed0, 0x0000019453a02bd0, 0x0000019453a05520,
0x0000019453a05e60, 0x0000019453a067a0, 0x0000019453a07410, 0x0000019453a6f9b0,
0x0000019453ace430, 0x0000019457d722c0, 0x0000019457eba020, 0x0000019457ec0040,
0x000001945ccd5c30, 0x000001945ccd6180, 0x000001945cd6c970, 0x000001945cd6c420,
0x000001945cd6a990, 0x000001945cd6aee0, 0x000001945cd6b430
}

Java Threads: ( => current thread )
  0x00000194539fe2f0 JavaThread "Reference Handler" daemon [_thread_blocked, id=6820, stack(0x0000007533400000,0x0000007533500000)]
  0x00000194539feed0 JavaThread "Finalizer" daemon [_thread_blocked, id=5880, stack(0x0000007533500000,0x0000007533600000)]
  0x0000019453a02bd0 JavaThread "Signal Dispatcher" daemon [_thread_blocked, id=14268, stack(0x0000007533600000,0x0000007533700000)]
  0x0000019453a05520 JavaThread "Attach Listener" daemon [_thread_blocked, id=16300, stack(0x0000007533700000,0x0000007533800000)]
  0x0000019453a05e60 JavaThread "Service Thread" daemon [_thread_blocked, id=4820, stack(0x0000007533800000,0x0000007533900000)]
  0x0000019453a067a0 JavaThread "Monitor Deflation Thread" daemon [_thread_blocked, id=8600, stack(0x0000007533900000,0x0000007533a00000)]
  0x0000019453a07410 JavaThread "C2 CompilerThread0" daemon [_thread_blocked, id=14628, stack(0x0000007533a00000,0x0000007533b00000)]
  0x0000019453a6f9b0 JavaThread "C1 CompilerThread0" daemon [_thread_blocked, id=14380, stack(0x0000007533b00000,0x0000007533c00000)]
  0x0000019453ace430 JavaThread "Common-Cleaner" daemon [_thread_blocked, id=2916, stack(0x0000007533c00000,0x0000007533d00000)]
  0x0000019457d722c0 JavaThread "Notification Thread" daemon [_thread_blocked, id=7684, stack(0x0000007533d00000,0x0000007533e00000)]
  0x0000019457eba020 JavaThread "Java2D Disposer" daemon [_thread_blocked, id=15152, stack(0x0000007533f00000,0x0000007534000000)]
  0x0000019457ec0040 JavaThread "AWT-Windows" daemon [_thread_in_native, id=5188, stack(0x0000007534100000,0x0000007534200000)]
  0x000001945ccd5c30 JavaThread "AWT-Shutdown" [_thread_blocked, id=2456, stack(0x0000007534000000,0x0000007534100000)]
  0x000001945ccd6180 JavaThread "AWT-EventQueue-0" [_thread_blocked, id=9292, stack(0x0000007534e00000,0x0000007534f00000)]
  0x000001945cd6c970 JavaThread "D3D Screen Updater" daemon [_thread_blocked, id=14120, stack(0x0000007535000000,0x0000007535100000)]
  0x000001945cd6c420 JavaThread "DestroyJavaVM" [_thread_blocked, id=8844, stack(0x0000007532d00000,0x0000007532e00000)]
  0x000001945cd6a990 JavaThread "TimerQueue" daemon [_thread_blocked, id=9200, stack(0x0000007534f00000,0x0000007535000000)]
  0x000001945cd6aee0 JavaThread "mysql-cj-abandoned-connection-cleanup" daemon [_thread_blocked, id=8368, stack(0x0000007532b00000,0x0000007532c00000)]
  0x000001945cd6b430 JavaThread "Image Fetcher 0" daemon [_thread_blocked, id=9368, stack(0x0000007535400000,0x0000007535500000)]

Other Threads:
=>0x00000194393240f0 VMThread "VM Thread" [stack: 0x0000007533300000,0x0000007533400000] [id=12396]
  0x0000019457d287a0 WatcherThread "VM Periodic Task Thread" [stack: 0x0000007533e00000,0x0000007533f00000] [id=16240]
  0x00000194392a6890 WorkerThread "GC Thread#0" [stack: 0x0000007532e00000,0x0000007532f00000] [id=3364]
  0x000001945cc95530 WorkerThread "GC Thread#1" [stack: 0x0000007534b00000,0x0000007534c00000] [id=11248]
  0x000001945ccae470 WorkerThread "GC Thread#2" [stack: 0x0000007534c00000,0x0000007534d00000] [id=11624]
  0x000001945ccae740 WorkerThread "GC Thread#3" [stack: 0x0000007534d00000,0x0000007534e00000] [id=13216]
  0x00000194392ae620 ConcurrentGCThread "G1 Main Marker" [stack: 0x0000007532f00000,0x0000007533000000] [id=3304]
  0x00000194392af350 WorkerThread "G1 Conc#0" [stack: 0x0000007533000000,0x0000007533100000] [id=15280]
  0x00000194392fda00 ConcurrentGCThread "G1 Refine#0" [stack: 0x0000007533100000,0x0000007533200000] [id=1516]
  0x00000194392fe7a0 ConcurrentGCThread "G1 Service" [stack: 0x0000007533200000,0x0000007533300000] [id=1380]

Threads with active compile tasks:

VM state: at safepoint (normal execution)

VM Mutex/Monitor currently owned by a thread:  ([mutex/lock_event])
[0x0000019439262670] Threads_lock - owner thread: 0x00000194393240f0
[0x0000019439261f20] Heap_lock - owner thread: 0x00000194392ae620

Heap address: 0x00000000c8c00000, size: 884 MB, Compressed Oops mode: 32-bit

CDS archive(s) mapped at: [0x0000000800000000-0x0000000800c60000-0x0000000800c60000), size 12976128, SharedBaseAddress: 0x0000000800000000, ArchiveRelocationMode: 0.
Compressed class space mapped at: 0x0000000801000000-0x0000000841000000, reserved size: 1073741824
Narrow klass base: 0x0000000800000000, Narrow klass shift: 0, Narrow klass range: 0x100000000

GC Precious Log:
 CardTable entry size: 512
 Card Set container configuration: InlinePtr #cards 5 size 8 Array Of Cards #cards 12 size 40 Howl #buckets 4 coarsen threshold 1843 Howl Bitmap #cards 512 size 80 coarsen threshold 460 Card regions per heap region 1 cards per card region 2048
 CPUs: 4 total, 4 available
 Memory: 3530M
 Large Page Support: Disabled
 NUMA Support: Disabled
 Compressed Oops: Enabled (32-bit)
 Heap Region Size: 1M
 Heap Min Capacity: 8M
 Heap Initial Capacity: 56M
 Heap Max Capacity: 884M
 Pre-touch: Disabled
 Parallel Workers: 4
 Concurrent Workers: 1
 Concurrent Refinement Workers: 4
 Periodic GC: Disabled

Heap:
 garbage-first heap   total 393216K, used 294583K [0x00000000c8c00000, 0x0000000100000000)
  region size 1024K, 5 young (5120K), 3 survivors (3072K)
 Metaspace       used 18871K, committed 19072K, reserved 1114112K
  class space    used 2090K, committed 2176K, reserved 1048576K

Heap Regions: E=young(eden), S=young(survivor), O=old, HS=humongous(starts), HC=humongous(continues), CS=collection set, F=free, OA=open archive, CA=closed archive, TAMS=top-at-mark-start, PB=parsable bottom
|   0|0x00000000c8c00000, 0x00000000c8d00000, 0x00000000c8d00000|100%| O|  |TAMS 0x00000000c8d00000| PB 0x00000000c8d00000| Untracked 
|   1|0x00000000c8d00000, 0x00000000c8e00000, 0x00000000c8e00000|100%|HS|  |TAMS 0x00000000c8e00000| PB 0x00000000c8d00000| Complete 
|   2|0x00000000c8e00000, 0x00000000c8f00000, 0x00000000c8f00000|100%|HC|  |TAMS 0x00000000c8f00000| PB 0x00000000c8e00000| Complete 
|   3|0x00000000c8f00000, 0x00000000c9000000, 0x00000000c9000000|100%|HC|  |TAMS 0x00000000c9000000| PB 0x00000000c8f00000| Complete 
|   4|0x00000000c9000000, 0x00000000c9100000, 0x00000000c9100000|100%|HC|  |TAMS 0x00000000c9100000| PB 0x00000000c9000000| Complete 
|   5|0x00000000c9100000, 0x00000000c9200000, 0x00000000c9200000|100%|HC|  |TAMS 0x00000000c9200000| PB 0x00000000c9100000| Complete 
|   6|0x00000000c9200000, 0x00000000c9300000, 0x00000000c9300000|100%|HC|  |TAMS 0x00000000c9300000| PB 0x00000000c9200000| Complete 
|   7|0x00000000c9300000, 0x00000000c9400000, 0x00000000c9400000|100%|HC|  |TAMS 0x00000000c9400000| PB 0x00000000c9300000| Complete 
|   8|0x00000000c9400000, 0x00000000c9500000, 0x00000000c9500000|100%|HC|  |TAMS 0x00000000c9500000| PB 0x00000000c9400000| Complete 
|   9|0x00000000c9500000, 0x00000000c9600000, 0x00000000c9600000|100%|HC|  |TAMS 0x00000000c9600000| PB 0x00000000c9500000| Complete 
|  10|0x00000000c9600000, 0x00000000c9700000, 0x00000000c9700000|100%|HC|  |TAMS 0x00000000c9700000| PB 0x00000000c9600000| Complete 
|  11|0x00000000c9700000, 0x00000000c9800000, 0x00000000c9800000|100%|HC|  |TAMS 0x00000000c9800000| PB 0x00000000c9700000| Complete 
|  12|0x00000000c9800000, 0x00000000c9900000, 0x00000000c9900000|100%|HC|  |TAMS 0x00000000c9900000| PB 0x00000000c9800000| Complete 
|  13|0x00000000c9900000, 0x00000000c9a00000, 0x00000000c9a00000|100%|HC|  |TAMS 0x00000000c9a00000| PB 0x00000000c9900000| Complete 
|  14|0x00000000c9a00000, 0x00000000c9b00000, 0x00000000c9b00000|100%|HC|  |TAMS 0x00000000c9b00000| PB 0x00000000c9a00000| Complete 
|  15|0x00000000c9b00000, 0x00000000c9c00000, 0x00000000c9c00000|100%|HC|  |TAMS 0x00000000c9c00000| PB 0x00000000c9b00000| Complete 
|  16|0x00000000c9c00000, 0x00000000c9d00000, 0x00000000c9d00000|100%|HC|  |TAMS 0x00000000c9d00000| PB 0x00000000c9c00000| Complete 
|  17|0x00000000c9d00000, 0x00000000c9e00000, 0x00000000c9e00000|100%|HC|  |TAMS 0x00000000c9e00000| PB 0x00000000c9d00000| Complete 
|  18|0x00000000c9e00000, 0x00000000c9f00000, 0x00000000c9f00000|100%|HC|  |TAMS 0x00000000c9f00000| PB 0x00000000c9e00000| Complete 
|  19|0x00000000c9f00000, 0x00000000ca000000, 0x00000000ca000000|100%|HC|  |TAMS 0x00000000ca000000| PB 0x00000000c9f00000| Complete 
|  20|0x00000000ca000000, 0x00000000ca100000, 0x00000000ca100000|100%|HC|  |TAMS 0x00000000ca100000| PB 0x00000000ca000000| Complete 
|  21|0x00000000ca100000, 0x00000000ca200000, 0x00000000ca200000|100%|HC|  |TAMS 0x00000000ca200000| PB 0x00000000ca100000| Complete 
|  22|0x00000000ca200000, 0x00000000ca300000, 0x00000000ca300000|100%|HC|  |TAMS 0x00000000ca300000| PB 0x00000000ca200000| Complete 
|  23|0x00000000ca300000, 0x00000000ca400000, 0x00000000ca400000|100%|HC|  |TAMS 0x00000000ca400000| PB 0x00000000ca300000| Complete 
|  24|0x00000000ca400000, 0x00000000ca500000, 0x00000000ca500000|100%|HC|  |TAMS 0x00000000ca500000| PB 0x00000000ca400000| Complete 
|  25|0x00000000ca500000, 0x00000000ca600000, 0x00000000ca600000|100%|HC|  |TAMS 0x00000000ca600000| PB 0x00000000ca500000| Complete 
|  26|0x00000000ca600000, 0x00000000ca700000, 0x00000000ca700000|100%|HC|  |TAMS 0x00000000ca700000| PB 0x00000000ca600000| Complete 
|  27|0x00000000ca700000, 0x00000000ca800000, 0x00000000ca800000|100%|HC|  |TAMS 0x00000000ca800000| PB 0x00000000ca700000| Complete 
|  28|0x00000000ca800000, 0x00000000ca900000, 0x00000000ca900000|100%|HC|  |TAMS 0x00000000ca900000| PB 0x00000000ca800000| Complete 
|  29|0x00000000ca900000, 0x00000000caa00000, 0x00000000caa00000|100%|HC|  |TAMS 0x00000000caa00000| PB 0x00000000ca900000| Complete 
|  30|0x00000000caa00000, 0x00000000cab00000, 0x00000000cab00000|100%|HC|  |TAMS 0x00000000cab00000| PB 0x00000000caa00000| Complete 
|  31|0x00000000cab00000, 0x00000000cac00000, 0x00000000cac00000|100%|HC|  |TAMS 0x00000000cac00000| PB 0x00000000cab00000| Complete 
|  32|0x00000000cac00000, 0x00000000cad00000, 0x00000000cad00000|100%|HC|  |TAMS 0x00000000cad00000| PB 0x00000000cac00000| Complete 
|  33|0x00000000cad00000, 0x00000000cae00000, 0x00000000cae00000|100%|HC|  |TAMS 0x00000000cae00000| PB 0x00000000cad00000| Complete 
|  34|0x00000000cae00000, 0x00000000caf00000, 0x00000000caf00000|100%|HC|  |TAMS 0x00000000caf00000| PB 0x00000000cae00000| Complete 
|  35|0x00000000caf00000, 0x00000000cb000000, 0x00000000cb000000|100%|HC|  |TAMS 0x00000000cb000000| PB 0x00000000caf00000| Complete 
|  36|0x00000000cb000000, 0x00000000cb100000, 0x00000000cb100000|100%| O|  |TAMS 0x00000000cb100000| PB 0x00000000cb100000| Untracked 
|  37|0x00000000cb100000, 0x00000000cb1adc00, 0x00000000cb200000| 67%| O|  |TAMS 0x00000000cb1adc00| PB 0x00000000cb1adc00| Updating 
|  38|0x00000000cb200000, 0x00000000cb300000, 0x00000000cb300000|100%|HS|  |TAMS 0x00000000cb300000| PB 0x00000000cb200000| Complete 
|  39|0x00000000cb300000, 0x00000000cb400000, 0x00000000cb400000|100%|HC|  |TAMS 0x00000000cb400000| PB 0x00000000cb300000| Complete 
|  40|0x00000000cb400000, 0x00000000cb500000, 0x00000000cb500000|100%|HC|  |TAMS 0x00000000cb500000| PB 0x00000000cb400000| Complete 
|  41|0x00000000cb500000, 0x00000000cb600000, 0x00000000cb600000|100%|HS|  |TAMS 0x00000000cb600000| PB 0x00000000cb500000| Complete 
|  42|0x00000000cb600000, 0x00000000cb700000, 0x00000000cb700000|100%|HC|  |TAMS 0x00000000cb700000| PB 0x00000000cb600000| Complete 
|  43|0x00000000cb700000, 0x00000000cb800000, 0x00000000cb800000|100%|HC|  |TAMS 0x00000000cb800000| PB 0x00000000cb700000| Complete 
|  44|0x00000000cb800000, 0x00000000cb900000, 0x00000000cb900000|100%|HC|  |TAMS 0x00000000cb900000| PB 0x00000000cb800000| Complete 
|  45|0x00000000cb900000, 0x00000000cba00000, 0x00000000cba00000|100%|HC|  |TAMS 0x00000000cba00000| PB 0x00000000cb900000| Complete 
|  46|0x00000000cba00000, 0x00000000cbb00000, 0x00000000cbb00000|100%|HC|  |TAMS 0x00000000cbb00000| PB 0x00000000cba00000| Complete 
|  47|0x00000000cbb00000, 0x00000000cbc00000, 0x00000000cbc00000|100%|HC|  |TAMS 0x00000000cbc00000| PB 0x00000000cbb00000| Complete 
|  48|0x00000000cbc00000, 0x00000000cbd00000, 0x00000000cbd00000|100%|HS|  |TAMS 0x00000000cbd00000| PB 0x00000000cbc00000| Complete 
|  49|0x00000000cbd00000, 0x00000000cbe00000, 0x00000000cbe00000|100%|HC|  |TAMS 0x00000000cbe00000| PB 0x00000000cbd00000| Complete 
|  50|0x00000000cbe00000, 0x00000000cbf00000, 0x00000000cbf00000|100%|HS|  |TAMS 0x00000000cbf00000| PB 0x00000000cbe00000| Complete 
|  51|0x00000000cbf00000, 0x00000000cc000000, 0x00000000cc000000|100%|HC|  |TAMS 0x00000000cc000000| PB 0x00000000cbf00000| Complete 
|  52|0x00000000cc000000, 0x00000000cc100000, 0x00000000cc100000|100%|HC|  |TAMS 0x00000000cc100000| PB 0x00000000cc000000| Complete 
|  53|0x00000000cc100000, 0x00000000cc200000, 0x00000000cc200000|100%|HC|  |TAMS 0x00000000cc200000| PB 0x00000000cc100000| Complete 
|  54|0x00000000cc200000, 0x00000000cc300000, 0x00000000cc300000|100%|HC|  |TAMS 0x00000000cc300000| PB 0x00000000cc200000| Complete 
|  55|0x00000000cc300000, 0x00000000cc400000, 0x00000000cc400000|100%|HC|  |TAMS 0x00000000cc400000| PB 0x00000000cc300000| Complete 
|  56|0x00000000cc400000, 0x00000000cc500000, 0x00000000cc500000|100%|HC|  |TAMS 0x00000000cc500000| PB 0x00000000cc400000| Complete 
|  57|0x00000000cc500000, 0x00000000cc500000, 0x00000000cc600000|  0%| F|  |TAMS 0x00000000cc500000| PB 0x00000000cc500000| Untracked 
|  58|0x00000000cc600000, 0x00000000cc600000, 0x00000000cc700000|  0%| F|  |TAMS 0x00000000cc600000| PB 0x00000000cc600000| Untracked 
|  59|0x00000000cc700000, 0x00000000cc700000, 0x00000000cc800000|  0%| F|  |TAMS 0x00000000cc700000| PB 0x00000000cc700000| Untracked 
|  60|0x00000000cc800000, 0x00000000cc800000, 0x00000000cc900000|  0%| F|  |TAMS 0x00000000cc800000| PB 0x00000000cc800000| Untracked 
|  61|0x00000000cc900000, 0x00000000cc900000, 0x00000000cca00000|  0%| F|  |TAMS 0x00000000cc900000| PB 0x00000000cc900000| Untracked 
|  62|0x00000000cca00000, 0x00000000cca00000, 0x00000000ccb00000|  0%| F|  |TAMS 0x00000000cca00000| PB 0x00000000cca00000| Untracked 
|  63|0x00000000ccb00000, 0x00000000ccb00000, 0x00000000ccc00000|  0%| F|  |TAMS 0x00000000ccb00000| PB 0x00000000ccb00000| Untracked 
|  64|0x00000000ccc00000, 0x00000000ccc00000, 0x00000000ccd00000|  0%| F|  |TAMS 0x00000000ccc00000| PB 0x00000000ccc00000| Untracked 
|  65|0x00000000ccd00000, 0x00000000ccd00000, 0x00000000cce00000|  0%| F|  |TAMS 0x00000000ccd00000| PB 0x00000000ccd00000| Untracked 
|  66|0x00000000cce00000, 0x00000000cce00000, 0x00000000ccf00000|  0%| F|  |TAMS 0x00000000cce00000| PB 0x00000000cce00000| Untracked 
|  67|0x00000000ccf00000, 0x00000000ccf00000, 0x00000000cd000000|  0%| F|  |TAMS 0x00000000ccf00000| PB 0x00000000ccf00000| Untracked 
|  68|0x00000000cd000000, 0x00000000cd000000, 0x00000000cd100000|  0%| F|  |TAMS 0x00000000cd000000| PB 0x00000000cd000000| Untracked 
|  69|0x00000000cd100000, 0x00000000cd100000, 0x00000000cd200000|  0%| F|  |TAMS 0x00000000cd100000| PB 0x00000000cd100000| Untracked 
|  70|0x00000000cd200000, 0x00000000cd200000, 0x00000000cd300000|  0%| F|  |TAMS 0x00000000cd200000| PB 0x00000000cd200000| Untracked 
|  71|0x00000000cd300000, 0x00000000cd300000, 0x00000000cd400000|  0%| F|  |TAMS 0x00000000cd300000| PB 0x00000000cd300000| Untracked 
|  72|0x00000000cd400000, 0x00000000cd400000, 0x00000000cd500000|  0%| F|  |TAMS 0x00000000cd400000| PB 0x00000000cd400000| Untracked 
|  73|0x00000000cd500000, 0x00000000cd500000, 0x00000000cd600000|  0%| F|  |TAMS 0x00000000cd500000| PB 0x00000000cd500000| Untracked 
|  74|0x00000000cd600000, 0x00000000cd600000, 0x00000000cd700000|  0%| F|  |TAMS 0x00000000cd600000| PB 0x00000000cd600000| Untracked 
|  75|0x00000000cd700000, 0x00000000cd700000, 0x00000000cd800000|  0%| F|  |TAMS 0x00000000cd700000| PB 0x00000000cd700000| Untracked 
|  76|0x00000000cd800000, 0x00000000cd800000, 0x00000000cd900000|  0%| F|  |TAMS 0x00000000cd800000| PB 0x00000000cd800000| Untracked 
|  77|0x00000000cd900000, 0x00000000cd900000, 0x00000000cda00000|  0%| F|  |TAMS 0x00000000cd900000| PB 0x00000000cd900000| Untracked 
|  78|0x00000000cda00000, 0x00000000cda00000, 0x00000000cdb00000|  0%| F|  |TAMS 0x00000000cda00000| PB 0x00000000cda00000| Untracked 
|  79|0x00000000cdb00000, 0x00000000cdb00000, 0x00000000cdc00000|  0%| F|  |TAMS 0x00000000cdb00000| PB 0x00000000cdb00000| Untracked 
|  80|0x00000000cdc00000, 0x00000000cdc00000, 0x00000000cdd00000|  0%| F|  |TAMS 0x00000000cdc00000| PB 0x00000000cdc00000| Untracked 
|  81|0x00000000cdd00000, 0x00000000cdd00000, 0x00000000cde00000|  0%| F|  |TAMS 0x00000000cdd00000| PB 0x00000000cdd00000| Untracked 
|  82|0x00000000cde00000, 0x00000000cde00000, 0x00000000cdf00000|  0%| F|  |TAMS 0x00000000cde00000| PB 0x00000000cde00000| Untracked 
|  83|0x00000000cdf00000, 0x00000000cdf00000, 0x00000000ce000000|  0%| F|  |TAMS 0x00000000cdf00000| PB 0x00000000cdf00000| Untracked 
|  84|0x00000000ce000000, 0x00000000ce000000, 0x00000000ce100000|  0%| F|  |TAMS 0x00000000ce000000| PB 0x00000000ce000000| Untracked 
|  85|0x00000000ce100000, 0x00000000ce100000, 0x00000000ce200000|  0%| F|  |TAMS 0x00000000ce100000| PB 0x00000000ce100000| Untracked 
|  86|0x00000000ce200000, 0x00000000ce200000, 0x00000000ce300000|  0%| F|  |TAMS 0x00000000ce200000| PB 0x00000000ce200000| Untracked 
|  87|0x00000000ce300000, 0x00000000ce400000, 0x00000000ce400000|100%|HS|  |TAMS 0x00000000ce400000| PB 0x00000000ce300000| Complete 
|  88|0x00000000ce400000, 0x00000000ce500000, 0x00000000ce500000|100%|HC|  |TAMS 0x00000000ce500000| PB 0x00000000ce400000| Complete 
|  89|0x00000000ce500000, 0x00000000ce600000, 0x00000000ce600000|100%|HC|  |TAMS 0x00000000ce600000| PB 0x00000000ce500000| Complete 
|  90|0x00000000ce600000, 0x00000000ce700000, 0x00000000ce700000|100%|HC|  |TAMS 0x00000000ce700000| PB 0x00000000ce600000| Complete 
|  91|0x00000000ce700000, 0x00000000ce800000, 0x00000000ce800000|100%|HC|  |TAMS 0x00000000ce800000| PB 0x00000000ce700000| Complete 
|  92|0x00000000ce800000, 0x00000000ce900000, 0x00000000ce900000|100%|HC|  |TAMS 0x00000000ce900000| PB 0x00000000ce800000| Complete 
|  93|0x00000000ce900000, 0x00000000cea00000, 0x00000000cea00000|100%|HC|  |TAMS 0x00000000cea00000| PB 0x00000000ce900000| Complete 
|  94|0x00000000cea00000, 0x00000000ceb00000, 0x00000000ceb00000|100%|HC|  |TAMS 0x00000000ceb00000| PB 0x00000000cea00000| Complete 
|  95|0x00000000ceb00000, 0x00000000cec00000, 0x00000000cec00000|100%|HC|  |TAMS 0x00000000cec00000| PB 0x00000000ceb00000| Complete 
|  96|0x00000000cec00000, 0x00000000ced00000, 0x00000000ced00000|100%|HC|  |TAMS 0x00000000ced00000| PB 0x00000000cec00000| Complete 
|  97|0x00000000ced00000, 0x00000000cee00000, 0x00000000cee00000|100%|HC|  |TAMS 0x00000000cee00000| PB 0x00000000ced00000| Complete 
|  98|0x00000000cee00000, 0x00000000cef00000, 0x00000000cef00000|100%|HC|  |TAMS 0x00000000cef00000| PB 0x00000000cee00000| Complete 
|  99|0x00000000cef00000, 0x00000000cf000000, 0x00000000cf000000|100%|HC|  |TAMS 0x00000000cf000000| PB 0x00000000cef00000| Complete 
| 100|0x00000000cf000000, 0x00000000cf100000, 0x00000000cf100000|100%|HC|  |TAMS 0x00000000cf100000| PB 0x00000000cf000000| Complete 
| 101|0x00000000cf100000, 0x00000000cf200000, 0x00000000cf200000|100%|HC|  |TAMS 0x00000000cf200000| PB 0x00000000cf100000| Complete 
| 102|0x00000000cf200000, 0x00000000cf300000, 0x00000000cf300000|100%|HC|  |TAMS 0x00000000cf300000| PB 0x00000000cf200000| Complete 
| 103|0x00000000cf300000, 0x00000000cf400000, 0x00000000cf400000|100%|HC|  |TAMS 0x00000000cf400000| PB 0x00000000cf300000| Complete 
| 104|0x00000000cf400000, 0x00000000cf500000, 0x00000000cf500000|100%|HC|  |TAMS 0x00000000cf500000| PB 0x00000000cf400000| Complete 
| 105|0x00000000cf500000, 0x00000000cf600000, 0x00000000cf600000|100%|HC|  |TAMS 0x00000000cf600000| PB 0x00000000cf500000| Complete 
| 106|0x00000000cf600000, 0x00000000cf700000, 0x00000000cf700000|100%|HC|  |TAMS 0x00000000cf700000| PB 0x00000000cf600000| Complete 
| 107|0x00000000cf700000, 0x00000000cf800000, 0x00000000cf800000|100%|HC|  |TAMS 0x00000000cf800000| PB 0x00000000cf700000| Complete 
| 108|0x00000000cf800000, 0x00000000cf900000, 0x00000000cf900000|100%|HC|  |TAMS 0x00000000cf900000| PB 0x00000000cf800000| Complete 
| 109|0x00000000cf900000, 0x00000000cfa00000, 0x00000000cfa00000|100%|HC|  |TAMS 0x00000000cfa00000| PB 0x00000000cf900000| Complete 
| 110|0x00000000cfa00000, 0x00000000cfb00000, 0x00000000cfb00000|100%|HC|  |TAMS 0x00000000cfb00000| PB 0x00000000cfa00000| Complete 
| 111|0x00000000cfb00000, 0x00000000cfc00000, 0x00000000cfc00000|100%|HC|  |TAMS 0x00000000cfc00000| PB 0x00000000cfb00000| Complete 
| 112|0x00000000cfc00000, 0x00000000cfd00000, 0x00000000cfd00000|100%|HC|  |TAMS 0x00000000cfd00000| PB 0x00000000cfc00000| Complete 
| 113|0x00000000cfd00000, 0x00000000cfe00000, 0x00000000cfe00000|100%|HC|  |TAMS 0x00000000cfe00000| PB 0x00000000cfd00000| Complete 
| 114|0x00000000cfe00000, 0x00000000cff00000, 0x00000000cff00000|100%|HC|  |TAMS 0x00000000cff00000| PB 0x00000000cfe00000| Complete 
| 115|0x00000000cff00000, 0x00000000d0000000, 0x00000000d0000000|100%|HC|  |TAMS 0x00000000d0000000| PB 0x00000000cff00000| Complete 
| 116|0x00000000d0000000, 0x00000000d0100000, 0x00000000d0100000|100%|HC|  |TAMS 0x00000000d0100000| PB 0x00000000d0000000| Complete 
| 117|0x00000000d0100000, 0x00000000d0200000, 0x00000000d0200000|100%|HC|  |TAMS 0x00000000d0200000| PB 0x00000000d0100000| Complete 
| 118|0x00000000d0200000, 0x00000000d0300000, 0x00000000d0300000|100%|HC|  |TAMS 0x00000000d0300000| PB 0x00000000d0200000| Complete 
| 119|0x00000000d0300000, 0x00000000d0400000, 0x00000000d0400000|100%|HC|  |TAMS 0x00000000d0400000| PB 0x00000000d0300000| Complete 
| 120|0x00000000d0400000, 0x00000000d0500000, 0x00000000d0500000|100%|HC|  |TAMS 0x00000000d0500000| PB 0x00000000d0400000| Complete 
| 121|0x00000000d0500000, 0x00000000d0600000, 0x00000000d0600000|100%|HC|  |TAMS 0x00000000d0600000| PB 0x00000000d0500000| Complete 
| 122|0x00000000d0600000, 0x00000000d0700000, 0x00000000d0700000|100%|HC|  |TAMS 0x00000000d0700000| PB 0x00000000d0600000| Complete 
| 123|0x00000000d0700000, 0x00000000d0800000, 0x00000000d0800000|100%|HC|  |TAMS 0x00000000d0800000| PB 0x00000000d0700000| Complete 
| 124|0x00000000d0800000, 0x00000000d0900000, 0x00000000d0900000|100%|HC|  |TAMS 0x00000000d0900000| PB 0x00000000d0800000| Complete 
| 125|0x00000000d0900000, 0x00000000d0a00000, 0x00000000d0a00000|100%|HC|  |TAMS 0x00000000d0a00000| PB 0x00000000d0900000| Complete 
| 126|0x00000000d0a00000, 0x00000000d0b00000, 0x00000000d0b00000|100%|HC|  |TAMS 0x00000000d0b00000| PB 0x00000000d0a00000| Complete 
| 127|0x00000000d0b00000, 0x00000000d0c00000, 0x00000000d0c00000|100%|HC|  |TAMS 0x00000000d0c00000| PB 0x00000000d0b00000| Complete 
| 128|0x00000000d0c00000, 0x00000000d0d00000, 0x00000000d0d00000|100%|HC|  |TAMS 0x00000000d0d00000| PB 0x00000000d0c00000| Complete 
| 129|0x00000000d0d00000, 0x00000000d0e00000, 0x00000000d0e00000|100%|HC|  |TAMS 0x00000000d0e00000| PB 0x00000000d0d00000| Complete 
| 130|0x00000000d0e00000, 0x00000000d0f00000, 0x00000000d0f00000|100%|HC|  |TAMS 0x00000000d0f00000| PB 0x00000000d0e00000| Complete 
| 131|0x00000000d0f00000, 0x00000000d1000000, 0x00000000d1000000|100%|HC|  |TAMS 0x00000000d1000000| PB 0x00000000d0f00000| Complete 
| 132|0x00000000d1000000, 0x00000000d1100000, 0x00000000d1100000|100%|HC|  |TAMS 0x00000000d1100000| PB 0x00000000d1000000| Complete 
| 133|0x00000000d1100000, 0x00000000d1200000, 0x00000000d1200000|100%|HC|  |TAMS 0x00000000d1200000| PB 0x00000000d1100000| Complete 
| 134|0x00000000d1200000, 0x00000000d1300000, 0x00000000d1300000|100%|HC|  |TAMS 0x00000000d1300000| PB 0x00000000d1200000| Complete 
| 135|0x00000000d1300000, 0x00000000d1400000, 0x00000000d1400000|100%|HC|  |TAMS 0x00000000d1400000| PB 0x00000000d1300000| Complete 
| 136|0x00000000d1400000, 0x00000000d1500000, 0x00000000d1500000|100%|HC|  |TAMS 0x00000000d1500000| PB 0x00000000d1400000| Complete 
| 137|0x00000000d1500000, 0x00000000d1600000, 0x00000000d1600000|100%|HC|  |TAMS 0x00000000d1600000| PB 0x00000000d1500000| Complete 
| 138|0x00000000d1600000, 0x00000000d1700000, 0x00000000d1700000|100%|HC|  |TAMS 0x00000000d1700000| PB 0x00000000d1600000| Complete 
| 139|0x00000000d1700000, 0x00000000d1800000, 0x00000000d1800000|100%|HC|  |TAMS 0x00000000d1800000| PB 0x00000000d1700000| Complete 
| 140|0x00000000d1800000, 0x00000000d1900000, 0x00000000d1900000|100%|HC|  |TAMS 0x00000000d1900000| PB 0x00000000d1800000| Complete 
| 141|0x00000000d1900000, 0x00000000d1a00000, 0x00000000d1a00000|100%|HC|  |TAMS 0x00000000d1a00000| PB 0x00000000d1900000| Complete 
| 142|0x00000000d1a00000, 0x00000000d1b00000, 0x00000000d1b00000|100%|HC|  |TAMS 0x00000000d1b00000| PB 0x00000000d1a00000| Complete 
| 143|0x00000000d1b00000, 0x00000000d1c00000, 0x00000000d1c00000|100%|HC|  |TAMS 0x00000000d1c00000| PB 0x00000000d1b00000| Complete 
| 144|0x00000000d1c00000, 0x00000000d1d00000, 0x00000000d1d00000|100%|HC|  |TAMS 0x00000000d1d00000| PB 0x00000000d1c00000| Complete 
| 145|0x00000000d1d00000, 0x00000000d1e00000, 0x00000000d1e00000|100%|HC|  |TAMS 0x00000000d1e00000| PB 0x00000000d1d00000| Complete 
| 146|0x00000000d1e00000, 0x00000000d1f00000, 0x00000000d1f00000|100%|HC|  |TAMS 0x00000000d1f00000| PB 0x00000000d1e00000| Complete 
| 147|0x00000000d1f00000, 0x00000000d2000000, 0x00000000d2000000|100%|HC|  |TAMS 0x00000000d2000000| PB 0x00000000d1f00000| Complete 
| 148|0x00000000d2000000, 0x00000000d2100000, 0x00000000d2100000|100%|HC|  |TAMS 0x00000000d2100000| PB 0x00000000d2000000| Complete 
| 149|0x00000000d2100000, 0x00000000d2200000, 0x00000000d2200000|100%|HC|  |TAMS 0x00000000d2200000| PB 0x00000000d2100000| Complete 
| 150|0x00000000d2200000, 0x00000000d2300000, 0x00000000d2300000|100%|HC|  |TAMS 0x00000000d2300000| PB 0x00000000d2200000| Complete 
| 151|0x00000000d2300000, 0x00000000d2400000, 0x00000000d2400000|100%|HC|  |TAMS 0x00000000d2400000| PB 0x00000000d2300000| Complete 
| 152|0x00000000d2400000, 0x00000000d2500000, 0x00000000d2500000|100%|HC|  |TAMS 0x00000000d2500000| PB 0x00000000d2400000| Complete 
| 153|0x00000000d2500000, 0x00000000d2600000, 0x00000000d2600000|100%|HC|  |TAMS 0x00000000d2600000| PB 0x00000000d2500000| Complete 
| 154|0x00000000d2600000, 0x00000000d2700000, 0x00000000d2700000|100%|HC|  |TAMS 0x00000000d2700000| PB 0x00000000d2600000| Complete 
| 155|0x00000000d2700000, 0x00000000d2800000, 0x00000000d2800000|100%|HC|  |TAMS 0x00000000d2800000| PB 0x00000000d2700000| Complete 
| 156|0x00000000d2800000, 0x00000000d2800000, 0x00000000d2900000|  0%| F|  |TAMS 0x00000000d2800000| PB 0x00000000d2800000| Untracked 
| 157|0x00000000d2900000, 0x00000000d2900000, 0x00000000d2a00000|  0%| F|  |TAMS 0x00000000d2900000| PB 0x00000000d2900000| Untracked 
| 158|0x00000000d2a00000, 0x00000000d2a00000, 0x00000000d2b00000|  0%| F|  |TAMS 0x00000000d2a00000| PB 0x00000000d2a00000| Untracked 
| 159|0x00000000d2b00000, 0x00000000d2b00000, 0x00000000d2c00000|  0%| F|  |TAMS 0x00000000d2b00000| PB 0x00000000d2b00000| Untracked 
| 160|0x00000000d2c00000, 0x00000000d2c00000, 0x00000000d2d00000|  0%| F|  |TAMS 0x00000000d2c00000| PB 0x00000000d2c00000| Untracked 
| 161|0x00000000d2d00000, 0x00000000d2d00000, 0x00000000d2e00000|  0%| F|  |TAMS 0x00000000d2d00000| PB 0x00000000d2d00000| Untracked 
| 162|0x00000000d2e00000, 0x00000000d2e00000, 0x00000000d2f00000|  0%| F|  |TAMS 0x00000000d2e00000| PB 0x00000000d2e00000| Untracked 
| 163|0x00000000d2f00000, 0x00000000d2f00000, 0x00000000d3000000|  0%| F|  |TAMS 0x00000000d2f00000| PB 0x00000000d2f00000| Untracked 
| 164|0x00000000d3000000, 0x00000000d3000000, 0x00000000d3100000|  0%| F|  |TAMS 0x00000000d3000000| PB 0x00000000d3000000| Untracked 
| 165|0x00000000d3100000, 0x00000000d3100000, 0x00000000d3200000|  0%| F|  |TAMS 0x00000000d3100000| PB 0x00000000d3100000| Untracked 
| 166|0x00000000d3200000, 0x00000000d3200000, 0x00000000d3300000|  0%| F|  |TAMS 0x00000000d3200000| PB 0x00000000d3200000| Untracked 
| 167|0x00000000d3300000, 0x00000000d3300000, 0x00000000d3400000|  0%| F|  |TAMS 0x00000000d3300000| PB 0x00000000d3300000| Untracked 
| 168|0x00000000d3400000, 0x00000000d3400000, 0x00000000d3500000|  0%| F|  |TAMS 0x00000000d3400000| PB 0x00000000d3400000| Untracked 
| 169|0x00000000d3500000, 0x00000000d3500000, 0x00000000d3600000|  0%| F|  |TAMS 0x00000000d3500000| PB 0x00000000d3500000| Untracked 
| 170|0x00000000d3600000, 0x00000000d3600000, 0x00000000d3700000|  0%| F|  |TAMS 0x00000000d3600000| PB 0x00000000d3600000| Untracked 
| 171|0x00000000d3700000, 0x00000000d3700000, 0x00000000d3800000|  0%| F|  |TAMS 0x00000000d3700000| PB 0x00000000d3700000| Untracked 
| 172|0x00000000d3800000, 0x00000000d3800000, 0x00000000d3900000|  0%| F|  |TAMS 0x00000000d3800000| PB 0x00000000d3800000| Untracked 
| 173|0x00000000d3900000, 0x00000000d3900000, 0x00000000d3a00000|  0%| F|  |TAMS 0x00000000d3900000| PB 0x00000000d3900000| Untracked 
| 174|0x00000000d3a00000, 0x00000000d3a00000, 0x00000000d3b00000|  0%| F|  |TAMS 0x00000000d3a00000| PB 0x00000000d3a00000| Untracked 
| 175|0x00000000d3b00000, 0x00000000d3b00000, 0x00000000d3c00000|  0%| F|  |TAMS 0x00000000d3b00000| PB 0x00000000d3b00000| Untracked 
| 176|0x00000000d3c00000, 0x00000000d3c00000, 0x00000000d3d00000|  0%| F|  |TAMS 0x00000000d3c00000| PB 0x00000000d3c00000| Untracked 
| 177|0x00000000d3d00000, 0x00000000d3d00000, 0x00000000d3e00000|  0%| F|  |TAMS 0x00000000d3d00000| PB 0x00000000d3d00000| Untracked 
| 178|0x00000000d3e00000, 0x00000000d3e00000, 0x00000000d3f00000|  0%| F|  |TAMS 0x00000000d3e00000| PB 0x00000000d3e00000| Untracked 
| 179|0x00000000d3f00000, 0x00000000d3f00000, 0x00000000d4000000|  0%| F|  |TAMS 0x00000000d3f00000| PB 0x00000000d3f00000| Untracked 
| 180|0x00000000d4000000, 0x00000000d4000000, 0x00000000d4100000|  0%| F|  |TAMS 0x00000000d4000000| PB 0x00000000d4000000| Untracked 
| 181|0x00000000d4100000, 0x00000000d4100000, 0x00000000d4200000|  0%| F|  |TAMS 0x00000000d4100000| PB 0x00000000d4100000| Untracked 
| 182|0x00000000d4200000, 0x00000000d4200000, 0x00000000d4300000|  0%| F|  |TAMS 0x00000000d4200000| PB 0x00000000d4200000| Untracked 
| 183|0x00000000d4300000, 0x00000000d4300000, 0x00000000d4400000|  0%| F|  |TAMS 0x00000000d4300000| PB 0x00000000d4300000| Untracked 
| 184|0x00000000d4400000, 0x00000000d4400000, 0x00000000d4500000|  0%| F|  |TAMS 0x00000000d4400000| PB 0x00000000d4400000| Untracked 
| 185|0x00000000d4500000, 0x00000000d4500000, 0x00000000d4600000|  0%| F|  |TAMS 0x00000000d4500000| PB 0x00000000d4500000| Untracked 
| 186|0x00000000d4600000, 0x00000000d4600000, 0x00000000d4700000|  0%| F|  |TAMS 0x00000000d4600000| PB 0x00000000d4600000| Untracked 
| 187|0x00000000d4700000, 0x00000000d4700000, 0x00000000d4800000|  0%| F|  |TAMS 0x00000000d4700000| PB 0x00000000d4700000| Untracked 
| 188|0x00000000d4800000, 0x00000000d4800000, 0x00000000d4900000|  0%| F|  |TAMS 0x00000000d4800000| PB 0x00000000d4800000| Untracked 
| 189|0x00000000d4900000, 0x00000000d4a00000, 0x00000000d4a00000|100%|HS|  |TAMS 0x00000000d4a00000| PB 0x00000000d4900000| Complete 
| 190|0x00000000d4a00000, 0x00000000d4b00000, 0x00000000d4b00000|100%|HC|  |TAMS 0x00000000d4b00000| PB 0x00000000d4a00000| Complete 
| 191|0x00000000d4b00000, 0x00000000d4c00000, 0x00000000d4c00000|100%|HC|  |TAMS 0x00000000d4c00000| PB 0x00000000d4b00000| Complete 
| 192|0x00000000d4c00000, 0x00000000d4d00000, 0x00000000d4d00000|100%|HC|  |TAMS 0x00000000d4d00000| PB 0x00000000d4c00000| Complete 
| 193|0x00000000d4d00000, 0x00000000d4e00000, 0x00000000d4e00000|100%|HC|  |TAMS 0x00000000d4e00000| PB 0x00000000d4d00000| Complete 
| 194|0x00000000d4e00000, 0x00000000d4f00000, 0x00000000d4f00000|100%|HC|  |TAMS 0x00000000d4f00000| PB 0x00000000d4e00000| Complete 
| 195|0x00000000d4f00000, 0x00000000d5000000, 0x00000000d5000000|100%|HC|  |TAMS 0x00000000d5000000| PB 0x00000000d4f00000| Complete 
| 196|0x00000000d5000000, 0x00000000d5100000, 0x00000000d5100000|100%|HC|  |TAMS 0x00000000d5100000| PB 0x00000000d5000000| Complete 
| 197|0x00000000d5100000, 0x00000000d5200000, 0x00000000d5200000|100%|HC|  |TAMS 0x00000000d5200000| PB 0x00000000d5100000| Complete 
| 198|0x00000000d5200000, 0x00000000d5300000, 0x00000000d5300000|100%|HC|  |TAMS 0x00000000d5300000| PB 0x00000000d5200000| Complete 
| 199|0x00000000d5300000, 0x00000000d5400000, 0x00000000d5400000|100%|HC|  |TAMS 0x00000000d5400000| PB 0x00000000d5300000| Complete 
| 200|0x00000000d5400000, 0x00000000d5500000, 0x00000000d5500000|100%|HC|  |TAMS 0x00000000d5500000| PB 0x00000000d5400000| Complete 
| 201|0x00000000d5500000, 0x00000000d5600000, 0x00000000d5600000|100%|HC|  |TAMS 0x00000000d5600000| PB 0x00000000d5500000| Complete 
| 202|0x00000000d5600000, 0x00000000d5700000, 0x00000000d5700000|100%|HC|  |TAMS 0x00000000d5700000| PB 0x00000000d5600000| Complete 
| 203|0x00000000d5700000, 0x00000000d5800000, 0x00000000d5800000|100%|HC|  |TAMS 0x00000000d5800000| PB 0x00000000d5700000| Complete 
| 204|0x00000000d5800000, 0x00000000d5900000, 0x00000000d5900000|100%|HC|  |TAMS 0x00000000d5900000| PB 0x00000000d5800000| Complete 
| 205|0x00000000d5900000, 0x00000000d5a00000, 0x00000000d5a00000|100%|HC|  |TAMS 0x00000000d5a00000| PB 0x00000000d5900000| Complete 
| 206|0x00000000d5a00000, 0x00000000d5b00000, 0x00000000d5b00000|100%|HC|  |TAMS 0x00000000d5b00000| PB 0x00000000d5a00000| Complete 
| 207|0x00000000d5b00000, 0x00000000d5c00000, 0x00000000d5c00000|100%|HC|  |TAMS 0x00000000d5c00000| PB 0x00000000d5b00000| Complete 
| 208|0x00000000d5c00000, 0x00000000d5d00000, 0x00000000d5d00000|100%|HC|  |TAMS 0x00000000d5d00000| PB 0x00000000d5c00000| Complete 
| 209|0x00000000d5d00000, 0x00000000d5e00000, 0x00000000d5e00000|100%|HC|  |TAMS 0x00000000d5e00000| PB 0x00000000d5d00000| Complete 
| 210|0x00000000d5e00000, 0x00000000d5f00000, 0x00000000d5f00000|100%|HC|  |TAMS 0x00000000d5f00000| PB 0x00000000d5e00000| Complete 
| 211|0x00000000d5f00000, 0x00000000d6000000, 0x00000000d6000000|100%|HC|  |TAMS 0x00000000d6000000| PB 0x00000000d5f00000| Complete 
| 212|0x00000000d6000000, 0x00000000d6100000, 0x00000000d6100000|100%|HC|  |TAMS 0x00000000d6100000| PB 0x00000000d6000000| Complete 
| 213|0x00000000d6100000, 0x00000000d6200000, 0x00000000d6200000|100%|HC|  |TAMS 0x00000000d6200000| PB 0x00000000d6100000| Complete 
| 214|0x00000000d6200000, 0x00000000d6300000, 0x00000000d6300000|100%|HC|  |TAMS 0x00000000d6300000| PB 0x00000000d6200000| Complete 
| 215|0x00000000d6300000, 0x00000000d6400000, 0x00000000d6400000|100%|HC|  |TAMS 0x00000000d6400000| PB 0x00000000d6300000| Complete 
| 216|0x00000000d6400000, 0x00000000d6500000, 0x00000000d6500000|100%|HC|  |TAMS 0x00000000d6500000| PB 0x00000000d6400000| Complete 
| 217|0x00000000d6500000, 0x00000000d6600000, 0x00000000d6600000|100%|HC|  |TAMS 0x00000000d6600000| PB 0x00000000d6500000| Complete 
| 218|0x00000000d6600000, 0x00000000d6700000, 0x00000000d6700000|100%|HC|  |TAMS 0x00000000d6700000| PB 0x00000000d6600000| Complete 
| 219|0x00000000d6700000, 0x00000000d6800000, 0x00000000d6800000|100%|HC|  |TAMS 0x00000000d6800000| PB 0x00000000d6700000| Complete 
| 220|0x00000000d6800000, 0x00000000d6900000, 0x00000000d6900000|100%|HC|  |TAMS 0x00000000d6900000| PB 0x00000000d6800000| Complete 
| 221|0x00000000d6900000, 0x00000000d6a00000, 0x00000000d6a00000|100%|HC|  |TAMS 0x00000000d6a00000| PB 0x00000000d6900000| Complete 
| 222|0x00000000d6a00000, 0x00000000d6b00000, 0x00000000d6b00000|100%|HC|  |TAMS 0x00000000d6b00000| PB 0x00000000d6a00000| Complete 
| 223|0x00000000d6b00000, 0x00000000d6c00000, 0x00000000d6c00000|100%|HC|  |TAMS 0x00000000d6c00000| PB 0x00000000d6b00000| Complete 
| 224|0x00000000d6c00000, 0x00000000d6d00000, 0x00000000d6d00000|100%|HC|  |TAMS 0x00000000d6d00000| PB 0x00000000d6c00000| Complete 
| 225|0x00000000d6d00000, 0x00000000d6e00000, 0x00000000d6e00000|100%|HC|  |TAMS 0x00000000d6e00000| PB 0x00000000d6d00000| Complete 
| 226|0x00000000d6e00000, 0x00000000d6f00000, 0x00000000d6f00000|100%|HC|  |TAMS 0x00000000d6f00000| PB 0x00000000d6e00000| Complete 
| 227|0x00000000d6f00000, 0x00000000d7000000, 0x00000000d7000000|100%|HC|  |TAMS 0x00000000d7000000| PB 0x00000000d6f00000| Complete 
| 228|0x00000000d7000000, 0x00000000d7100000, 0x00000000d7100000|100%|HC|  |TAMS 0x00000000d7100000| PB 0x00000000d7000000| Complete 
| 229|0x00000000d7100000, 0x00000000d7200000, 0x00000000d7200000|100%|HC|  |TAMS 0x00000000d7200000| PB 0x00000000d7100000| Complete 
| 230|0x00000000d7200000, 0x00000000d7300000, 0x00000000d7300000|100%|HC|  |TAMS 0x00000000d7300000| PB 0x00000000d7200000| Complete 
| 231|0x00000000d7300000, 0x00000000d7400000, 0x00000000d7400000|100%|HC|  |TAMS 0x00000000d7400000| PB 0x00000000d7300000| Complete 
| 232|0x00000000d7400000, 0x00000000d7500000, 0x00000000d7500000|100%|HC|  |TAMS 0x00000000d7500000| PB 0x00000000d7400000| Complete 
| 233|0x00000000d7500000, 0x00000000d7600000, 0x00000000d7600000|100%|HC|  |TAMS 0x00000000d7600000| PB 0x00000000d7500000| Complete 
| 234|0x00000000d7600000, 0x00000000d7700000, 0x00000000d7700000|100%|HC|  |TAMS 0x00000000d7700000| PB 0x00000000d7600000| Complete 
| 235|0x00000000d7700000, 0x00000000d7800000, 0x00000000d7800000|100%|HC|  |TAMS 0x00000000d7800000| PB 0x00000000d7700000| Complete 
| 236|0x00000000d7800000, 0x00000000d7900000, 0x00000000d7900000|100%|HC|  |TAMS 0x00000000d7900000| PB 0x00000000d7800000| Complete 
| 237|0x00000000d7900000, 0x00000000d7a00000, 0x00000000d7a00000|100%|HC|  |TAMS 0x00000000d7a00000| PB 0x00000000d7900000| Complete 
| 238|0x00000000d7a00000, 0x00000000d7b00000, 0x00000000d7b00000|100%|HC|  |TAMS 0x00000000d7b00000| PB 0x00000000d7a00000| Complete 
| 239|0x00000000d7b00000, 0x00000000d7c00000, 0x00000000d7c00000|100%|HC|  |TAMS 0x00000000d7c00000| PB 0x00000000d7b00000| Complete 
| 240|0x00000000d7c00000, 0x00000000d7d00000, 0x00000000d7d00000|100%|HC|  |TAMS 0x00000000d7d00000| PB 0x00000000d7c00000| Complete 
| 241|0x00000000d7d00000, 0x00000000d7e00000, 0x00000000d7e00000|100%|HC|  |TAMS 0x00000000d7e00000| PB 0x00000000d7d00000| Complete 
| 242|0x00000000d7e00000, 0x00000000d7f00000, 0x00000000d7f00000|100%|HC|  |TAMS 0x00000000d7f00000| PB 0x00000000d7e00000| Complete 
| 243|0x00000000d7f00000, 0x00000000d8000000, 0x00000000d8000000|100%|HC|  |TAMS 0x00000000d8000000| PB 0x00000000d7f00000| Complete 
| 244|0x00000000d8000000, 0x00000000d8100000, 0x00000000d8100000|100%|HC|  |TAMS 0x00000000d8100000| PB 0x00000000d8000000| Complete 
| 245|0x00000000d8100000, 0x00000000d8200000, 0x00000000d8200000|100%|HC|  |TAMS 0x00000000d8200000| PB 0x00000000d8100000| Complete 
| 246|0x00000000d8200000, 0x00000000d8300000, 0x00000000d8300000|100%|HC|  |TAMS 0x00000000d8300000| PB 0x00000000d8200000| Complete 
| 247|0x00000000d8300000, 0x00000000d8400000, 0x00000000d8400000|100%|HC|  |TAMS 0x00000000d8400000| PB 0x00000000d8300000| Complete 
| 248|0x00000000d8400000, 0x00000000d8500000, 0x00000000d8500000|100%|HC|  |TAMS 0x00000000d8500000| PB 0x00000000d8400000| Complete 
| 249|0x00000000d8500000, 0x00000000d8600000, 0x00000000d8600000|100%|HC|  |TAMS 0x00000000d8600000| PB 0x00000000d8500000| Complete 
| 250|0x00000000d8600000, 0x00000000d8700000, 0x00000000d8700000|100%|HC|  |TAMS 0x00000000d8700000| PB 0x00000000d8600000| Complete 
| 251|0x00000000d8700000, 0x00000000d8800000, 0x00000000d8800000|100%|HC|  |TAMS 0x00000000d8800000| PB 0x00000000d8700000| Complete 
| 252|0x00000000d8800000, 0x00000000d8900000, 0x00000000d8900000|100%|HC|  |TAMS 0x00000000d8900000| PB 0x00000000d8800000| Complete 
| 253|0x00000000d8900000, 0x00000000d8a00000, 0x00000000d8a00000|100%|HC|  |TAMS 0x00000000d8a00000| PB 0x00000000d8900000| Complete 
| 254|0x00000000d8a00000, 0x00000000d8b00000, 0x00000000d8b00000|100%|HC|  |TAMS 0x00000000d8b00000| PB 0x00000000d8a00000| Complete 
| 255|0x00000000d8b00000, 0x00000000d8c00000, 0x00000000d8c00000|100%|HC|  |TAMS 0x00000000d8c00000| PB 0x00000000d8b00000| Complete 
| 256|0x00000000d8c00000, 0x00000000d8d00000, 0x00000000d8d00000|100%|HC|  |TAMS 0x00000000d8d00000| PB 0x00000000d8c00000| Complete 
| 257|0x00000000d8d00000, 0x00000000d8e00000, 0x00000000d8e00000|100%|HC|  |TAMS 0x00000000d8e00000| PB 0x00000000d8d00000| Complete 
| 258|0x00000000d8e00000, 0x00000000d8f00000, 0x00000000d8f00000|100%|HC|  |TAMS 0x00000000d8f00000| PB 0x00000000d8e00000| Complete 
| 259|0x00000000d8f00000, 0x00000000d9000000, 0x00000000d9000000|100%|HC|  |TAMS 0x00000000d9000000| PB 0x00000000d8f00000| Complete 
| 260|0x00000000d9000000, 0x00000000d9100000, 0x00000000d9100000|100%|HC|  |TAMS 0x00000000d9100000| PB 0x00000000d9000000| Complete 
| 261|0x00000000d9100000, 0x00000000d9200000, 0x00000000d9200000|100%|HC|  |TAMS 0x00000000d9200000| PB 0x00000000d9100000| Complete 
| 262|0x00000000d9200000, 0x00000000d9300000, 0x00000000d9300000|100%|HC|  |TAMS 0x00000000d9300000| PB 0x00000000d9200000| Complete 
| 263|0x00000000d9300000, 0x00000000d9400000, 0x00000000d9400000|100%|HC|  |TAMS 0x00000000d9400000| PB 0x00000000d9300000| Complete 
| 264|0x00000000d9400000, 0x00000000d9500000, 0x00000000d9500000|100%|HC|  |TAMS 0x00000000d9500000| PB 0x00000000d9400000| Complete 
| 265|0x00000000d9500000, 0x00000000d9600000, 0x00000000d9600000|100%|HC|  |TAMS 0x00000000d9600000| PB 0x00000000d9500000| Complete 
| 266|0x00000000d9600000, 0x00000000d9700000, 0x00000000d9700000|100%|HC|  |TAMS 0x00000000d9700000| PB 0x00000000d9600000| Complete 
| 267|0x00000000d9700000, 0x00000000d9800000, 0x00000000d9800000|100%|HC|  |TAMS 0x00000000d9800000| PB 0x00000000d9700000| Complete 
| 268|0x00000000d9800000, 0x00000000d9900000, 0x00000000d9900000|100%|HC|  |TAMS 0x00000000d9900000| PB 0x00000000d9800000| Complete 
| 269|0x00000000d9900000, 0x00000000d9a00000, 0x00000000d9a00000|100%|HC|  |TAMS 0x00000000d9a00000| PB 0x00000000d9900000| Complete 
| 270|0x00000000d9a00000, 0x00000000d9b00000, 0x00000000d9b00000|100%|HC|  |TAMS 0x00000000d9b00000| PB 0x00000000d9a00000| Complete 
| 271|0x00000000d9b00000, 0x00000000d9c00000, 0x00000000d9c00000|100%|HC|  |TAMS 0x00000000d9c00000| PB 0x00000000d9b00000| Complete 
| 272|0x00000000d9c00000, 0x00000000d9d00000, 0x00000000d9d00000|100%|HC|  |TAMS 0x00000000d9d00000| PB 0x00000000d9c00000| Complete 
| 273|0x00000000d9d00000, 0x00000000d9e00000, 0x00000000d9e00000|100%|HC|  |TAMS 0x00000000d9e00000| PB 0x00000000d9d00000| Complete 
| 274|0x00000000d9e00000, 0x00000000d9f00000, 0x00000000d9f00000|100%|HC|  |TAMS 0x00000000d9f00000| PB 0x00000000d9e00000| Complete 
| 275|0x00000000d9f00000, 0x00000000da000000, 0x00000000da000000|100%|HC|  |TAMS 0x00000000da000000| PB 0x00000000d9f00000| Complete 
| 276|0x00000000da000000, 0x00000000da100000, 0x00000000da100000|100%|HC|  |TAMS 0x00000000da100000| PB 0x00000000da000000| Complete 
| 277|0x00000000da100000, 0x00000000da200000, 0x00000000da200000|100%|HC|  |TAMS 0x00000000da200000| PB 0x00000000da100000| Complete 
| 278|0x00000000da200000, 0x00000000da300000, 0x00000000da300000|100%|HC|  |TAMS 0x00000000da300000| PB 0x00000000da200000| Complete 
| 279|0x00000000da300000, 0x00000000da400000, 0x00000000da400000|100%|HC|  |TAMS 0x00000000da400000| PB 0x00000000da300000| Complete 
| 280|0x00000000da400000, 0x00000000da500000, 0x00000000da500000|100%|HC|  |TAMS 0x00000000da500000| PB 0x00000000da400000| Complete 
| 281|0x00000000da500000, 0x00000000da600000, 0x00000000da600000|100%|HC|  |TAMS 0x00000000da600000| PB 0x00000000da500000| Complete 
| 282|0x00000000da600000, 0x00000000da700000, 0x00000000da700000|100%|HC|  |TAMS 0x00000000da700000| PB 0x00000000da600000| Complete 
| 283|0x00000000da700000, 0x00000000da800000, 0x00000000da800000|100%|HC|  |TAMS 0x00000000da800000| PB 0x00000000da700000| Complete 
| 284|0x00000000da800000, 0x00000000da900000, 0x00000000da900000|100%|HC|  |TAMS 0x00000000da900000| PB 0x00000000da800000| Complete 
| 285|0x00000000da900000, 0x00000000daa00000, 0x00000000daa00000|100%|HC|  |TAMS 0x00000000daa00000| PB 0x00000000da900000| Complete 
| 286|0x00000000daa00000, 0x00000000dab00000, 0x00000000dab00000|100%|HC|  |TAMS 0x00000000dab00000| PB 0x00000000daa00000| Complete 
| 287|0x00000000dab00000, 0x00000000dac00000, 0x00000000dac00000|100%|HS|  |TAMS 0x00000000dab00000| PB 0x00000000dab00000| Complete 
| 288|0x00000000dac00000, 0x00000000dad00000, 0x00000000dad00000|100%|HC|  |TAMS 0x00000000dac00000| PB 0x00000000dac00000| Complete 
| 289|0x00000000dad00000, 0x00000000dae00000, 0x00000000dae00000|100%|HC|  |TAMS 0x00000000dad00000| PB 0x00000000dad00000| Complete 
| 290|0x00000000dae00000, 0x00000000daf00000, 0x00000000daf00000|100%|HC|  |TAMS 0x00000000dae00000| PB 0x00000000dae00000| Complete 
| 291|0x00000000daf00000, 0x00000000db000000, 0x00000000db000000|100%|HC|  |TAMS 0x00000000daf00000| PB 0x00000000daf00000| Complete 
| 292|0x00000000db000000, 0x00000000db100000, 0x00000000db100000|100%|HC|  |TAMS 0x00000000db000000| PB 0x00000000db000000| Complete 
| 293|0x00000000db100000, 0x00000000db200000, 0x00000000db200000|100%|HC|  |TAMS 0x00000000db100000| PB 0x00000000db100000| Complete 
| 294|0x00000000db200000, 0x00000000db300000, 0x00000000db300000|100%|HC|  |TAMS 0x00000000db200000| PB 0x00000000db200000| Complete 
| 295|0x00000000db300000, 0x00000000db400000, 0x00000000db400000|100%|HC|  |TAMS 0x00000000db300000| PB 0x00000000db300000| Complete 
| 296|0x00000000db400000, 0x00000000db500000, 0x00000000db500000|100%|HC|  |TAMS 0x00000000db400000| PB 0x00000000db400000| Complete 
| 297|0x00000000db500000, 0x00000000db600000, 0x00000000db600000|100%|HC|  |TAMS 0x00000000db500000| PB 0x00000000db500000| Complete 
| 298|0x00000000db600000, 0x00000000db700000, 0x00000000db700000|100%|HC|  |TAMS 0x00000000db600000| PB 0x00000000db600000| Complete 
| 299|0x00000000db700000, 0x00000000db800000, 0x00000000db800000|100%|HC|  |TAMS 0x00000000db700000| PB 0x00000000db700000| Complete 
| 300|0x00000000db800000, 0x00000000db900000, 0x00000000db900000|100%|HC|  |TAMS 0x00000000db800000| PB 0x00000000db800000| Complete 
| 301|0x00000000db900000, 0x00000000dba00000, 0x00000000dba00000|100%|HC|  |TAMS 0x00000000db900000| PB 0x00000000db900000| Complete 
| 302|0x00000000dba00000, 0x00000000dbb00000, 0x00000000dbb00000|100%|HC|  |TAMS 0x00000000dba00000| PB 0x00000000dba00000| Complete 
| 303|0x00000000dbb00000, 0x00000000dbc00000, 0x00000000dbc00000|100%|HC|  |TAMS 0x00000000dbb00000| PB 0x00000000dbb00000| Complete 
| 304|0x00000000dbc00000, 0x00000000dbd00000, 0x00000000dbd00000|100%|HC|  |TAMS 0x00000000dbc00000| PB 0x00000000dbc00000| Complete 
| 305|0x00000000dbd00000, 0x00000000dbe00000, 0x00000000dbe00000|100%|HC|  |TAMS 0x00000000dbd00000| PB 0x00000000dbd00000| Complete 
| 306|0x00000000dbe00000, 0x00000000dbf00000, 0x00000000dbf00000|100%|HC|  |TAMS 0x00000000dbe00000| PB 0x00000000dbe00000| Complete 
| 307|0x00000000dbf00000, 0x00000000dc000000, 0x00000000dc000000|100%|HC|  |TAMS 0x00000000dbf00000| PB 0x00000000dbf00000| Complete 
| 308|0x00000000dc000000, 0x00000000dc100000, 0x00000000dc100000|100%|HC|  |TAMS 0x00000000dc000000| PB 0x00000000dc000000| Complete 
| 309|0x00000000dc100000, 0x00000000dc200000, 0x00000000dc200000|100%|HC|  |TAMS 0x00000000dc100000| PB 0x00000000dc100000| Complete 
| 310|0x00000000dc200000, 0x00000000dc300000, 0x00000000dc300000|100%|HC|  |TAMS 0x00000000dc200000| PB 0x00000000dc200000| Complete 
| 311|0x00000000dc300000, 0x00000000dc400000, 0x00000000dc400000|100%|HC|  |TAMS 0x00000000dc300000| PB 0x00000000dc300000| Complete 
| 312|0x00000000dc400000, 0x00000000dc500000, 0x00000000dc500000|100%|HC|  |TAMS 0x00000000dc400000| PB 0x00000000dc400000| Complete 
| 313|0x00000000dc500000, 0x00000000dc600000, 0x00000000dc600000|100%|HC|  |TAMS 0x00000000dc500000| PB 0x00000000dc500000| Complete 
| 314|0x00000000dc600000, 0x00000000dc700000, 0x00000000dc700000|100%|HC|  |TAMS 0x00000000dc600000| PB 0x00000000dc600000| Complete 
| 315|0x00000000dc700000, 0x00000000dc800000, 0x00000000dc800000|100%|HC|  |TAMS 0x00000000dc700000| PB 0x00000000dc700000| Complete 
| 316|0x00000000dc800000, 0x00000000dc900000, 0x00000000dc900000|100%|HC|  |TAMS 0x00000000dc800000| PB 0x00000000dc800000| Complete 
| 317|0x00000000dc900000, 0x00000000dca00000, 0x00000000dca00000|100%|HC|  |TAMS 0x00000000dc900000| PB 0x00000000dc900000| Complete 
| 318|0x00000000dca00000, 0x00000000dcb00000, 0x00000000dcb00000|100%|HC|  |TAMS 0x00000000dca00000| PB 0x00000000dca00000| Complete 
| 319|0x00000000dcb00000, 0x00000000dcc00000, 0x00000000dcc00000|100%|HC|  |TAMS 0x00000000dcb00000| PB 0x00000000dcb00000| Complete 
| 320|0x00000000dcc00000, 0x00000000dcd00000, 0x00000000dcd00000|100%|HC|  |TAMS 0x00000000dcc00000| PB 0x00000000dcc00000| Complete 
| 321|0x00000000dcd00000, 0x00000000dce00000, 0x00000000dce00000|100%|HC|  |TAMS 0x00000000dcd00000| PB 0x00000000dcd00000| Complete 
| 322|0x00000000dce00000, 0x00000000dcf00000, 0x00000000dcf00000|100%|HC|  |TAMS 0x00000000dce00000| PB 0x00000000dce00000| Complete 
| 323|0x00000000dcf00000, 0x00000000dd000000, 0x00000000dd000000|100%|HC|  |TAMS 0x00000000dcf00000| PB 0x00000000dcf00000| Complete 
| 324|0x00000000dd000000, 0x00000000dd100000, 0x00000000dd100000|100%|HC|  |TAMS 0x00000000dd000000| PB 0x00000000dd000000| Complete 
| 325|0x00000000dd100000, 0x00000000dd200000, 0x00000000dd200000|100%|HC|  |TAMS 0x00000000dd100000| PB 0x00000000dd100000| Complete 
| 326|0x00000000dd200000, 0x00000000dd300000, 0x00000000dd300000|100%|HC|  |TAMS 0x00000000dd200000| PB 0x00000000dd200000| Complete 
| 327|0x00000000dd300000, 0x00000000dd400000, 0x00000000dd400000|100%|HC|  |TAMS 0x00000000dd300000| PB 0x00000000dd300000| Complete 
| 328|0x00000000dd400000, 0x00000000dd500000, 0x00000000dd500000|100%|HC|  |TAMS 0x00000000dd400000| PB 0x00000000dd400000| Complete 
| 329|0x00000000dd500000, 0x00000000dd600000, 0x00000000dd600000|100%|HC|  |TAMS 0x00000000dd500000| PB 0x00000000dd500000| Complete 
| 330|0x00000000dd600000, 0x00000000dd700000, 0x00000000dd700000|100%|HC|  |TAMS 0x00000000dd600000| PB 0x00000000dd600000| Complete 
| 331|0x00000000dd700000, 0x00000000dd800000, 0x00000000dd800000|100%|HC|  |TAMS 0x00000000dd700000| PB 0x00000000dd700000| Complete 
| 332|0x00000000dd800000, 0x00000000dd900000, 0x00000000dd900000|100%|HC|  |TAMS 0x00000000dd800000| PB 0x00000000dd800000| Complete 
| 333|0x00000000dd900000, 0x00000000dda00000, 0x00000000dda00000|100%|HC|  |TAMS 0x00000000dd900000| PB 0x00000000dd900000| Complete 
| 334|0x00000000dda00000, 0x00000000ddb00000, 0x00000000ddb00000|100%|HC|  |TAMS 0x00000000dda00000| PB 0x00000000dda00000| Complete 
| 335|0x00000000ddb00000, 0x00000000ddc00000, 0x00000000ddc00000|100%|HC|  |TAMS 0x00000000ddb00000| PB 0x00000000ddb00000| Complete 
| 336|0x00000000ddc00000, 0x00000000ddd00000, 0x00000000ddd00000|100%|HC|  |TAMS 0x00000000ddc00000| PB 0x00000000ddc00000| Complete 
| 337|0x00000000ddd00000, 0x00000000dde00000, 0x00000000dde00000|100%|HC|  |TAMS 0x00000000ddd00000| PB 0x00000000ddd00000| Complete 
| 338|0x00000000dde00000, 0x00000000ddf00000, 0x00000000ddf00000|100%|HC|  |TAMS 0x00000000dde00000| PB 0x00000000dde00000| Complete 
| 339|0x00000000ddf00000, 0x00000000de000000, 0x00000000de000000|100%|HC|  |TAMS 0x00000000ddf00000| PB 0x00000000ddf00000| Complete 
| 340|0x00000000de000000, 0x00000000de100000, 0x00000000de100000|100%|HC|  |TAMS 0x00000000de000000| PB 0x00000000de000000| Complete 
| 341|0x00000000de100000, 0x00000000de200000, 0x00000000de200000|100%|HC|  |TAMS 0x00000000de100000| PB 0x00000000de100000| Complete 
| 342|0x00000000de200000, 0x00000000de300000, 0x00000000de300000|100%|HC|  |TAMS 0x00000000de200000| PB 0x00000000de200000| Complete 
| 343|0x00000000de300000, 0x00000000de400000, 0x00000000de400000|100%|HC|  |TAMS 0x00000000de300000| PB 0x00000000de300000| Complete 
| 344|0x00000000de400000, 0x00000000de500000, 0x00000000de500000|100%|HC|  |TAMS 0x00000000de400000| PB 0x00000000de400000| Complete 
| 345|0x00000000de500000, 0x00000000de600000, 0x00000000de600000|100%|HC|  |TAMS 0x00000000de500000| PB 0x00000000de500000| Complete 
| 346|0x00000000de600000, 0x00000000de700000, 0x00000000de700000|100%|HC|  |TAMS 0x00000000de600000| PB 0x00000000de600000| Complete 
| 347|0x00000000de700000, 0x00000000de700000, 0x00000000de800000|  0%| F|  |TAMS 0x00000000de700000| PB 0x00000000de700000| Untracked 
| 348|0x00000000de800000, 0x00000000de800000, 0x00000000de900000|  0%| F|  |TAMS 0x00000000de800000| PB 0x00000000de800000| Untracked 
| 349|0x00000000de900000, 0x00000000de900000, 0x00000000dea00000|  0%| F|  |TAMS 0x00000000de900000| PB 0x00000000de900000| Untracked 
| 350|0x00000000dea00000, 0x00000000dea00000, 0x00000000deb00000|  0%| F|  |TAMS 0x00000000dea00000| PB 0x00000000dea00000| Untracked 
| 351|0x00000000deb00000, 0x00000000deb00000, 0x00000000dec00000|  0%| F|  |TAMS 0x00000000deb00000| PB 0x00000000deb00000| Untracked 
| 352|0x00000000dec00000, 0x00000000dec00000, 0x00000000ded00000|  0%| F|  |TAMS 0x00000000dec00000| PB 0x00000000dec00000| Untracked 
| 353|0x00000000ded00000, 0x00000000ded00000, 0x00000000dee00000|  0%| F|  |TAMS 0x00000000ded00000| PB 0x00000000ded00000| Untracked 
| 354|0x00000000dee00000, 0x00000000dee00000, 0x00000000def00000|  0%| F|  |TAMS 0x00000000dee00000| PB 0x00000000dee00000| Untracked 
| 355|0x00000000def00000, 0x00000000def00000, 0x00000000df000000|  0%| F|  |TAMS 0x00000000def00000| PB 0x00000000def00000| Untracked 
| 356|0x00000000df000000, 0x00000000df000000, 0x00000000df100000|  0%| F|  |TAMS 0x00000000df000000| PB 0x00000000df000000| Untracked 
| 357|0x00000000df100000, 0x00000000df100000, 0x00000000df200000|  0%| F|  |TAMS 0x00000000df100000| PB 0x00000000df100000| Untracked 
| 358|0x00000000df200000, 0x00000000df200000, 0x00000000df300000|  0%| F|  |TAMS 0x00000000df200000| PB 0x00000000df200000| Untracked 
| 359|0x00000000df300000, 0x00000000df300000, 0x00000000df400000|  0%| F|  |TAMS 0x00000000df300000| PB 0x00000000df300000| Untracked 
| 360|0x00000000df400000, 0x00000000df400000, 0x00000000df500000|  0%| F|  |TAMS 0x00000000df400000| PB 0x00000000df400000| Untracked 
| 361|0x00000000df500000, 0x00000000df500000, 0x00000000df600000|  0%| F|  |TAMS 0x00000000df500000| PB 0x00000000df500000| Untracked 
| 362|0x00000000df600000, 0x00000000df600000, 0x00000000df700000|  0%| F|  |TAMS 0x00000000df600000| PB 0x00000000df600000| Untracked 
| 363|0x00000000df700000, 0x00000000df700000, 0x00000000df800000|  0%| F|  |TAMS 0x00000000df700000| PB 0x00000000df700000| Untracked 
| 364|0x00000000df800000, 0x00000000df800000, 0x00000000df900000|  0%| F|  |TAMS 0x00000000df800000| PB 0x00000000df800000| Untracked 
| 365|0x00000000df900000, 0x00000000df900000, 0x00000000dfa00000|  0%| F|  |TAMS 0x00000000df900000| PB 0x00000000df900000| Untracked 
| 366|0x00000000dfa00000, 0x00000000dfa00000, 0x00000000dfb00000|  0%| F|  |TAMS 0x00000000dfa00000| PB 0x00000000dfa00000| Untracked 
| 367|0x00000000dfb00000, 0x00000000dfb00000, 0x00000000dfc00000|  0%| F|  |TAMS 0x00000000dfb00000| PB 0x00000000dfb00000| Untracked 
| 368|0x00000000dfc00000, 0x00000000dfc00000, 0x00000000dfd00000|  0%| F|  |TAMS 0x00000000dfc00000| PB 0x00000000dfc00000| Untracked 
| 369|0x00000000dfd00000, 0x00000000dfd00000, 0x00000000dfe00000|  0%| F|  |TAMS 0x00000000dfd00000| PB 0x00000000dfd00000| Untracked 
| 370|0x00000000dfe00000, 0x00000000dfe00000, 0x00000000dff00000|  0%| F|  |TAMS 0x00000000dfe00000| PB 0x00000000dfe00000| Untracked 
| 371|0x00000000dff00000, 0x00000000e0000000, 0x00000000e0000000|100%| S|CS|TAMS 0x00000000dff00000| PB 0x00000000dff00000| Complete 
| 372|0x00000000e0000000, 0x00000000e0100000, 0x00000000e0100000|100%| S|CS|TAMS 0x00000000e0000000| PB 0x00000000e0000000| Complete 
| 373|0x00000000e0100000, 0x00000000e0200000, 0x00000000e0200000|100%| S|CS|TAMS 0x00000000e0100000| PB 0x00000000e0100000| Complete 
| 374|0x00000000e0200000, 0x00000000e0200000, 0x00000000e0300000|  0%| F|  |TAMS 0x00000000e0200000| PB 0x00000000e0200000| Untracked 
| 375|0x00000000e0300000, 0x00000000e0300000, 0x00000000e0400000|  0%| F|  |TAMS 0x00000000e0300000| PB 0x00000000e0300000| Untracked 
| 376|0x00000000e0400000, 0x00000000e0400000, 0x00000000e0500000|  0%| F|  |TAMS 0x00000000e0400000| PB 0x00000000e0400000| Untracked 
| 377|0x00000000e0500000, 0x00000000e0500000, 0x00000000e0600000|  0%| F|  |TAMS 0x00000000e0500000| PB 0x00000000e0500000| Untracked 
| 378|0x00000000e0600000, 0x00000000e0600000, 0x00000000e0700000|  0%| F|  |TAMS 0x00000000e0600000| PB 0x00000000e0600000| Untracked 
| 379|0x00000000e0700000, 0x00000000e0700000, 0x00000000e0800000|  0%| F|  |TAMS 0x00000000e0700000| PB 0x00000000e0700000| Untracked 
| 380|0x00000000e0800000, 0x00000000e0800000, 0x00000000e0900000|  0%| F|  |TAMS 0x00000000e0800000| PB 0x00000000e0800000| Untracked 
| 381|0x00000000e0900000, 0x00000000e0900000, 0x00000000e0a00000|  0%| F|  |TAMS 0x00000000e0900000| PB 0x00000000e0900000| Untracked 
| 382|0x00000000e0a00000, 0x00000000e0a7c718, 0x00000000e0b00000| 48%| E|  |TAMS 0x00000000e0a00000| PB 0x00000000e0a00000| Complete 
| 383|0x00000000e0b00000, 0x00000000e0c00000, 0x00000000e0c00000|100%| E|CS|TAMS 0x00000000e0b00000| PB 0x00000000e0b00000| Complete 

Card table byte_map: [0x0000019450320000,0x00000194504e0000] _byte_map_base: 0x000001944fcda000

Marking Bits: (CMBitMap*) 0x00000194392a6ec0
 Bits: [0x00000194506a0000, 0x0000019451470000)

Polling page: 0x0000019437260000

Metaspace:

Usage:
  Non-class:     16.39 MB used.
      Class:      2.04 MB used.
       Both:     18.43 MB used.

Virtual space:
  Non-class space:       64.00 MB reserved,      16.50 MB ( 26%) committed,  1 nodes.
      Class space:        1.00 GB reserved,       2.12 MB ( <1%) committed,  1 nodes.
             Both:        1.06 GB reserved,      18.62 MB (  2%) committed. 

Chunk freelists:
   Non-Class:  2.88 MB
       Class:  1.69 MB
        Both:  4.57 MB

MaxMetaspaceSize: unlimited
CompressedClassSpaceSize: 1.00 GB
Initial GC threshold: 21.00 MB
Current GC threshold: 30.88 MB
CDS: on
MetaspaceReclaimPolicy: balanced
 - commit_granule_bytes: 65536.
 - commit_granule_words: 8192.
 - virtual_space_node_default_size: 8388608.
 - enlarge_chunks_in_place: 1.
 - new_chunks_are_fully_committed: 0.
 - uncommit_free_chunks: 1.
 - use_allocation_guard: 0.


Internal statistics:

num_allocs_failed_limit: 0.
num_arena_births: 220.
num_arena_deaths: 0.
num_vsnodes_births: 2.
num_vsnodes_deaths: 0.
num_space_committed: 298.
num_space_uncommitted: 0.
num_chunks_returned_to_freelist: 0.
num_chunks_taken_from_freelist: 443.
num_chunk_merges: 0.
num_chunk_splits: 261.
num_chunks_enlarged: 141.
num_inconsistent_stats: 0.

CodeHeap 'non-profiled nmethods': size=120000Kb used=798Kb max_used=857Kb free=119201Kb
 bounds [0x0000019448df0000, 0x0000019449060000, 0x0000019450320000]
CodeHeap 'profiled nmethods': size=120000Kb used=4488Kb max_used=4869Kb free=115511Kb
 bounds [0x0000019441320000, 0x00000194417f0000, 0x0000019448850000]
CodeHeap 'non-nmethods': size=5760Kb used=1785Kb max_used=1821Kb free=3974Kb
 bounds [0x0000019448850000, 0x0000019448ac0000, 0x0000019448df0000]
 total_blobs=3227 nmethods=2473 adapters=664
 compilation: enabled
              stopped_count=0, restarted_count=0
 full_count=0

Compilation events (20 events):
Event: 65.173 Thread 0x0000019453a07410 2695       4       sun.security.util.math.intpoly.IntegerPolynomial::carryValue (17 bytes)
Event: 65.174 Thread 0x0000019453a07410 nmethod 2695 0x0000019448ec5890 code [0x0000019448ec5a00, 0x0000019448ec5aa8]
Event: 65.186 Thread 0x0000019453a6f9b0 2730       3       java.lang.ClassLoader::definePackage (85 bytes)
Event: 65.187 Thread 0x0000019453a6f9b0 nmethod 2730 0x00000194417da810 code [0x00000194417daac0, 0x00000194417db960]
Event: 65.187 Thread 0x0000019453a6f9b0 2731       3       java.lang.Package::isSealed (26 bytes)
Event: 65.188 Thread 0x0000019453a6f9b0 nmethod 2731 0x00000194417dbe10 code [0x00000194417dbfa0, 0x00000194417dc2a8]
Event: 65.188 Thread 0x0000019453a6f9b0 2732       3       jdk.internal.loader.BuiltinClassLoader::isSealed (71 bytes)
Event: 65.190 Thread 0x0000019453a6f9b0 nmethod 2732 0x00000194417dc390 code [0x00000194417dc7c0, 0x00000194417de4b0]
Event: 65.191 Thread 0x0000019453a6f9b0 2733       3       java.security.CodeSource::matchCerts (254 bytes)
Event: 65.192 Thread 0x0000019453a6f9b0 nmethod 2733 0x00000194417df010 code [0x00000194417df260, 0x00000194417dfde8]
Event: 65.195 Thread 0x0000019453a6f9b0 2734       3       java.util.ArrayDeque::pollFirst (36 bytes)
Event: 65.196 Thread 0x0000019453a6f9b0 nmethod 2734 0x00000194417e0190 code [0x00000194417e0340, 0x00000194417e0750]
Event: 65.287 Thread 0x0000019453a6f9b0 2735       3       java.awt.RenderingHints$Key::hashCode (5 bytes)
Event: 65.287 Thread 0x0000019453a6f9b0 nmethod 2735 0x00000194417e0910 code [0x00000194417e0aa0, 0x00000194417e0be0]
Event: 65.287 Thread 0x0000019453a6f9b0 2736       3       java.lang.invoke.LambdaForm$MH/0x000000080100d000::invoke (25 bytes)
Event: 65.287 Thread 0x0000019453a6f9b0 nmethod 2736 0x00000194417e0c90 code [0x00000194417e0e40, 0x00000194417e1358]
Event: 65.324 Thread 0x0000019453a6f9b0 2737       1       com.sun.crypto.provider.AESCrypt::getBlockSize (3 bytes)
Event: 65.324 Thread 0x0000019453a6f9b0 nmethod 2737 0x0000019448ec5b90 code [0x0000019448ec5d00, 0x0000019448ec5dc8]
Event: 65.324 Thread 0x0000019453a07410 2738 %     4       com.sun.crypto.provider.GHASH::blockMult @ 23 (245 bytes)
Event: 65.334 Thread 0x0000019453a07410 nmethod 2738% 0x0000019448ec5e90 code [0x0000019448ec6000, 0x0000019448ec6620]

GC Heap History (20 events):
Event: 2.121 GC heap before
{Heap before GC invocations=4 (full 0):
 garbage-first heap   total 71680K, used 49913K [0x00000000c8c00000, 0x0000000100000000)
  region size 1024K, 13 young (13312K), 1 survivors (1024K)
 Metaspace       used 4732K, committed 4992K, reserved 1114112K
  class space    used 483K, committed 640K, reserved 1048576K
}
Event: 2.122 GC heap after
{Heap after GC invocations=5 (full 0):
 garbage-first heap   total 71680K, used 38599K [0x00000000c8c00000, 0x0000000100000000)
  region size 1024K, 1 young (1024K), 1 survivors (1024K)
 Metaspace       used 4732K, committed 4992K, reserved 1114112K
  class space    used 483K, committed 640K, reserved 1048576K
}
Event: 2.197 GC heap before
{Heap before GC invocations=5 (full 0):
 garbage-first heap   total 71680K, used 52935K [0x00000000c8c00000, 0x0000000100000000)
  region size 1024K, 16 young (16384K), 1 survivors (1024K)
 Metaspace       used 4741K, committed 4992K, reserved 1114112K
  class space    used 485K, committed 640K, reserved 1048576K
}
Event: 2.199 GC heap after
{Heap after GC invocations=6 (full 0):
 garbage-first heap   total 71680K, used 38627K [0x00000000c8c00000, 0x0000000100000000)
  region size 1024K, 1 young (1024K), 1 survivors (1024K)
 Metaspace       used 4741K, committed 4992K, reserved 1114112K
  class space    used 485K, committed 640K, reserved 1048576K
}
Event: 7.771 GC heap before
{Heap before GC invocations=7 (full 0):
 garbage-first heap   total 73728K, used 49891K [0x00000000c8c00000, 0x0000000100000000)
  region size 1024K, 10 young (10240K), 1 survivors (1024K)
 Metaspace       used 7403K, committed 7680K, reserved 1114112K
  class space    used 773K, committed 896K, reserved 1048576K
}
Event: 7.773 GC heap after
{Heap after GC invocations=8 (full 0):
 garbage-first heap   total 89088K, used 42040K [0x00000000c8c00000, 0x0000000100000000)
  region size 1024K, 1 young (1024K), 1 survivors (1024K)
 Metaspace       used 7403K, committed 7680K, reserved 1114112K
  class space    used 773K, committed 896K, reserved 1048576K
}
Event: 8.257 GC heap before
{Heap before GC invocations=9 (full 0):
 garbage-first heap   total 191488K, used 151608K [0x00000000c8c00000, 0x0000000100000000)
  region size 1024K, 40 young (40960K), 1 survivors (1024K)
 Metaspace       used 7405K, committed 7680K, reserved 1114112K
  class space    used 773K, committed 896K, reserved 1048576K
}
Event: 8.259 GC heap after
{Heap after GC invocations=10 (full 0):
 garbage-first heap   total 191488K, used 112699K [0x00000000c8c00000, 0x0000000100000000)
  region size 1024K, 1 young (1024K), 1 survivors (1024K)
 Metaspace       used 7405K, committed 7680K, reserved 1114112K
  class space    used 773K, committed 896K, reserved 1048576K
}
Event: 8.471 GC heap before
{Heap before GC invocations=10 (full 0):
 garbage-first heap   total 191488K, used 172091K [0x00000000c8c00000, 0x0000000100000000)
  region size 1024K, 60 young (61440K), 1 survivors (1024K)
 Metaspace       used 7406K, committed 7680K, reserved 1114112K
  class space    used 773K, committed 896K, reserved 1048576K
}
Event: 8.473 GC heap after
{Heap after GC invocations=11 (full 0):
 garbage-first heap   total 191488K, used 112728K [0x00000000c8c00000, 0x0000000100000000)
  region size 1024K, 1 young (1024K), 1 survivors (1024K)
 Metaspace       used 7406K, committed 7680K, reserved 1114112K
  class space    used 773K, committed 896K, reserved 1048576K
}
Event: 12.123 GC heap before
{Heap before GC invocations=12 (full 0):
 garbage-first heap   total 203776K, used 130136K [0x00000000c8c00000, 0x0000000100000000)
  region size 1024K, 12 young (12288K), 1 survivors (1024K)
 Metaspace       used 8760K, committed 9024K, reserved 1114112K
  class space    used 966K, committed 1088K, reserved 1048576K
}
Event: 12.125 GC heap after
{Heap after GC invocations=13 (full 0):
 garbage-first heap   total 203776K, used 120018K [0x00000000c8c00000, 0x0000000100000000)
  region size 1024K, 1 young (1024K), 1 survivors (1024K)
 Metaspace       used 8760K, committed 9024K, reserved 1114112K
  class space    used 966K, committed 1088K, reserved 1048576K
}
Event: 13.132 GC heap before
{Heap before GC invocations=14 (full 0):
 garbage-first heap   total 370688K, used 290002K [0x00000000c8c00000, 0x0000000100000000)
  region size 1024K, 70 young (71680K), 1 survivors (1024K)
 Metaspace       used 8760K, committed 9024K, reserved 1114112K
  class space    used 966K, committed 1088K, reserved 1048576K
}
Event: 13.134 GC heap after
{Heap after GC invocations=15 (full 0):
 garbage-first heap   total 370688K, used 220390K [0x00000000c8c00000, 0x0000000100000000)
  region size 1024K, 1 young (1024K), 1 survivors (1024K)
 Metaspace       used 8760K, committed 9024K, reserved 1114112K
  class space    used 966K, committed 1088K, reserved 1048576K
}
Event: 13.634 GC heap before
{Heap before GC invocations=15 (full 0):
 garbage-first heap   total 370688K, used 325862K [0x00000000c8c00000, 0x0000000100000000)
  region size 1024K, 106 young (108544K), 1 survivors (1024K)
 Metaspace       used 8760K, committed 9024K, reserved 1114112K
  class space    used 966K, committed 1088K, reserved 1048576K
}
Event: 13.637 GC heap after
{Heap after GC invocations=16 (full 0):
 garbage-first heap   total 370688K, used 220388K [0x00000000c8c00000, 0x0000000100000000)
  region size 1024K, 1 young (1024K), 1 survivors (1024K)
 Metaspace       used 8760K, committed 9024K, reserved 1114112K
  class space    used 966K, committed 1088K, reserved 1048576K
}
Event: 52.326 GC heap before
{Heap before GC invocations=17 (full 0):
 garbage-first heap   total 373760K, used 240868K [0x00000000c8c00000, 0x0000000100000000)
  region size 1024K, 20 young (20480K), 1 survivors (1024K)
 Metaspace       used 18626K, committed 18944K, reserved 1114112K
  class space    used 2057K, committed 2176K, reserved 1048576K
}
Event: 52.336 GC heap after
{Heap after GC invocations=18 (full 0):
 garbage-first heap   total 373760K, used 224974K [0x00000000c8c00000, 0x0000000100000000)
  region size 1024K, 4 young (4096K), 4 survivors (4096K)
 Metaspace       used 18626K, committed 18944K, reserved 1114112K
  class space    used 2057K, committed 2176K, reserved 1048576K
}
Event: 65.301 GC heap before
{Heap before GC invocations=19 (full 0):
 garbage-first heap   total 393216K, used 242382K [0x00000000c8c00000, 0x0000000100000000)
  region size 1024K, 16 young (16384K), 4 survivors (4096K)
 Metaspace       used 18852K, committed 19072K, reserved 1114112K
  class space    used 2089K, committed 2176K, reserved 1048576K
}
Event: 65.311 GC heap after
{Heap after GC invocations=20 (full 0):
 garbage-first heap   total 393216K, used 232119K [0x00000000c8c00000, 0x0000000100000000)
  region size 1024K, 3 young (3072K), 3 survivors (3072K)
 Metaspace       used 18852K, committed 19072K, reserved 1114112K
  class space    used 2089K, committed 2176K, reserved 1048576K
}

Dll operation events (12 events):
Event: 0.066 Loaded shared library C:\Program Files\Java\jdk-20\bin\java.dll
Event: 0.094 Loaded shared library C:\Program Files\Java\jdk-20\bin\jsvml.dll
Event: 0.393 Loaded shared library C:\Program Files\Java\jdk-20\bin\net.dll
Event: 0.416 Loaded shared library C:\Program Files\Java\jdk-20\bin\nio.dll
Event: 0.682 Loaded shared library C:\Program Files\Java\jdk-20\bin\zip.dll
Event: 0.709 Loaded shared library C:\Program Files\Java\jdk-20\bin\jimage.dll
Event: 0.790 Loaded shared library C:\Program Files\Java\jdk-20\bin\awt.dll
Event: 1.697 Loaded shared library C:\Program Files\Java\jdk-20\bin\javajpeg.dll
Event: 2.579 Loaded shared library C:\Program Files\Java\jdk-20\bin\freetype.dll
Event: 2.581 Loaded shared library C:\Program Files\Java\jdk-20\bin\fontmanager.dll
Event: 47.856 Loaded shared library C:\Program Files\Java\jdk-20\bin\extnet.dll
Event: 48.303 Loaded shared library C:\Program Files\Java\jdk-20\bin\sunmscapi.dll

Deoptimization events (20 events):
Event: 65.129 Thread 0x000001945ccd6180 Uncommon trap: trap_request=0xffffff66 fr.pc=0x0000019448ea23a8 relative=0x00000000000002e8
Event: 65.129 Thread 0x000001945ccd6180 Uncommon trap: reason=speculate_class_check action=maybe_recompile pc=0x0000019448ea23a8 method=sun.security.util.math.intpoly.IntegerPolynomial.multByInt([JJ)V @ 26 c2
Event: 65.129 Thread 0x000001945ccd6180 DEOPT PACKING pc=0x0000019448ea23a8 sp=0x0000007534efd0b0
Event: 65.129 Thread 0x000001945ccd6180 DEOPT UNPACKING pc=0x00000194488b9d22 sp=0x0000007534efcff0 mode 2
Event: 65.129 Thread 0x000001945ccd6180 Uncommon trap: trap_request=0xffffffde fr.pc=0x0000019448e9d56c relative=0x000000000000024c
Event: 65.129 Thread 0x000001945ccd6180 Uncommon trap: reason=class_check action=maybe_recompile pc=0x0000019448e9d56c method=sun.security.util.math.intpoly.IntegerPolynomial.multByInt([JJ)V @ 26 c2
Event: 65.129 Thread 0x000001945ccd6180 DEOPT PACKING pc=0x0000019448e9d56c sp=0x0000007534efd020
Event: 65.129 Thread 0x000001945ccd6180 DEOPT UNPACKING pc=0x00000194488b9d22 sp=0x0000007534efcff0 mode 2
Event: 65.129 Thread 0x000001945ccd6180 Uncommon trap: trap_request=0xffffffde fr.pc=0x0000019448e9d56c relative=0x000000000000024c
Event: 65.129 Thread 0x000001945ccd6180 Uncommon trap: reason=class_check action=maybe_recompile pc=0x0000019448e9d56c method=sun.security.util.math.intpoly.IntegerPolynomial.multByInt([JJ)V @ 26 c2
Event: 65.129 Thread 0x000001945ccd6180 DEOPT PACKING pc=0x0000019448e9d56c sp=0x0000007534efd020
Event: 65.129 Thread 0x000001945ccd6180 DEOPT UNPACKING pc=0x00000194488b9d22 sp=0x0000007534efcff0 mode 2
Event: 65.129 Thread 0x000001945ccd6180 Uncommon trap: trap_request=0xffffffde fr.pc=0x0000019448e9d56c relative=0x000000000000024c
Event: 65.129 Thread 0x000001945ccd6180 Uncommon trap: reason=class_check action=maybe_recompile pc=0x0000019448e9d56c method=sun.security.util.math.intpoly.IntegerPolynomial.multByInt([JJ)V @ 26 c2
Event: 65.129 Thread 0x000001945ccd6180 DEOPT PACKING pc=0x0000019448e9d56c sp=0x0000007534efd020
Event: 65.129 Thread 0x000001945ccd6180 DEOPT UNPACKING pc=0x00000194488b9d22 sp=0x0000007534efcff0 mode 2
Event: 65.129 Thread 0x000001945ccd6180 Uncommon trap: trap_request=0xffffffde fr.pc=0x0000019448e9d56c relative=0x000000000000024c
Event: 65.129 Thread 0x000001945ccd6180 Uncommon trap: reason=class_check action=maybe_recompile pc=0x0000019448e9d56c method=sun.security.util.math.intpoly.IntegerPolynomial.multByInt([JJ)V @ 26 c2
Event: 65.129 Thread 0x000001945ccd6180 DEOPT PACKING pc=0x0000019448e9d56c sp=0x0000007534efd020
Event: 65.129 Thread 0x000001945ccd6180 DEOPT UNPACKING pc=0x00000194488b9d22 sp=0x0000007534efcff0 mode 2

Classes loaded (20 events):
Event: 48.899 Loading class sun/java2d/d3d/D3DPaints$RadialGradient
Event: 48.899 Loading class sun/java2d/d3d/D3DPaints$RadialGradient done
Event: 48.899 Loading class sun/java2d/d3d/D3DPaints$Texture
Event: 48.899 Loading class sun/java2d/d3d/D3DPaints$Texture done
Event: 52.258 Loading class java/awt/Window$1DisposeAction
Event: 52.259 Loading class java/awt/Window$1DisposeAction done
Event: 57.147 Loading class javax/swing/text/GapContent$RemoveUndo
Event: 57.149 Loading class javax/swing/text/GapContent$RemoveUndo done
Event: 65.197 Loading class java/time/format/DateTimeParseException
Event: 65.198 Loading class java/time/DateTimeException
Event: 65.198 Loading class java/time/DateTimeException done
Event: 65.198 Loading class java/time/format/DateTimeParseException done
Event: 65.285 Loading class javax/swing/JProgressBar
Event: 65.285 Loading class javax/swing/JProgressBar done
Event: 65.321 Loading class sun/security/ssl/Alert
Event: 65.322 Loading class sun/security/ssl/Alert done
Event: 65.322 Loading class sun/security/ssl/Alert$AlertConsumer
Event: 65.322 Loading class sun/security/ssl/Alert$AlertConsumer done
Event: 65.322 Loading class sun/security/ssl/Alert$Level
Event: 65.323 Loading class sun/security/ssl/Alert$Level done

Classes unloaded (0 events):
No events

Classes redefined (0 events):
No events

Internal exceptions (20 events):
Event: 1.347 Thread 0x00000194392653a0 Exception <a 'java/lang/NoSuchMethodError'{0x00000000cc0ff1a8}: 'void java.lang.invoke.DirectMethodHandle$Holder.invokeSpecial(java.lang.Object, java.lang.Object, java.lang.Object)'> (0x00000000cc0ff1a8) 
thrown [s\open\src\hotspot\share\interpreter\linkResolver.cpp, line 773]
Event: 1.366 Thread 0x00000194392653a0 Exception <a 'java/lang/NoSuchMethodError'{0x00000000cbf2a210}: 'java.lang.Object java.lang.invoke.DirectMethodHandle$Holder.newInvokeSpecial(java.lang.Object, java.lang.Object, java.lang.Object, java.lang.Object, java.lang.Object)'> (0x00000000cbf2a210) 
thrown [s\open\src\hotspot\share\interpreter\linkResolver.cpp, line 773]
Event: 1.389 Thread 0x00000194392653a0 Exception <a 'java/lang/NoSuchMethodError'{0x00000000cbf5ad80}: 'java.lang.Object java.lang.invoke.DirectMethodHandle$Holder.invokeStatic(java.lang.Object, int, java.lang.Object)'> (0x00000000cbf5ad80) 
thrown [s\open\src\hotspot\share\interpreter\linkResolver.cpp, line 773]
Event: 1.506 Thread 0x00000194392653a0 Exception <a 'java/lang/ClassNotFoundException'{0x00000000cbe16c48}: com/sun/swing/internal/plaf/metal/resources/spi/metalProvider> (0x00000000cbe16c48) 
thrown [s\open\src\hotspot\share\classfile\systemDictionary.cpp, line 305]
Event: 1.509 Thread 0x00000194392653a0 Exception <a 'java/lang/ClassNotFoundException'{0x00000000cbe1abf8}: com/sun/swing/internal/plaf/basic/resources/spi/basicProvider> (0x00000000cbe1abf8) 
thrown [s\open\src\hotspot\share\classfile\systemDictionary.cpp, line 305]
Event: 1.533 Thread 0x00000194392653a0 Exception <a 'java/lang/NoSuchMethodError'{0x00000000cbe39d28}: 'int java.lang.invoke.Invokers$Holder.invokeExact_MT(java.lang.Object, java.lang.Object)'> (0x00000000cbe39d28) 
thrown [s\open\src\hotspot\share\interpreter\linkResolver.cpp, line 773]
Event: 1.700 Thread 0x000001945cc12b40 Exception <a 'java/lang/NoSuchMethodError'{0x00000000cbde1210}: 'java.lang.Object java.lang.invoke.DirectMethodHandle$Holder.newInvokeSpecial(java.lang.Object, java.lang.Object, java.lang.Object, int, int, int, int, int)'> (0x00000000cbde1210) 
thrown [s\open\src\hotspot\share\interpreter\linkResolver.cpp, line 773]
Event: 2.544 Thread 0x0000019457ec0040 Exception <a 'java/lang/NoSuchMethodError'{0x00000000ccfc3348}: 'void java.lang.invoke.DirectMethodHandle$Holder.invokeVirtual(java.lang.Object, java.lang.Object)'> (0x00000000ccfc3348) 
thrown [s\open\src\hotspot\share\interpreter\linkResolver.cpp, line 773]
Event: 2.572 Thread 0x00000194392653a0 Exception <a 'java/lang/NoSuchMethodError'{0x00000000ccf9c0f8}: 'void java.lang.invoke.DirectMethodHandle$Holder.invokeStaticInit(java.lang.Object)'> (0x00000000ccf9c0f8) 
thrown [s\open\src\hotspot\share\interpreter\linkResolver.cpp, line 773]
Event: 8.471 Thread 0x000001945cd6d410 Implicit null exception at 0x0000019448e2c7f9 to 0x0000019448e2d5f8
Event: 47.673 Thread 0x000001945ccd6180 Exception <a 'java/lang/NoSuchMethodError'{0x00000000df19c178}: 'java.lang.Object java.lang.invoke.DirectMethodHandle$Holder.invokeInterface(java.lang.Object, java.lang.Object)'> (0x00000000df19c178) 
thrown [s\open\src\hotspot\share\interpreter\linkResolver.cpp, line 773]
Event: 47.707 Thread 0x000001945ccd6180 Exception <a 'java/lang/NoSuchMethodError'{0x00000000df012908}: 'void java.lang.invoke.DirectMethodHandle$Holder.invokeStatic(java.lang.Object, java.lang.Object, java.lang.Object)'> (0x00000000df012908) 
thrown [s\open\src\hotspot\share\interpreter\linkResolver.cpp, line 773]
Event: 47.710 Thread 0x000001945ccd6180 Exception <a 'java/lang/NoSuchMethodError'{0x00000000df01c6c8}: 'java.lang.Object java.lang.invoke.DirectMethodHandle$Holder.invokeVirtual(java.lang.Object, java.lang.Object, java.lang.Object)'> (0x00000000df01c6c8) 
thrown [s\open\src\hotspot\share\interpreter\linkResolver.cpp, line 773]
Event: 47.859 Thread 0x000001945ccd6180 Exception <a 'java/lang/NoSuchMethodError'{0x00000000ded17850}: 'void java.lang.invoke.DirectMethodHandle$Holder.invokeStatic(java.lang.Object, java.lang.Object)'> (0x00000000ded17850) 
thrown [s\open\src\hotspot\share\interpreter\linkResolver.cpp, line 773]
Event: 48.009 Thread 0x000001945ccd6180 Exception <a 'java/lang/NoSuchMethodError'{0x00000000deb64cd8}: 'void java.lang.invoke.DirectMethodHandle$Holder.invokeStaticInit(java.lang.Object, java.lang.Object)'> (0x00000000deb64cd8) 
thrown [s\open\src\hotspot\share\interpreter\linkResolver.cpp, line 773]
Event: 48.104 Thread 0x000001945ccd6180 Exception <a 'sun/nio/fs/WindowsException'{0x00000000dea97c38}> (0x00000000dea97c38) 
thrown [s\open\src\hotspot\share\prims\jni.cpp, line 519]
Event: 48.180 Thread 0x000001945ccd6180 Exception <a 'java/lang/NoSuchMethodError'{0x00000000de94d508}: 'java.lang.Object java.lang.invoke.DirectMethodHandle$Holder.invokeStaticInit(java.lang.Object, int, int, int, int)'> (0x00000000de94d508) 
thrown [s\open\src\hotspot\share\interpreter\linkResolver.cpp, line 773]
Event: 48.252 Thread 0x000001945ccd6180 Exception <a 'java/lang/NoSuchMethodError'{0x00000000de966348}: 'java.lang.Object java.lang.invoke.DirectMethodHandle$Holder.invokeStaticInit(java.lang.Object, java.lang.Object, int, int, int, int)'> (0x00000000de966348) 
thrown [s\open\src\hotspot\share\interpreter\linkResolver.cpp, line 773]
Event: 48.873 Thread 0x000001945ccd6180 Exception <a 'java/lang/NoSuchMethodError'{0x00000000de652b80}: 'int java.lang.invoke.DirectMethodHandle$Holder.invokeStatic(java.lang.Object)'> (0x00000000de652b80) 
thrown [s\open\src\hotspot\share\interpreter\linkResolver.cpp, line 773]
Event: 52.324 Thread 0x000001945cd6b430 Implicit null exception at 0x0000019448e28d9a to 0x0000019448e294d4

VM Operations (20 events):
Event: 50.923 Executing VM operation: Cleanup done
Event: 52.325 Executing VM operation: G1TryInitiateConcMark
Event: 52.336 Executing VM operation: G1TryInitiateConcMark done
Event: 52.350 Executing VM operation: G1PauseRemark
Event: 52.373 Executing VM operation: G1PauseRemark done
Event: 52.376 Executing VM operation: G1PauseCleanup
Event: 52.376 Executing VM operation: G1PauseCleanup done
Event: 53.389 Executing VM operation: Cleanup
Event: 53.389 Executing VM operation: Cleanup done
Event: 55.406 Executing VM operation: Cleanup
Event: 55.406 Executing VM operation: Cleanup done
Event: 56.406 Executing VM operation: Cleanup
Event: 56.407 Executing VM operation: Cleanup done
Event: 57.420 Executing VM operation: Cleanup
Event: 57.420 Executing VM operation: Cleanup done
Event: 62.448 Executing VM operation: Cleanup
Event: 62.448 Executing VM operation: Cleanup done
Event: 65.300 Executing VM operation: G1TryInitiateConcMark
Event: 65.314 Executing VM operation: G1TryInitiateConcMark done
Event: 65.334 Executing VM operation: G1PauseRemark

Events (20 events):
Event: 65.372 Thread 0x00000194393240f0 flushing nmethod 0x000001944132b390
Event: 65.372 Thread 0x00000194393240f0 flushing nmethod 0x000001944132e890
Event: 65.372 Thread 0x00000194393240f0 flushing nmethod 0x0000019448e80c90
Event: 65.372 Thread 0x00000194393240f0 flushing nmethod 0x0000019448e71210
Event: 65.372 Thread 0x00000194393240f0 flushing nmethod 0x0000019448e62190
Event: 65.372 Thread 0x00000194393240f0 flushing nmethod 0x0000019448e5ee90
Event: 65.372 Thread 0x00000194393240f0 flushing nmethod 0x0000019448e54d10
Event: 65.372 Thread 0x00000194393240f0 flushing nmethod 0x0000019448e5a490
Event: 65.372 Thread 0x00000194393240f0 flushing nmethod 0x0000019448e3af90
Event: 65.372 Thread 0x00000194393240f0 flushing nmethod 0x0000019448e2e390
Event: 65.372 Thread 0x00000194393240f0 flushing nmethod 0x0000019448e2b490
Event: 65.372 Thread 0x00000194393240f0 flushing nmethod 0x0000019448e29e90
Event: 65.372 Thread 0x00000194393240f0 flushing nmethod 0x0000019448e2f110
Event: 65.372 Thread 0x00000194393240f0 flushing nmethod 0x0000019448e28590
Event: 65.372 Thread 0x00000194393240f0 flushing nmethod 0x0000019448e28b90
Event: 65.372 Thread 0x00000194393240f0 flushing nmethod 0x0000019448e23010
Event: 65.372 Thread 0x00000194393240f0 flushing nmethod 0x0000019448e21010
Event: 65.372 Thread 0x00000194393240f0 flushing nmethod 0x0000019448e1cd10
Event: 65.372 Thread 0x00000194393240f0 flushing nmethod 0x0000019448e17f90
Event: 65.372 Thread 0x00000194393240f0 flushing nmethod 0x0000019448dfe110


Dynamic libraries:
0x00007ff7deae0000 - 0x00007ff7deaf0000 	C:\Program Files\Java\jdk-20\bin\java.exe
0x00007ff8879f0000 - 0x00007ff887c04000 	C:\WINDOWS\SYSTEM32\ntdll.dll
0x00007ff886d70000 - 0x00007ff886e32000 	C:\WINDOWS\System32\KERNEL32.DLL
0x00007ff884fd0000 - 0x00007ff885373000 	C:\WINDOWS\System32\KERNELBASE.dll
0x00007ff884df0000 - 0x00007ff884f01000 	C:\WINDOWS\System32\ucrtbase.dll
0x00007ff86e240000 - 0x00007ff86e259000 	C:\Program Files\Java\jdk-20\bin\jli.dll
0x00007ff8870f0000 - 0x00007ff88719e000 	C:\WINDOWS\System32\ADVAPI32.dll
0x00007ff886b20000 - 0x00007ff886bc7000 	C:\WINDOWS\System32\msvcrt.dll
0x00007ff886800000 - 0x00007ff8868a4000 	C:\WINDOWS\System32\sechost.dll
0x00007ff8866e0000 - 0x00007ff8867f7000 	C:\WINDOWS\System32\RPCRT4.dll
0x00007ff8864d0000 - 0x00007ff88667a000 	C:\WINDOWS\System32\USER32.dll
0x00007ff885380000 - 0x00007ff8853a6000 	C:\WINDOWS\System32\win32u.dll
0x00007ff886a70000 - 0x00007ff886a99000 	C:\WINDOWS\System32\GDI32.dll
0x00007ff8853b0000 - 0x00007ff8854c9000 	C:\WINDOWS\System32\gdi32full.dll
0x00007ff8856b0000 - 0x00007ff88574a000 	C:\WINDOWS\System32\msvcp_win.dll
0x00007ff87ede0000 - 0x00007ff87edfb000 	C:\Program Files\Java\jdk-20\bin\VCRUNTIME140.dll
0x00007ff871460000 - 0x00007ff8716ee000 	C:\WINDOWS\WinSxS\amd64_microsoft.windows.common-controls_6595b64144ccf1df_6.0.22621.1635_none_270f70857386168e\COMCTL32.dll
0x00007ff87b240000 - 0x00007ff87b24a000 	C:\WINDOWS\SYSTEM32\VERSION.dll
0x00007ff886e40000 - 0x00007ff886e71000 	C:\WINDOWS\System32\IMM32.DLL
0x00007ff881900000 - 0x00007ff88190c000 	C:\Program Files\Java\jdk-20\bin\vcruntime140_1.dll
0x00007ff839410000 - 0x00007ff83949e000 	C:\Program Files\Java\jdk-20\bin\msvcp140.dll
0x00007ff82c680000 - 0x00007ff82d317000 	C:\Program Files\Java\jdk-20\bin\server\jvm.dll
0x00007ff86e530000 - 0x00007ff86e539000 	C:\WINDOWS\SYSTEM32\WSOCK32.dll
0x00007ff8868b0000 - 0x00007ff886921000 	C:\WINDOWS\System32\WS2_32.dll
0x00007ff87cfc0000 - 0x00007ff87cff4000 	C:\WINDOWS\SYSTEM32\WINMM.dll
0x00007ff883e10000 - 0x00007ff883e28000 	C:\WINDOWS\SYSTEM32\kernel.appcore.dll
0x00007ff86e4b0000 - 0x00007ff86e4ba000 	C:\Program Files\Java\jdk-20\bin\jimage.dll
0x00007ff861c00000 - 0x00007ff861e2e000 	C:\WINDOWS\SYSTEM32\DBGHELP.DLL
0x00007ff8871a0000 - 0x00007ff887529000 	C:\WINDOWS\System32\combase.dll
0x00007ff886f10000 - 0x00007ff886fe7000 	C:\WINDOWS\System32\OLEAUT32.dll
0x00007ff8627c0000 - 0x00007ff8627f2000 	C:\WINDOWS\SYSTEM32\dbgcore.DLL
0x00007ff885750000 - 0x00007ff8857ca000 	C:\WINDOWS\System32\bcryptPrimitives.dll
0x00007ff86e4c0000 - 0x00007ff86e4e6000 	C:\Program Files\Java\jdk-20\bin\java.dll
0x00007ff841c30000 - 0x00007ff841d07000 	C:\Program Files\Java\jdk-20\bin\jsvml.dll
0x00007ff885c20000 - 0x00007ff886419000 	C:\WINDOWS\System32\SHELL32.dll
0x00007ff882d90000 - 0x00007ff88365e000 	C:\WINDOWS\SYSTEM32\windows.storage.dll
0x00007ff882c50000 - 0x00007ff882d8e000 	C:\WINDOWS\SYSTEM32\wintypes.dll
0x00007ff886ff0000 - 0x00007ff8870e1000 	C:\WINDOWS\System32\SHCORE.dll
0x00007ff886680000 - 0x00007ff8866de000 	C:\WINDOWS\System32\shlwapi.dll
0x00007ff884d20000 - 0x00007ff884d46000 	C:\WINDOWS\SYSTEM32\profapi.dll
0x00007ff86e490000 - 0x00007ff86e4a3000 	C:\Program Files\Java\jdk-20\bin\net.dll
0x00007ff87cdc0000 - 0x00007ff87cef7000 	C:\WINDOWS\SYSTEM32\WINHTTP.dll
0x00007ff8842b0000 - 0x00007ff884319000 	C:\WINDOWS\system32\mswsock.dll
0x00007ff86e470000 - 0x00007ff86e486000 	C:\Program Files\Java\jdk-20\bin\nio.dll
0x00007ff86e450000 - 0x00007ff86e468000 	C:\Program Files\Java\jdk-20\bin\zip.dll
0x00007ff841800000 - 0x00007ff841991000 	C:\Program Files\Java\jdk-20\bin\awt.dll
0x00007ff8820c0000 - 0x00007ff882157000 	C:\WINDOWS\SYSTEM32\apphelp.dll
0x00007ff8827d0000 - 0x00007ff8827fb000 	C:\WINDOWS\system32\DWMAPI.DLL
0x00007ff8823a0000 - 0x00007ff88244b000 	C:\WINDOWS\system32\uxtheme.dll
0x00007ff82df60000 - 0x00007ff82e060000 	C:\WINDOWS\system32\opengl32.dll
0x00007ff86e400000 - 0x00007ff86e42d000 	C:\WINDOWS\SYSTEM32\GLU32.dll
0x00007ff8824a0000 - 0x00007ff8824d8000 	C:\WINDOWS\SYSTEM32\dxcore.dll
0x00007ff886930000 - 0x00007ff886a57000 	C:\WINDOWS\System32\MSCTF.dll
0x00007ff886bd0000 - 0x00007ff886d6c000 	C:\WINDOWS\System32\ole32.dll
0x00007ff82f580000 - 0x00007ff82f729000 	C:\WINDOWS\system32\d3d9.dll
0x00007ff87b250000 - 0x00007ff87b42b000 	C:\WINDOWS\System32\DriverStore\FileRepository\u0372698.inf_amd64_2366d501a5d0e392\B370279\aticfx64.dll
0x00007ff869160000 - 0x00007ff869193000 	C:\WINDOWS\System32\DriverStore\FileRepository\u0372698.inf_amd64_2366d501a5d0e392\B370279\atiu9p64.dll
0x00007ff848c30000 - 0x00007ff84998a000 	C:\WINDOWS\System32\DriverStore\FileRepository\u0372698.inf_amd64_2366d501a5d0e392\B370279\atiumd64.dll
0x0000000064800000 - 0x00000000656cb000 	C:\WINDOWS\System32\DriverStore\FileRepository\u0372698.inf_amd64_2366d501a5d0e392\B370279\atiumd6a.dll
0x00007ff884cc0000 - 0x00007ff884d0d000 	C:\WINDOWS\SYSTEM32\POWRPROF.dll
0x00007ff884ca0000 - 0x00007ff884cb3000 	C:\WINDOWS\SYSTEM32\UMPDC.dll
0x00007ff8782f0000 - 0x00007ff878320000 	C:\WINDOWS\SYSTEM32\amdihk64.dll
0x00007ff87ed00000 - 0x00007ff87ed48000 	C:\WINDOWS\SYSTEM32\directxdatabasehelper.dll
0x00007ff86a3f0000 - 0x00007ff86a41e000 	C:\Program Files\Java\jdk-20\bin\javajpeg.dll
0x00007ff82ded0000 - 0x00007ff82df56000 	C:\Program Files\Java\jdk-20\bin\freetype.dll
0x00007ff82c5b0000 - 0x00007ff82c676000 	C:\Program Files\Java\jdk-20\bin\fontmanager.dll
0x00007ff87e780000 - 0x00007ff87e8ad000 	C:\WINDOWS\SYSTEM32\textinputframework.dll
0x00007ff864f30000 - 0x00007ff864f99000 	C:\WINDOWS\system32\Oleacc.dll
0x00007ff881c70000 - 0x00007ff881da3000 	C:\WINDOWS\SYSTEM32\CoreMessaging.dll
0x00007ff87df70000 - 0x00007ff87e2dc000 	C:\WINDOWS\SYSTEM32\CoreUIComponents.dll
0x00007ff884530000 - 0x00007ff88453c000 	C:\WINDOWS\SYSTEM32\CRYPTBASE.DLL
0x00007ff886420000 - 0x00007ff8864d0000 	C:\WINDOWS\System32\clbcatq.dll
0x00007ff880870000 - 0x00007ff880a20000 	C:\WINDOWS\SYSTEM32\WindowsCodecs.dll
0x00007ff865e70000 - 0x00007ff865ece000 	C:\WINDOWS\system32\dataexchange.dll
0x00007ff87c460000 - 0x00007ff87c6ce000 	C:\WINDOWS\system32\twinapi.appcore.dll
0x00007ff883930000 - 0x00007ff883a23000 	C:\WINDOWS\SYSTEM32\DNSAPI.dll
0x00007ff8838c0000 - 0x00007ff8838ed000 	C:\WINDOWS\SYSTEM32\IPHLPAPI.DLL
0x00007ff885880000 - 0x00007ff885889000 	C:\WINDOWS\System32\NSI.dll
0x00007ff876060000 - 0x00007ff87606a000 	C:\Windows\System32\rasadhlp.dll
0x00007ff87b430000 - 0x00007ff87b4b4000 	C:\WINDOWS\System32\fwpuclnt.dll
0x00007ff86e430000 - 0x00007ff86e437000 	C:\Program Files\Java\jdk-20\bin\extnet.dll
0x00007ff884510000 - 0x00007ff88452b000 	C:\WINDOWS\SYSTEM32\CRYPTSP.dll
0x00007ff883d70000 - 0x00007ff883da5000 	C:\WINDOWS\system32\rsaenh.dll
0x00007ff8843b0000 - 0x00007ff8843dc000 	C:\WINDOWS\SYSTEM32\USERENV.dll
0x00007ff8846d0000 - 0x00007ff8846f8000 	C:\WINDOWS\SYSTEM32\bcrypt.dll
0x00007ff87e9f0000 - 0x00007ff87ea09000 	C:\WINDOWS\SYSTEM32\dhcpcsvc6.DLL
0x00007ff87cb60000 - 0x00007ff87cb7f000 	C:\WINDOWS\SYSTEM32\dhcpcsvc.DLL
0x00007ff881bb0000 - 0x00007ff881bbe000 	C:\Program Files\Java\jdk-20\bin\sunmscapi.dll
0x00007ff8854d0000 - 0x00007ff885637000 	C:\WINDOWS\System32\CRYPT32.dll
0x00007ff8846a0000 - 0x00007ff8846ce000 	C:\WINDOWS\SYSTEM32\ncrypt.dll
0x00007ff884660000 - 0x00007ff884697000 	C:\WINDOWS\SYSTEM32\NTASN1.dll

dbghelp: loaded successfully - version: 4.0.5 - missing functions: none
symbol engine: initialized successfully - sym options: 0x614 - pdb path: .;C:\Program Files\Java\jdk-20\bin;C:\WINDOWS\SYSTEM32;C:\WINDOWS\WinSxS\amd64_microsoft.windows.common-controls_6595b64144ccf1df_6.0.22621.1635_none_270f70857386168e;C:\Program Files\Java\jdk-20\bin\server;C:\WINDOWS\System32\DriverStore\FileRepository\u0372698.inf_amd64_2366d501a5d0e392\B370279

VM Arguments:
jvm_args: -Dfile.encoding=UTF-8 --module-path=C:\Users\HP\Documents\NetBeansProjects\project\build\classes 
java_command: project.Splash
java_class_path (initial): C:\Users\HP\Documents\NetBeansProjects\project\lib\mysql-connector-j-8.0.32.zip;C:\Users\HP\Documents\NetBeansProjects\project\lib\mysql-connector-j-8.0.32.jar;C:\Users\HP\Documents\NetBeansProjects\project\build\classes
Launcher Type: SUN_STANDARD

[Global flags]
     intx CICompilerCount                          = 3                                         {product} {ergonomic}
     uint ConcGCThreads                            = 1                                         {product} {ergonomic}
     uint G1ConcRefinementThreads                  = 4                                         {product} {ergonomic}
   size_t G1HeapRegionSize                         = 1048576                                   {product} {ergonomic}
    uintx GCDrainStackTargetSize                   = 64                                        {product} {ergonomic}
   size_t InitialHeapSize                          = 58720256                                  {product} {ergonomic}
   size_t MarkStackSize                            = 4194304                                   {product} {ergonomic}
   size_t MaxHeapSize                              = 926941184                                 {product} {ergonomic}
   size_t MaxNewSize                               = 555745280                                 {product} {ergonomic}
   size_t MinHeapDeltaBytes                        = 1048576                                   {product} {ergonomic}
   size_t MinHeapSize                              = 8388608                                   {product} {ergonomic}
    uintx NonNMethodCodeHeapSize                   = 5832780                                {pd product} {ergonomic}
    uintx NonProfiledCodeHeapSize                  = 122912730                              {pd product} {ergonomic}
    uintx ProfiledCodeHeapSize                     = 122912730                              {pd product} {ergonomic}
    uintx ReservedCodeCacheSize                    = 251658240                              {pd product} {ergonomic}
     bool SegmentedCodeCache                       = true                                      {product} {ergonomic}
   size_t SoftMaxHeapSize                          = 926941184                              {manageable} {ergonomic}
     bool UseCompressedClassPointers               = true                           {product lp64_product} {ergonomic}
     bool UseCompressedOops                        = true                           {product lp64_product} {ergonomic}
     bool UseG1GC                                  = true                                      {product} {ergonomic}
     bool UseLargePagesIndividualAllocation        = false                                  {pd product} {ergonomic}

Logging:
Log output configuration:
 #0: stdout all=warning uptime,level,tags foldmultilines=false
 #1: stderr all=off uptime,level,tags foldmultilines=false

Environment Variables:
JAVA_HOME=C:\Program Files\Java\jdk-20
PATH=C:\Program Files\Common Files\Oracle\Java\javapath;C:\Python311\Scripts\;C:\Python311\;C:\WINDOWS\system32;C:\WINDOWS;C:\WINDOWS\System32\Wbem;C:\WINDOWS\System32\WindowsPowerShell\v1.0\;C:\WINDOWS\System32\OpenSSH\;C:\ProgramData\chocolatey\bin;C:\Program Files\MySQL\MySQL Server 8.0\bin;C:\Program Files\Java\jdk-20\bin;C:\Program Files\Common Files\Oracle\Java\javapath;C:\Program Files\MySQL\MySQL Shell 8.0\bin\;C:\Users\HP\AppData\Local\Programs\Python\Python310\Scripts\;C:\Users\HP\AppData\Local\Programs\Python\Python310\;C:\Users\HP\AppData\Local\Microsoft\WindowsApps;C:\Users\HP\AppData\Local\Programs\Microsoft VS Code\bin;C:\MinGW\bin;C:\kotlinc\bin;C:\Users\HP\AppData\Local\Programs\MiKTeX\miktex\bin\x64\;C:\Program Files\Java\jdk-20\bin;
USERNAME=harry sahani
OS=Windows_NT
PROCESSOR_IDENTIFIER=AMD64 Family 23 Model 24 Stepping 1, AuthenticAMD
TMP=C:\Users\HP\AppData\Local\Temp
TEMP=C:\Users\HP\AppData\Local\Temp




---------------  S Y S T E M  ---------------

OS:
 Windows 11 , 64 bit Build 22621 (10.0.22621.1928)
OS uptime: 1 days 5:03 hours
Hyper-V role detected

CPU: total 4 (initial active 4) (4 cores per cpu, 1 threads per core) family 23 model 24 stepping 1 microcode 0x0, cx8, cmov, fxsr, mmx, 3dnowpref, sse, sse2, sse3, ssse3, sse4a, sse4.1, sse4.2, popcnt, lzcnt, tsc, tscinvbit, avx, avx2, aes, clmul, bmi1, bmi2, adx, sha, fma, vzeroupper, clflush, clflushopt, hv, rdtscp, f16c

Memory: 4k page, system-wide physical 3530M (303M free)
TotalPageFile size 9530M (AvailPageFile size 41M)
current process WorkingSet (physical memory assigned to process): 353M, peak: 393M
current process commit charge ("private bytes"): 605M, peak: 703M

vm_info: Java HotSpot(TM) 64-Bit Server VM (20.0.1+9-29) for windows-amd64 JRE (20.0.1+9-29), built on 2023-03-07T13:56:11Z by "mach5one" with MS VC++ 17.1 (VS2022)

END.
