#
# There is insufficient memory for the Java Runtime Environment to continue.
# Native memory allocation (mmap) failed to map 65536 bytes for Failed to commit metaspace.
# Possible reasons:
#   The system is out of physical RAM or swap space
#   The process is running with CompressedOops enabled, and the Java Heap may be blocking the growth of the native heap
# Possible solutions:
#   Reduce memory load on the system
#   Increase physical memory or swap space
#   Check if swap backing store is full
#   Decrease Java heap size (-Xmx/-Xms)
#   Decrease number of Java threads
#   Decrease Java thread stack sizes (-Xss)
#   Set larger code cache with -XX:ReservedCodeCacheSize=
#   JVM is running with Unscaled Compressed Oops mode in which the Java heap is
#     placed in the first 4GB address space. The Java Heap base address is the
#     maximum limit for the native heap growth. Please use -XX:HeapBaseMinAddress
#     to set the Java Heap base and to place the Java Heap above 4GB virtual address.
# This output file may be truncated or incomplete.
#
#  Out of Memory Error (virtualSpaceNode.cpp:110), pid=12232, tid=11284
#
# JRE version: Java(TM) SE Runtime Environment (20.0.1+9) (build 20.0.1+9-29)
# Java VM: Java HotSpot(TM) 64-Bit Server VM (20.0.1+9-29, mixed mode, sharing, tiered, compressed oops, compressed class ptrs, g1 gc, windows-amd64)
# No core dump will be written. Minidumps are not enabled by default on client versions of Windows
#

---------------  S U M M A R Y ------------

Command Line: -Dfile.encoding=UTF-8 --module-path=C:\Users\HP\Documents\NetBeansProjects\project\build\classes project.Login

Host: AMD Ryzen 3 3300U with Radeon Vega Mobile Gfx  , 4 cores, 3G,  Windows 11 , 64 bit Build 22621 (10.0.22621.1928)
Time: Tue Aug  8 06:21:12 2023 India Standard Time elapsed time: 0.560954 seconds (0d 0h 0m 0s)

---------------  T H R E A D  ---------------

Current thread (0x000002c35a708d80):  JavaThread "main" [_thread_in_vm, id=11284, stack(0x000000ed47a00000,0x000000ed47b00000)]

Stack: [0x000000ed47a00000,0x000000ed47b00000]
Native frames: (J=compiled Java code, j=interpreted, Vv=VM code, C=native code)
V  [jvm.dll+0x6bb95a]
V  [jvm.dll+0x8485fa]
V  [jvm.dll+0x84a1f5]
V  [jvm.dll+0x84a8f3]
V  [jvm.dll+0x280b0f]
V  [jvm.dll+0x84453b]
V  [jvm.dll+0x65fd86]
V  [jvm.dll+0x65fdea]
V  [jvm.dll+0x6626c3]
V  [jvm.dll+0x66258e]
V  [jvm.dll+0x66079e]
V  [jvm.dll+0x26da71]
V  [jvm.dll+0x21bea7]
V  [jvm.dll+0x211780]
V  [jvm.dll+0x59c26c]
V  [jvm.dll+0x222d6a]
V  [jvm.dll+0x7c2cb4]
V  [jvm.dll+0x7c3dff]
V  [jvm.dll+0x7c43af]
V  [jvm.dll+0x7c4058]
V  [jvm.dll+0x27024b]
V  [jvm.dll+0x27046f]
V  [jvm.dll+0x5bdc98]
V  [jvm.dll+0x5c0bf7]
V  [jvm.dll+0x3dc020]
V  [jvm.dll+0x3db65f]
C  0x000002c36b4fe760

Java frames: (J=compiled Java code, j=interpreted, Vv=VM code)
j  jdk.internal.reflect.MethodHandleAccessorFactory.newFieldAccessor(Ljava/lang/reflect/Field;Z)Ljdk/internal/reflect/FieldAccessorImpl;+170 java.base@20.0.1
j  jdk.internal.reflect.ReflectionFactory.newFieldAccessor(Ljava/lang/reflect/Field;Z)Ljdk/internal/reflect/FieldAccessor;+82 java.base@20.0.1
j  java.lang.reflect.Field.acquireFieldAccessor()Ljdk/internal/reflect/FieldAccessor;+35 java.base@20.0.1
j  java.lang.reflect.Field.getFieldAccessor()Ljdk/internal/reflect/FieldAccessor;+14 java.base@20.0.1
j  java.lang.reflect.Field.getInt(Ljava/lang/Object;)I+18 java.base@20.0.1
j  java.awt.AWTKeyStroke.getVKValue(Ljava/lang/String;)I+28 java.desktop@20.0.1
j  java.awt.AWTKeyStroke.getAWTKeyStroke(Ljava/lang/String;)Ljava/awt/AWTKeyStroke;+339 java.desktop@20.0.1
j  javax.swing.KeyStroke.getKeyStroke(Ljava/lang/String;)Ljavax/swing/KeyStroke;+19 java.desktop@20.0.1
j  javax.swing.LookAndFeel.loadKeyBindings(Ljavax/swing/InputMap;[Ljava/lang/Object;)V+43 java.desktop@20.0.1
j  javax.swing.LookAndFeel.makeInputMap([Ljava/lang/Object;)Ljavax/swing/InputMap;+10 java.desktop@20.0.1
j  javax.swing.UIDefaults$LazyInputMap.createValue(Ljavax/swing/UIDefaults;)Ljava/lang/Object;+11 java.desktop@20.0.1
j  javax.swing.UIDefaults.getFromHashtable(Ljava/lang/Object;)Ljava/lang/Object;+126 java.desktop@20.0.1
j  javax.swing.UIDefaults.get(Ljava/lang/Object;Ljava/util/Locale;)Ljava/lang/Object;+2 java.desktop@20.0.1
j  javax.swing.MultiUIDefaults.get(Ljava/lang/Object;Ljava/util/Locale;)Ljava/lang/Object;+50 java.desktop@20.0.1
j  javax.swing.UIManager.get(Ljava/lang/Object;Ljava/util/Locale;)Ljava/lang/Object;+5 java.desktop@20.0.1
j  sun.swing.DefaultLookup.get(Ljavax/swing/JComponent;Ljavax/swing/plaf/ComponentUI;Ljava/lang/String;)Ljava/lang/Object;+33 java.desktop@20.0.1
j  javax.swing.plaf.basic.BasicRootPaneUI.getInputMap(ILjavax/swing/JComponent;)Ljavax/swing/InputMap;+9 java.desktop@20.0.1
j  javax.swing.plaf.basic.BasicRootPaneUI.installKeyboardActions(Ljavax/swing/JRootPane;)V+16 java.desktop@20.0.1
j  javax.swing.plaf.basic.BasicRootPaneUI.installUI(Ljavax/swing/JComponent;)V+29 java.desktop@20.0.1
j  javax.swing.plaf.metal.MetalRootPaneUI.installUI(Ljavax/swing/JComponent;)V+2 java.desktop@20.0.1
j  javax.swing.JComponent.setUI(Ljavax/swing/plaf/ComponentUI;)V+52 java.desktop@20.0.1
j  javax.swing.JRootPane.setUI(Ljavax/swing/plaf/RootPaneUI;)V+2 java.desktop@20.0.1
j  javax.swing.JRootPane.updateUI()V+8 java.desktop@20.0.1
j  javax.swing.JRootPane.<init>()V+47 java.desktop@20.0.1
j  javax.swing.JFrame.createRootPane()Ljavax/swing/JRootPane;+4 java.desktop@20.0.1
j  javax.swing.JFrame.frameInit()V+16 java.desktop@20.0.1
j  javax.swing.JFrame.<init>()V+20 java.desktop@20.0.1
j  project.Login.<init>()V+1
j  project.Login.main([Ljava/lang/String;)V+4
v  ~StubRoutines::call_stub 0x000002c36b4d100d

---------------  P R O C E S S  ---------------

Threads class SMR info:
_java_thread_list=0x000002c37b4614b0, length=14, elements={
0x000002c35a708d80, 0x000002c376e95610, 0x000002c376e962f0, 0x000002c376e99a60,
0x000002c376e9e7c0, 0x000002c376e9f2a0, 0x000002c376ea7d90, 0x000002c376ecd420,
0x000002c376ecdda0, 0x000002c376e653f0, 0x000002c37b259340, 0x000002c37b469cc0,
0x000002c37b46ccd0, 0x000002c37b471320
}

Java Threads: ( => current thread )
=>0x000002c35a708d80 JavaThread "main" [_thread_in_vm, id=11284, stack(0x000000ed47a00000,0x000000ed47b00000)]
  0x000002c376e95610 JavaThread "Reference Handler" daemon [_thread_blocked, id=3600, stack(0x000000ed48100000,0x000000ed48200000)]
  0x000002c376e962f0 JavaThread "Finalizer" daemon [_thread_blocked, id=10632, stack(0x000000ed48200000,0x000000ed48300000)]
  0x000002c376e99a60 JavaThread "Signal Dispatcher" daemon [_thread_blocked, id=3468, stack(0x000000ed48300000,0x000000ed48400000)]
  0x000002c376e9e7c0 JavaThread "Attach Listener" daemon [_thread_blocked, id=1928, stack(0x000000ed48400000,0x000000ed48500000)]
  0x000002c376e9f2a0 JavaThread "Service Thread" daemon [_thread_blocked, id=12816, stack(0x000000ed48500000,0x000000ed48600000)]
  0x000002c376ea7d90 JavaThread "Monitor Deflation Thread" daemon [_thread_blocked, id=13980, stack(0x000000ed48600000,0x000000ed48700000)]
  0x000002c376ecd420 JavaThread "C2 CompilerThread0" daemon [_thread_blocked, id=10456, stack(0x000000ed48700000,0x000000ed48800000)]
  0x000002c376ecdda0 JavaThread "C1 CompilerThread0" daemon [_thread_blocked, id=13432, stack(0x000000ed48800000,0x000000ed48900000)]
  0x000002c376e653f0 JavaThread "Common-Cleaner" daemon [_thread_blocked, id=11128, stack(0x000000ed48900000,0x000000ed48a00000)]
  0x000002c37b259340 JavaThread "Notification Thread" daemon [_thread_blocked, id=13860, stack(0x000000ed48a00000,0x000000ed48b00000)]
  0x000002c37b469cc0 JavaThread "Java2D Disposer" daemon [_thread_blocked, id=6876, stack(0x000000ed48c00000,0x000000ed48d00000)]
  0x000002c37b46ccd0 JavaThread "AWT-Shutdown" [_thread_blocked, id=14932, stack(0x000000ed48d00000,0x000000ed48e00000)]
  0x000002c37b471320 JavaThread "AWT-Windows" daemon [_thread_in_native, id=8544, stack(0x000000ed48e00000,0x000000ed48f00000)]

Other Threads:
  0x000002c376e7b340 VMThread "VM Thread" [stack: 0x000000ed48000000,0x000000ed48100000] [id=4544]
  0x000002c37b278bc0 WatcherThread "VM Periodic Task Thread" [stack: 0x000000ed48b00000,0x000000ed48c00000] [id=11824]
  0x000002c35a745d10 WorkerThread "GC Thread#0" [stack: 0x000000ed47b00000,0x000000ed47c00000] [id=2368]
  0x000002c35a74daa0 ConcurrentGCThread "G1 Main Marker" [stack: 0x000000ed47c00000,0x000000ed47d00000] [id=2172]
  0x000002c35a74e7d0 WorkerThread "G1 Conc#0" [stack: 0x000000ed47d00000,0x000000ed47e00000] [id=4484]
  0x000002c35a7c7b30 ConcurrentGCThread "G1 Refine#0" [stack: 0x000000ed47e00000,0x000000ed47f00000] [id=3800]
  0x000002c35a7c85d0 ConcurrentGCThread "G1 Service" [stack: 0x000000ed47f00000,0x000000ed48000000] [id=1280]

Threads with active compile tasks:

VM state: not at safepoint (normal execution)

VM Mutex/Monitor currently owned by a thread:  ([mutex/lock_event])
[0x000002c35a6f4670] Metaspace_lock - owner thread: 0x000002c35a708d80

Heap address: 0x00000000c8c00000, size: 884 MB, Compressed Oops mode: 32-bit

CDS archive(s) mapped at: [0x0000000800000000-0x0000000800c60000-0x0000000800c60000), size 12976128, SharedBaseAddress: 0x0000000800000000, ArchiveRelocationMode: 0.
Compressed class space mapped at: 0x0000000801000000-0x0000000841000000, reserved size: 1073741824
Narrow klass base: 0x0000000800000000, Narrow klass shift: 0, Narrow klass range: 0x100000000

GC Precious Log:
 CardTable entry size: 512
 Card Set container configuration: InlinePtr #cards 5 size 8 Array Of Cards #cards 12 size 40 Howl #buckets 4 coarsen threshold 1843 Howl Bitmap #cards 512 size 80 coarsen threshold 460 Card regions per heap region 1 cards per card region 2048
 CPUs: 4 total, 4 available
 Memory: 3530M
 Large Page Support: Disabled
 NUMA Support: Disabled
 Compressed Oops: Enabled (32-bit)
 Heap Region Size: 1M
 Heap Min Capacity: 8M
 Heap Initial Capacity: 56M
 Heap Max Capacity: 884M
 Pre-touch: Disabled
 Parallel Workers: 4
 Concurrent Workers: 1
 Concurrent Refinement Workers: 4
 Periodic GC: Disabled

Heap:
 garbage-first heap   total 57344K, used 5120K [0x00000000c8c00000, 0x0000000100000000)
  region size 1024K, 6 young (6144K), 0 survivors (0K)
 Metaspace       used 4166K, committed 4288K, reserved 1114112K
  class space    used 445K, committed 512K, reserved 1048576K

Heap Regions: E=young(eden), S=young(survivor), O=old, HS=humongous(starts), HC=humongous(continues), CS=collection set, F=free, OA=open archive, CA=closed archive, TAMS=top-at-mark-start, PB=parsable bottom
|   0|0x00000000c8c00000, 0x00000000c8c00000, 0x00000000c8d00000|  0%| F|  |TAMS 0x00000000c8c00000| PB 0x00000000c8c00000| Untracked 
|   1|0x00000000c8d00000, 0x00000000c8d00000, 0x00000000c8e00000|  0%| F|  |TAMS 0x00000000c8d00000| PB 0x00000000c8d00000| Untracked 
|   2|0x00000000c8e00000, 0x00000000c8e00000, 0x00000000c8f00000|  0%| F|  |TAMS 0x00000000c8e00000| PB 0x00000000c8e00000| Untracked 
|   3|0x00000000c8f00000, 0x00000000c8f00000, 0x00000000c9000000|  0%| F|  |TAMS 0x00000000c8f00000| PB 0x00000000c8f00000| Untracked 
|   4|0x00000000c9000000, 0x00000000c9000000, 0x00000000c9100000|  0%| F|  |TAMS 0x00000000c9000000| PB 0x00000000c9000000| Untracked 
|   5|0x00000000c9100000, 0x00000000c9100000, 0x00000000c9200000|  0%| F|  |TAMS 0x00000000c9100000| PB 0x00000000c9100000| Untracked 
|   6|0x00000000c9200000, 0x00000000c9200000, 0x00000000c9300000|  0%| F|  |TAMS 0x00000000c9200000| PB 0x00000000c9200000| Untracked 
|   7|0x00000000c9300000, 0x00000000c9300000, 0x00000000c9400000|  0%| F|  |TAMS 0x00000000c9300000| PB 0x00000000c9300000| Untracked 
|   8|0x00000000c9400000, 0x00000000c9400000, 0x00000000c9500000|  0%| F|  |TAMS 0x00000000c9400000| PB 0x00000000c9400000| Untracked 
|   9|0x00000000c9500000, 0x00000000c9500000, 0x00000000c9600000|  0%| F|  |TAMS 0x00000000c9500000| PB 0x00000000c9500000| Untracked 
|  10|0x00000000c9600000, 0x00000000c9600000, 0x00000000c9700000|  0%| F|  |TAMS 0x00000000c9600000| PB 0x00000000c9600000| Untracked 
|  11|0x00000000c9700000, 0x00000000c9700000, 0x00000000c9800000|  0%| F|  |TAMS 0x00000000c9700000| PB 0x00000000c9700000| Untracked 
|  12|0x00000000c9800000, 0x00000000c9800000, 0x00000000c9900000|  0%| F|  |TAMS 0x00000000c9800000| PB 0x00000000c9800000| Untracked 
|  13|0x00000000c9900000, 0x00000000c9900000, 0x00000000c9a00000|  0%| F|  |TAMS 0x00000000c9900000| PB 0x00000000c9900000| Untracked 
|  14|0x00000000c9a00000, 0x00000000c9a00000, 0x00000000c9b00000|  0%| F|  |TAMS 0x00000000c9a00000| PB 0x00000000c9a00000| Untracked 
|  15|0x00000000c9b00000, 0x00000000c9b00000, 0x00000000c9c00000|  0%| F|  |TAMS 0x00000000c9b00000| PB 0x00000000c9b00000| Untracked 
|  16|0x00000000c9c00000, 0x00000000c9c00000, 0x00000000c9d00000|  0%| F|  |TAMS 0x00000000c9c00000| PB 0x00000000c9c00000| Untracked 
|  17|0x00000000c9d00000, 0x00000000c9d00000, 0x00000000c9e00000|  0%| F|  |TAMS 0x00000000c9d00000| PB 0x00000000c9d00000| Untracked 
|  18|0x00000000c9e00000, 0x00000000c9e00000, 0x00000000c9f00000|  0%| F|  |TAMS 0x00000000c9e00000| PB 0x00000000c9e00000| Untracked 
|  19|0x00000000c9f00000, 0x00000000c9f00000, 0x00000000ca000000|  0%| F|  |TAMS 0x00000000c9f00000| PB 0x00000000c9f00000| Untracked 
|  20|0x00000000ca000000, 0x00000000ca000000, 0x00000000ca100000|  0%| F|  |TAMS 0x00000000ca000000| PB 0x00000000ca000000| Untracked 
|  21|0x00000000ca100000, 0x00000000ca100000, 0x00000000ca200000|  0%| F|  |TAMS 0x00000000ca100000| PB 0x00000000ca100000| Untracked 
|  22|0x00000000ca200000, 0x00000000ca200000, 0x00000000ca300000|  0%| F|  |TAMS 0x00000000ca200000| PB 0x00000000ca200000| Untracked 
|  23|0x00000000ca300000, 0x00000000ca300000, 0x00000000ca400000|  0%| F|  |TAMS 0x00000000ca300000| PB 0x00000000ca300000| Untracked 
|  24|0x00000000ca400000, 0x00000000ca400000, 0x00000000ca500000|  0%| F|  |TAMS 0x00000000ca400000| PB 0x00000000ca400000| Untracked 
|  25|0x00000000ca500000, 0x00000000ca500000, 0x00000000ca600000|  0%| F|  |TAMS 0x00000000ca500000| PB 0x00000000ca500000| Untracked 
|  26|0x00000000ca600000, 0x00000000ca600000, 0x00000000ca700000|  0%| F|  |TAMS 0x00000000ca600000| PB 0x00000000ca600000| Untracked 
|  27|0x00000000ca700000, 0x00000000ca700000, 0x00000000ca800000|  0%| F|  |TAMS 0x00000000ca700000| PB 0x00000000ca700000| Untracked 
|  28|0x00000000ca800000, 0x00000000ca800000, 0x00000000ca900000|  0%| F|  |TAMS 0x00000000ca800000| PB 0x00000000ca800000| Untracked 
|  29|0x00000000ca900000, 0x00000000ca900000, 0x00000000caa00000|  0%| F|  |TAMS 0x00000000ca900000| PB 0x00000000ca900000| Untracked 
|  30|0x00000000caa00000, 0x00000000caa00000, 0x00000000cab00000|  0%| F|  |TAMS 0x00000000caa00000| PB 0x00000000caa00000| Untracked 
|  31|0x00000000cab00000, 0x00000000cab00000, 0x00000000cac00000|  0%| F|  |TAMS 0x00000000cab00000| PB 0x00000000cab00000| Untracked 
|  32|0x00000000cac00000, 0x00000000cac00000, 0x00000000cad00000|  0%| F|  |TAMS 0x00000000cac00000| PB 0x00000000cac00000| Untracked 
|  33|0x00000000cad00000, 0x00000000cad00000, 0x00000000cae00000|  0%| F|  |TAMS 0x00000000cad00000| PB 0x00000000cad00000| Untracked 
|  34|0x00000000cae00000, 0x00000000cae00000, 0x00000000caf00000|  0%| F|  |TAMS 0x00000000cae00000| PB 0x00000000cae00000| Untracked 
|  35|0x00000000caf00000, 0x00000000caf00000, 0x00000000cb000000|  0%| F|  |TAMS 0x00000000caf00000| PB 0x00000000caf00000| Untracked 
|  36|0x00000000cb000000, 0x00000000cb000000, 0x00000000cb100000|  0%| F|  |TAMS 0x00000000cb000000| PB 0x00000000cb000000| Untracked 
|  37|0x00000000cb100000, 0x00000000cb100000, 0x00000000cb200000|  0%| F|  |TAMS 0x00000000cb100000| PB 0x00000000cb100000| Untracked 
|  38|0x00000000cb200000, 0x00000000cb200000, 0x00000000cb300000|  0%| F|  |TAMS 0x00000000cb200000| PB 0x00000000cb200000| Untracked 
|  39|0x00000000cb300000, 0x00000000cb300000, 0x00000000cb400000|  0%| F|  |TAMS 0x00000000cb300000| PB 0x00000000cb300000| Untracked 
|  40|0x00000000cb400000, 0x00000000cb400000, 0x00000000cb500000|  0%| F|  |TAMS 0x00000000cb400000| PB 0x00000000cb400000| Untracked 
|  41|0x00000000cb500000, 0x00000000cb500000, 0x00000000cb600000|  0%| F|  |TAMS 0x00000000cb500000| PB 0x00000000cb500000| Untracked 
|  42|0x00000000cb600000, 0x00000000cb600000, 0x00000000cb700000|  0%| F|  |TAMS 0x00000000cb600000| PB 0x00000000cb600000| Untracked 
|  43|0x00000000cb700000, 0x00000000cb700000, 0x00000000cb800000|  0%| F|  |TAMS 0x00000000cb700000| PB 0x00000000cb700000| Untracked 
|  44|0x00000000cb800000, 0x00000000cb800000, 0x00000000cb900000|  0%| F|  |TAMS 0x00000000cb800000| PB 0x00000000cb800000| Untracked 
|  45|0x00000000cb900000, 0x00000000cb900000, 0x00000000cba00000|  0%| F|  |TAMS 0x00000000cb900000| PB 0x00000000cb900000| Untracked 
|  46|0x00000000cba00000, 0x00000000cba00000, 0x00000000cbb00000|  0%| F|  |TAMS 0x00000000cba00000| PB 0x00000000cba00000| Untracked 
|  47|0x00000000cbb00000, 0x00000000cbb00000, 0x00000000cbc00000|  0%| F|  |TAMS 0x00000000cbb00000| PB 0x00000000cbb00000| Untracked 
|  48|0x00000000cbc00000, 0x00000000cbc00000, 0x00000000cbd00000|  0%| F|  |TAMS 0x00000000cbc00000| PB 0x00000000cbc00000| Untracked 
|  49|0x00000000cbd00000, 0x00000000cbd00000, 0x00000000cbe00000|  0%| F|  |TAMS 0x00000000cbd00000| PB 0x00000000cbd00000| Untracked 
|  50|0x00000000cbe00000, 0x00000000cbe85a80, 0x00000000cbf00000| 52%| E|  |TAMS 0x00000000cbe00000| PB 0x00000000cbe00000| Complete 
|  51|0x00000000cbf00000, 0x00000000cc000000, 0x00000000cc000000|100%| E|CS|TAMS 0x00000000cbf00000| PB 0x00000000cbf00000| Complete 
|  52|0x00000000cc000000, 0x00000000cc100000, 0x00000000cc100000|100%| E|CS|TAMS 0x00000000cc000000| PB 0x00000000cc000000| Complete 
|  53|0x00000000cc100000, 0x00000000cc200000, 0x00000000cc200000|100%| E|CS|TAMS 0x00000000cc100000| PB 0x00000000cc100000| Complete 
|  54|0x00000000cc200000, 0x00000000cc300000, 0x00000000cc300000|100%| E|CS|TAMS 0x00000000cc200000| PB 0x00000000cc200000| Complete 
|  55|0x00000000cc300000, 0x00000000cc400000, 0x00000000cc400000|100%| E|CS|TAMS 0x00000000cc300000| PB 0x00000000cc300000| Complete 

Card table byte_map: [0x000002c373780000,0x000002c373940000] _byte_map_base: 0x000002c37313a000

Marking Bits: (CMBitMap*) 0x000002c35a746340
 Bits: [0x000002c373b00000, 0x000002c3748d0000)

Polling page: 0x000002c35a7d0000

Metaspace:

Usage:
  Non-class:      3.63 MB used.
      Class:    445.59 KB used.
       Both:      4.07 MB used.

Virtual space:
  Non-class space:       64.00 MB reserved,       3.69 MB (  6%) committed,  1 nodes.
      Class space:        1.00 GB reserved,     512.00 KB ( <1%) committed,  1 nodes.
             Both:        1.06 GB reserved,       4.19 MB ( <1%) committed. 

Chunk freelists:
   Non-Class:  3.89 MB
       Class:  3.50 MB
        Both:  7.39 MB

MaxMetaspaceSize: unlimited
CompressedClassSpaceSize: 1.00 GB
Initial GC threshold: 21.00 MB
Current GC threshold: 21.00 MB
CDS: on
MetaspaceReclaimPolicy: balanced
 - commit_granule_bytes: 65536.
 - commit_granule_words: 8192.
 - virtual_space_node_default_size: 8388608.
 - enlarge_chunks_in_place: 1.
 - new_chunks_are_fully_committed: 0.
 - uncommit_free_chunks: 1.
 - use_allocation_guard: 0.


Internal statistics:

num_allocs_failed_limit: 0.
num_arena_births: 112.
num_arena_deaths: 0.
num_vsnodes_births: 2.
num_vsnodes_deaths: 0.
num_space_committed: 67.
num_space_uncommitted: 0.
num_chunks_returned_to_freelist: 0.
num_chunks_taken_from_freelist: 132.
num_chunk_merges: 0.
num_chunk_splits: 81.
num_chunks_enlarged: 34.
num_inconsistent_stats: 0.

CodeHeap 'non-profiled nmethods': size=120000Kb used=162Kb max_used=162Kb free=119837Kb
 bounds [0x000002c36ba70000, 0x000002c36bce0000, 0x000002c372fa0000]
CodeHeap 'profiled nmethods': size=120000Kb used=744Kb max_used=744Kb free=119255Kb
 bounds [0x000002c363fa0000, 0x000002c364210000, 0x000002c36b4d0000]
CodeHeap 'non-nmethods': size=5760Kb used=1473Kb max_used=1488Kb free=4286Kb
 bounds [0x000002c36b4d0000, 0x000002c36b740000, 0x000002c36ba70000]
 total_blobs=1050 nmethods=544 adapters=417
 compilation: enabled
              stopped_count=0, restarted_count=0
 full_count=0

Compilation events (20 events):
Event: 0.534 Thread 0x000002c376ecdda0 nmethod 534 0x000002c364056f10 code [0x000002c3640570a0, 0x000002c3640572a0]
Event: 0.534 Thread 0x000002c376ecdda0  535       3       java.lang.invoke.Invokers::checkCustomized (23 bytes)
Event: 0.534 Thread 0x000002c376ecd420  536       4       java.util.HashMap::hash (20 bytes)
Event: 0.535 Thread 0x000002c376ecdda0 nmethod 535 0x000002c364057390 code [0x000002c364057520, 0x000002c3640576e0]
Event: 0.536 Thread 0x000002c376ecd420 nmethod 536 0x000002c36ba97410 code [0x000002c36ba97580, 0x000002c36ba97670]
Event: 0.542 Thread 0x000002c376ecdda0  537       3       java.lang.String::endsWith (15 bytes)
Event: 0.542 Thread 0x000002c376ecdda0 nmethod 537 0x000002c364057810 code [0x000002c3640579c0, 0x000002c364057cf8]
Event: 0.542 Thread 0x000002c376ecdda0  538       3       sun.util.ResourceBundleEnumeration::hasMoreElements (117 bytes)
Event: 0.543 Thread 0x000002c376ecdda0 nmethod 538 0x000002c364057e90 code [0x000002c3640580a0, 0x000002c364058b48]
Event: 0.544 Thread 0x000002c376ecd420  539       4       java.lang.StringLatin1::replace (198 bytes)
Event: 0.544 Thread 0x000002c376ecdda0  540       3       jdk.internal.access.SharedSecrets::getJavaLangAccess (4 bytes)
Event: 0.544 Thread 0x000002c376ecdda0 nmethod 540 0x000002c364058d90 code [0x000002c364058f20, 0x000002c364059018]
Event: 0.550 Thread 0x000002c376ecdda0  541       3       java.lang.ref.Reference::<init> (7 bytes)
Event: 0.550 Thread 0x000002c376ecdda0 nmethod 541 0x000002c364059090 code [0x000002c364059240, 0x000002c3640594f0]
Event: 0.552 Thread 0x000002c376ecdda0  542       3       java.lang.Integer::numberOfLeadingZeros (79 bytes)
Event: 0.552 Thread 0x000002c376ecdda0 nmethod 542 0x000002c364059610 code [0x000002c3640597a0, 0x000002c364059a88]
Event: 0.553 Thread 0x000002c376ecdda0  544       3       java.lang.StringConcatHelper::mix (27 bytes)
Event: 0.553 Thread 0x000002c376ecdda0 nmethod 544 0x000002c364059b10 code [0x000002c364059ce0, 0x000002c36405a0d8]
Event: 0.554 Thread 0x000002c376ecdda0  545       1       java.lang.reflect.Field::getName (5 bytes)
Event: 0.554 Thread 0x000002c376ecdda0 nmethod 545 0x000002c36ba97d90 code [0x000002c36ba97f00, 0x000002c36ba97fc8]

GC Heap History (0 events):
No events

Dll operation events (7 events):
Event: 0.013 Loaded shared library C:\Program Files\Java\jdk-20\bin\java.dll
Event: 0.033 Loaded shared library C:\Program Files\Java\jdk-20\bin\jsvml.dll
Event: 0.128 Loaded shared library C:\Program Files\Java\jdk-20\bin\net.dll
Event: 0.132 Loaded shared library C:\Program Files\Java\jdk-20\bin\nio.dll
Event: 0.181 Loaded shared library C:\Program Files\Java\jdk-20\bin\zip.dll
Event: 0.201 Loaded shared library C:\Program Files\Java\jdk-20\bin\jimage.dll
Event: 0.229 Loaded shared library C:\Program Files\Java\jdk-20\bin\awt.dll

Deoptimization events (4 events):
Event: 0.468 Thread 0x000002c35a708d80 Uncommon trap: trap_request=0xffffff45 fr.pc=0x000002c36ba7f8b4 relative=0x0000000000000934
Event: 0.468 Thread 0x000002c35a708d80 Uncommon trap: reason=unstable_if action=reinterpret pc=0x000002c36ba7f8b4 method=java.util.HashMap.putVal(ILjava/lang/Object;Ljava/lang/Object;ZZ)Ljava/lang/Object; @ 236 c2
Event: 0.468 Thread 0x000002c35a708d80 DEOPT PACKING pc=0x000002c36ba7f8b4 sp=0x000000ed47afdcc0
Event: 0.468 Thread 0x000002c35a708d80 DEOPT UNPACKING pc=0x000002c36b539d22 sp=0x000000ed47afdc68 mode 2

Classes loaded (20 events):
Event: 0.551 Loading class javax/swing/InputMap
Event: 0.551 Loading class javax/swing/InputMap done
Event: 0.551 Loading class javax/swing/ComponentInputMap done
Event: 0.551 Loading class javax/swing/plaf/ComponentInputMapUIResource done
Event: 0.551 Loading class javax/swing/plaf/basic/BasicRootPaneUI$RootPaneInputMap done
Event: 0.551 Loading class javax/swing/plaf/InputMapUIResource
Event: 0.551 Loading class javax/swing/plaf/InputMapUIResource done
Event: 0.552 Loading class java/util/StringTokenizer
Event: 0.552 Loading class java/util/StringTokenizer done
Event: 0.553 Loading class java/awt/VKCollection
Event: 0.553 Loading class java/awt/VKCollection done
Event: 0.553 Loading class java/awt/event/KeyEvent
Event: 0.554 Loading class java/awt/event/KeyEvent done
Event: 0.555 Loading class java/awt/event/KeyEvent$1
Event: 0.555 Loading class sun/awt/AWTAccessor$KeyEventAccessor
Event: 0.555 Loading class sun/awt/AWTAccessor$KeyEventAccessor done
Event: 0.555 Loading class java/awt/event/KeyEvent$1 done
Event: 0.556 Loading class java/lang/invoke/DirectMethodHandle$StaticAccessor
Event: 0.556 Loading class java/lang/invoke/DirectMethodHandle$StaticAccessor done
Event: 0.556 Loading class jdk/internal/reflect/MethodHandleIntegerFieldAccessorImpl

Classes unloaded (0 events):
No events

Classes redefined (0 events):
No events

Internal exceptions (11 events):
Event: 0.134 Thread 0x000002c35a708d80 Exception <a 'sun/nio/fs/WindowsException'{0x00000000cc23f728}> (0x00000000cc23f728) 
thrown [s\open\src\hotspot\share\prims\jni.cpp, line 519]
Event: 0.137 Thread 0x000002c35a708d80 Exception <a 'sun/nio/fs/WindowsException'{0x00000000cc241a18}> (0x00000000cc241a18) 
thrown [s\open\src\hotspot\share\prims\jni.cpp, line 519]
Event: 0.137 Thread 0x000002c35a708d80 Exception <a 'sun/nio/fs/WindowsException'{0x00000000cc242460}> (0x00000000cc242460) 
thrown [s\open\src\hotspot\share\prims\jni.cpp, line 519]
Event: 0.210 Thread 0x000002c35a708d80 Exception <a 'java/lang/ClassNotFoundException'{0x00000000cc165aa8}: sun/awt/resources/spi/awtProvider> (0x00000000cc165aa8) 
thrown [s\open\src\hotspot\share\classfile\systemDictionary.cpp, line 305]
Event: 0.254 Thread 0x000002c35a708d80 Exception <a 'java/io/FileNotFoundException'{0x00000000cc1bc2d8}> (0x00000000cc1bc2d8) 
thrown [s\open\src\hotspot\share\prims\jni.cpp, line 519]
Event: 0.268 Thread 0x000002c35a708d80 Exception <a 'java/io/FileNotFoundException'{0x00000000cc004240}> (0x00000000cc004240) 
thrown [s\open\src\hotspot\share\prims\jni.cpp, line 519]
Event: 0.472 Thread 0x000002c35a708d80 Exception <a 'java/lang/NoSuchMethodError'{0x00000000cbf142e0}: 'void java.lang.invoke.DirectMethodHandle$Holder.invokeSpecial(java.lang.Object, java.lang.Object, java.lang.Object)'> (0x00000000cbf142e0) 
thrown [s\open\src\hotspot\share\interpreter\linkResolver.cpp, line 773]
Event: 0.487 Thread 0x000002c35a708d80 Exception <a 'java/lang/NoSuchMethodError'{0x00000000cbf3eaa8}: 'java.lang.Object java.lang.invoke.DirectMethodHandle$Holder.newInvokeSpecial(java.lang.Object, java.lang.Object, java.lang.Object, java.lang.Object, java.lang.Object)'> (0x00000000cbf3eaa8) 
thrown [s\open\src\hotspot\share\interpreter\linkResolver.cpp, line 773]
Event: 0.497 Thread 0x000002c35a708d80 Exception <a 'java/lang/NoSuchMethodError'{0x00000000cbf6f598}: 'java.lang.Object java.lang.invoke.DirectMethodHandle$Holder.invokeStatic(java.lang.Object, int, java.lang.Object)'> (0x00000000cbf6f598) 
thrown [s\open\src\hotspot\share\interpreter\linkResolver.cpp, line 773]
Event: 0.539 Thread 0x000002c35a708d80 Exception <a 'java/lang/ClassNotFoundException'{0x00000000cbe2ae70}: com/sun/swing/internal/plaf/metal/resources/spi/metalProvider> (0x00000000cbe2ae70) 
thrown [s\open\src\hotspot\share\classfile\systemDictionary.cpp, line 305]
Event: 0.541 Thread 0x000002c35a708d80 Exception <a 'java/lang/ClassNotFoundException'{0x00000000cbe2ee20}: com/sun/swing/internal/plaf/basic/resources/spi/basicProvider> (0x00000000cbe2ee20) 
thrown [s\open\src\hotspot\share\classfile\systemDictionary.cpp, line 305]

VM Operations (4 events):
Event: 0.139 Executing VM operation: HandshakeAllThreads
Event: 0.139 Executing VM operation: HandshakeAllThreads done
Event: 0.282 Executing VM operation: HandshakeAllThreads
Event: 0.282 Executing VM operation: HandshakeAllThreads done

Events (14 events):
Event: 0.033 Thread 0x000002c35a708d80 Thread added: 0x000002c35a708d80
Event: 0.061 Thread 0x000002c376e95610 Thread added: 0x000002c376e95610
Event: 0.061 Thread 0x000002c376e962f0 Thread added: 0x000002c376e962f0
Event: 0.062 Thread 0x000002c376e99a60 Thread added: 0x000002c376e99a60
Event: 0.062 Thread 0x000002c376e9e7c0 Thread added: 0x000002c376e9e7c0
Event: 0.062 Thread 0x000002c376e9f2a0 Thread added: 0x000002c376e9f2a0
Event: 0.062 Thread 0x000002c376ea7d90 Thread added: 0x000002c376ea7d90
Event: 0.062 Thread 0x000002c376ecd420 Thread added: 0x000002c376ecd420
Event: 0.062 Thread 0x000002c376ecdda0 Thread added: 0x000002c376ecdda0
Event: 0.106 Thread 0x000002c376e653f0 Thread added: 0x000002c376e653f0
Event: 0.160 Thread 0x000002c37b259340 Thread added: 0x000002c37b259340
Event: 0.341 Thread 0x000002c37b469cc0 Thread added: 0x000002c37b469cc0
Event: 0.344 Thread 0x000002c37b46ccd0 Thread added: 0x000002c37b46ccd0
Event: 0.348 Thread 0x000002c37b471320 Thread added: 0x000002c37b471320


Dynamic libraries:
0x00007ff61df00000 - 0x00007ff61df10000 	C:\Program Files\Java\jdk-20\bin\java.exe
0x00007ffa159b0000 - 0x00007ffa15bc4000 	C:\WINDOWS\SYSTEM32\ntdll.dll
0x00007ffa139a0000 - 0x00007ffa13a62000 	C:\WINDOWS\System32\KERNEL32.DLL
0x00007ffa12f70000 - 0x00007ffa13313000 	C:\WINDOWS\System32\KERNELBASE.dll
0x00007ffa13320000 - 0x00007ffa13431000 	C:\WINDOWS\System32\ucrtbase.dll
0x00007ffa0cd30000 - 0x00007ffa0cd49000 	C:\Program Files\Java\jdk-20\bin\jli.dll
0x00007ffa13840000 - 0x00007ffa138ee000 	C:\WINDOWS\System32\ADVAPI32.dll
0x00007ffa13790000 - 0x00007ffa13837000 	C:\WINDOWS\System32\msvcrt.dll
0x00007ffa0cd60000 - 0x00007ffa0cd7b000 	C:\Program Files\Java\jdk-20\bin\VCRUNTIME140.dll
0x00007ffa15320000 - 0x00007ffa153c4000 	C:\WINDOWS\System32\sechost.dll
0x00007ffa144e0000 - 0x00007ffa145f7000 	C:\WINDOWS\System32\RPCRT4.dll
0x00007ffa14b00000 - 0x00007ffa14caa000 	C:\WINDOWS\System32\USER32.dll
0x00007ff9faf50000 - 0x00007ff9fb1de000 	C:\WINDOWS\WinSxS\amd64_microsoft.windows.common-controls_6595b64144ccf1df_6.0.22621.1635_none_270f70857386168e\COMCTL32.dll
0x00007ffa13580000 - 0x00007ffa135a6000 	C:\WINDOWS\System32\win32u.dll
0x00007ffa15430000 - 0x00007ffa15459000 	C:\WINDOWS\System32\GDI32.dll
0x00007ffa12e50000 - 0x00007ffa12f69000 	C:\WINDOWS\System32\gdi32full.dll
0x00007ffa12db0000 - 0x00007ffa12e4a000 	C:\WINDOWS\System32\msvcp_win.dll
0x00007ffa0cd90000 - 0x00007ffa0cd9a000 	C:\WINDOWS\SYSTEM32\VERSION.dll
0x00007ffa13960000 - 0x00007ffa13991000 	C:\WINDOWS\System32\IMM32.DLL
0x00007ffa0cd50000 - 0x00007ffa0cd5c000 	C:\Program Files\Java\jdk-20\bin\vcruntime140_1.dll
0x00007ff9e61c0000 - 0x00007ff9e624e000 	C:\Program Files\Java\jdk-20\bin\msvcp140.dll
0x00007ff9b1990000 - 0x00007ff9b2627000 	C:\Program Files\Java\jdk-20\bin\server\jvm.dll
0x00007ffa0cd80000 - 0x00007ffa0cd89000 	C:\WINDOWS\SYSTEM32\WSOCK32.dll
0x00007ffa158e0000 - 0x00007ffa15951000 	C:\WINDOWS\System32\WS2_32.dll
0x00007ffa0b3a0000 - 0x00007ffa0b3d4000 	C:\WINDOWS\SYSTEM32\WINMM.dll
0x00007ffa11df0000 - 0x00007ffa11e08000 	C:\WINDOWS\SYSTEM32\kernel.appcore.dll
0x00007ffa005b0000 - 0x00007ffa005ba000 	C:\Program Files\Java\jdk-20\bin\jimage.dll
0x00007ff9f6e40000 - 0x00007ff9f706e000 	C:\WINDOWS\SYSTEM32\DBGHELP.DLL
0x00007ffa14600000 - 0x00007ffa14989000 	C:\WINDOWS\System32\combase.dll
0x00007ffa150b0000 - 0x00007ffa15187000 	C:\WINDOWS\System32\OLEAUT32.dll
0x00007ff9f6bf0000 - 0x00007ff9f6c22000 	C:\WINDOWS\SYSTEM32\dbgcore.DLL
0x00007ffa13500000 - 0x00007ffa1357a000 	C:\WINDOWS\System32\bcryptPrimitives.dll
0x00007ffa006c0000 - 0x00007ffa006e6000 	C:\Program Files\Java\jdk-20\bin\java.dll
0x00007ff9e6250000 - 0x00007ff9e6327000 	C:\Program Files\Java\jdk-20\bin\jsvml.dll
0x00007ffa13c30000 - 0x00007ffa14429000 	C:\WINDOWS\System32\SHELL32.dll
0x00007ffa10d50000 - 0x00007ffa1161e000 	C:\WINDOWS\SYSTEM32\windows.storage.dll
0x00007ffa10c10000 - 0x00007ffa10d4e000 	C:\WINDOWS\SYSTEM32\wintypes.dll
0x00007ffa14e50000 - 0x00007ffa14f41000 	C:\WINDOWS\System32\SHCORE.dll
0x00007ffa15050000 - 0x00007ffa150ae000 	C:\WINDOWS\System32\shlwapi.dll
0x00007ffa12ce0000 - 0x00007ffa12d06000 	C:\WINDOWS\SYSTEM32\profapi.dll
0x00007ffa002f0000 - 0x00007ffa00303000 	C:\Program Files\Java\jdk-20\bin\net.dll
0x00007ffa0a0a0000 - 0x00007ffa0a1d7000 	C:\WINDOWS\SYSTEM32\WINHTTP.dll
0x00007ffa12270000 - 0x00007ffa122d9000 	C:\WINDOWS\system32\mswsock.dll
0x00007ff9ff4f0000 - 0x00007ff9ff506000 	C:\Program Files\Java\jdk-20\bin\nio.dll
0x00007ff9ff4d0000 - 0x00007ff9ff4e8000 	C:\Program Files\Java\jdk-20\bin\zip.dll
0x00007ff9b36f0000 - 0x00007ff9b3881000 	C:\Program Files\Java\jdk-20\bin\awt.dll
0x00007ffa10190000 - 0x00007ffa10227000 	C:\WINDOWS\SYSTEM32\apphelp.dll
0x00007ffa10790000 - 0x00007ffa107bb000 	C:\WINDOWS\system32\DWMAPI.DLL
0x00007ffa10360000 - 0x00007ffa1040b000 	C:\WINDOWS\system32\uxtheme.dll
0x00007ff9da350000 - 0x00007ff9da450000 	C:\WINDOWS\system32\opengl32.dll
0x00007ff9e5b10000 - 0x00007ff9e5b3d000 	C:\WINDOWS\SYSTEM32\GLU32.dll
0x00007ffa10460000 - 0x00007ffa10498000 	C:\WINDOWS\SYSTEM32\dxcore.dll
0x00007ffa149d0000 - 0x00007ffa14af7000 	C:\WINDOWS\System32\MSCTF.dll
0x00007ffa14cb0000 - 0x00007ffa14e4c000 	C:\WINDOWS\System32\ole32.dll
0x00007ff9b9350000 - 0x00007ff9b94f9000 	C:\WINDOWS\system32\d3d9.dll
0x00007ffa09570000 - 0x00007ffa0974b000 	C:\WINDOWS\System32\DriverStore\FileRepository\u0372698.inf_amd64_2366d501a5d0e392\B370279\aticfx64.dll
0x00007ffa0c820000 - 0x00007ffa0c853000 	C:\WINDOWS\System32\DriverStore\FileRepository\u0372698.inf_amd64_2366d501a5d0e392\B370279\atiu9p64.dll
0x00007ff9d6360000 - 0x00007ff9d70ba000 	C:\WINDOWS\System32\DriverStore\FileRepository\u0372698.inf_amd64_2366d501a5d0e392\B370279\atiumd64.dll
0x0000000061c50000 - 0x0000000062b1b000 	C:\WINDOWS\System32\DriverStore\FileRepository\u0372698.inf_amd64_2366d501a5d0e392\B370279\atiumd6a.dll
0x00007ffa12c80000 - 0x00007ffa12ccd000 	C:\WINDOWS\SYSTEM32\POWRPROF.dll
0x00007ffa12bb0000 - 0x00007ffa12bc3000 	C:\WINDOWS\SYSTEM32\UMPDC.dll
0x00007ffa099e0000 - 0x00007ffa09a10000 	C:\WINDOWS\SYSTEM32\amdihk64.dll
0x00007ffa0ced0000 - 0x00007ffa0cf18000 	C:\WINDOWS\SYSTEM32\directxdatabasehelper.dll

dbghelp: loaded successfully - version: 4.0.5 - missing functions: none
symbol engine: initialized successfully - sym options: 0x614 - pdb path: .;C:\Program Files\Java\jdk-20\bin;C:\WINDOWS\SYSTEM32;C:\WINDOWS\WinSxS\amd64_microsoft.windows.common-controls_6595b64144ccf1df_6.0.22621.1635_none_270f70857386168e;C:\Program Files\Java\jdk-20\bin\server;C:\WINDOWS\System32\DriverStore\FileRepository\u0372698.inf_amd64_2366d501a5d0e392\B370279

VM Arguments:
jvm_args: -Dfile.encoding=UTF-8 --module-path=C:\Users\HP\Documents\NetBeansProjects\project\build\classes 
java_command: project.Login
java_class_path (initial): C:\Users\HP\Documents\NetBeansProjects\project\lib\mysql-connector-j-8.0.32.zip;C:\Users\HP\Documents\NetBeansProjects\project\lib\mysql-connector-j-8.0.32.jar;C:\Users\HP\Documents\NetBeansProjects\project\build\classes
Launcher Type: SUN_STANDARD

[Global flags]
     intx CICompilerCount                          = 3                                         {product} {ergonomic}
     uint ConcGCThreads                            = 1                                         {product} {ergonomic}
     uint G1ConcRefinementThreads                  = 4                                         {product} {ergonomic}
   size_t G1HeapRegionSize                         = 1048576                                   {product} {ergonomic}
    uintx GCDrainStackTargetSize                   = 64                                        {product} {ergonomic}
   size_t InitialHeapSize                          = 58720256                                  {product} {ergonomic}
   size_t MarkStackSize                            = 4194304                                   {product} {ergonomic}
   size_t MaxHeapSize                              = 926941184                                 {product} {ergonomic}
   size_t MaxNewSize                               = 555745280                                 {product} {ergonomic}
   size_t MinHeapDeltaBytes                        = 1048576                                   {product} {ergonomic}
   size_t MinHeapSize                              = 8388608                                   {product} {ergonomic}
    uintx NonNMethodCodeHeapSize                   = 5832780                                {pd product} {ergonomic}
    uintx NonProfiledCodeHeapSize                  = 122912730                              {pd product} {ergonomic}
    uintx ProfiledCodeHeapSize                     = 122912730                              {pd product} {ergonomic}
    uintx ReservedCodeCacheSize                    = 251658240                              {pd product} {ergonomic}
     bool SegmentedCodeCache                       = true                                      {product} {ergonomic}
   size_t SoftMaxHeapSize                          = 926941184                              {manageable} {ergonomic}
     bool UseCompressedClassPointers               = true                           {product lp64_product} {ergonomic}
     bool UseCompressedOops                        = true                           {product lp64_product} {ergonomic}
     bool UseG1GC                                  = true                                      {product} {ergonomic}
     bool UseLargePagesIndividualAllocation        = false                                  {pd product} {ergonomic}

Logging:
Log output configuration:
 #0: stdout all=warning uptime,level,tags foldmultilines=false
 #1: stderr all=off uptime,level,tags foldmultilines=false

Environment Variables:
JAVA_HOME=C:\Program Files\Java\jdk-20
PATH=C:\Program Files\Common Files\Oracle\Java\javapath;C:\Python311\Scripts\;C:\Python311\;C:\WINDOWS\system32;C:\WINDOWS;C:\WINDOWS\System32\Wbem;C:\WINDOWS\System32\WindowsPowerShell\v1.0\;C:\WINDOWS\System32\OpenSSH\;C:\ProgramData\chocolatey\bin;C:\Program Files\MySQL\MySQL Server 8.0\bin;C:\Program Files\Java\jdk-20\bin;C:\Program Files\Common Files\Oracle\Java\javapath;C:\Program Files\MySQL\MySQL Shell 8.0\bin\;C:\Users\HP\AppData\Local\Programs\Python\Python310\Scripts\;C:\Users\HP\AppData\Local\Programs\Python\Python310\;C:\Users\HP\AppData\Local\Microsoft\WindowsApps;C:\Users\HP\AppData\Local\Programs\Microsoft VS Code\bin;C:\MinGW\bin;C:\kotlinc\bin;C:\Users\HP\AppData\Local\Programs\MiKTeX\miktex\bin\x64\;C:\Program Files\Java\jdk-20\bin;
USERNAME=harry sahani
OS=Windows_NT
PROCESSOR_IDENTIFIER=AMD64 Family 23 Model 24 Stepping 1, AuthenticAMD
TMP=C:\Users\HP\AppData\Local\Temp
TEMP=C:\Users\HP\AppData\Local\Temp




---------------  S Y S T E M  ---------------

OS:
 Windows 11 , 64 bit Build 22621 (10.0.22621.1928)
OS uptime: 2 days 8:38 hours
Hyper-V role detected

CPU: total 4 (initial active 4) (4 cores per cpu, 1 threads per core) family 23 model 24 stepping 1 microcode 0x0, cx8, cmov, fxsr, mmx, 3dnowpref, sse, sse2, sse3, ssse3, sse4a, sse4.1, sse4.2, popcnt, lzcnt, tsc, tscinvbit, avx, avx2, aes, clmul, bmi1, bmi2, adx, sha, fma, vzeroupper, clflush, clflushopt, hv, rdtscp, f16c

Memory: 4k page, system-wide physical 3530M (179M free)
TotalPageFile size 9530M (AvailPageFile size 3M)
current process WorkingSet (physical memory assigned to process): 57M, peak: 57M
current process commit charge ("private bytes"): 149M, peak: 149M

vm_info: Java HotSpot(TM) 64-Bit Server VM (20.0.1+9-29) for windows-amd64 JRE (20.0.1+9-29), built on 2023-03-07T13:56:11Z by "mach5one" with MS VC++ 17.1 (VS2022)

END.
