#
# There is insufficient memory for the Java Runtime Environment to continue.
# Native memory allocation (mmap) failed to map 1048576 bytes for G1 virtual space
# Possible reasons:
#   The system is out of physical RAM or swap space
#   The process is running with CompressedOops enabled, and the Java Heap may be blocking the growth of the native heap
# Possible solutions:
#   Reduce memory load on the system
#   Increase physical memory or swap space
#   Check if swap backing store is full
#   Decrease Java heap size (-Xmx/-Xms)
#   Decrease number of Java threads
#   Decrease Java thread stack sizes (-Xss)
#   Set larger code cache with -XX:ReservedCodeCacheSize=
#   JVM is running with Unscaled Compressed Oops mode in which the Java heap is
#     placed in the first 4GB address space. The Java Heap base address is the
#     maximum limit for the native heap growth. Please use -XX:HeapBaseMinAddress
#     to set the Java Heap base and to place the Java Heap above 4GB virtual address.
# This output file may be truncated or incomplete.
#
#  Out of Memory Error (os_windows.cpp:3528), pid=12652, tid=16264
#
# JRE version: Java(TM) SE Runtime Environment (20.0.1+9) (build 20.0.1+9-29)
# Java VM: Java HotSpot(TM) 64-Bit Server VM (20.0.1+9-29, mixed mode, sharing, tiered, compressed oops, compressed class ptrs, g1 gc, windows-amd64)
# No core dump will be written. Minidumps are not enabled by default on client versions of Windows
#

---------------  S U M M A R Y ------------

Command Line: -Dfile.encoding=UTF-8 --module-path=C:\Users\HP\Documents\NetBeansProjects\project\build\classes project.Book

Host: AMD Ryzen 3 3300U with Radeon Vega Mobile Gfx  , 4 cores, 3G,  Windows 11 , 64 bit Build 22621 (10.0.22621.1928)
Time: Sat Aug  5 19:48:35 2023 India Standard Time elapsed time: 0.885390 seconds (0d 0h 0m 0s)

---------------  T H R E A D  ---------------

Current thread (0x000001b064498130):  JavaThread "Image Fetcher 0" daemon [_thread_in_vm, id=16264, stack(0x0000003aa5400000,0x0000003aa5500000)]

Stack: [0x0000003aa5400000,0x0000003aa5500000]
Native frames: (J=compiled Java code, j=interpreted, Vv=VM code, C=native code)
V  [jvm.dll+0x6bb95a]
V  [jvm.dll+0x8485fa]
V  [jvm.dll+0x84a1f5]
V  [jvm.dll+0x84a8f3]
V  [jvm.dll+0x280b0f]
V  [jvm.dll+0x6b86e9]
V  [jvm.dll+0x6ad2da]
V  [jvm.dll+0x35adf5]
V  [jvm.dll+0x363016]
V  [jvm.dll+0x3b383b]
V  [jvm.dll+0x3b3eb4]
V  [jvm.dll+0x3b3a06]
V  [jvm.dll+0x32b994]
V  [jvm.dll+0x329ab4]
V  [jvm.dll+0x64dca0]
V  [jvm.dll+0x242262]
V  [jvm.dll+0x80ddf7]
V  [jvm.dll+0x3da7ba]
C  0x000001b04ff5f969

Java frames: (J=compiled Java code, j=interpreted, Vv=VM code)
j  java.awt.image.DataBufferInt.<init>(I)V+11 java.desktop@20.0.1
j  java.awt.image.Raster.createPackedRaster(III[ILjava/awt/Point;)Ljava/awt/image/WritableRaster;+69 java.desktop@20.0.1
j  java.awt.image.DirectColorModel.createCompatibleWritableRaster(II)Ljava/awt/image/WritableRaster;+83 java.desktop@20.0.1
j  sun.awt.image.ImageRepresentation.createBufferedImage()V+18 java.desktop@20.0.1
j  sun.awt.image.ImageRepresentation.setPixels(IIIILjava/awt/image/ColorModel;[III)V+47 java.desktop@20.0.1
j  sun.awt.image.ImageDecoder.setPixels(IIIILjava/awt/image/ColorModel;[III)I+44 java.desktop@20.0.1
j  sun.awt.image.JPEGImageDecoder.sendPixels([II)Z+14 java.desktop@20.0.1
v  ~StubRoutines::call_stub 0x000001b04ff3100d
j  sun.awt.image.JPEGImageDecoder.readImage(Ljava/io/InputStream;[B)V+0 java.desktop@20.0.1
j  sun.awt.image.JPEGImageDecoder.produceImage()V+10 java.desktop@20.0.1
j  sun.awt.image.InputStreamImageSource.doFetch()V+51 java.desktop@20.0.1
j  sun.awt.image.ImageFetcher.fetchloop()V+31 java.desktop@20.0.1
j  sun.awt.image.ImageFetcher.run()V+5 java.desktop@20.0.1
v  ~StubRoutines::call_stub 0x000001b04ff3100d

---------------  P R O C E S S  ---------------

Threads class SMR info:
_java_thread_list=0x000001b05f592e60, length=15, elements={
0x000001b040946510, 0x000001b05b1707c0, 0x000001b05b1719b0, 0x000001b05b17c250,
0x000001b05b17eba0, 0x000001b05b17f4e0, 0x000001b05b1825d0, 0x000001b05b187c90,
0x000001b05b188db0, 0x000001b05b15c0d0, 0x000001b05f5514c0, 0x000001b05f5d5d40,
0x000001b05f6c65c0, 0x000001b05f6c95d0, 0x000001b064498130
}

Java Threads: ( => current thread )
  0x000001b040946510 JavaThread "main" [_thread_blocked, id=14380, stack(0x0000003aa3600000,0x0000003aa3700000)]
  0x000001b05b1707c0 JavaThread "Reference Handler" daemon [_thread_blocked, id=5832, stack(0x0000003aa3d00000,0x0000003aa3e00000)]
  0x000001b05b1719b0 JavaThread "Finalizer" daemon [_thread_blocked, id=10360, stack(0x0000003aa3e00000,0x0000003aa3f00000)]
  0x000001b05b17c250 JavaThread "Signal Dispatcher" daemon [_thread_blocked, id=18156, stack(0x0000003aa3f00000,0x0000003aa4000000)]
  0x000001b05b17eba0 JavaThread "Attach Listener" daemon [_thread_blocked, id=19112, stack(0x0000003aa4000000,0x0000003aa4100000)]
  0x000001b05b17f4e0 JavaThread "Service Thread" daemon [_thread_blocked, id=21316, stack(0x0000003aa4100000,0x0000003aa4200000)]
  0x000001b05b1825d0 JavaThread "Monitor Deflation Thread" daemon [_thread_blocked, id=13784, stack(0x0000003aa4200000,0x0000003aa4300000)]
  0x000001b05b187c90 JavaThread "C2 CompilerThread0" daemon [_thread_blocked, id=6380, stack(0x0000003aa4300000,0x0000003aa4400000)]
  0x000001b05b188db0 JavaThread "C1 CompilerThread0" daemon [_thread_blocked, id=21104, stack(0x0000003aa4400000,0x0000003aa4500000)]
  0x000001b05b15c0d0 JavaThread "Common-Cleaner" daemon [_thread_blocked, id=18192, stack(0x0000003aa4500000,0x0000003aa4600000)]
  0x000001b05f5514c0 JavaThread "Notification Thread" daemon [_thread_blocked, id=16720, stack(0x0000003aa4700000,0x0000003aa4800000)]
  0x000001b05f5d5d40 JavaThread "Java2D Disposer" daemon [_thread_blocked, id=14480, stack(0x0000003aa4900000,0x0000003aa4a00000)]
  0x000001b05f6c65c0 JavaThread "AWT-Shutdown" [_thread_blocked, id=10448, stack(0x0000003aa4a00000,0x0000003aa4b00000)]
  0x000001b05f6c95d0 JavaThread "AWT-Windows" daemon [_thread_in_native, id=10668, stack(0x0000003aa4b00000,0x0000003aa4c00000)]
=>0x000001b064498130 JavaThread "Image Fetcher 0" daemon [_thread_in_vm, id=16264, stack(0x0000003aa5400000,0x0000003aa5500000)]

Other Threads:
  0x000001b040a04a70 VMThread "VM Thread" [stack: 0x0000003aa3c00000,0x0000003aa3d00000] [id=13752]
  0x000001b05f54a720 WatcherThread "VM Periodic Task Thread" [stack: 0x0000003aa4800000,0x0000003aa4900000] [id=11300]
  0x000001b040985a70 WorkerThread "GC Thread#0" [stack: 0x0000003aa3700000,0x0000003aa3800000] [id=5168]
  0x000001b06448bc00 WorkerThread "GC Thread#1" [stack: 0x0000003aa5500000,0x0000003aa5600000] [id=2744]
  0x000001b06447aff0 WorkerThread "GC Thread#2" [stack: 0x0000003aa5600000,0x0000003aa5700000] [id=20000]
  0x000001b06447b2c0 WorkerThread "GC Thread#3" [stack: 0x0000003aa5700000,0x0000003aa5800000] [id=13632]
  0x000001b04098d800 ConcurrentGCThread "G1 Main Marker" [stack: 0x0000003aa3800000,0x0000003aa3900000] [id=2624]
  0x000001b04098e530 WorkerThread "G1 Conc#0" [stack: 0x0000003aa3900000,0x0000003aa3a00000] [id=264]
  0x000001b0409e1d10 ConcurrentGCThread "G1 Refine#0" [stack: 0x0000003aa3a00000,0x0000003aa3b00000] [id=9004]
  0x000001b0409e3970 ConcurrentGCThread "G1 Service" [stack: 0x0000003aa3b00000,0x0000003aa3c00000] [id=9340]

Threads with active compile tasks:

VM state: not at safepoint (normal execution)

VM Mutex/Monitor currently owned by a thread:  ([mutex/lock_event])
[0x000001b0409421f0] Heap_lock - owner thread: 0x000001b064498130

Heap address: 0x00000000c8c00000, size: 884 MB, Compressed Oops mode: 32-bit

CDS archive(s) mapped at: [0x0000000800000000-0x0000000800c60000-0x0000000800c60000), size 12976128, SharedBaseAddress: 0x0000000800000000, ArchiveRelocationMode: 0.
Compressed class space mapped at: 0x0000000801000000-0x0000000841000000, reserved size: 1073741824
Narrow klass base: 0x0000000800000000, Narrow klass shift: 0, Narrow klass range: 0x100000000

GC Precious Log:
 CardTable entry size: 512
 Card Set container configuration: InlinePtr #cards 5 size 8 Array Of Cards #cards 12 size 40 Howl #buckets 4 coarsen threshold 1843 Howl Bitmap #cards 512 size 80 coarsen threshold 460 Card regions per heap region 1 cards per card region 2048
 CPUs: 4 total, 4 available
 Memory: 3530M
 Large Page Support: Disabled
 NUMA Support: Disabled
 Compressed Oops: Enabled (32-bit)
 Heap Region Size: 1M
 Heap Min Capacity: 8M
 Heap Initial Capacity: 56M
 Heap Max Capacity: 884M
 Pre-touch: Disabled
 Parallel Workers: 4
 Concurrent Workers: 1
 Concurrent Refinement Workers: 4
 Periodic GC: Disabled

Heap:
 garbage-first heap   total 81920K, used 2608K [0x00000000c8c00000, 0x0000000100000000)
  region size 1024K, 2 young (2048K), 2 survivors (2048K)
 Metaspace       used 4616K, committed 4800K, reserved 1114112K
  class space    used 480K, committed 576K, reserved 1048576K

Heap Regions: E=young(eden), S=young(survivor), O=old, HS=humongous(starts), HC=humongous(continues), CS=collection set, F=free, OA=open archive, CA=closed archive, TAMS=top-at-mark-start, PB=parsable bottom
|   0|0x00000000c8c00000, 0x00000000c8c8c200, 0x00000000c8d00000| 54%| O|  |TAMS 0x00000000c8c00000| PB 0x00000000c8c00000| Untracked 
|   1|0x00000000c8d00000, 0x00000000c8d00000, 0x00000000c8e00000|  0%| F|  |TAMS 0x00000000c8d00000| PB 0x00000000c8d00000| Untracked 
|   2|0x00000000c8e00000, 0x00000000c8e00000, 0x00000000c8f00000|  0%| F|  |TAMS 0x00000000c8e00000| PB 0x00000000c8e00000| Untracked 
|   3|0x00000000c8f00000, 0x00000000c8f00000, 0x00000000c9000000|  0%| F|  |TAMS 0x00000000c8f00000| PB 0x00000000c8f00000| Untracked 
|   4|0x00000000c9000000, 0x00000000c9000000, 0x00000000c9100000|  0%| F|  |TAMS 0x00000000c9000000| PB 0x00000000c9000000| Untracked 
|   5|0x00000000c9100000, 0x00000000c9100000, 0x00000000c9200000|  0%| F|  |TAMS 0x00000000c9100000| PB 0x00000000c9100000| Untracked 
|   6|0x00000000c9200000, 0x00000000c9200000, 0x00000000c9300000|  0%| F|  |TAMS 0x00000000c9200000| PB 0x00000000c9200000| Untracked 
|   7|0x00000000c9300000, 0x00000000c9300000, 0x00000000c9400000|  0%| F|  |TAMS 0x00000000c9300000| PB 0x00000000c9300000| Untracked 
|   8|0x00000000c9400000, 0x00000000c9400000, 0x00000000c9500000|  0%| F|  |TAMS 0x00000000c9400000| PB 0x00000000c9400000| Untracked 
|   9|0x00000000c9500000, 0x00000000c9500000, 0x00000000c9600000|  0%| F|  |TAMS 0x00000000c9500000| PB 0x00000000c9500000| Untracked 
|  10|0x00000000c9600000, 0x00000000c9600000, 0x00000000c9700000|  0%| F|  |TAMS 0x00000000c9600000| PB 0x00000000c9600000| Untracked 
|  11|0x00000000c9700000, 0x00000000c9700000, 0x00000000c9800000|  0%| F|  |TAMS 0x00000000c9700000| PB 0x00000000c9700000| Untracked 
|  12|0x00000000c9800000, 0x00000000c9800000, 0x00000000c9900000|  0%| F|  |TAMS 0x00000000c9800000| PB 0x00000000c9800000| Untracked 
|  13|0x00000000c9900000, 0x00000000c9900000, 0x00000000c9a00000|  0%| F|  |TAMS 0x00000000c9900000| PB 0x00000000c9900000| Untracked 
|  14|0x00000000c9a00000, 0x00000000c9a00000, 0x00000000c9b00000|  0%| F|  |TAMS 0x00000000c9a00000| PB 0x00000000c9a00000| Untracked 
|  15|0x00000000c9b00000, 0x00000000c9b00000, 0x00000000c9c00000|  0%| F|  |TAMS 0x00000000c9b00000| PB 0x00000000c9b00000| Untracked 
|  16|0x00000000c9c00000, 0x00000000c9c00000, 0x00000000c9d00000|  0%| F|  |TAMS 0x00000000c9c00000| PB 0x00000000c9c00000| Untracked 
|  17|0x00000000c9d00000, 0x00000000c9d00000, 0x00000000c9e00000|  0%| F|  |TAMS 0x00000000c9d00000| PB 0x00000000c9d00000| Untracked 
|  18|0x00000000c9e00000, 0x00000000c9e00000, 0x00000000c9f00000|  0%| F|  |TAMS 0x00000000c9e00000| PB 0x00000000c9e00000| Untracked 
|  19|0x00000000c9f00000, 0x00000000c9f00000, 0x00000000ca000000|  0%| F|  |TAMS 0x00000000c9f00000| PB 0x00000000c9f00000| Untracked 
|  20|0x00000000ca000000, 0x00000000ca000000, 0x00000000ca100000|  0%| F|  |TAMS 0x00000000ca000000| PB 0x00000000ca000000| Untracked 
|  21|0x00000000ca100000, 0x00000000ca100000, 0x00000000ca200000|  0%| F|  |TAMS 0x00000000ca100000| PB 0x00000000ca100000| Untracked 
|  22|0x00000000ca200000, 0x00000000ca200000, 0x00000000ca300000|  0%| F|  |TAMS 0x00000000ca200000| PB 0x00000000ca200000| Untracked 
|  23|0x00000000ca300000, 0x00000000ca300000, 0x00000000ca400000|  0%| F|  |TAMS 0x00000000ca300000| PB 0x00000000ca300000| Untracked 
|  24|0x00000000ca400000, 0x00000000ca400000, 0x00000000ca500000|  0%| F|  |TAMS 0x00000000ca400000| PB 0x00000000ca400000| Untracked 
|  25|0x00000000ca500000, 0x00000000ca500000, 0x00000000ca600000|  0%| F|  |TAMS 0x00000000ca500000| PB 0x00000000ca500000| Untracked 
|  26|0x00000000ca600000, 0x00000000ca600000, 0x00000000ca700000|  0%| F|  |TAMS 0x00000000ca600000| PB 0x00000000ca600000| Untracked 
|  27|0x00000000ca700000, 0x00000000ca700000, 0x00000000ca800000|  0%| F|  |TAMS 0x00000000ca700000| PB 0x00000000ca700000| Untracked 
|  28|0x00000000ca800000, 0x00000000ca800000, 0x00000000ca900000|  0%| F|  |TAMS 0x00000000ca800000| PB 0x00000000ca800000| Untracked 
|  29|0x00000000ca900000, 0x00000000ca900000, 0x00000000caa00000|  0%| F|  |TAMS 0x00000000ca900000| PB 0x00000000ca900000| Untracked 
|  30|0x00000000caa00000, 0x00000000caa00000, 0x00000000cab00000|  0%| F|  |TAMS 0x00000000caa00000| PB 0x00000000caa00000| Untracked 
|  31|0x00000000cab00000, 0x00000000cab00000, 0x00000000cac00000|  0%| F|  |TAMS 0x00000000cab00000| PB 0x00000000cab00000| Untracked 
|  32|0x00000000cac00000, 0x00000000cac00000, 0x00000000cad00000|  0%| F|  |TAMS 0x00000000cac00000| PB 0x00000000cac00000| Untracked 
|  33|0x00000000cad00000, 0x00000000cad00000, 0x00000000cae00000|  0%| F|  |TAMS 0x00000000cad00000| PB 0x00000000cad00000| Untracked 
|  34|0x00000000cae00000, 0x00000000cae00000, 0x00000000caf00000|  0%| F|  |TAMS 0x00000000cae00000| PB 0x00000000cae00000| Untracked 
|  35|0x00000000caf00000, 0x00000000caf00000, 0x00000000cb000000|  0%| F|  |TAMS 0x00000000caf00000| PB 0x00000000caf00000| Untracked 
|  36|0x00000000cb000000, 0x00000000cb000000, 0x00000000cb100000|  0%| F|  |TAMS 0x00000000cb000000| PB 0x00000000cb000000| Untracked 
|  37|0x00000000cb100000, 0x00000000cb100000, 0x00000000cb200000|  0%| F|  |TAMS 0x00000000cb100000| PB 0x00000000cb100000| Untracked 
|  38|0x00000000cb200000, 0x00000000cb200000, 0x00000000cb300000|  0%| F|  |TAMS 0x00000000cb200000| PB 0x00000000cb200000| Untracked 
|  39|0x00000000cb300000, 0x00000000cb300000, 0x00000000cb400000|  0%| F|  |TAMS 0x00000000cb300000| PB 0x00000000cb300000| Untracked 
|  40|0x00000000cb400000, 0x00000000cb400000, 0x00000000cb500000|  0%| F|  |TAMS 0x00000000cb400000| PB 0x00000000cb400000| Untracked 
|  41|0x00000000cb500000, 0x00000000cb500000, 0x00000000cb600000|  0%| F|  |TAMS 0x00000000cb500000| PB 0x00000000cb500000| Untracked 
|  42|0x00000000cb600000, 0x00000000cb600000, 0x00000000cb700000|  0%| F|  |TAMS 0x00000000cb600000| PB 0x00000000cb600000| Untracked 
|  43|0x00000000cb700000, 0x00000000cb700000, 0x00000000cb800000|  0%| F|  |TAMS 0x00000000cb700000| PB 0x00000000cb700000| Untracked 
|  44|0x00000000cb800000, 0x00000000cb800000, 0x00000000cb900000|  0%| F|  |TAMS 0x00000000cb800000| PB 0x00000000cb800000| Untracked 
|  45|0x00000000cb900000, 0x00000000cb900000, 0x00000000cba00000|  0%| F|  |TAMS 0x00000000cb900000| PB 0x00000000cb900000| Untracked 
|  46|0x00000000cba00000, 0x00000000cbb00000, 0x00000000cbb00000|100%| S|CS|TAMS 0x00000000cba00000| PB 0x00000000cba00000| Complete 
|  47|0x00000000cbb00000, 0x00000000cbc00000, 0x00000000cbc00000|100%| S|CS|TAMS 0x00000000cbb00000| PB 0x00000000cbb00000| Complete 
|  48|0x00000000cbc00000, 0x00000000cbc00000, 0x00000000cbd00000|  0%| F|  |TAMS 0x00000000cbc00000| PB 0x00000000cbc00000| Untracked 
|  49|0x00000000cbd00000, 0x00000000cbd00000, 0x00000000cbe00000|  0%| F|  |TAMS 0x00000000cbd00000| PB 0x00000000cbd00000| Untracked 
|  50|0x00000000cbe00000, 0x00000000cbe00000, 0x00000000cbf00000|  0%| F|  |TAMS 0x00000000cbe00000| PB 0x00000000cbe00000| Untracked 
|  51|0x00000000cbf00000, 0x00000000cbf00000, 0x00000000cc000000|  0%| F|  |TAMS 0x00000000cbf00000| PB 0x00000000cbf00000| Untracked 
|  52|0x00000000cc000000, 0x00000000cc000000, 0x00000000cc100000|  0%| F|  |TAMS 0x00000000cc000000| PB 0x00000000cc000000| Untracked 
|  53|0x00000000cc100000, 0x00000000cc100000, 0x00000000cc200000|  0%| F|  |TAMS 0x00000000cc100000| PB 0x00000000cc100000| Untracked 
|  54|0x00000000cc200000, 0x00000000cc200000, 0x00000000cc300000|  0%| F|  |TAMS 0x00000000cc200000| PB 0x00000000cc200000| Untracked 
|  55|0x00000000cc300000, 0x00000000cc300000, 0x00000000cc400000|  0%| F|  |TAMS 0x00000000cc300000| PB 0x00000000cc300000| Untracked 
|  56|0x00000000cc400000, 0x00000000cc400000, 0x00000000cc500000|  0%| F|  |TAMS 0x00000000cc400000| PB 0x00000000cc400000| Untracked 
|  57|0x00000000cc500000, 0x00000000cc500000, 0x00000000cc600000|  0%| F|  |TAMS 0x00000000cc500000| PB 0x00000000cc500000| Untracked 
|  58|0x00000000cc600000, 0x00000000cc600000, 0x00000000cc700000|  0%| F|  |TAMS 0x00000000cc600000| PB 0x00000000cc600000| Untracked 
|  59|0x00000000cc700000, 0x00000000cc700000, 0x00000000cc800000|  0%| F|  |TAMS 0x00000000cc700000| PB 0x00000000cc700000| Untracked 
|  60|0x00000000cc800000, 0x00000000cc800000, 0x00000000cc900000|  0%| F|  |TAMS 0x00000000cc800000| PB 0x00000000cc800000| Untracked 
|  61|0x00000000cc900000, 0x00000000cc900000, 0x00000000cca00000|  0%| F|  |TAMS 0x00000000cc900000| PB 0x00000000cc900000| Untracked 
|  62|0x00000000cca00000, 0x00000000cca00000, 0x00000000ccb00000|  0%| F|  |TAMS 0x00000000cca00000| PB 0x00000000cca00000| Untracked 
|  63|0x00000000ccb00000, 0x00000000ccb00000, 0x00000000ccc00000|  0%| F|  |TAMS 0x00000000ccb00000| PB 0x00000000ccb00000| Untracked 
|  64|0x00000000ccc00000, 0x00000000ccc00000, 0x00000000ccd00000|  0%| F|  |TAMS 0x00000000ccc00000| PB 0x00000000ccc00000| Untracked 
|  65|0x00000000ccd00000, 0x00000000ccd00000, 0x00000000cce00000|  0%| F|  |TAMS 0x00000000ccd00000| PB 0x00000000ccd00000| Untracked 
|  66|0x00000000cce00000, 0x00000000cce00000, 0x00000000ccf00000|  0%| F|  |TAMS 0x00000000cce00000| PB 0x00000000cce00000| Untracked 
|  67|0x00000000ccf00000, 0x00000000ccf00000, 0x00000000cd000000|  0%| F|  |TAMS 0x00000000ccf00000| PB 0x00000000ccf00000| Untracked 
|  68|0x00000000cd000000, 0x00000000cd000000, 0x00000000cd100000|  0%| F|  |TAMS 0x00000000cd000000| PB 0x00000000cd000000| Untracked 
|  69|0x00000000cd100000, 0x00000000cd100000, 0x00000000cd200000|  0%| F|  |TAMS 0x00000000cd100000| PB 0x00000000cd100000| Untracked 
|  70|0x00000000cd200000, 0x00000000cd200000, 0x00000000cd300000|  0%| F|  |TAMS 0x00000000cd200000| PB 0x00000000cd200000| Untracked 
|  71|0x00000000cd300000, 0x00000000cd300000, 0x00000000cd400000|  0%| F|  |TAMS 0x00000000cd300000| PB 0x00000000cd300000| Untracked 
|  72|0x00000000cd400000, 0x00000000cd400000, 0x00000000cd500000|  0%| F|  |TAMS 0x00000000cd400000| PB 0x00000000cd400000| Untracked 
|  73|0x00000000cd500000, 0x00000000cd500000, 0x00000000cd600000|  0%| F|  |TAMS 0x00000000cd500000| PB 0x00000000cd500000| Untracked 
|  74|0x00000000cd600000, 0x00000000cd600000, 0x00000000cd700000|  0%| F|  |TAMS 0x00000000cd600000| PB 0x00000000cd600000| Untracked 
|  75|0x00000000cd700000, 0x00000000cd700000, 0x00000000cd800000|  0%| F|  |TAMS 0x00000000cd700000| PB 0x00000000cd700000| Untracked 
|  76|0x00000000cd800000, 0x00000000cd800000, 0x00000000cd900000|  0%| F|  |TAMS 0x00000000cd800000| PB 0x00000000cd800000| Untracked 
|  77|0x00000000cd900000, 0x00000000cd900000, 0x00000000cda00000|  0%| F|  |TAMS 0x00000000cd900000| PB 0x00000000cd900000| Untracked 
|  78|0x00000000cda00000, 0x00000000cda00000, 0x00000000cdb00000|  0%| F|  |TAMS 0x00000000cda00000| PB 0x00000000cda00000| Untracked 
|  79|0x00000000cdb00000, 0x00000000cdb00000, 0x00000000cdc00000|  0%| F|  |TAMS 0x00000000cdb00000| PB 0x00000000cdb00000| Untracked 

Card table byte_map: [0x000001b057bc0000,0x000001b057d80000] _byte_map_base: 0x000001b05757a000

Marking Bits: (CMBitMap*) 0x000001b0409860a0
 Bits: [0x000001b057f40000, 0x000001b058d10000)

Polling page: 0x000001b040110000

Metaspace:

Usage:
  Non-class:      4.04 MB used.
      Class:    480.33 KB used.
       Both:      4.51 MB used.

Virtual space:
  Non-class space:       64.00 MB reserved,       4.12 MB (  6%) committed,  1 nodes.
      Class space:        1.00 GB reserved,     576.00 KB ( <1%) committed,  1 nodes.
             Both:        1.06 GB reserved,       4.69 MB ( <1%) committed. 

Chunk freelists:
   Non-Class:  3.88 MB
       Class:  3.49 MB
        Both:  7.37 MB

MaxMetaspaceSize: unlimited
CompressedClassSpaceSize: 1.00 GB
Initial GC threshold: 21.00 MB
Current GC threshold: 21.00 MB
CDS: on
MetaspaceReclaimPolicy: balanced
 - commit_granule_bytes: 65536.
 - commit_granule_words: 8192.
 - virtual_space_node_default_size: 8388608.
 - enlarge_chunks_in_place: 1.
 - new_chunks_are_fully_committed: 0.
 - uncommit_free_chunks: 1.
 - use_allocation_guard: 0.


Internal statistics:

num_allocs_failed_limit: 0.
num_arena_births: 126.
num_arena_deaths: 0.
num_vsnodes_births: 2.
num_vsnodes_deaths: 0.
num_space_committed: 75.
num_space_uncommitted: 0.
num_chunks_returned_to_freelist: 0.
num_chunks_taken_from_freelist: 145.
num_chunk_merges: 0.
num_chunk_splits: 90.
num_chunks_enlarged: 40.
num_inconsistent_stats: 0.

CodeHeap 'non-profiled nmethods': size=120000Kb used=215Kb max_used=215Kb free=119784Kb
 bounds [0x000001b0504d0000, 0x000001b050740000, 0x000001b057a00000]
CodeHeap 'profiled nmethods': size=120000Kb used=1096Kb max_used=1096Kb free=118903Kb
 bounds [0x000001b048a00000, 0x000001b048c70000, 0x000001b04ff30000]
CodeHeap 'non-nmethods': size=5760Kb used=1506Kb max_used=1508Kb free=4253Kb
 bounds [0x000001b04ff30000, 0x000001b0501a0000, 0x000001b0504d0000]
 total_blobs=1258 nmethods=724 adapters=445
 compilation: enabled
              stopped_count=0, restarted_count=0
 full_count=0

Compilation events (20 events):
Event: 0.832 Thread 0x000001b05b188db0 nmethod 702 0x000001b048b0fd90 code [0x000001b048b0ff40, 0x000001b048b10210]
Event: 0.832 Thread 0x000001b05b188db0  674       3       sun.util.locale.BaseLocale::convertOldISOCodes (238 bytes)
Event: 0.833 Thread 0x000001b05b188db0 nmethod 674 0x000001b048b10310 code [0x000001b048b10520, 0x000001b048b10c08]
Event: 0.833 Thread 0x000001b05b188db0  707       3       sun.util.locale.LocaleObjectCache::normalizeKey (2 bytes)
Event: 0.833 Thread 0x000001b05b188db0 nmethod 707 0x000001b048b10d90 code [0x000001b048b10f20, 0x000001b048b11030]
Event: 0.834 Thread 0x000001b05b187c90 nmethod 711 0x000001b050501f90 code [0x000001b050502120, 0x000001b050502548]
Event: 0.835 Thread 0x000001b05b187c90  712       4       java.util.HashMap::put (13 bytes)
Event: 0.846 Thread 0x000001b05b188db0  716       3       java.lang.invoke.Invokers$Holder::linkToTargetMethod (8 bytes)
Event: 0.846 Thread 0x000001b05b188db0 nmethod 716 0x000001b048b11090 code [0x000001b048b11240, 0x000001b048b11528]
Event: 0.846 Thread 0x000001b05b188db0  717       3       java.lang.invoke.LambdaForm$MH/0x0000000801000800::invoke (8 bytes)
Event: 0.846 Thread 0x000001b05b188db0 nmethod 717 0x000001b048b11610 code [0x000001b048b117a0, 0x000001b048b119f0]
Event: 0.848 Thread 0x000001b05b188db0  718       3       java.lang.StringUTF16::getChar (60 bytes)
Event: 0.848 Thread 0x000001b05b188db0 nmethod 718 0x000001b048b11b10 code [0x000001b048b11ca0, 0x000001b048b11e10]
Event: 0.852 Thread 0x000001b05b187c90 nmethod 712 0x000001b050503610 code [0x000001b050503800, 0x000001b050504390]
Event: 0.852 Thread 0x000001b05b187c90  719       4       java.lang.StringUTF16::getChar (60 bytes)
Event: 0.854 Thread 0x000001b05b187c90 nmethod 719 0x000001b050504990 code [0x000001b050504b00, 0x000001b050504bd0]
Event: 0.858 Thread 0x000001b05b187c90  721       4       jdk.internal.org.objectweb.asm.ByteVector::putShort (52 bytes)
Event: 0.859 Thread 0x000001b05b187c90 nmethod 721 0x000001b050505290 code [0x000001b050505400, 0x000001b050505538]
Event: 0.860 Thread 0x000001b05b188db0  725       3       jdk.internal.org.objectweb.asm.MethodWriter::visitAbstractType (8 bytes)
Event: 0.861 Thread 0x000001b05b188db0 nmethod 725 0x000001b048b11f10 code [0x000001b048b120a0, 0x000001b048b121e0]

GC Heap History (2 events):
Event: 0.866 GC heap before
{Heap before GC invocations=0 (full 0):
 garbage-first heap   total 57344K, used 7168K [0x00000000c8c00000, 0x0000000100000000)
  region size 1024K, 8 young (8192K), 0 survivors (0K)
 Metaspace       used 4616K, committed 4800K, reserved 1114112K
  class space    used 480K, committed 576K, reserved 1048576K
}
Event: 0.875 GC heap after
{Heap after GC invocations=1 (full 0):
 garbage-first heap   total 57344K, used 2608K [0x00000000c8c00000, 0x0000000100000000)
  region size 1024K, 2 young (2048K), 2 survivors (2048K)
 Metaspace       used 4616K, committed 4800K, reserved 1114112K
  class space    used 480K, committed 576K, reserved 1048576K
}

Dll operation events (8 events):
Event: 0.027 Loaded shared library C:\Program Files\Java\jdk-20\bin\java.dll
Event: 0.044 Loaded shared library C:\Program Files\Java\jdk-20\bin\jsvml.dll
Event: 0.145 Loaded shared library C:\Program Files\Java\jdk-20\bin\net.dll
Event: 0.148 Loaded shared library C:\Program Files\Java\jdk-20\bin\nio.dll
Event: 0.198 Loaded shared library C:\Program Files\Java\jdk-20\bin\zip.dll
Event: 0.216 Loaded shared library C:\Program Files\Java\jdk-20\bin\jimage.dll
Event: 0.254 Loaded shared library C:\Program Files\Java\jdk-20\bin\awt.dll
Event: 0.857 Loaded shared library C:\Program Files\Java\jdk-20\bin\javajpeg.dll

Deoptimization events (8 events):
Event: 0.575 Thread 0x000001b040946510 Uncommon trap: trap_request=0xffffff45 fr.pc=0x000001b0504dfab4 relative=0x0000000000000934
Event: 0.575 Thread 0x000001b040946510 Uncommon trap: reason=unstable_if action=reinterpret pc=0x000001b0504dfab4 method=java.util.HashMap.putVal(ILjava/lang/Object;Ljava/lang/Object;ZZ)Ljava/lang/Object; @ 236 c2
Event: 0.575 Thread 0x000001b040946510 DEOPT PACKING pc=0x000001b0504dfab4 sp=0x0000003aa36fdd50
Event: 0.575 Thread 0x000001b040946510 DEOPT UNPACKING pc=0x000001b04ff99d22 sp=0x0000003aa36fdcf8 mode 2
Event: 0.827 Thread 0x000001b064498130 Uncommon trap: trap_request=0xffffff45 fr.pc=0x000001b0504fe428 relative=0x00000000000006c8
Event: 0.827 Thread 0x000001b064498130 Uncommon trap: reason=unstable_if action=reinterpret pc=0x000001b0504fe428 method=java.util.regex.Matcher.search(I)Z @ 30 c2
Event: 0.827 Thread 0x000001b064498130 DEOPT PACKING pc=0x000001b0504fe428 sp=0x0000003aa54fe660
Event: 0.827 Thread 0x000001b064498130 DEOPT UNPACKING pc=0x000001b04ff99d22 sp=0x0000003aa54fe640 mode 2

Classes loaded (20 events):
Event: 0.853 Loading class sun/awt/image/JPEGImageDecoder
Event: 0.853 Loading class sun/awt/image/ImageDecoder
Event: 0.854 Loading class sun/awt/image/ImageDecoder done
Event: 0.854 Loading class sun/awt/image/JPEGImageDecoder done
Event: 0.854 Loading class sun/awt/image/JPEGImageDecoder$1
Event: 0.854 Loading class sun/awt/image/JPEGImageDecoder$1 done
Event: 0.863 Loading class java/awt/image/Raster
Event: 0.864 Loading class java/awt/image/Raster done
Event: 0.864 Loading class java/awt/image/DataBufferInt
Event: 0.864 Loading class java/awt/image/DataBuffer
Event: 0.865 Loading class java/awt/image/DataBuffer done
Event: 0.865 Loading class java/awt/image/DataBufferInt done
Event: 0.865 Loading class java/awt/image/DataBuffer$1
Event: 0.865 Loading class sun/awt/image/SunWritableRaster$DataStealer
Event: 0.865 Loading class sun/awt/image/SunWritableRaster$DataStealer done
Event: 0.865 Loading class java/awt/image/DataBuffer$1 done
Event: 0.865 Loading class sun/awt/image/SunWritableRaster
Event: 0.865 Loading class java/awt/image/WritableRaster
Event: 0.865 Loading class java/awt/image/WritableRaster done
Event: 0.865 Loading class sun/awt/image/SunWritableRaster done

Classes unloaded (0 events):
No events

Classes redefined (0 events):
No events

Internal exceptions (13 events):
Event: 0.150 Thread 0x000001b040946510 Exception <a 'sun/nio/fs/WindowsException'{0x00000000cc23f728}> (0x00000000cc23f728) 
thrown [s\open\src\hotspot\share\prims\jni.cpp, line 519]
Event: 0.156 Thread 0x000001b040946510 Exception <a 'sun/nio/fs/WindowsException'{0x00000000cc241a18}> (0x00000000cc241a18) 
thrown [s\open\src\hotspot\share\prims\jni.cpp, line 519]
Event: 0.157 Thread 0x000001b040946510 Exception <a 'sun/nio/fs/WindowsException'{0x00000000cc242460}> (0x00000000cc242460) 
thrown [s\open\src\hotspot\share\prims\jni.cpp, line 519]
Event: 0.231 Thread 0x000001b040946510 Exception <a 'java/lang/ClassNotFoundException'{0x00000000cc163708}: sun/awt/resources/spi/awtProvider> (0x00000000cc163708) 
thrown [s\open\src\hotspot\share\classfile\systemDictionary.cpp, line 305]
Event: 0.278 Thread 0x000001b040946510 Exception <a 'java/io/FileNotFoundException'{0x00000000cc1b9f98}> (0x00000000cc1b9f98) 
thrown [s\open\src\hotspot\share\prims\jni.cpp, line 519]
Event: 0.292 Thread 0x000001b040946510 Exception <a 'java/io/FileNotFoundException'{0x00000000cc001e20}> (0x00000000cc001e20) 
thrown [s\open\src\hotspot\share\prims\jni.cpp, line 519]
Event: 0.586 Thread 0x000001b040946510 Exception <a 'java/lang/NoSuchMethodError'{0x00000000cbf12118}: 'void java.lang.invoke.DirectMethodHandle$Holder.invokeSpecial(java.lang.Object, java.lang.Object, java.lang.Object)'> (0x00000000cbf12118) 
thrown [s\open\src\hotspot\share\interpreter\linkResolver.cpp, line 773]
Event: 0.621 Thread 0x000001b040946510 Exception <a 'java/lang/NoSuchMethodError'{0x00000000cbf3c8f8}: 'java.lang.Object java.lang.invoke.DirectMethodHandle$Holder.newInvokeSpecial(java.lang.Object, java.lang.Object, java.lang.Object, java.lang.Object, java.lang.Object)'> (0x00000000cbf3c8f8) 
thrown [s\open\src\hotspot\share\interpreter\linkResolver.cpp, line 773]
Event: 0.634 Thread 0x000001b040946510 Exception <a 'java/lang/NoSuchMethodError'{0x00000000cbf6d3f8}: 'java.lang.Object java.lang.invoke.DirectMethodHandle$Holder.invokeStatic(java.lang.Object, int, java.lang.Object)'> (0x00000000cbf6d3f8) 
thrown [s\open\src\hotspot\share\interpreter\linkResolver.cpp, line 773]
Event: 0.688 Thread 0x000001b040946510 Exception <a 'java/lang/ClassNotFoundException'{0x00000000cbe28c70}: com/sun/swing/internal/plaf/metal/resources/spi/metalProvider> (0x00000000cbe28c70) 
thrown [s\open\src\hotspot\share\classfile\systemDictionary.cpp, line 305]
Event: 0.690 Thread 0x000001b040946510 Exception <a 'java/lang/ClassNotFoundException'{0x00000000cbe2cc20}: com/sun/swing/internal/plaf/basic/resources/spi/basicProvider> (0x00000000cbe2cc20) 
thrown [s\open\src\hotspot\share\classfile\systemDictionary.cpp, line 305]
Event: 0.715 Thread 0x000001b040946510 Exception <a 'java/lang/NoSuchMethodError'{0x00000000cbe4bfa0}: 'int java.lang.invoke.Invokers$Holder.invokeExact_MT(java.lang.Object, java.lang.Object)'> (0x00000000cbe4bfa0) 
thrown [s\open\src\hotspot\share\interpreter\linkResolver.cpp, line 773]
Event: 0.859 Thread 0x000001b064498130 Exception <a 'java/lang/NoSuchMethodError'{0x00000000cbc25330}: 'java.lang.Object java.lang.invoke.DirectMethodHandle$Holder.newInvokeSpecial(java.lang.Object, java.lang.Object, java.lang.Object, int, int, int, int, int)'> (0x00000000cbc25330) 
thrown [s\open\src\hotspot\share\interpreter\linkResolver.cpp, line 773]

VM Operations (8 events):
Event: 0.159 Executing VM operation: HandshakeAllThreads
Event: 0.159 Executing VM operation: HandshakeAllThreads done
Event: 0.307 Executing VM operation: HandshakeAllThreads
Event: 0.307 Executing VM operation: HandshakeAllThreads done
Event: 0.823 Executing VM operation: HandshakeAllThreads
Event: 0.823 Executing VM operation: HandshakeAllThreads done
Event: 0.866 Executing VM operation: G1TryInitiateConcMark
Event: 0.875 Executing VM operation: G1TryInitiateConcMark done

Events (15 events):
Event: 0.044 Thread 0x000001b040946510 Thread added: 0x000001b040946510
Event: 0.073 Thread 0x000001b05b1707c0 Thread added: 0x000001b05b1707c0
Event: 0.073 Thread 0x000001b05b1719b0 Thread added: 0x000001b05b1719b0
Event: 0.074 Thread 0x000001b05b17c250 Thread added: 0x000001b05b17c250
Event: 0.074 Thread 0x000001b05b17eba0 Thread added: 0x000001b05b17eba0
Event: 0.074 Thread 0x000001b05b17f4e0 Thread added: 0x000001b05b17f4e0
Event: 0.075 Thread 0x000001b05b1825d0 Thread added: 0x000001b05b1825d0
Event: 0.075 Thread 0x000001b05b187c90 Thread added: 0x000001b05b187c90
Event: 0.075 Thread 0x000001b05b188db0 Thread added: 0x000001b05b188db0
Event: 0.123 Thread 0x000001b05b15c0d0 Thread added: 0x000001b05b15c0d0
Event: 0.183 Thread 0x000001b05f5514c0 Thread added: 0x000001b05f5514c0
Event: 0.375 Thread 0x000001b05f5d5d40 Thread added: 0x000001b05f5d5d40
Event: 0.380 Thread 0x000001b05f6c65c0 Thread added: 0x000001b05f6c65c0
Event: 0.384 Thread 0x000001b05f6c95d0 Thread added: 0x000001b05f6c95d0
Event: 0.733 Thread 0x000001b064498130 Thread added: 0x000001b064498130


Dynamic libraries:
0x00007ff614b50000 - 0x00007ff614b60000 	C:\Program Files\Java\jdk-20\bin\java.exe
0x00007ffd102d0000 - 0x00007ffd104e4000 	C:\WINDOWS\SYSTEM32\ntdll.dll
0x00007ffd0ef00000 - 0x00007ffd0efc2000 	C:\WINDOWS\System32\KERNEL32.DLL
0x00007ffd0d920000 - 0x00007ffd0dcc3000 	C:\WINDOWS\System32\KERNELBASE.dll
0x00007ffd0d6d0000 - 0x00007ffd0d7e1000 	C:\WINDOWS\System32\ucrtbase.dll
0x00007ffd08570000 - 0x00007ffd08589000 	C:\Program Files\Java\jdk-20\bin\jli.dll
0x00007ffd100a0000 - 0x00007ffd1014e000 	C:\WINDOWS\System32\ADVAPI32.dll
0x00007ffd0f2f0000 - 0x00007ffd0f397000 	C:\WINDOWS\System32\msvcrt.dll
0x00007ffd101e0000 - 0x00007ffd10284000 	C:\WINDOWS\System32\sechost.dll
0x00007ffd0ed50000 - 0x00007ffd0ee67000 	C:\WINDOWS\System32\RPCRT4.dll
0x00007ffcee0b0000 - 0x00007ffcee0cb000 	C:\Program Files\Java\jdk-20\bin\VCRUNTIME140.dll
0x00007ffd0fca0000 - 0x00007ffd0fe4a000 	C:\WINDOWS\System32\USER32.dll
0x00007ffd0e080000 - 0x00007ffd0e0a6000 	C:\WINDOWS\System32\win32u.dll
0x00007ffd0eca0000 - 0x00007ffd0ecc9000 	C:\WINDOWS\System32\GDI32.dll
0x00007ffd0dcd0000 - 0x00007ffd0dde9000 	C:\WINDOWS\System32\gdi32full.dll
0x00007ffd0df60000 - 0x00007ffd0dffa000 	C:\WINDOWS\System32\msvcp_win.dll
0x00007ffcf3d40000 - 0x00007ffcf3fce000 	C:\WINDOWS\WinSxS\amd64_microsoft.windows.common-controls_6595b64144ccf1df_6.0.22621.1635_none_270f70857386168e\COMCTL32.dll
0x00007ffd05c20000 - 0x00007ffd05c2a000 	C:\WINDOWS\SYSTEM32\VERSION.dll
0x00007ffd0f590000 - 0x00007ffd0f5c1000 	C:\WINDOWS\System32\IMM32.DLL
0x00007ffcfd120000 - 0x00007ffcfd12c000 	C:\Program Files\Java\jdk-20\bin\vcruntime140_1.dll
0x00007ffcd8cb0000 - 0x00007ffcd8d3e000 	C:\Program Files\Java\jdk-20\bin\msvcp140.dll
0x00007ffc930b0000 - 0x00007ffc93d47000 	C:\Program Files\Java\jdk-20\bin\server\jvm.dll
0x00007ffcf39d0000 - 0x00007ffcf39d9000 	C:\WINDOWS\SYSTEM32\WSOCK32.dll
0x00007ffd10160000 - 0x00007ffd101d1000 	C:\WINDOWS\System32\WS2_32.dll
0x00007ffd07720000 - 0x00007ffd07754000 	C:\WINDOWS\SYSTEM32\WINMM.dll
0x00007ffd0c6f0000 - 0x00007ffd0c708000 	C:\WINDOWS\SYSTEM32\kernel.appcore.dll
0x00007ffcfaa30000 - 0x00007ffcfaa3a000 	C:\Program Files\Java\jdk-20\bin\jimage.dll
0x00007ffcfcc60000 - 0x00007ffcfce8e000 	C:\WINDOWS\SYSTEM32\DBGHELP.DLL
0x00007ffd0e0b0000 - 0x00007ffd0e439000 	C:\WINDOWS\System32\combase.dll
0x00007ffd0f1b0000 - 0x00007ffd0f287000 	C:\WINDOWS\System32\OLEAUT32.dll
0x00007ffcfca00000 - 0x00007ffcfca32000 	C:\WINDOWS\SYSTEM32\dbgcore.DLL
0x00007ffd0e000000 - 0x00007ffd0e07a000 	C:\WINDOWS\System32\bcryptPrimitives.dll
0x00007ffcdbd10000 - 0x00007ffcdbd36000 	C:\Program Files\Java\jdk-20\bin\java.dll
0x00007ffcb73d0000 - 0x00007ffcb74a7000 	C:\Program Files\Java\jdk-20\bin\jsvml.dll
0x00007ffd0e440000 - 0x00007ffd0ec39000 	C:\WINDOWS\System32\SHELL32.dll
0x00007ffd0b670000 - 0x00007ffd0bf3e000 	C:\WINDOWS\SYSTEM32\windows.storage.dll
0x00007ffd0b530000 - 0x00007ffd0b66e000 	C:\WINDOWS\SYSTEM32\wintypes.dll
0x00007ffd0f720000 - 0x00007ffd0f811000 	C:\WINDOWS\System32\SHCORE.dll
0x00007ffd0f290000 - 0x00007ffd0f2ee000 	C:\WINDOWS\System32\shlwapi.dll
0x00007ffd0d600000 - 0x00007ffd0d626000 	C:\WINDOWS\SYSTEM32\profapi.dll
0x00007ffce1e80000 - 0x00007ffce1e93000 	C:\Program Files\Java\jdk-20\bin\net.dll
0x00007ffd06660000 - 0x00007ffd06797000 	C:\WINDOWS\SYSTEM32\WINHTTP.dll
0x00007ffd0cb90000 - 0x00007ffd0cbf9000 	C:\WINDOWS\system32\mswsock.dll
0x00007ffcdcaa0000 - 0x00007ffcdcab6000 	C:\Program Files\Java\jdk-20\bin\nio.dll
0x00007ffcdb220000 - 0x00007ffcdb238000 	C:\Program Files\Java\jdk-20\bin\zip.dll
0x00007ffcb0e20000 - 0x00007ffcb0fb1000 	C:\Program Files\Java\jdk-20\bin\awt.dll
0x00007ffd0aab0000 - 0x00007ffd0ab47000 	C:\WINDOWS\SYSTEM32\apphelp.dll
0x00007ffd0b0b0000 - 0x00007ffd0b0db000 	C:\WINDOWS\system32\DWMAPI.DLL
0x00007ffd0ac80000 - 0x00007ffd0ad2b000 	C:\WINDOWS\system32\uxtheme.dll
0x00007ffcb72d0000 - 0x00007ffcb73d0000 	C:\WINDOWS\system32\opengl32.dll
0x00007ffcd8c80000 - 0x00007ffcd8cad000 	C:\WINDOWS\SYSTEM32\GLU32.dll
0x00007ffd0ad80000 - 0x00007ffd0adb8000 	C:\WINDOWS\SYSTEM32\dxcore.dll
0x00007ffd0f5d0000 - 0x00007ffd0f6f7000 	C:\WINDOWS\System32\MSCTF.dll
0x00007ffd0ff00000 - 0x00007ffd1009c000 	C:\WINDOWS\System32\ole32.dll
0x00007ffc97190000 - 0x00007ffc97339000 	C:\WINDOWS\system32\d3d9.dll
0x00007ffd046a0000 - 0x00007ffd0487b000 	C:\WINDOWS\System32\DriverStore\FileRepository\u0372698.inf_amd64_2366d501a5d0e392\B370279\aticfx64.dll
0x00007ffcfbea0000 - 0x00007ffcfbed3000 	C:\WINDOWS\System32\DriverStore\FileRepository\u0372698.inf_amd64_2366d501a5d0e392\B370279\atiu9p64.dll
0x00007ffcd4ba0000 - 0x00007ffcd58fa000 	C:\WINDOWS\System32\DriverStore\FileRepository\u0372698.inf_amd64_2366d501a5d0e392\B370279\atiumd64.dll
0x0000000071a60000 - 0x000000007292b000 	C:\WINDOWS\System32\DriverStore\FileRepository\u0372698.inf_amd64_2366d501a5d0e392\B370279\atiumd6a.dll
0x00007ffd0d5a0000 - 0x00007ffd0d5ed000 	C:\WINDOWS\SYSTEM32\POWRPROF.dll
0x00007ffd0d580000 - 0x00007ffd0d593000 	C:\WINDOWS\SYSTEM32\UMPDC.dll
0x00007ffd03f20000 - 0x00007ffd03f50000 	C:\WINDOWS\SYSTEM32\amdihk64.dll
0x00007ffd08180000 - 0x00007ffd081c8000 	C:\WINDOWS\SYSTEM32\directxdatabasehelper.dll
0x00007ffd08290000 - 0x00007ffd082be000 	C:\Program Files\Java\jdk-20\bin\javajpeg.dll

dbghelp: loaded successfully - version: 4.0.5 - missing functions: none
symbol engine: initialized successfully - sym options: 0x614 - pdb path: .;C:\Program Files\Java\jdk-20\bin;C:\WINDOWS\SYSTEM32;C:\WINDOWS\WinSxS\amd64_microsoft.windows.common-controls_6595b64144ccf1df_6.0.22621.1635_none_270f70857386168e;C:\Program Files\Java\jdk-20\bin\server;C:\WINDOWS\System32\DriverStore\FileRepository\u0372698.inf_amd64_2366d501a5d0e392\B370279

VM Arguments:
jvm_args: -Dfile.encoding=UTF-8 --module-path=C:\Users\HP\Documents\NetBeansProjects\project\build\classes 
java_command: project.Book
java_class_path (initial): C:\Users\HP\Documents\NetBeansProjects\project\lib\mysql-connector-j-8.0.32.zip;C:\Users\HP\Documents\NetBeansProjects\project\lib\mysql-connector-j-8.0.32.jar;C:\Users\HP\Documents\NetBeansProjects\project\build\classes
Launcher Type: SUN_STANDARD

[Global flags]
     intx CICompilerCount                          = 3                                         {product} {ergonomic}
     uint ConcGCThreads                            = 1                                         {product} {ergonomic}
     uint G1ConcRefinementThreads                  = 4                                         {product} {ergonomic}
   size_t G1HeapRegionSize                         = 1048576                                   {product} {ergonomic}
    uintx GCDrainStackTargetSize                   = 64                                        {product} {ergonomic}
   size_t InitialHeapSize                          = 58720256                                  {product} {ergonomic}
   size_t MarkStackSize                            = 4194304                                   {product} {ergonomic}
   size_t MaxHeapSize                              = 926941184                                 {product} {ergonomic}
   size_t MaxNewSize                               = 555745280                                 {product} {ergonomic}
   size_t MinHeapDeltaBytes                        = 1048576                                   {product} {ergonomic}
   size_t MinHeapSize                              = 8388608                                   {product} {ergonomic}
    uintx NonNMethodCodeHeapSize                   = 5832780                                {pd product} {ergonomic}
    uintx NonProfiledCodeHeapSize                  = 122912730                              {pd product} {ergonomic}
    uintx ProfiledCodeHeapSize                     = 122912730                              {pd product} {ergonomic}
    uintx ReservedCodeCacheSize                    = 251658240                              {pd product} {ergonomic}
     bool SegmentedCodeCache                       = true                                      {product} {ergonomic}
   size_t SoftMaxHeapSize                          = 926941184                              {manageable} {ergonomic}
     bool UseCompressedClassPointers               = true                           {product lp64_product} {ergonomic}
     bool UseCompressedOops                        = true                           {product lp64_product} {ergonomic}
     bool UseG1GC                                  = true                                      {product} {ergonomic}
     bool UseLargePagesIndividualAllocation        = false                                  {pd product} {ergonomic}

Logging:
Log output configuration:
 #0: stdout all=warning uptime,level,tags foldmultilines=false
 #1: stderr all=off uptime,level,tags foldmultilines=false

Environment Variables:
JAVA_HOME=C:\Program Files\Java\jdk-20
PATH=C:\Program Files\Common Files\Oracle\Java\javapath;C:\Python311\Scripts\;C:\Python311\;C:\WINDOWS\system32;C:\WINDOWS;C:\WINDOWS\System32\Wbem;C:\WINDOWS\System32\WindowsPowerShell\v1.0\;C:\WINDOWS\System32\OpenSSH\;C:\ProgramData\chocolatey\bin;C:\Program Files\MySQL\MySQL Server 8.0\bin;C:\Program Files\Java\jdk-20\bin;C:\Program Files\Common Files\Oracle\Java\javapath;C:\Program Files\MySQL\MySQL Shell 8.0\bin\;C:\Users\HP\AppData\Local\Programs\Python\Python310\Scripts\;C:\Users\HP\AppData\Local\Programs\Python\Python310\;C:\Users\HP\AppData\Local\Microsoft\WindowsApps;C:\Users\HP\AppData\Local\Programs\Microsoft VS Code\bin;C:\MinGW\bin;C:\kotlinc\bin;C:\Users\HP\AppData\Local\Programs\MiKTeX\miktex\bin\x64\;C:\Program Files\Java\jdk-20\bin;
USERNAME=harry sahani
OS=Windows_NT
PROCESSOR_IDENTIFIER=AMD64 Family 23 Model 24 Stepping 1, AuthenticAMD
TMP=C:\Users\HP\AppData\Local\Temp
TEMP=C:\Users\HP\AppData\Local\Temp




---------------  S Y S T E M  ---------------

OS:
 Windows 11 , 64 bit Build 22621 (10.0.22621.1928)
OS uptime: 22 days 0:09 hours
Hyper-V role detected

CPU: total 4 (initial active 4) (4 cores per cpu, 1 threads per core) family 23 model 24 stepping 1 microcode 0x0, cx8, cmov, fxsr, mmx, 3dnowpref, sse, sse2, sse3, ssse3, sse4a, sse4.1, sse4.2, popcnt, lzcnt, tsc, tscinvbit, avx, avx2, aes, clmul, bmi1, bmi2, adx, sha, fma, vzeroupper, clflush, clflushopt, hv, rdtscp, f16c

Memory: 4k page, system-wide physical 3530M (81M free)
TotalPageFile size 14282M (AvailPageFile size 5M)
current process WorkingSet (physical memory assigned to process): 65M, peak: 65M
current process commit charge ("private bytes"): 243M, peak: 244M

vm_info: Java HotSpot(TM) 64-Bit Server VM (20.0.1+9-29) for windows-amd64 JRE (20.0.1+9-29), built on 2023-03-07T13:56:11Z by "mach5one" with MS VC++ 17.1 (VS2022)

END.
