#
# There is insufficient memory for the Java Runtime Environment to continue.
# Native memory allocation (mmap) failed to map 65536 bytes for Failed to commit metaspace.
# Possible reasons:
#   The system is out of physical RAM or swap space
#   The process is running with CompressedOops enabled, and the Java Heap may be blocking the growth of the native heap
# Possible solutions:
#   Reduce memory load on the system
#   Increase physical memory or swap space
#   Check if swap backing store is full
#   Decrease Java heap size (-Xmx/-Xms)
#   Decrease number of Java threads
#   Decrease Java thread stack sizes (-Xss)
#   Set larger code cache with -XX:ReservedCodeCacheSize=
#   JVM is running with Unscaled Compressed Oops mode in which the Java heap is
#     placed in the first 4GB address space. The Java Heap base address is the
#     maximum limit for the native heap growth. Please use -XX:HeapBaseMinAddress
#     to set the Java Heap base and to place the Java Heap above 4GB virtual address.
# This output file may be truncated or incomplete.
#
#  Out of Memory Error (virtualSpaceNode.cpp:110), pid=17928, tid=15284
#
# JRE version: Java(TM) SE Runtime Environment (20.0.1+9) (build 20.0.1+9-29)
# Java VM: Java HotSpot(TM) 64-Bit Server VM (20.0.1+9-29, mixed mode, tiered, compressed oops, compressed class ptrs, g1 gc, windows-amd64)
# No core dump will be written. Minidumps are not enabled by default on client versions of Windows
#

---------------  S U M M A R Y ------------

Command Line: -Dfile.encoding=UTF-8 --module-path=C:\Users\HP\Documents\NetBeansProjects\project\build\classes project.Book

Host: AMD Ryzen 3 3300U with Radeon Vega Mobile Gfx  , 4 cores, 3G,  Windows 11 , 64 bit Build 22621 (10.0.22621.1928)
Time: Sat Aug  5 19:51:18 2023 India Standard Time elapsed time: 0.471405 seconds (0d 0h 0m 0s)

---------------  T H R E A D  ---------------

Current thread (0x0000029541d038b0):  JavaThread "main" [_thread_in_vm, id=15284, stack(0x000000e819100000,0x000000e819200000)]

Stack: [0x000000e819100000,0x000000e819200000]
Native frames: (J=compiled Java code, j=interpreted, Vv=VM code, C=native code)
V  [jvm.dll+0x6bb95a]
V  [jvm.dll+0x8485fa]
V  [jvm.dll+0x84a1f5]
V  [jvm.dll+0x84a8f3]
V  [jvm.dll+0x280b0f]
V  [jvm.dll+0x84453b]
V  [jvm.dll+0x65fd86]
V  [jvm.dll+0x1eb4e7]
V  [jvm.dll+0x6627a2]
V  [jvm.dll+0x66258e]
V  [jvm.dll+0x66079e]
V  [jvm.dll+0x3c366f]
V  [jvm.dll+0x21353b]
V  [jvm.dll+0x59c296]
V  [jvm.dll+0x222d6a]
V  [jvm.dll+0x7c2cb4]
V  [jvm.dll+0x7c3dff]
V  [jvm.dll+0x7c43af]
V  [jvm.dll+0x7c4058]
V  [jvm.dll+0x27024b]
V  [jvm.dll+0x3d8ad6]
C  0x0000029552adf967

Java frames: (J=compiled Java code, j=interpreted, Vv=VM code)
j  jdk.internal.module.ServicesCatalog.register(Ljava/lang/Module;)V+60 java.base@20.0.1
j  java.lang.Module.defineModules(Ljava/lang/module/Configuration;Ljava/util/function/Function;Ljava/lang/ModuleLayer;)Ljava/util/Map;+747 java.base@20.0.1
j  java.lang.ModuleLayer.<init>(Ljava/lang/module/Configuration;Ljava/util/List;Ljava/util/function/Function;)V+34 java.base@20.0.1
j  java.lang.ModuleLayer.defineModules(Ljava/lang/module/Configuration;Ljava/util/List;Ljava/util/function/Function;)Ljava/lang/ModuleLayer$Controller;+36 java.base@20.0.1
j  java.lang.ModuleLayer.defineModules(Ljava/lang/module/Configuration;Ljava/util/function/Function;)Ljava/lang/ModuleLayer;+6 java.base@20.0.1
j  jdk.internal.module.ModuleBootstrap.boot2()Ljava/lang/ModuleLayer;+1207 java.base@20.0.1
j  jdk.internal.module.ModuleBootstrap.boot()Ljava/lang/ModuleLayer;+64 java.base@20.0.1
j  java.lang.System.initPhase2(ZZ)I+0 java.base@20.0.1
v  ~StubRoutines::call_stub 0x0000029552ab100d

---------------  P R O C E S S  ---------------

Threads class SMR info:
_java_thread_list=0x00000295045ac820, length=10, elements={
0x0000029541d038b0, 0x00000295001e2900, 0x00000295001e5850, 0x00000295001fbbb0,
0x00000295001fc4f0, 0x00000295001fce30, 0x00000295001fe320, 0x00000295001ebd80,
0x00000295001f0670, 0x00000295044bdbe0
}

Java Threads: ( => current thread )
=>0x0000029541d038b0 JavaThread "main" [_thread_in_vm, id=15284, stack(0x000000e819100000,0x000000e819200000)]
  0x00000295001e2900 JavaThread "Reference Handler" daemon [_thread_blocked, id=2528, stack(0x000000e819800000,0x000000e819900000)]
  0x00000295001e5850 JavaThread "Finalizer" daemon [_thread_blocked, id=8608, stack(0x000000e819900000,0x000000e819a00000)]
  0x00000295001fbbb0 JavaThread "Signal Dispatcher" daemon [_thread_blocked, id=2408, stack(0x000000e819a00000,0x000000e819b00000)]
  0x00000295001fc4f0 JavaThread "Attach Listener" daemon [_thread_blocked, id=16864, stack(0x000000e819b00000,0x000000e819c00000)]
  0x00000295001fce30 JavaThread "Service Thread" daemon [_thread_blocked, id=15880, stack(0x000000e819c00000,0x000000e819d00000)]
  0x00000295001fe320 JavaThread "Monitor Deflation Thread" daemon [_thread_blocked, id=14432, stack(0x000000e819d00000,0x000000e819e00000)]
  0x00000295001ebd80 JavaThread "C2 CompilerThread0" daemon [_thread_blocked, id=18172, stack(0x000000e819e00000,0x000000e819f00000)]
  0x00000295001f0670 JavaThread "C1 CompilerThread0" daemon [_thread_blocked, id=18652, stack(0x000000e819f00000,0x000000e81a000000)]
  0x00000295044bdbe0 JavaThread "Common-Cleaner" daemon [_thread_blocked, id=15720, stack(0x000000e81a000000,0x000000e81a100000)]

Other Threads:
  0x0000029500137810 VMThread "VM Thread" [stack: 0x000000e819700000,0x000000e819800000] [id=16552]
  0x0000029541d41f00 WorkerThread "GC Thread#0" [stack: 0x000000e819200000,0x000000e819300000] [id=9872]
  0x0000029541d4a600 ConcurrentGCThread "G1 Main Marker" [stack: 0x000000e819300000,0x000000e819400000] [id=8320]
  0x0000029541d4c080 WorkerThread "G1 Conc#0" [stack: 0x000000e819400000,0x000000e819500000] [id=10108]
  0x0000029541d9f130 ConcurrentGCThread "G1 Refine#0" [stack: 0x000000e819500000,0x000000e819600000] [id=696]
  0x0000029541d9fa70 ConcurrentGCThread "G1 Service" [stack: 0x000000e819600000,0x000000e819700000] [id=19360]

Threads with active compile tasks:

VM state: not at safepoint (normal execution)

VM Mutex/Monitor currently owned by a thread:  ([mutex/lock_event])
[0x0000029541cba220] Metaspace_lock - owner thread: 0x0000029541d038b0

Heap address: 0x00000000c8c00000, size: 884 MB, Compressed Oops mode: 32-bit

CDS archive(s) not mapped
Compressed class space mapped at: 0x0000000100000000-0x0000000140000000, reserved size: 1073741824
Narrow klass base: 0x0000000000000000, Narrow klass shift: 3, Narrow klass range: 0x140000000

GC Precious Log:
 CardTable entry size: 512
 Card Set container configuration: InlinePtr #cards 5 size 8 Array Of Cards #cards 12 size 40 Howl #buckets 4 coarsen threshold 1843 Howl Bitmap #cards 512 size 80 coarsen threshold 460 Card regions per heap region 1 cards per card region 2048
 CPUs: 4 total, 4 available
 Memory: 3530M
 Large Page Support: Disabled
 NUMA Support: Disabled
 Compressed Oops: Enabled (32-bit)
 Heap Region Size: 1M
 Heap Min Capacity: 8M
 Heap Initial Capacity: 56M
 Heap Max Capacity: 884M
 Pre-touch: Disabled
 Parallel Workers: 4
 Concurrent Workers: 1
 Concurrent Refinement Workers: 4
 Periodic GC: Disabled

Heap:
 garbage-first heap   total 57344K, used 2048K [0x00000000c8c00000, 0x0000000100000000)
  region size 1024K, 3 young (3072K), 0 survivors (0K)
 Metaspace       used 6120K, committed 6208K, reserved 1114112K
  class space    used 509K, committed 512K, reserved 1048576K

Heap Regions: E=young(eden), S=young(survivor), O=old, HS=humongous(starts), HC=humongous(continues), CS=collection set, F=free, OA=open archive, CA=closed archive, TAMS=top-at-mark-start, PB=parsable bottom
|   0|0x00000000c8c00000, 0x00000000c8c00000, 0x00000000c8d00000|  0%| F|  |TAMS 0x00000000c8c00000| PB 0x00000000c8c00000| Untracked 
|   1|0x00000000c8d00000, 0x00000000c8d00000, 0x00000000c8e00000|  0%| F|  |TAMS 0x00000000c8d00000| PB 0x00000000c8d00000| Untracked 
|   2|0x00000000c8e00000, 0x00000000c8e00000, 0x00000000c8f00000|  0%| F|  |TAMS 0x00000000c8e00000| PB 0x00000000c8e00000| Untracked 
|   3|0x00000000c8f00000, 0x00000000c8f00000, 0x00000000c9000000|  0%| F|  |TAMS 0x00000000c8f00000| PB 0x00000000c8f00000| Untracked 
|   4|0x00000000c9000000, 0x00000000c9000000, 0x00000000c9100000|  0%| F|  |TAMS 0x00000000c9000000| PB 0x00000000c9000000| Untracked 
|   5|0x00000000c9100000, 0x00000000c9100000, 0x00000000c9200000|  0%| F|  |TAMS 0x00000000c9100000| PB 0x00000000c9100000| Untracked 
|   6|0x00000000c9200000, 0x00000000c9200000, 0x00000000c9300000|  0%| F|  |TAMS 0x00000000c9200000| PB 0x00000000c9200000| Untracked 
|   7|0x00000000c9300000, 0x00000000c9300000, 0x00000000c9400000|  0%| F|  |TAMS 0x00000000c9300000| PB 0x00000000c9300000| Untracked 
|   8|0x00000000c9400000, 0x00000000c9400000, 0x00000000c9500000|  0%| F|  |TAMS 0x00000000c9400000| PB 0x00000000c9400000| Untracked 
|   9|0x00000000c9500000, 0x00000000c9500000, 0x00000000c9600000|  0%| F|  |TAMS 0x00000000c9500000| PB 0x00000000c9500000| Untracked 
|  10|0x00000000c9600000, 0x00000000c9600000, 0x00000000c9700000|  0%| F|  |TAMS 0x00000000c9600000| PB 0x00000000c9600000| Untracked 
|  11|0x00000000c9700000, 0x00000000c9700000, 0x00000000c9800000|  0%| F|  |TAMS 0x00000000c9700000| PB 0x00000000c9700000| Untracked 
|  12|0x00000000c9800000, 0x00000000c9800000, 0x00000000c9900000|  0%| F|  |TAMS 0x00000000c9800000| PB 0x00000000c9800000| Untracked 
|  13|0x00000000c9900000, 0x00000000c9900000, 0x00000000c9a00000|  0%| F|  |TAMS 0x00000000c9900000| PB 0x00000000c9900000| Untracked 
|  14|0x00000000c9a00000, 0x00000000c9a00000, 0x00000000c9b00000|  0%| F|  |TAMS 0x00000000c9a00000| PB 0x00000000c9a00000| Untracked 
|  15|0x00000000c9b00000, 0x00000000c9b00000, 0x00000000c9c00000|  0%| F|  |TAMS 0x00000000c9b00000| PB 0x00000000c9b00000| Untracked 
|  16|0x00000000c9c00000, 0x00000000c9c00000, 0x00000000c9d00000|  0%| F|  |TAMS 0x00000000c9c00000| PB 0x00000000c9c00000| Untracked 
|  17|0x00000000c9d00000, 0x00000000c9d00000, 0x00000000c9e00000|  0%| F|  |TAMS 0x00000000c9d00000| PB 0x00000000c9d00000| Untracked 
|  18|0x00000000c9e00000, 0x00000000c9e00000, 0x00000000c9f00000|  0%| F|  |TAMS 0x00000000c9e00000| PB 0x00000000c9e00000| Untracked 
|  19|0x00000000c9f00000, 0x00000000c9f00000, 0x00000000ca000000|  0%| F|  |TAMS 0x00000000c9f00000| PB 0x00000000c9f00000| Untracked 
|  20|0x00000000ca000000, 0x00000000ca000000, 0x00000000ca100000|  0%| F|  |TAMS 0x00000000ca000000| PB 0x00000000ca000000| Untracked 
|  21|0x00000000ca100000, 0x00000000ca100000, 0x00000000ca200000|  0%| F|  |TAMS 0x00000000ca100000| PB 0x00000000ca100000| Untracked 
|  22|0x00000000ca200000, 0x00000000ca200000, 0x00000000ca300000|  0%| F|  |TAMS 0x00000000ca200000| PB 0x00000000ca200000| Untracked 
|  23|0x00000000ca300000, 0x00000000ca300000, 0x00000000ca400000|  0%| F|  |TAMS 0x00000000ca300000| PB 0x00000000ca300000| Untracked 
|  24|0x00000000ca400000, 0x00000000ca400000, 0x00000000ca500000|  0%| F|  |TAMS 0x00000000ca400000| PB 0x00000000ca400000| Untracked 
|  25|0x00000000ca500000, 0x00000000ca500000, 0x00000000ca600000|  0%| F|  |TAMS 0x00000000ca500000| PB 0x00000000ca500000| Untracked 
|  26|0x00000000ca600000, 0x00000000ca600000, 0x00000000ca700000|  0%| F|  |TAMS 0x00000000ca600000| PB 0x00000000ca600000| Untracked 
|  27|0x00000000ca700000, 0x00000000ca700000, 0x00000000ca800000|  0%| F|  |TAMS 0x00000000ca700000| PB 0x00000000ca700000| Untracked 
|  28|0x00000000ca800000, 0x00000000ca800000, 0x00000000ca900000|  0%| F|  |TAMS 0x00000000ca800000| PB 0x00000000ca800000| Untracked 
|  29|0x00000000ca900000, 0x00000000ca900000, 0x00000000caa00000|  0%| F|  |TAMS 0x00000000ca900000| PB 0x00000000ca900000| Untracked 
|  30|0x00000000caa00000, 0x00000000caa00000, 0x00000000cab00000|  0%| F|  |TAMS 0x00000000caa00000| PB 0x00000000caa00000| Untracked 
|  31|0x00000000cab00000, 0x00000000cab00000, 0x00000000cac00000|  0%| F|  |TAMS 0x00000000cab00000| PB 0x00000000cab00000| Untracked 
|  32|0x00000000cac00000, 0x00000000cac00000, 0x00000000cad00000|  0%| F|  |TAMS 0x00000000cac00000| PB 0x00000000cac00000| Untracked 
|  33|0x00000000cad00000, 0x00000000cad00000, 0x00000000cae00000|  0%| F|  |TAMS 0x00000000cad00000| PB 0x00000000cad00000| Untracked 
|  34|0x00000000cae00000, 0x00000000cae00000, 0x00000000caf00000|  0%| F|  |TAMS 0x00000000cae00000| PB 0x00000000cae00000| Untracked 
|  35|0x00000000caf00000, 0x00000000caf00000, 0x00000000cb000000|  0%| F|  |TAMS 0x00000000caf00000| PB 0x00000000caf00000| Untracked 
|  36|0x00000000cb000000, 0x00000000cb000000, 0x00000000cb100000|  0%| F|  |TAMS 0x00000000cb000000| PB 0x00000000cb000000| Untracked 
|  37|0x00000000cb100000, 0x00000000cb100000, 0x00000000cb200000|  0%| F|  |TAMS 0x00000000cb100000| PB 0x00000000cb100000| Untracked 
|  38|0x00000000cb200000, 0x00000000cb200000, 0x00000000cb300000|  0%| F|  |TAMS 0x00000000cb200000| PB 0x00000000cb200000| Untracked 
|  39|0x00000000cb300000, 0x00000000cb300000, 0x00000000cb400000|  0%| F|  |TAMS 0x00000000cb300000| PB 0x00000000cb300000| Untracked 
|  40|0x00000000cb400000, 0x00000000cb400000, 0x00000000cb500000|  0%| F|  |TAMS 0x00000000cb400000| PB 0x00000000cb400000| Untracked 
|  41|0x00000000cb500000, 0x00000000cb500000, 0x00000000cb600000|  0%| F|  |TAMS 0x00000000cb500000| PB 0x00000000cb500000| Untracked 
|  42|0x00000000cb600000, 0x00000000cb600000, 0x00000000cb700000|  0%| F|  |TAMS 0x00000000cb600000| PB 0x00000000cb600000| Untracked 
|  43|0x00000000cb700000, 0x00000000cb700000, 0x00000000cb800000|  0%| F|  |TAMS 0x00000000cb700000| PB 0x00000000cb700000| Untracked 
|  44|0x00000000cb800000, 0x00000000cb800000, 0x00000000cb900000|  0%| F|  |TAMS 0x00000000cb800000| PB 0x00000000cb800000| Untracked 
|  45|0x00000000cb900000, 0x00000000cb900000, 0x00000000cba00000|  0%| F|  |TAMS 0x00000000cb900000| PB 0x00000000cb900000| Untracked 
|  46|0x00000000cba00000, 0x00000000cba00000, 0x00000000cbb00000|  0%| F|  |TAMS 0x00000000cba00000| PB 0x00000000cba00000| Untracked 
|  47|0x00000000cbb00000, 0x00000000cbb00000, 0x00000000cbc00000|  0%| F|  |TAMS 0x00000000cbb00000| PB 0x00000000cbb00000| Untracked 
|  48|0x00000000cbc00000, 0x00000000cbc00000, 0x00000000cbd00000|  0%| F|  |TAMS 0x00000000cbc00000| PB 0x00000000cbc00000| Untracked 
|  49|0x00000000cbd00000, 0x00000000cbd00000, 0x00000000cbe00000|  0%| F|  |TAMS 0x00000000cbd00000| PB 0x00000000cbd00000| Untracked 
|  50|0x00000000cbe00000, 0x00000000cbe00000, 0x00000000cbf00000|  0%| F|  |TAMS 0x00000000cbe00000| PB 0x00000000cbe00000| Untracked 
|  51|0x00000000cbf00000, 0x00000000cbf00000, 0x00000000cc000000|  0%| F|  |TAMS 0x00000000cbf00000| PB 0x00000000cbf00000| Untracked 
|  52|0x00000000cc000000, 0x00000000cc000000, 0x00000000cc100000|  0%| F|  |TAMS 0x00000000cc000000| PB 0x00000000cc000000| Untracked 
|  53|0x00000000cc100000, 0x00000000cc143108, 0x00000000cc200000| 26%| E|  |TAMS 0x00000000cc100000| PB 0x00000000cc100000| Complete 
|  54|0x00000000cc200000, 0x00000000cc300000, 0x00000000cc300000|100%| E|CS|TAMS 0x00000000cc200000| PB 0x00000000cc200000| Complete 
|  55|0x00000000cc300000, 0x00000000cc400000, 0x00000000cc400000|100%| E|CS|TAMS 0x00000000cc300000| PB 0x00000000cc300000| Complete 

Card table byte_map: [0x000002955ad60000,0x000002955af20000] _byte_map_base: 0x000002955a71a000

Marking Bits: (CMBitMap*) 0x0000029541d42530
 Bits: [0x000002955b0e0000, 0x000002955beb0000)

Polling page: 0x0000029541b90000

Metaspace:

Usage:
  Non-class:      5.48 MB used.
      Class:    509.51 KB used.
       Both:      5.98 MB used.

Virtual space:
  Non-class space:       64.00 MB reserved,       5.56 MB (  9%) committed,  1 nodes.
      Class space:        1.00 GB reserved,     512.00 KB ( <1%) committed,  1 nodes.
             Both:        1.06 GB reserved,       6.06 MB ( <1%) committed. 

Chunk freelists:
   Non-Class:  2.50 MB
       Class:  3.25 MB
        Both:  5.75 MB

MaxMetaspaceSize: unlimited
CompressedClassSpaceSize: 1.00 GB
Initial GC threshold: 21.00 MB
Current GC threshold: 21.00 MB
CDS: off
MetaspaceReclaimPolicy: balanced
 - commit_granule_bytes: 65536.
 - commit_granule_words: 8192.
 - virtual_space_node_default_size: 8388608.
 - enlarge_chunks_in_place: 1.
 - new_chunks_are_fully_committed: 0.
 - uncommit_free_chunks: 1.
 - use_allocation_guard: 0.


Internal statistics:

num_allocs_failed_limit: 0.
num_arena_births: 6.
num_arena_deaths: 0.
num_vsnodes_births: 2.
num_vsnodes_deaths: 0.
num_space_committed: 97.
num_space_uncommitted: 0.
num_chunks_returned_to_freelist: 0.
num_chunks_taken_from_freelist: 16.
num_chunk_merges: 0.
num_chunk_splits: 6.
num_chunks_enlarged: 2.
num_inconsistent_stats: 0.

CodeHeap 'non-profiled nmethods': size=120000Kb used=66Kb max_used=66Kb free=119933Kb
 bounds [0x0000029553050000, 0x00000295532c0000, 0x000002955a580000]
CodeHeap 'profiled nmethods': size=120000Kb used=211Kb max_used=211Kb free=119788Kb
 bounds [0x000002954b580000, 0x000002954b7f0000, 0x0000029552ab0000]
CodeHeap 'non-nmethods': size=5760Kb used=1314Kb max_used=1330Kb free=4445Kb
 bounds [0x0000029552ab0000, 0x0000029552d20000, 0x0000029553050000]
 total_blobs=580 nmethods=204 adapters=287
 compilation: enabled
              stopped_count=0, restarted_count=0
 full_count=0

Compilation events (20 events):
Event: 0.458 Thread 0x00000295001f0670  193       3       java.util.Optional::ofNullable (19 bytes)
Event: 0.458 Thread 0x00000295001f0670 nmethod 193 0x000002954b5b2a90 code [0x000002954b5b2c20, 0x000002954b5b2ed8]
Event: 0.458 Thread 0x00000295001f0670  194       3       java.lang.StringBuilder::append (8 bytes)
Event: 0.458 Thread 0x00000295001f0670 nmethod 194 0x000002954b5b3010 code [0x000002954b5b31a0, 0x000002954b5b32e8]
Event: 0.459 Thread 0x00000295001f0670  195       3       java.lang.AbstractStringBuilder::append (45 bytes)
Event: 0.459 Thread 0x00000295001f0670 nmethod 195 0x000002954b5b3390 code [0x000002954b5b3580, 0x000002954b5b3aa0]
Event: 0.459 Thread 0x00000295001f0670  196       1       java.lang.module.ModuleDescriptor$Version::toString (5 bytes)
Event: 0.459 Thread 0x00000295001f0670 nmethod 196 0x000002955305e110 code [0x000002955305e280, 0x000002955305e348]
Event: 0.459 Thread 0x00000295001f0670  197       3       java.lang.module.ResolvedModule::name (11 bytes)
Event: 0.459 Thread 0x00000295001f0670 nmethod 197 0x000002954b5b3d10 code [0x000002954b5b3ea0, 0x000002954b5b4000]
Event: 0.460 Thread 0x00000295001f0670  199       3       java.util.HashMap::<init> (11 bytes)
Event: 0.460 Thread 0x00000295001f0670 nmethod 199 0x000002954b5b4110 code [0x000002954b5b42a0, 0x000002954b5b4470]
Event: 0.461 Thread 0x00000295001f0670  200       3       java.util.HashSet::<init> (16 bytes)
Event: 0.461 Thread 0x00000295001f0670 nmethod 200 0x000002954b5b4590 code [0x000002954b5b4740, 0x000002954b5b4b48]
Event: 0.462 Thread 0x00000295001f0670  202       1       java.lang.module.ModuleDescriptor::isOpen (5 bytes)
Event: 0.462 Thread 0x00000295001f0670 nmethod 202 0x000002955305e810 code [0x000002955305e980, 0x000002955305ea50]
Event: 0.462 Thread 0x00000295001f0670  203       1       java.lang.module.ResolvedModule::configuration (5 bytes)
Event: 0.462 Thread 0x00000295001f0670 nmethod 203 0x000002955305eb10 code [0x000002955305ec80, 0x000002955305ed48]
Event: 0.462 Thread 0x00000295001f0670  204       1       java.util.HashMap::size (5 bytes)
Event: 0.462 Thread 0x00000295001f0670 nmethod 204 0x000002955305ee10 code [0x000002955305ef80, 0x000002955305f048]

GC Heap History (0 events):
No events

Dll operation events (4 events):
Event: 0.058 Loaded shared library C:\Program Files\Java\jdk-20\bin\java.dll
Event: 0.160 Loaded shared library C:\Program Files\Java\jdk-20\bin\jsvml.dll
Event: 0.428 Loaded shared library C:\Program Files\Java\jdk-20\bin\net.dll
Event: 0.431 Loaded shared library C:\Program Files\Java\jdk-20\bin\nio.dll

Deoptimization events (0 events):
No events

Classes loaded (20 events):
Event: 0.439 Loading class java/util/Collections$UnmodifiableCollection$1 done
Event: 0.439 Loading class java/lang/ModuleLayer
Event: 0.440 Loading class java/lang/ModuleLayer done
Event: 0.441 Loading class java/util/LinkedHashSet
Event: 0.441 Loading class java/util/LinkedHashSet done
Event: 0.441 Loading class java/util/LinkedHashMap
Event: 0.442 Loading class java/util/LinkedHashMap done
Event: 0.443 Loading class jdk/internal/module/ModuleReferenceImpl$CachedHash
Event: 0.443 Loading class jdk/internal/module/ModuleReferenceImpl$CachedHash done
Event: 0.443 Loading class java/lang/module/ResolvedModule
Event: 0.443 Loading class java/lang/module/ResolvedModule done
Event: 0.451 Loading class jdk/internal/module/ModuleLoaderMap
Event: 0.451 Loading class jdk/internal/module/ModuleLoaderMap done
Event: 0.452 Loading class jdk/internal/module/ModuleLoaderMap$Mapper
Event: 0.452 Loading class jdk/internal/module/ModuleLoaderMap$Mapper done
Event: 0.452 Loading class jdk/internal/module/ModuleLoaderMap$Modules
Event: 0.452 Loading class jdk/internal/module/ModuleLoaderMap$Modules done
Event: 0.462 Loading class jdk/internal/loader/AbstractClassLoaderValue$Memoizer
Event: 0.462 Loading class jdk/internal/loader/AbstractClassLoaderValue$Memoizer done
Event: 0.462 Loading class jdk/internal/module/ServicesCatalog$ServiceProvider

Classes unloaded (0 events):
No events

Classes redefined (0 events):
No events

Internal exceptions (3 events):
Event: 0.434 Thread 0x0000029541d038b0 Exception <a 'sun/nio/fs/WindowsException'{0x00000000cc29bd90}> (0x00000000cc29bd90) 
thrown [s\open\src\hotspot\share\prims\jni.cpp, line 519]
Event: 0.437 Thread 0x0000029541d038b0 Exception <a 'sun/nio/fs/WindowsException'{0x00000000cc29e0b0}> (0x00000000cc29e0b0) 
thrown [s\open\src\hotspot\share\prims\jni.cpp, line 519]
Event: 0.438 Thread 0x0000029541d038b0 Exception <a 'sun/nio/fs/WindowsException'{0x00000000cc29eaf8}> (0x00000000cc29eaf8) 
thrown [s\open\src\hotspot\share\prims\jni.cpp, line 519]

VM Operations (2 events):
Event: 0.442 Executing VM operation: HandshakeAllThreads
Event: 0.442 Executing VM operation: HandshakeAllThreads done

Events (10 events):
Event: 0.161 Thread 0x0000029541d038b0 Thread added: 0x0000029541d038b0
Event: 0.227 Thread 0x00000295001e2900 Thread added: 0x00000295001e2900
Event: 0.227 Thread 0x00000295001e5850 Thread added: 0x00000295001e5850
Event: 0.230 Thread 0x00000295001fbbb0 Thread added: 0x00000295001fbbb0
Event: 0.230 Thread 0x00000295001fc4f0 Thread added: 0x00000295001fc4f0
Event: 0.230 Thread 0x00000295001fce30 Thread added: 0x00000295001fce30
Event: 0.230 Thread 0x00000295001fe320 Thread added: 0x00000295001fe320
Event: 0.230 Thread 0x00000295001ebd80 Thread added: 0x00000295001ebd80
Event: 0.230 Thread 0x00000295001f0670 Thread added: 0x00000295001f0670
Event: 0.380 Thread 0x00000295044bdbe0 Thread added: 0x00000295044bdbe0


Dynamic libraries:
0x00007ff614b50000 - 0x00007ff614b60000 	C:\Program Files\Java\jdk-20\bin\java.exe
0x00007ffd102d0000 - 0x00007ffd104e4000 	C:\WINDOWS\SYSTEM32\ntdll.dll
0x00007ffd0ef00000 - 0x00007ffd0efc2000 	C:\WINDOWS\System32\KERNEL32.DLL
0x00007ffd0d920000 - 0x00007ffd0dcc3000 	C:\WINDOWS\System32\KERNELBASE.dll
0x00007ffd0aab0000 - 0x00007ffd0ab47000 	C:\WINDOWS\SYSTEM32\apphelp.dll
0x00007ffd0d6d0000 - 0x00007ffd0d7e1000 	C:\WINDOWS\System32\ucrtbase.dll
0x00007ffd08570000 - 0x00007ffd08589000 	C:\Program Files\Java\jdk-20\bin\jli.dll
0x00007ffd100a0000 - 0x00007ffd1014e000 	C:\WINDOWS\System32\ADVAPI32.dll
0x00007ffd0f2f0000 - 0x00007ffd0f397000 	C:\WINDOWS\System32\msvcrt.dll
0x00007ffd101e0000 - 0x00007ffd10284000 	C:\WINDOWS\System32\sechost.dll
0x00007ffd0ed50000 - 0x00007ffd0ee67000 	C:\WINDOWS\System32\RPCRT4.dll
0x00007ffcee0b0000 - 0x00007ffcee0cb000 	C:\Program Files\Java\jdk-20\bin\VCRUNTIME140.dll
0x00007ffd0fca0000 - 0x00007ffd0fe4a000 	C:\WINDOWS\System32\USER32.dll
0x00007ffd0e080000 - 0x00007ffd0e0a6000 	C:\WINDOWS\System32\win32u.dll
0x00007ffd0eca0000 - 0x00007ffd0ecc9000 	C:\WINDOWS\System32\GDI32.dll
0x00007ffd0dcd0000 - 0x00007ffd0dde9000 	C:\WINDOWS\System32\gdi32full.dll
0x00007ffd0df60000 - 0x00007ffd0dffa000 	C:\WINDOWS\System32\msvcp_win.dll
0x00007ffcf3d40000 - 0x00007ffcf3fce000 	C:\WINDOWS\WinSxS\amd64_microsoft.windows.common-controls_6595b64144ccf1df_6.0.22621.1635_none_270f70857386168e\COMCTL32.dll
0x00007ffd05c20000 - 0x00007ffd05c2a000 	C:\WINDOWS\SYSTEM32\VERSION.dll
0x00007ffd0f590000 - 0x00007ffd0f5c1000 	C:\WINDOWS\System32\IMM32.DLL
0x00007ffcfd120000 - 0x00007ffcfd12c000 	C:\Program Files\Java\jdk-20\bin\vcruntime140_1.dll
0x00007ffcd8cb0000 - 0x00007ffcd8d3e000 	C:\Program Files\Java\jdk-20\bin\msvcp140.dll
0x00007ffc930b0000 - 0x00007ffc93d47000 	C:\Program Files\Java\jdk-20\bin\server\jvm.dll
0x00007ffcf39d0000 - 0x00007ffcf39d9000 	C:\WINDOWS\SYSTEM32\WSOCK32.dll
0x00007ffd10160000 - 0x00007ffd101d1000 	C:\WINDOWS\System32\WS2_32.dll
0x00007ffd07720000 - 0x00007ffd07754000 	C:\WINDOWS\SYSTEM32\WINMM.dll
0x00007ffd0c6f0000 - 0x00007ffd0c708000 	C:\WINDOWS\SYSTEM32\kernel.appcore.dll
0x00007ffcfaa30000 - 0x00007ffcfaa3a000 	C:\Program Files\Java\jdk-20\bin\jimage.dll
0x00007ffcfcc60000 - 0x00007ffcfce8e000 	C:\WINDOWS\SYSTEM32\DBGHELP.DLL
0x00007ffd0e0b0000 - 0x00007ffd0e439000 	C:\WINDOWS\System32\combase.dll
0x00007ffd0f1b0000 - 0x00007ffd0f287000 	C:\WINDOWS\System32\OLEAUT32.dll
0x00007ffcfca00000 - 0x00007ffcfca32000 	C:\WINDOWS\SYSTEM32\dbgcore.DLL
0x00007ffd0e000000 - 0x00007ffd0e07a000 	C:\WINDOWS\System32\bcryptPrimitives.dll
0x00007ffcdbd10000 - 0x00007ffcdbd36000 	C:\Program Files\Java\jdk-20\bin\java.dll
0x00007ffcb73d0000 - 0x00007ffcb74a7000 	C:\Program Files\Java\jdk-20\bin\jsvml.dll
0x00007ffd0e440000 - 0x00007ffd0ec39000 	C:\WINDOWS\System32\SHELL32.dll
0x00007ffd0b670000 - 0x00007ffd0bf3e000 	C:\WINDOWS\SYSTEM32\windows.storage.dll
0x00007ffd0b530000 - 0x00007ffd0b66e000 	C:\WINDOWS\SYSTEM32\wintypes.dll
0x00007ffd0f720000 - 0x00007ffd0f811000 	C:\WINDOWS\System32\SHCORE.dll
0x00007ffd0f290000 - 0x00007ffd0f2ee000 	C:\WINDOWS\System32\shlwapi.dll
0x00007ffd0d600000 - 0x00007ffd0d626000 	C:\WINDOWS\SYSTEM32\profapi.dll
0x00007ffce1e80000 - 0x00007ffce1e93000 	C:\Program Files\Java\jdk-20\bin\net.dll
0x00007ffd06660000 - 0x00007ffd06797000 	C:\WINDOWS\SYSTEM32\WINHTTP.dll
0x00007ffd0cb90000 - 0x00007ffd0cbf9000 	C:\WINDOWS\system32\mswsock.dll
0x00007ffcdcaa0000 - 0x00007ffcdcab6000 	C:\Program Files\Java\jdk-20\bin\nio.dll

dbghelp: loaded successfully - version: 4.0.5 - missing functions: none
symbol engine: initialized successfully - sym options: 0x614 - pdb path: .;C:\Program Files\Java\jdk-20\bin;C:\WINDOWS\SYSTEM32;C:\WINDOWS\WinSxS\amd64_microsoft.windows.common-controls_6595b64144ccf1df_6.0.22621.1635_none_270f70857386168e;C:\Program Files\Java\jdk-20\bin\server

VM Arguments:
jvm_args: -Dfile.encoding=UTF-8 --module-path=C:\Users\HP\Documents\NetBeansProjects\project\build\classes 
java_command: project.Book
java_class_path (initial): C:\Users\HP\Documents\NetBeansProjects\project\lib\mysql-connector-j-8.0.32.zip;C:\Users\HP\Documents\NetBeansProjects\project\lib\mysql-connector-j-8.0.32.jar;C:\Users\HP\Documents\NetBeansProjects\project\build\classes
Launcher Type: SUN_STANDARD

[Global flags]
     intx CICompilerCount                          = 3                                         {product} {ergonomic}
     uint ConcGCThreads                            = 1                                         {product} {ergonomic}
     uint G1ConcRefinementThreads                  = 4                                         {product} {ergonomic}
   size_t G1HeapRegionSize                         = 1048576                                   {product} {ergonomic}
    uintx GCDrainStackTargetSize                   = 64                                        {product} {ergonomic}
   size_t InitialHeapSize                          = 58720256                                  {product} {ergonomic}
   size_t MarkStackSize                            = 4194304                                   {product} {ergonomic}
   size_t MaxHeapSize                              = 926941184                                 {product} {ergonomic}
   size_t MaxNewSize                               = 555745280                                 {product} {ergonomic}
   size_t MinHeapDeltaBytes                        = 1048576                                   {product} {ergonomic}
   size_t MinHeapSize                              = 8388608                                   {product} {ergonomic}
    uintx NonNMethodCodeHeapSize                   = 5832780                                {pd product} {ergonomic}
    uintx NonProfiledCodeHeapSize                  = 122912730                              {pd product} {ergonomic}
    uintx ProfiledCodeHeapSize                     = 122912730                              {pd product} {ergonomic}
    uintx ReservedCodeCacheSize                    = 251658240                              {pd product} {ergonomic}
     bool SegmentedCodeCache                       = true                                      {product} {ergonomic}
   size_t SoftMaxHeapSize                          = 926941184                              {manageable} {ergonomic}
     bool UseCompressedClassPointers               = true                           {product lp64_product} {ergonomic}
     bool UseCompressedOops                        = true                           {product lp64_product} {ergonomic}
     bool UseG1GC                                  = true                                      {product} {ergonomic}
     bool UseLargePagesIndividualAllocation        = false                                  {pd product} {ergonomic}

Logging:
Log output configuration:
 #0: stdout all=warning uptime,level,tags foldmultilines=false
 #1: stderr all=off uptime,level,tags foldmultilines=false

Environment Variables:
JAVA_HOME=C:\Program Files\Java\jdk-20
PATH=C:\Program Files\Common Files\Oracle\Java\javapath;C:\Python311\Scripts\;C:\Python311\;C:\WINDOWS\system32;C:\WINDOWS;C:\WINDOWS\System32\Wbem;C:\WINDOWS\System32\WindowsPowerShell\v1.0\;C:\WINDOWS\System32\OpenSSH\;C:\ProgramData\chocolatey\bin;C:\Program Files\MySQL\MySQL Server 8.0\bin;C:\Program Files\Java\jdk-20\bin;C:\Program Files\Common Files\Oracle\Java\javapath;C:\Program Files\MySQL\MySQL Shell 8.0\bin\;C:\Users\HP\AppData\Local\Programs\Python\Python310\Scripts\;C:\Users\HP\AppData\Local\Programs\Python\Python310\;C:\Users\HP\AppData\Local\Microsoft\WindowsApps;C:\Users\HP\AppData\Local\Programs\Microsoft VS Code\bin;C:\MinGW\bin;C:\kotlinc\bin;C:\Users\HP\AppData\Local\Programs\MiKTeX\miktex\bin\x64\
USERNAME=harry sahani
OS=Windows_NT
PROCESSOR_IDENTIFIER=AMD64 Family 23 Model 24 Stepping 1, AuthenticAMD
TMP=C:\Users\HP\AppData\Local\Temp
TEMP=C:\Users\HP\AppData\Local\Temp




---------------  S Y S T E M  ---------------

OS:
 Windows 11 , 64 bit Build 22621 (10.0.22621.1928)
OS uptime: 22 days 0:12 hours
Hyper-V role detected

CPU: total 4 (initial active 4) (4 cores per cpu, 1 threads per core) family 23 model 24 stepping 1 microcode 0x0, cx8, cmov, fxsr, mmx, 3dnowpref, sse, sse2, sse3, ssse3, sse4a, sse4.1, sse4.2, popcnt, lzcnt, tsc, tscinvbit, avx, avx2, aes, clmul, bmi1, bmi2, adx, sha, fma, vzeroupper, clflush, clflushopt, hv, rdtscp, f16c

Memory: 4k page, system-wide physical 3530M (186M free)
TotalPageFile size 14282M (AvailPageFile size 2M)
current process WorkingSet (physical memory assigned to process): 33M, peak: 33M
current process commit charge ("private bytes"): 121M, peak: 121M

vm_info: Java HotSpot(TM) 64-Bit Server VM (20.0.1+9-29) for windows-amd64 JRE (20.0.1+9-29), built on 2023-03-07T13:56:11Z by "mach5one" with MS VC++ 17.1 (VS2022)

END.
