#
# There is insufficient memory for the Java Runtime Environment to continue.
# Native memory allocation (mmap) failed to map 22020096 bytes for G1 virtual space
# Possible reasons:
#   The system is out of physical RAM or swap space
#   The process is running with CompressedOops enabled, and the Java Heap may be blocking the growth of the native heap
# Possible solutions:
#   Reduce memory load on the system
#   Increase physical memory or swap space
#   Check if swap backing store is full
#   Decrease Java heap size (-Xmx/-Xms)
#   Decrease number of Java threads
#   Decrease Java thread stack sizes (-Xss)
#   Set larger code cache with -XX:ReservedCodeCacheSize=
#   JVM is running with Unscaled Compressed Oops mode in which the Java heap is
#     placed in the first 4GB address space. The Java Heap base address is the
#     maximum limit for the native heap growth. Please use -XX:HeapBaseMinAddress
#     to set the Java Heap base and to place the Java Heap above 4GB virtual address.
# This output file may be truncated or incomplete.
#
#  Out of Memory Error (os_windows.cpp:3528), pid=9928, tid=12424
#
# JRE version: Java(TM) SE Runtime Environment (20.0.1+9) (build 20.0.1+9-29)
# Java VM: Java HotSpot(TM) 64-Bit Server VM (20.0.1+9-29, mixed mode, sharing, tiered, compressed oops, compressed class ptrs, g1 gc, windows-amd64)
# No core dump will be written. Minidumps are not enabled by default on client versions of Windows
#

---------------  S U M M A R Y ------------

Command Line: -Dfile.encoding=UTF-8 --module-path=C:\Users\HP\Documents\NetBeansProjects\project\build\classes project.Dashboard

Host: AMD Ryzen 3 3300U with Radeon Vega Mobile Gfx  , 4 cores, 3G,  Windows 11 , 64 bit Build 22621 (10.0.22621.1928)
Time: Mon Aug  7 14:43:34 2023 India Standard Time elapsed time: 10.670635 seconds (0d 0h 0m 10s)

---------------  T H R E A D  ---------------

Current thread (0x000001aaadff68d0):  VMThread "VM Thread" [stack: 0x0000006792b00000,0x0000006792c00000] [id=12424]

Stack: [0x0000006792b00000,0x0000006792c00000]
Native frames: (J=compiled Java code, j=interpreted, Vv=VM code, C=native code)
V  [jvm.dll+0x6bb95a]
V  [jvm.dll+0x8485fa]
V  [jvm.dll+0x84a1f5]
V  [jvm.dll+0x84a8f3]
V  [jvm.dll+0x280b0f]
V  [jvm.dll+0x6b86e9]
V  [jvm.dll+0x6ad2da]
V  [jvm.dll+0x35adf5]
V  [jvm.dll+0x363016]
V  [jvm.dll+0x3b3b3e]
V  [jvm.dll+0x3b3dc5]
V  [jvm.dll+0x32b50a]
V  [jvm.dll+0x32e126]
V  [jvm.dll+0x3381ee]
V  [jvm.dll+0x371a5a]
V  [jvm.dll+0x85023e]
V  [jvm.dll+0x851351]
V  [jvm.dll+0x851859]
V  [jvm.dll+0x851ad3]
V  [jvm.dll+0x7f4b56]
V  [jvm.dll+0x6ba5cb]
C  [ucrtbase.dll+0x29363]
C  [KERNEL32.DLL+0x126ad]
C  [ntdll.dll+0x5aa68]

VM_Operation (0x00000067927ff570): G1PauseRemark, mode: safepoint, requested by thread 0x000001aaadf7e590


---------------  P R O C E S S  ---------------

Threads class SMR info:
_java_thread_list=0x000001aad1f10d40, length=17, elements={
0x000001aac86c1c60, 0x000001aac86c2db0, 0x000001aac86cb040, 0x000001aac86cd990,
0x000001aac86ce470, 0x000001aac86cf080, 0x000001aac86db670, 0x000001aac86fc670,
0x000001aacc937c30, 0x000001aacca05f40, 0x000001aaccbdfca0, 0x000001aaccbe34c0,
0x000001aaccbe7700, 0x000001aaccb030c0, 0x000001aad1c91850, 0x000001aad1c90db0,
0x000001aad1c92840
}

Java Threads: ( => current thread )
  0x000001aac86c1c60 JavaThread "Reference Handler" daemon [_thread_blocked, id=13648, stack(0x0000006792c00000,0x0000006792d00000)]
  0x000001aac86c2db0 JavaThread "Finalizer" daemon [_thread_blocked, id=10032, stack(0x0000006792d00000,0x0000006792e00000)]
  0x000001aac86cb040 JavaThread "Signal Dispatcher" daemon [_thread_blocked, id=7300, stack(0x0000006792e00000,0x0000006792f00000)]
  0x000001aac86cd990 JavaThread "Attach Listener" daemon [_thread_blocked, id=14276, stack(0x0000006792f00000,0x0000006793000000)]
  0x000001aac86ce470 JavaThread "Service Thread" daemon [_thread_blocked, id=6120, stack(0x0000006793000000,0x0000006793100000)]
  0x000001aac86cf080 JavaThread "Monitor Deflation Thread" daemon [_thread_blocked, id=12236, stack(0x0000006793100000,0x0000006793200000)]
  0x000001aac86db670 JavaThread "C2 CompilerThread0" daemon [_thread_blocked, id=7768, stack(0x0000006793200000,0x0000006793300000)]
  0x000001aac86fc670 JavaThread "C1 CompilerThread0" daemon [_thread_blocked, id=2400, stack(0x0000006793300000,0x0000006793400000)]
  0x000001aacc937c30 JavaThread "Common-Cleaner" daemon [_thread_blocked, id=5860, stack(0x0000006793400000,0x0000006793500000)]
  0x000001aacca05f40 JavaThread "Notification Thread" daemon [_thread_blocked, id=3328, stack(0x0000006793500000,0x0000006793600000)]
  0x000001aaccbdfca0 JavaThread "Java2D Disposer" daemon [_thread_blocked, id=2080, stack(0x0000006793700000,0x0000006793800000)]
  0x000001aaccbe34c0 JavaThread "AWT-Shutdown" [_thread_blocked, id=10000, stack(0x0000006793800000,0x0000006793900000)]
  0x000001aaccbe7700 JavaThread "AWT-Windows" daemon [_thread_in_native, id=14136, stack(0x0000006793900000,0x0000006793a00000)]
  0x000001aaccb030c0 JavaThread "AWT-EventQueue-0" [_thread_blocked, id=13416, stack(0x0000006794700000,0x0000006794800000)]
  0x000001aad1c91850 JavaThread "DestroyJavaVM" [_thread_blocked, id=3884, stack(0x0000006792500000,0x0000006792600000)]
  0x000001aad1c90db0 JavaThread "D3D Screen Updater" daemon [_thread_blocked, id=4016, stack(0x0000006794800000,0x0000006794900000)]
  0x000001aad1c92840 JavaThread "Image Fetcher 0" daemon [_thread_blocked, id=11628, stack(0x0000006794200000,0x0000006794300000)]

Other Threads:
=>0x000001aaadff68d0 VMThread "VM Thread" [stack: 0x0000006792b00000,0x0000006792c00000] [id=12424]
  0x000001aacca1b0a0 WatcherThread "VM Periodic Task Thread" [stack: 0x0000006793600000,0x0000006793700000] [id=11140]
  0x000001aaadf76800 WorkerThread "GC Thread#0" [stack: 0x0000006792600000,0x0000006792700000] [id=2012]
  0x000001aad37f7ca0 WorkerThread "GC Thread#1" [stack: 0x0000006794300000,0x0000006794400000] [id=2436]
  0x000001aad1d1f360 WorkerThread "GC Thread#2" [stack: 0x0000006794400000,0x0000006794500000] [id=9284]
  0x000001aad19208a0 WorkerThread "GC Thread#3" [stack: 0x0000006794500000,0x0000006794600000] [id=7660]
  0x000001aaadf7e590 ConcurrentGCThread "G1 Main Marker" [stack: 0x0000006792700000,0x0000006792800000] [id=11236]
  0x000001aaadf7f2c0 WorkerThread "G1 Conc#0" [stack: 0x0000006792800000,0x0000006792900000] [id=5220]
  0x000001aaadfd4b20 ConcurrentGCThread "G1 Refine#0" [stack: 0x0000006792900000,0x0000006792a00000] [id=13992]
  0x000001aaadfd55c0 ConcurrentGCThread "G1 Service" [stack: 0x0000006792a00000,0x0000006792b00000] [id=1588]

Threads with active compile tasks:

VM state: at safepoint (normal execution)

VM Mutex/Monitor currently owned by a thread:  ([mutex/lock_event])
[0x000001aaadf31d70] Threads_lock - owner thread: 0x000001aaadff68d0
[0x000001aaadf32700] Heap_lock - owner thread: 0x000001aaadf7e590

Heap address: 0x00000000c8c00000, size: 884 MB, Compressed Oops mode: 32-bit

CDS archive(s) mapped at: [0x0000000800000000-0x0000000800c60000-0x0000000800c60000), size 12976128, SharedBaseAddress: 0x0000000800000000, ArchiveRelocationMode: 0.
Compressed class space mapped at: 0x0000000801000000-0x0000000841000000, reserved size: 1073741824
Narrow klass base: 0x0000000800000000, Narrow klass shift: 0, Narrow klass range: 0x100000000

GC Precious Log:
 CardTable entry size: 512
 Card Set container configuration: InlinePtr #cards 5 size 8 Array Of Cards #cards 12 size 40 Howl #buckets 4 coarsen threshold 1843 Howl Bitmap #cards 512 size 80 coarsen threshold 460 Card regions per heap region 1 cards per card region 2048
 CPUs: 4 total, 4 available
 Memory: 3530M
 Large Page Support: Disabled
 NUMA Support: Disabled
 Compressed Oops: Enabled (32-bit)
 Heap Region Size: 1M
 Heap Min Capacity: 8M
 Heap Initial Capacity: 56M
 Heap Max Capacity: 884M
 Pre-touch: Disabled
 Parallel Workers: 4
 Concurrent Workers: 1
 Concurrent Refinement Workers: 4
 Periodic GC: Disabled

Heap:
 garbage-first heap   total 57344K, used 45168K [0x00000000c8c00000, 0x0000000100000000)
  region size 1024K, 2 young (2048K), 1 survivors (1024K)
 Metaspace       used 7677K, committed 7872K, reserved 1114112K
  class space    used 813K, committed 896K, reserved 1048576K

Heap Regions: E=young(eden), S=young(survivor), O=old, HS=humongous(starts), HC=humongous(continues), CS=collection set, F=free, OA=open archive, CA=closed archive, TAMS=top-at-mark-start, PB=parsable bottom
|   0|0x00000000c8c00000, 0x00000000c8d00000, 0x00000000c8d00000|100%|HS|  |TAMS 0x00000000c8d00000| PB 0x00000000c8c00000| Complete 
|   1|0x00000000c8d00000, 0x00000000c8e00000, 0x00000000c8e00000|100%|HS|  |TAMS 0x00000000c8e00000| PB 0x00000000c8d00000| Complete 
|   2|0x00000000c8e00000, 0x00000000c8f00000, 0x00000000c8f00000|100%|HC|  |TAMS 0x00000000c8f00000| PB 0x00000000c8e00000| Complete 
|   3|0x00000000c8f00000, 0x00000000c9000000, 0x00000000c9000000|100%|HC|  |TAMS 0x00000000c9000000| PB 0x00000000c8f00000| Complete 
|   4|0x00000000c9000000, 0x00000000c9100000, 0x00000000c9100000|100%|HC|  |TAMS 0x00000000c9100000| PB 0x00000000c9000000| Complete 
|   5|0x00000000c9100000, 0x00000000c9200000, 0x00000000c9200000|100%|HC|  |TAMS 0x00000000c9200000| PB 0x00000000c9100000| Complete 
|   6|0x00000000c9200000, 0x00000000c9300000, 0x00000000c9300000|100%|HC|  |TAMS 0x00000000c9300000| PB 0x00000000c9200000| Complete 
|   7|0x00000000c9300000, 0x00000000c9400000, 0x00000000c9400000|100%|HC|  |TAMS 0x00000000c9400000| PB 0x00000000c9300000| Complete 
|   8|0x00000000c9400000, 0x00000000c9500000, 0x00000000c9500000|100%|HC|  |TAMS 0x00000000c9500000| PB 0x00000000c9400000| Complete 
|   9|0x00000000c9500000, 0x00000000c9600000, 0x00000000c9600000|100%|HC|  |TAMS 0x00000000c9600000| PB 0x00000000c9500000| Complete 
|  10|0x00000000c9600000, 0x00000000c9700000, 0x00000000c9700000|100%|HC|  |TAMS 0x00000000c9700000| PB 0x00000000c9600000| Complete 
|  11|0x00000000c9700000, 0x00000000c9800000, 0x00000000c9800000|100%|HC|  |TAMS 0x00000000c9800000| PB 0x00000000c9700000| Complete 
|  12|0x00000000c9800000, 0x00000000c9900000, 0x00000000c9900000|100%|HC|  |TAMS 0x00000000c9900000| PB 0x00000000c9800000| Complete 
|  13|0x00000000c9900000, 0x00000000c9a00000, 0x00000000c9a00000|100%|HC|  |TAMS 0x00000000c9a00000| PB 0x00000000c9900000| Complete 
|  14|0x00000000c9a00000, 0x00000000c9b00000, 0x00000000c9b00000|100%|HC|  |TAMS 0x00000000c9b00000| PB 0x00000000c9a00000| Complete 
|  15|0x00000000c9b00000, 0x00000000c9c00000, 0x00000000c9c00000|100%|HC|  |TAMS 0x00000000c9c00000| PB 0x00000000c9b00000| Complete 
|  16|0x00000000c9c00000, 0x00000000c9d00000, 0x00000000c9d00000|100%|HC|  |TAMS 0x00000000c9d00000| PB 0x00000000c9c00000| Complete 
|  17|0x00000000c9d00000, 0x00000000c9e00000, 0x00000000c9e00000|100%|HC|  |TAMS 0x00000000c9e00000| PB 0x00000000c9d00000| Complete 
|  18|0x00000000c9e00000, 0x00000000c9f00000, 0x00000000c9f00000|100%|HC|  |TAMS 0x00000000c9f00000| PB 0x00000000c9e00000| Complete 
|  19|0x00000000c9f00000, 0x00000000ca000000, 0x00000000ca000000|100%|HC|  |TAMS 0x00000000ca000000| PB 0x00000000c9f00000| Complete 
|  20|0x00000000ca000000, 0x00000000ca100000, 0x00000000ca100000|100%|HC|  |TAMS 0x00000000ca100000| PB 0x00000000ca000000| Complete 
|  21|0x00000000ca100000, 0x00000000ca200000, 0x00000000ca200000|100%| O|  |TAMS 0x00000000ca200000| PB 0x00000000ca200000| Untracked 
|  22|0x00000000ca200000, 0x00000000ca300000, 0x00000000ca300000|100%| O|  |TAMS 0x00000000ca300000| PB 0x00000000ca300000| Untracked 
|  23|0x00000000ca300000, 0x00000000ca3b7800, 0x00000000ca400000| 71%| O|  |TAMS 0x00000000ca3b7800| PB 0x00000000ca3b7800| Updating 
|  24|0x00000000ca400000, 0x00000000ca500000, 0x00000000ca500000|100%|HS|  |TAMS 0x00000000ca500000| PB 0x00000000ca400000| Complete 
|  25|0x00000000ca500000, 0x00000000ca600000, 0x00000000ca600000|100%|HC|  |TAMS 0x00000000ca600000| PB 0x00000000ca500000| Complete 
|  26|0x00000000ca600000, 0x00000000ca700000, 0x00000000ca700000|100%|HC|  |TAMS 0x00000000ca700000| PB 0x00000000ca600000| Complete 
|  27|0x00000000ca700000, 0x00000000ca800000, 0x00000000ca800000|100%|HC|  |TAMS 0x00000000ca800000| PB 0x00000000ca700000| Complete 
|  28|0x00000000ca800000, 0x00000000ca900000, 0x00000000ca900000|100%|HC|  |TAMS 0x00000000ca900000| PB 0x00000000ca800000| Complete 
|  29|0x00000000ca900000, 0x00000000caa00000, 0x00000000caa00000|100%|HC|  |TAMS 0x00000000caa00000| PB 0x00000000ca900000| Complete 
|  30|0x00000000caa00000, 0x00000000cab00000, 0x00000000cab00000|100%|HS|  |TAMS 0x00000000caa00000| PB 0x00000000caa00000| Complete 
|  31|0x00000000cab00000, 0x00000000cac00000, 0x00000000cac00000|100%|HC|  |TAMS 0x00000000cab00000| PB 0x00000000cab00000| Complete 
|  32|0x00000000cac00000, 0x00000000cad00000, 0x00000000cad00000|100%|HC|  |TAMS 0x00000000cac00000| PB 0x00000000cac00000| Complete 
|  33|0x00000000cad00000, 0x00000000cae00000, 0x00000000cae00000|100%|HC|  |TAMS 0x00000000cad00000| PB 0x00000000cad00000| Complete 
|  34|0x00000000cae00000, 0x00000000caf00000, 0x00000000caf00000|100%|HC|  |TAMS 0x00000000cae00000| PB 0x00000000cae00000| Complete 
|  35|0x00000000caf00000, 0x00000000cb000000, 0x00000000cb000000|100%|HC|  |TAMS 0x00000000caf00000| PB 0x00000000caf00000| Complete 
|  36|0x00000000cb000000, 0x00000000cb100000, 0x00000000cb100000|100%|HC|  |TAMS 0x00000000cb000000| PB 0x00000000cb000000| Complete 
|  37|0x00000000cb100000, 0x00000000cb200000, 0x00000000cb200000|100%|HC|  |TAMS 0x00000000cb100000| PB 0x00000000cb100000| Complete 
|  38|0x00000000cb200000, 0x00000000cb300000, 0x00000000cb300000|100%|HC|  |TAMS 0x00000000cb200000| PB 0x00000000cb200000| Complete 
|  39|0x00000000cb300000, 0x00000000cb400000, 0x00000000cb400000|100%|HC|  |TAMS 0x00000000cb300000| PB 0x00000000cb300000| Complete 
|  40|0x00000000cb400000, 0x00000000cb500000, 0x00000000cb500000|100%|HC|  |TAMS 0x00000000cb400000| PB 0x00000000cb400000| Complete 
|  41|0x00000000cb500000, 0x00000000cb600000, 0x00000000cb600000|100%|HC|  |TAMS 0x00000000cb500000| PB 0x00000000cb500000| Complete 
|  42|0x00000000cb600000, 0x00000000cb700000, 0x00000000cb700000|100%|HC|  |TAMS 0x00000000cb600000| PB 0x00000000cb600000| Complete 
|  43|0x00000000cb700000, 0x00000000cb800000, 0x00000000cb800000|100%|HC|  |TAMS 0x00000000cb700000| PB 0x00000000cb700000| Complete 
|  44|0x00000000cb800000, 0x00000000cb864898, 0x00000000cb900000| 39%| S|CS|TAMS 0x00000000cb800000| PB 0x00000000cb800000| Complete 
|  45|0x00000000cb900000, 0x00000000cb900000, 0x00000000cba00000|  0%| F|  |TAMS 0x00000000cb900000| PB 0x00000000cb900000| Untracked 
|  46|0x00000000cba00000, 0x00000000cba00000, 0x00000000cbb00000|  0%| F|  |TAMS 0x00000000cba00000| PB 0x00000000cba00000| Untracked 
|  47|0x00000000cbb00000, 0x00000000cbb00000, 0x00000000cbc00000|  0%| F|  |TAMS 0x00000000cbb00000| PB 0x00000000cbb00000| Untracked 
|  48|0x00000000cbc00000, 0x00000000cbc00000, 0x00000000cbd00000|  0%| F|  |TAMS 0x00000000cbc00000| PB 0x00000000cbc00000| Untracked 
|  49|0x00000000cbd00000, 0x00000000cbd00000, 0x00000000cbe00000|  0%| F|  |TAMS 0x00000000cbd00000| PB 0x00000000cbd00000| Untracked 
|  50|0x00000000cbe00000, 0x00000000cbe00000, 0x00000000cbf00000|  0%| F|  |TAMS 0x00000000cbe00000| PB 0x00000000cbe00000| Untracked 
|  51|0x00000000cbf00000, 0x00000000cbf00000, 0x00000000cc000000|  0%| F|  |TAMS 0x00000000cbf00000| PB 0x00000000cbf00000| Untracked 
|  52|0x00000000cc000000, 0x00000000cc000000, 0x00000000cc100000|  0%| F|  |TAMS 0x00000000cc000000| PB 0x00000000cc000000| Untracked 
|  53|0x00000000cc100000, 0x00000000cc100000, 0x00000000cc200000|  0%| F|  |TAMS 0x00000000cc100000| PB 0x00000000cc100000| Untracked 
|  54|0x00000000cc200000, 0x00000000cc200000, 0x00000000cc300000|  0%| F|  |TAMS 0x00000000cc200000| PB 0x00000000cc200000| Untracked 
|  55|0x00000000cc300000, 0x00000000cc39a388, 0x00000000cc400000| 60%| E|  |TAMS 0x00000000cc300000| PB 0x00000000cc300000| Complete 

Card table byte_map: [0x000001aac4ff0000,0x000001aac51b0000] _byte_map_base: 0x000001aac49aa000

Marking Bits: (CMBitMap*) 0x000001aaadf76e30
 Bits: [0x000001aac5370000, 0x000001aac6140000)

Polling page: 0x000001aaabef0000

Metaspace:

Usage:
  Non-class:      6.70 MB used.
      Class:    813.04 KB used.
       Both:      7.50 MB used.

Virtual space:
  Non-class space:       64.00 MB reserved,       6.81 MB ( 11%) committed,  1 nodes.
      Class space:        1.00 GB reserved,     896.00 KB ( <1%) committed,  1 nodes.
             Both:        1.06 GB reserved,       7.69 MB ( <1%) committed. 

Chunk freelists:
   Non-Class:  1.00 MB
       Class:  3.10 MB
        Both:  4.10 MB

MaxMetaspaceSize: unlimited
CompressedClassSpaceSize: 1.00 GB
Initial GC threshold: 21.00 MB
Current GC threshold: 21.00 MB
CDS: on
MetaspaceReclaimPolicy: balanced
 - commit_granule_bytes: 65536.
 - commit_granule_words: 8192.
 - virtual_space_node_default_size: 8388608.
 - enlarge_chunks_in_place: 1.
 - new_chunks_are_fully_committed: 0.
 - uncommit_free_chunks: 1.
 - use_allocation_guard: 0.


Internal statistics:

num_allocs_failed_limit: 0.
num_arena_births: 152.
num_arena_deaths: 0.
num_vsnodes_births: 2.
num_vsnodes_deaths: 0.
num_space_committed: 123.
num_space_uncommitted: 0.
num_chunks_returned_to_freelist: 0.
num_chunks_taken_from_freelist: 192.
num_chunk_merges: 0.
num_chunk_splits: 111.
num_chunks_enlarged: 44.
num_inconsistent_stats: 0.

CodeHeap 'non-profiled nmethods': size=120000Kb used=380Kb max_used=380Kb free=119619Kb
 bounds [0x000001aabdac0000, 0x000001aabdd30000, 0x000001aac4ff0000]
CodeHeap 'profiled nmethods': size=120000Kb used=2152Kb max_used=2152Kb free=117848Kb
 bounds [0x000001aab5ff0000, 0x000001aab6260000, 0x000001aabd520000]
CodeHeap 'non-nmethods': size=5760Kb used=1616Kb max_used=1631Kb free=4143Kb
 bounds [0x000001aabd520000, 0x000001aabd790000, 0x000001aabdac0000]
 total_blobs=1896 nmethods=1273 adapters=534
 compilation: enabled
              stopped_count=0, restarted_count=0
 full_count=0

Compilation events (20 events):
Event: 10.628 Thread 0x000001aac86fc670 1265       3       javax.swing.UIManager::getDefaults (10 bytes)
Event: 10.628 Thread 0x000001aac86fc670 nmethod 1265 0x000001aab6205e10 code [0x000001aab6205fa0, 0x000001aab62060e0]
Event: 10.629 Thread 0x000001aac86fc670 1266   !   3       java.lang.invoke.MemberName::getFieldType (176 bytes)
Event: 10.630 Thread 0x000001aac86fc670 nmethod 1266 0x000001aab6206190 code [0x000001aab6206480, 0x000001aab6207798]
Event: 10.630 Thread 0x000001aac86fc670 1267       3       java.lang.invoke.Invokers$Holder::linkToTargetMethod (9 bytes)
Event: 10.631 Thread 0x000001aac86fc670 nmethod 1267 0x000001aab6207d90 code [0x000001aab6207f40, 0x000001aab62082f8]
Event: 10.631 Thread 0x000001aac86fc670 1268       3       java.lang.StringConcatHelper::initialCoder (14 bytes)
Event: 10.631 Thread 0x000001aac86fc670 nmethod 1268 0x000001aab6208410 code [0x000001aab62085a0, 0x000001aab62086b8]
Event: 10.631 Thread 0x000001aac86fc670 1270       3       java.lang.invoke.Invokers::checkCustomized (23 bytes)
Event: 10.631 Thread 0x000001aac86fc670 nmethod 1270 0x000001aab6208710 code [0x000001aab62088a0, 0x000001aab6208a60]
Event: 10.631 Thread 0x000001aac86fc670 1269  s    3       java.beans.ChangeListenerMap::get (25 bytes)
Event: 10.631 Thread 0x000001aac86fc670 nmethod 1269 0x000001aab6208b90 code [0x000001aab6208d40, 0x000001aab6209138]
Event: 10.631 Thread 0x000001aac86fc670 1271       3       java.awt.Component::getBackground (29 bytes)
Event: 10.631 Thread 0x000001aac86fc670 nmethod 1271 0x000001aab6209210 code [0x000001aab62093c0, 0x000001aab6209678]
Event: 10.634 Thread 0x000001aac86db670 1272       4       java.lang.AbstractStringBuilder::ensureCapacityInternal (39 bytes)
Event: 10.639 Thread 0x000001aac86db670 nmethod 1272 0x000001aabdb1e990 code [0x000001aabdb1eb20, 0x000001aabdb1ef20]
Event: 10.655 Thread 0x000001aac86fc670 1273   !   3       java.lang.ref.NativeReferenceQueue::enqueue (20 bytes)
Event: 10.655 Thread 0x000001aac86fc670 nmethod 1273 0x000001aab6209790 code [0x000001aab6209920, 0x000001aab6209b48]
Event: 10.655 Thread 0x000001aac86fc670 1274       3       java.lang.ref.NativeReferenceQueue::signal (8 bytes)
Event: 10.656 Thread 0x000001aac86fc670 nmethod 1274 0x000001aab6209c90 code [0x000001aab6209e20, 0x000001aab6209f58]

GC Heap History (8 events):
Event: 0.969 GC heap before
{Heap before GC invocations=0 (full 0):
 garbage-first heap   total 57344K, used 33792K [0x00000000c8c00000, 0x0000000100000000)
  region size 1024K, 13 young (13312K), 0 survivors (0K)
 Metaspace       used 5065K, committed 5312K, reserved 1114112K
  class space    used 525K, committed 640K, reserved 1048576K
}
Event: 0.977 GC heap after
{Heap after GC invocations=1 (full 0):
 garbage-first heap   total 57344K, used 24148K [0x00000000c8c00000, 0x0000000100000000)
  region size 1024K, 2 young (2048K), 2 survivors (2048K)
 Metaspace       used 5065K, committed 5312K, reserved 1114112K
  class space    used 525K, committed 640K, reserved 1048576K
}
Event: 1.051 GC heap before
{Heap before GC invocations=1 (full 0):
 garbage-first heap   total 57344K, used 37460K [0x00000000c8c00000, 0x0000000100000000)
  region size 1024K, 16 young (16384K), 2 survivors (2048K)
 Metaspace       used 5067K, committed 5312K, reserved 1114112K
  class space    used 525K, committed 640K, reserved 1048576K
}
Event: 1.054 GC heap after
{Heap after GC invocations=2 (full 0):
 garbage-first heap   total 57344K, used 24463K [0x00000000c8c00000, 0x0000000100000000)
  region size 1024K, 1 young (1024K), 1 survivors (1024K)
 Metaspace       used 5067K, committed 5312K, reserved 1114112K
  class space    used 525K, committed 640K, reserved 1048576K
}
Event: 1.114 GC heap before
{Heap before GC invocations=2 (full 0):
 garbage-first heap   total 57344K, used 29583K [0x00000000c8c00000, 0x0000000100000000)
  region size 1024K, 8 young (8192K), 1 survivors (1024K)
 Metaspace       used 5069K, committed 5312K, reserved 1114112K
  class space    used 525K, committed 640K, reserved 1048576K
}
Event: 1.115 GC heap after
{Heap after GC invocations=3 (full 0):
 garbage-first heap   total 57344K, used 24364K [0x00000000c8c00000, 0x0000000100000000)
  region size 1024K, 1 young (1024K), 1 survivors (1024K)
 Metaspace       used 5069K, committed 5312K, reserved 1114112K
  class space    used 525K, committed 640K, reserved 1048576K
}
Event: 10.653 GC heap before
{Heap before GC invocations=3 (full 0):
 garbage-first heap   total 57344K, used 39724K [0x00000000c8c00000, 0x0000000100000000)
  region size 1024K, 11 young (11264K), 1 survivors (1024K)
 Metaspace       used 7676K, committed 7808K, reserved 1114112K
  class space    used 813K, committed 896K, reserved 1048576K
}
Event: 10.655 GC heap after
{Heap after GC invocations=4 (full 0):
 garbage-first heap   total 57344K, used 30832K [0x00000000c8c00000, 0x0000000100000000)
  region size 1024K, 1 young (1024K), 1 survivors (1024K)
 Metaspace       used 7676K, committed 7808K, reserved 1114112K
  class space    used 813K, committed 896K, reserved 1048576K
}

Dll operation events (10 events):
Event: 0.014 Loaded shared library C:\Program Files\Java\jdk-20\bin\java.dll
Event: 0.031 Loaded shared library C:\Program Files\Java\jdk-20\bin\jsvml.dll
Event: 0.116 Loaded shared library C:\Program Files\Java\jdk-20\bin\net.dll
Event: 0.119 Loaded shared library C:\Program Files\Java\jdk-20\bin\nio.dll
Event: 0.158 Loaded shared library C:\Program Files\Java\jdk-20\bin\zip.dll
Event: 0.175 Loaded shared library C:\Program Files\Java\jdk-20\bin\jimage.dll
Event: 0.201 Loaded shared library C:\Program Files\Java\jdk-20\bin\awt.dll
Event: 0.777 Loaded shared library C:\Program Files\Java\jdk-20\bin\javajpeg.dll
Event: 1.354 Loaded shared library C:\Program Files\Java\jdk-20\bin\freetype.dll
Event: 1.357 Loaded shared library C:\Program Files\Java\jdk-20\bin\fontmanager.dll

Deoptimization events (20 events):
Event: 1.544 Thread 0x000001aaccb030c0 Uncommon trap: trap_request=0xffffffde fr.pc=0x000001aabdb0c5a0 relative=0x0000000000000260
Event: 1.544 Thread 0x000001aaccb030c0 Uncommon trap: reason=class_check action=maybe_recompile pc=0x000001aabdb0c5a0 method=java.util.HashMap.getNode(Ljava/lang/Object;)Ljava/util/HashMap$Node; @ 63 c2
Event: 1.544 Thread 0x000001aaccb030c0 DEOPT PACKING pc=0x000001aabdb0c5a0 sp=0x00000067947fd4b0
Event: 1.544 Thread 0x000001aaccb030c0 DEOPT UNPACKING pc=0x000001aabd589d22 sp=0x00000067947fd418 mode 2
Event: 1.579 Thread 0x000001aaccb030c0 Uncommon trap: trap_request=0xffffffde fr.pc=0x000001aabdb0c5a0 relative=0x0000000000000260
Event: 1.579 Thread 0x000001aaccb030c0 Uncommon trap: reason=class_check action=maybe_recompile pc=0x000001aabdb0c5a0 method=java.util.HashMap.getNode(Ljava/lang/Object;)Ljava/util/HashMap$Node; @ 63 c2
Event: 1.579 Thread 0x000001aaccb030c0 DEOPT PACKING pc=0x000001aabdb0c5a0 sp=0x00000067947fd440
Event: 1.579 Thread 0x000001aaccb030c0 DEOPT UNPACKING pc=0x000001aabd589d22 sp=0x00000067947fd3a8 mode 2
Event: 1.588 Thread 0x000001aaccb030c0 Uncommon trap: trap_request=0xffffffde fr.pc=0x000001aabdb0c5a0 relative=0x0000000000000260
Event: 1.588 Thread 0x000001aaccb030c0 Uncommon trap: reason=class_check action=maybe_recompile pc=0x000001aabdb0c5a0 method=java.util.HashMap.getNode(Ljava/lang/Object;)Ljava/util/HashMap$Node; @ 63 c2
Event: 1.588 Thread 0x000001aaccb030c0 DEOPT PACKING pc=0x000001aabdb0c5a0 sp=0x00000067947fd330
Event: 1.588 Thread 0x000001aaccb030c0 DEOPT UNPACKING pc=0x000001aabd589d22 sp=0x00000067947fd298 mode 2
Event: 1.590 Thread 0x000001aaccb030c0 Uncommon trap: trap_request=0xffffffde fr.pc=0x000001aabdb0c5a0 relative=0x0000000000000260
Event: 1.590 Thread 0x000001aaccb030c0 Uncommon trap: reason=class_check action=maybe_recompile pc=0x000001aabdb0c5a0 method=java.util.HashMap.getNode(Ljava/lang/Object;)Ljava/util/HashMap$Node; @ 63 c2
Event: 1.590 Thread 0x000001aaccb030c0 DEOPT PACKING pc=0x000001aabdb0c5a0 sp=0x00000067947fd440
Event: 1.590 Thread 0x000001aaccb030c0 DEOPT UNPACKING pc=0x000001aabd589d22 sp=0x00000067947fd3a8 mode 2
Event: 5.011 Thread 0x000001aad1c90db0 Uncommon trap: trap_request=0xffffff45 fr.pc=0x000001aabdb18110 relative=0x0000000000000110
Event: 5.011 Thread 0x000001aad1c90db0 Uncommon trap: reason=unstable_if action=reinterpret pc=0x000001aabdb18110 method=java.util.concurrent.locks.AbstractQueuedSynchronizer.release(I)Z @ 5 c2
Event: 5.011 Thread 0x000001aad1c90db0 DEOPT PACKING pc=0x000001aabdb18110 sp=0x00000067948ff400
Event: 5.011 Thread 0x000001aad1c90db0 DEOPT UNPACKING pc=0x000001aabd589d22 sp=0x00000067948ff358 mode 2

Classes loaded (20 events):
Event: 10.622 Loading class javax/swing/DefaultSingleSelectionModel
Event: 10.622 Loading class javax/swing/SingleSelectionModel
Event: 10.622 Loading class javax/swing/SingleSelectionModel done
Event: 10.622 Loading class javax/swing/DefaultSingleSelectionModel done
Event: 10.622 Loading class javax/swing/JTabbedPane$ModelListener
Event: 10.623 Loading class javax/swing/JTabbedPane$ModelListener done
Event: 10.623 Loading class javax/swing/plaf/metal/MetalTabbedPaneUI
Event: 10.623 Loading class javax/swing/plaf/basic/BasicTabbedPaneUI
Event: 10.624 Loading class javax/swing/plaf/TabbedPaneUI
Event: 10.625 Loading class javax/swing/plaf/TabbedPaneUI done
Event: 10.625 Loading class javax/swing/plaf/basic/BasicTabbedPaneUI done
Event: 10.625 Loading class javax/swing/plaf/metal/MetalTabbedPaneUI done
Event: 10.626 Loading class javax/swing/plaf/metal/MetalTabbedPaneUI$TabbedPaneLayout
Event: 10.626 Loading class javax/swing/plaf/basic/BasicTabbedPaneUI$TabbedPaneLayout
Event: 10.627 Loading class javax/swing/plaf/basic/BasicTabbedPaneUI$TabbedPaneLayout done
Event: 10.627 Loading class javax/swing/plaf/metal/MetalTabbedPaneUI$TabbedPaneLayout done
Event: 10.627 Loading class javax/swing/plaf/basic/BasicTabbedPaneUI$TabbedPaneScrollLayout
Event: 10.627 Loading class javax/swing/plaf/basic/BasicTabbedPaneUI$TabbedPaneScrollLayout done
Event: 10.628 Loading class javax/swing/plaf/basic/BasicTabbedPaneUI$Handler
Event: 10.628 Loading class javax/swing/plaf/basic/BasicTabbedPaneUI$Handler done

Classes unloaded (0 events):
No events

Classes redefined (0 events):
No events

Internal exceptions (15 events):
Event: 0.120 Thread 0x000001aaadf37440 Exception <a 'sun/nio/fs/WindowsException'{0x00000000cc23f728}> (0x00000000cc23f728) 
thrown [s\open\src\hotspot\share\prims\jni.cpp, line 519]
Event: 0.124 Thread 0x000001aaadf37440 Exception <a 'sun/nio/fs/WindowsException'{0x00000000cc241a18}> (0x00000000cc241a18) 
thrown [s\open\src\hotspot\share\prims\jni.cpp, line 519]
Event: 0.125 Thread 0x000001aaadf37440 Exception <a 'sun/nio/fs/WindowsException'{0x00000000cc242460}> (0x00000000cc242460) 
thrown [s\open\src\hotspot\share\prims\jni.cpp, line 519]
Event: 0.184 Thread 0x000001aaadf37440 Exception <a 'java/lang/ClassNotFoundException'{0x00000000cc165958}: sun/awt/resources/spi/awtProvider> (0x00000000cc165958) 
thrown [s\open\src\hotspot\share\classfile\systemDictionary.cpp, line 305]
Event: 0.220 Thread 0x000001aaadf37440 Exception <a 'java/io/FileNotFoundException'{0x00000000cc1bc198}> (0x00000000cc1bc198) 
thrown [s\open\src\hotspot\share\prims\jni.cpp, line 519]
Event: 0.231 Thread 0x000001aaadf37440 Exception <a 'java/io/FileNotFoundException'{0x00000000cc1e6510}> (0x00000000cc1e6510) 
thrown [s\open\src\hotspot\share\prims\jni.cpp, line 519]
Event: 0.448 Thread 0x000001aaadf37440 Exception <a 'java/lang/NoSuchMethodError'{0x00000000cbf391d0}: 'void java.lang.invoke.DirectMethodHandle$Holder.invokeSpecial(java.lang.Object, java.lang.Object, java.lang.Object)'> (0x00000000cbf391d0) 
thrown [s\open\src\hotspot\share\interpreter\linkResolver.cpp, line 773]
Event: 0.463 Thread 0x000001aaadf37440 Exception <a 'java/lang/NoSuchMethodError'{0x00000000cbf63ba0}: 'java.lang.Object java.lang.invoke.DirectMethodHandle$Holder.newInvokeSpecial(java.lang.Object, java.lang.Object, java.lang.Object, java.lang.Object, java.lang.Object)'> (0x00000000cbf63ba0) 
thrown [s\open\src\hotspot\share\interpreter\linkResolver.cpp, line 773]
Event: 0.473 Thread 0x000001aaadf37440 Exception <a 'java/lang/NoSuchMethodError'{0x00000000cbf946a8}: 'java.lang.Object java.lang.invoke.DirectMethodHandle$Holder.invokeStatic(java.lang.Object, int, java.lang.Object)'> (0x00000000cbf946a8) 
thrown [s\open\src\hotspot\share\interpreter\linkResolver.cpp, line 773]
Event: 0.514 Thread 0x000001aaadf37440 Exception <a 'java/lang/ClassNotFoundException'{0x00000000cbe4ff98}: com/sun/swing/internal/plaf/metal/resources/spi/metalProvider> (0x00000000cbe4ff98) 
thrown [s\open\src\hotspot\share\classfile\systemDictionary.cpp, line 305]
Event: 0.516 Thread 0x000001aaadf37440 Exception <a 'java/lang/ClassNotFoundException'{0x00000000cbe53f48}: com/sun/swing/internal/plaf/basic/resources/spi/basicProvider> (0x00000000cbe53f48) 
thrown [s\open\src\hotspot\share\classfile\systemDictionary.cpp, line 305]
Event: 0.531 Thread 0x000001aaadf37440 Exception <a 'java/lang/NoSuchMethodError'{0x00000000cbe73148}: 'int java.lang.invoke.Invokers$Holder.invokeExact_MT(java.lang.Object, java.lang.Object)'> (0x00000000cbe73148) 
thrown [s\open\src\hotspot\share\interpreter\linkResolver.cpp, line 773]
Event: 0.639 Thread 0x000001aad1888a10 Exception <a 'java/lang/NoSuchMethodError'{0x00000000cbc36ea8}: 'java.lang.Object java.lang.invoke.DirectMethodHandle$Holder.newInvokeSpecial(java.lang.Object, java.lang.Object, java.lang.Object, int, int, int, int, int)'> (0x00000000cbc36ea8) 
thrown [s\open\src\hotspot\share\interpreter\linkResolver.cpp, line 773]
Event: 1.303 Thread 0x000001aaccbe7700 Exception <a 'java/lang/NoSuchMethodError'{0x00000000cbbcbe10}: 'void java.lang.invoke.DirectMethodHandle$Holder.invokeVirtual(java.lang.Object, java.lang.Object)'> (0x00000000cbbcbe10) 
thrown [s\open\src\hotspot\share\interpreter\linkResolver.cpp, line 773]
Event: 1.344 Thread 0x000001aaadf37440 Exception <a 'java/lang/NoSuchMethodError'{0x00000000cbb99228}: 'void java.lang.invoke.DirectMethodHandle$Holder.invokeStaticInit(java.lang.Object)'> (0x00000000cbb99228) 
thrown [s\open\src\hotspot\share\interpreter\linkResolver.cpp, line 773]

VM Operations (20 events):
Event: 1.054 Executing VM operation: G1CollectForAllocation done
Event: 1.114 Executing VM operation: G1TryInitiateConcMark
Event: 1.115 Executing VM operation: G1TryInitiateConcMark done
Event: 3.123 Executing VM operation: Cleanup
Event: 3.123 Executing VM operation: Cleanup done
Event: 4.124 Executing VM operation: Cleanup
Event: 4.124 Executing VM operation: Cleanup done
Event: 5.134 Executing VM operation: Cleanup
Event: 5.134 Executing VM operation: Cleanup done
Event: 6.143 Executing VM operation: Cleanup
Event: 6.143 Executing VM operation: Cleanup done
Event: 8.159 Executing VM operation: Cleanup
Event: 8.159 Executing VM operation: Cleanup done
Event: 9.163 Executing VM operation: Cleanup
Event: 9.163 Executing VM operation: Cleanup done
Event: 10.169 Executing VM operation: Cleanup
Event: 10.169 Executing VM operation: Cleanup done
Event: 10.652 Executing VM operation: G1TryInitiateConcMark
Event: 10.655 Executing VM operation: G1TryInitiateConcMark done
Event: 10.664 Executing VM operation: G1PauseRemark

Events (20 events):
Event: 0.054 Thread 0x000001aac86cb040 Thread added: 0x000001aac86cb040
Event: 0.054 Thread 0x000001aac86cd990 Thread added: 0x000001aac86cd990
Event: 0.054 Thread 0x000001aac86ce470 Thread added: 0x000001aac86ce470
Event: 0.054 Thread 0x000001aac86cf080 Thread added: 0x000001aac86cf080
Event: 0.054 Thread 0x000001aac86db670 Thread added: 0x000001aac86db670
Event: 0.055 Thread 0x000001aac86fc670 Thread added: 0x000001aac86fc670
Event: 0.097 Thread 0x000001aacc937c30 Thread added: 0x000001aacc937c30
Event: 0.145 Thread 0x000001aacca05f40 Thread added: 0x000001aacca05f40
Event: 0.297 Thread 0x000001aaccbdfca0 Thread added: 0x000001aaccbdfca0
Event: 0.300 Thread 0x000001aaccbe34c0 Thread added: 0x000001aaccbe34c0
Event: 0.303 Thread 0x000001aaccbe7700 Thread added: 0x000001aaccbe7700
Event: 0.543 Thread 0x000001aad1888a10 Thread added: 0x000001aad1888a10
Event: 1.084 Thread 0x000001aad1920b70 Thread added: 0x000001aad1920b70
Event: 1.308 Thread 0x000001aaccb030c0 Thread added: 0x000001aaccb030c0
Event: 1.455 Thread 0x000001aaadf37440 Thread exited: 0x000001aaadf37440
Event: 1.455 Thread 0x000001aad1c91850 Thread added: 0x000001aad1c91850
Event: 1.481 Thread 0x000001aad1c90db0 Thread added: 0x000001aad1c90db0
Event: 6.095 Thread 0x000001aad1920b70 Thread exited: 0x000001aad1920b70
Event: 6.298 Thread 0x000001aad1888a10 Thread exited: 0x000001aad1888a10
Event: 10.633 Thread 0x000001aad1c92840 Thread added: 0x000001aad1c92840


Dynamic libraries:
0x00007ff799080000 - 0x00007ff799090000 	C:\Program Files\Java\jdk-20\bin\java.exe
0x00007ffa159b0000 - 0x00007ffa15bc4000 	C:\WINDOWS\SYSTEM32\ntdll.dll
0x00007ffa139a0000 - 0x00007ffa13a62000 	C:\WINDOWS\System32\KERNEL32.DLL
0x00007ffa12f70000 - 0x00007ffa13313000 	C:\WINDOWS\System32\KERNELBASE.dll
0x00007ffa13320000 - 0x00007ffa13431000 	C:\WINDOWS\System32\ucrtbase.dll
0x00007ffa0c7c0000 - 0x00007ffa0c7d9000 	C:\Program Files\Java\jdk-20\bin\jli.dll
0x00007ff9b33b0000 - 0x00007ff9b33cb000 	C:\Program Files\Java\jdk-20\bin\VCRUNTIME140.dll
0x00007ffa13840000 - 0x00007ffa138ee000 	C:\WINDOWS\System32\ADVAPI32.dll
0x00007ffa13790000 - 0x00007ffa13837000 	C:\WINDOWS\System32\msvcrt.dll
0x00007ffa15320000 - 0x00007ffa153c4000 	C:\WINDOWS\System32\sechost.dll
0x00007ffa144e0000 - 0x00007ffa145f7000 	C:\WINDOWS\System32\RPCRT4.dll
0x00007ffa14b00000 - 0x00007ffa14caa000 	C:\WINDOWS\System32\USER32.dll
0x00007ff9faf50000 - 0x00007ff9fb1de000 	C:\WINDOWS\WinSxS\amd64_microsoft.windows.common-controls_6595b64144ccf1df_6.0.22621.1635_none_270f70857386168e\COMCTL32.dll
0x00007ffa13580000 - 0x00007ffa135a6000 	C:\WINDOWS\System32\win32u.dll
0x00007ffa15430000 - 0x00007ffa15459000 	C:\WINDOWS\System32\GDI32.dll
0x00007ffa12e50000 - 0x00007ffa12f69000 	C:\WINDOWS\System32\gdi32full.dll
0x00007ffa12db0000 - 0x00007ffa12e4a000 	C:\WINDOWS\System32\msvcp_win.dll
0x00007ffa0cd90000 - 0x00007ffa0cd9a000 	C:\WINDOWS\SYSTEM32\VERSION.dll
0x00007ffa13960000 - 0x00007ffa13991000 	C:\WINDOWS\System32\IMM32.DLL
0x00007ff9f3b70000 - 0x00007ff9f3b7c000 	C:\Program Files\Java\jdk-20\bin\vcruntime140_1.dll
0x00007ff9a41e0000 - 0x00007ff9a426e000 	C:\Program Files\Java\jdk-20\bin\msvcp140.dll
0x00007ff996f40000 - 0x00007ff997bd7000 	C:\Program Files\Java\jdk-20\bin\server\jvm.dll
0x00007ffa0b3a0000 - 0x00007ffa0b3d4000 	C:\WINDOWS\SYSTEM32\WINMM.dll
0x00007ff9f4160000 - 0x00007ff9f4169000 	C:\WINDOWS\SYSTEM32\WSOCK32.dll
0x00007ffa158e0000 - 0x00007ffa15951000 	C:\WINDOWS\System32\WS2_32.dll
0x00007ffa11df0000 - 0x00007ffa11e08000 	C:\WINDOWS\SYSTEM32\kernel.appcore.dll
0x00007ff9f00f0000 - 0x00007ff9f00fa000 	C:\Program Files\Java\jdk-20\bin\jimage.dll
0x00007ff9f6e40000 - 0x00007ff9f706e000 	C:\WINDOWS\SYSTEM32\DBGHELP.DLL
0x00007ffa14600000 - 0x00007ffa14989000 	C:\WINDOWS\System32\combase.dll
0x00007ffa150b0000 - 0x00007ffa15187000 	C:\WINDOWS\System32\OLEAUT32.dll
0x00007ff9f6bf0000 - 0x00007ff9f6c22000 	C:\WINDOWS\SYSTEM32\dbgcore.DLL
0x00007ffa13500000 - 0x00007ffa1357a000 	C:\WINDOWS\System32\bcryptPrimitives.dll
0x00007ff9b0920000 - 0x00007ff9b0946000 	C:\Program Files\Java\jdk-20\bin\java.dll
0x00007ff9a43e0000 - 0x00007ff9a44b7000 	C:\Program Files\Java\jdk-20\bin\jsvml.dll
0x00007ffa13c30000 - 0x00007ffa14429000 	C:\WINDOWS\System32\SHELL32.dll
0x00007ffa10d50000 - 0x00007ffa1161e000 	C:\WINDOWS\SYSTEM32\windows.storage.dll
0x00007ffa10c10000 - 0x00007ffa10d4e000 	C:\WINDOWS\SYSTEM32\wintypes.dll
0x00007ffa14e50000 - 0x00007ffa14f41000 	C:\WINDOWS\System32\SHCORE.dll
0x00007ffa15050000 - 0x00007ffa150ae000 	C:\WINDOWS\System32\shlwapi.dll
0x00007ffa12ce0000 - 0x00007ffa12d06000 	C:\WINDOWS\SYSTEM32\profapi.dll
0x00007ff9aed40000 - 0x00007ff9aed53000 	C:\Program Files\Java\jdk-20\bin\net.dll
0x00007ffa0a0a0000 - 0x00007ffa0a1d7000 	C:\WINDOWS\SYSTEM32\WINHTTP.dll
0x00007ffa12270000 - 0x00007ffa122d9000 	C:\WINDOWS\system32\mswsock.dll
0x00007ff9aed20000 - 0x00007ff9aed36000 	C:\Program Files\Java\jdk-20\bin\nio.dll
0x00007ff9ae160000 - 0x00007ff9ae178000 	C:\Program Files\Java\jdk-20\bin\zip.dll
0x00007ff996da0000 - 0x00007ff996f31000 	C:\Program Files\Java\jdk-20\bin\awt.dll
0x00007ffa10190000 - 0x00007ffa10227000 	C:\WINDOWS\SYSTEM32\apphelp.dll
0x00007ffa10790000 - 0x00007ffa107bb000 	C:\WINDOWS\system32\DWMAPI.DLL
0x00007ffa10360000 - 0x00007ffa1040b000 	C:\WINDOWS\system32\uxtheme.dll
0x00007ff996ca0000 - 0x00007ff996da0000 	C:\WINDOWS\system32\opengl32.dll
0x00007ff9a4860000 - 0x00007ff9a488d000 	C:\WINDOWS\SYSTEM32\GLU32.dll
0x00007ffa10460000 - 0x00007ffa10498000 	C:\WINDOWS\SYSTEM32\dxcore.dll
0x00007ffa149d0000 - 0x00007ffa14af7000 	C:\WINDOWS\System32\MSCTF.dll
0x00007ffa14cb0000 - 0x00007ffa14e4c000 	C:\WINDOWS\System32\ole32.dll
0x00007ff9b33d0000 - 0x00007ff9b3579000 	C:\WINDOWS\system32\d3d9.dll
0x00007ffa09570000 - 0x00007ffa0974b000 	C:\WINDOWS\System32\DriverStore\FileRepository\u0372698.inf_amd64_2366d501a5d0e392\B370279\aticfx64.dll
0x00007ffa0c530000 - 0x00007ffa0c563000 	C:\WINDOWS\System32\DriverStore\FileRepository\u0372698.inf_amd64_2366d501a5d0e392\B370279\atiu9p64.dll
0x00007ff9d4490000 - 0x00007ff9d51ea000 	C:\WINDOWS\System32\DriverStore\FileRepository\u0372698.inf_amd64_2366d501a5d0e392\B370279\atiumd64.dll
0x0000000061c50000 - 0x0000000062b1b000 	C:\WINDOWS\System32\DriverStore\FileRepository\u0372698.inf_amd64_2366d501a5d0e392\B370279\atiumd6a.dll
0x00007ffa12c80000 - 0x00007ffa12ccd000 	C:\WINDOWS\SYSTEM32\POWRPROF.dll
0x00007ffa12bb0000 - 0x00007ffa12bc3000 	C:\WINDOWS\SYSTEM32\UMPDC.dll
0x00007ffa099e0000 - 0x00007ffa09a10000 	C:\WINDOWS\SYSTEM32\amdihk64.dll
0x00007ffa0ced0000 - 0x00007ffa0cf18000 	C:\WINDOWS\SYSTEM32\directxdatabasehelper.dll
0x00007ffa00690000 - 0x00007ffa006be000 	C:\Program Files\Java\jdk-20\bin\javajpeg.dll
0x00007ff996c10000 - 0x00007ff996c96000 	C:\Program Files\Java\jdk-20\bin\freetype.dll
0x00007ff996b40000 - 0x00007ff996c06000 	C:\Program Files\Java\jdk-20\bin\fontmanager.dll
0x00007ff9fc310000 - 0x00007ff9fc43d000 	C:\WINDOWS\SYSTEM32\textinputframework.dll
0x00007ffa0feb0000 - 0x00007ffa0ffe3000 	C:\WINDOWS\SYSTEM32\CoreMessaging.dll
0x00007ffa0c190000 - 0x00007ffa0c4fc000 	C:\WINDOWS\SYSTEM32\CoreUIComponents.dll
0x00007ffa124d0000 - 0x00007ffa124dc000 	C:\WINDOWS\SYSTEM32\CRYPTBASE.DLL

dbghelp: loaded successfully - version: 4.0.5 - missing functions: none
symbol engine: initialized successfully - sym options: 0x614 - pdb path: .;C:\Program Files\Java\jdk-20\bin;C:\WINDOWS\SYSTEM32;C:\WINDOWS\WinSxS\amd64_microsoft.windows.common-controls_6595b64144ccf1df_6.0.22621.1635_none_270f70857386168e;C:\Program Files\Java\jdk-20\bin\server;C:\WINDOWS\System32\DriverStore\FileRepository\u0372698.inf_amd64_2366d501a5d0e392\B370279

VM Arguments:
jvm_args: -Dfile.encoding=UTF-8 --module-path=C:\Users\HP\Documents\NetBeansProjects\project\build\classes 
java_command: project.Dashboard
java_class_path (initial): C:\Users\HP\Documents\NetBeansProjects\project\lib\mysql-connector-j-8.0.32.zip;C:\Users\HP\Documents\NetBeansProjects\project\lib\mysql-connector-j-8.0.32.jar;C:\Users\HP\Documents\NetBeansProjects\project\build\classes
Launcher Type: SUN_STANDARD

[Global flags]
     intx CICompilerCount                          = 3                                         {product} {ergonomic}
     uint ConcGCThreads                            = 1                                         {product} {ergonomic}
     uint G1ConcRefinementThreads                  = 4                                         {product} {ergonomic}
   size_t G1HeapRegionSize                         = 1048576                                   {product} {ergonomic}
    uintx GCDrainStackTargetSize                   = 64                                        {product} {ergonomic}
   size_t InitialHeapSize                          = 58720256                                  {product} {ergonomic}
   size_t MarkStackSize                            = 4194304                                   {product} {ergonomic}
   size_t MaxHeapSize                              = 926941184                                 {product} {ergonomic}
   size_t MaxNewSize                               = 555745280                                 {product} {ergonomic}
   size_t MinHeapDeltaBytes                        = 1048576                                   {product} {ergonomic}
   size_t MinHeapSize                              = 8388608                                   {product} {ergonomic}
    uintx NonNMethodCodeHeapSize                   = 5832780                                {pd product} {ergonomic}
    uintx NonProfiledCodeHeapSize                  = 122912730                              {pd product} {ergonomic}
    uintx ProfiledCodeHeapSize                     = 122912730                              {pd product} {ergonomic}
    uintx ReservedCodeCacheSize                    = 251658240                              {pd product} {ergonomic}
     bool SegmentedCodeCache                       = true                                      {product} {ergonomic}
   size_t SoftMaxHeapSize                          = 926941184                              {manageable} {ergonomic}
     bool UseCompressedClassPointers               = true                           {product lp64_product} {ergonomic}
     bool UseCompressedOops                        = true                           {product lp64_product} {ergonomic}
     bool UseG1GC                                  = true                                      {product} {ergonomic}
     bool UseLargePagesIndividualAllocation        = false                                  {pd product} {ergonomic}

Logging:
Log output configuration:
 #0: stdout all=warning uptime,level,tags foldmultilines=false
 #1: stderr all=off uptime,level,tags foldmultilines=false

Environment Variables:
JAVA_HOME=C:\Program Files\Java\jdk-20
PATH=C:\Program Files\Common Files\Oracle\Java\javapath;C:\Python311\Scripts\;C:\Python311\;C:\WINDOWS\system32;C:\WINDOWS;C:\WINDOWS\System32\Wbem;C:\WINDOWS\System32\WindowsPowerShell\v1.0\;C:\WINDOWS\System32\OpenSSH\;C:\ProgramData\chocolatey\bin;C:\Program Files\MySQL\MySQL Server 8.0\bin;C:\Program Files\Java\jdk-20\bin;C:\Program Files\Common Files\Oracle\Java\javapath;C:\Program Files\MySQL\MySQL Shell 8.0\bin\;C:\Users\HP\AppData\Local\Programs\Python\Python310\Scripts\;C:\Users\HP\AppData\Local\Programs\Python\Python310\;C:\Users\HP\AppData\Local\Microsoft\WindowsApps;C:\Users\HP\AppData\Local\Programs\Microsoft VS Code\bin;C:\MinGW\bin;C:\kotlinc\bin;C:\Users\HP\AppData\Local\Programs\MiKTeX\miktex\bin\x64\;C:\Program Files\Java\jdk-20\bin;
USERNAME=harry sahani
OS=Windows_NT
PROCESSOR_IDENTIFIER=AMD64 Family 23 Model 24 Stepping 1, AuthenticAMD
TMP=C:\Users\HP\AppData\Local\Temp
TEMP=C:\Users\HP\AppData\Local\Temp




---------------  S Y S T E M  ---------------

OS:
 Windows 11 , 64 bit Build 22621 (10.0.22621.1928)
OS uptime: 1 days 17:00 hours
Hyper-V role detected

CPU: total 4 (initial active 4) (4 cores per cpu, 1 threads per core) family 23 model 24 stepping 1 microcode 0x0, cx8, cmov, fxsr, mmx, 3dnowpref, sse, sse2, sse3, ssse3, sse4a, sse4.1, sse4.2, popcnt, lzcnt, tsc, tscinvbit, avx, avx2, aes, clmul, bmi1, bmi2, adx, sha, fma, vzeroupper, clflush, clflushopt, hv, rdtscp, f16c

Memory: 4k page, system-wide physical 3530M (246M free)
TotalPageFile size 9530M (AvailPageFile size 20M)
current process WorkingSet (physical memory assigned to process): 158M, peak: 158M
current process commit charge ("private bytes"): 212M, peak: 233M

vm_info: Java HotSpot(TM) 64-Bit Server VM (20.0.1+9-29) for windows-amd64 JRE (20.0.1+9-29), built on 2023-03-07T13:56:11Z by "mach5one" with MS VC++ 17.1 (VS2022)

END.
