#
# There is insufficient memory for the Java Runtime Environment to continue.
# Native memory allocation (mmap) failed to map 80740352 bytes for G1 virtual space
# Possible reasons:
#   The system is out of physical RAM or swap space
#   The process is running with CompressedOops enabled, and the Java Heap may be blocking the growth of the native heap
# Possible solutions:
#   Reduce memory load on the system
#   Increase physical memory or swap space
#   Check if swap backing store is full
#   Decrease Java heap size (-Xmx/-Xms)
#   Decrease number of Java threads
#   Decrease Java thread stack sizes (-Xss)
#   Set larger code cache with -XX:ReservedCodeCacheSize=
#   JVM is running with Unscaled Compressed Oops mode in which the Java heap is
#     placed in the first 4GB address space. The Java Heap base address is the
#     maximum limit for the native heap growth. Please use -XX:HeapBaseMinAddress
#     to set the Java Heap base and to place the Java Heap above 4GB virtual address.
# This output file may be truncated or incomplete.
#
#  Out of Memory Error (os_windows.cpp:3528), pid=7136, tid=12220
#
# JRE version: Java(TM) SE Runtime Environment (20.0.1+9) (build 20.0.1+9-29)
# Java VM: Java HotSpot(TM) 64-Bit Server VM (20.0.1+9-29, mixed mode, sharing, tiered, compressed oops, compressed class ptrs, g1 gc, windows-amd64)
# No core dump will be written. Minidumps are not enabled by default on client versions of Windows
#

---------------  S U M M A R Y ------------

Command Line: -Dfile.encoding=UTF-8 --module-path=C:\Users\HP\Documents\NetBeansProjects\project\build\classes project.Dashboard

Host: AMD Ryzen 3 3300U with Radeon Vega Mobile Gfx  , 4 cores, 3G,  Windows 11 , 64 bit Build 22621 (10.0.22621.1928)
Time: Tue Aug  8 21:28:12 2023 India Standard Time elapsed time: 5.012232 seconds (0d 0h 0m 5s)

---------------  T H R E A D  ---------------

Current thread (0x0000020d33355c30):  VMThread "VM Thread" [stack: 0x0000004ceec00000,0x0000004ceed00000] [id=12220]

Stack: [0x0000004ceec00000,0x0000004ceed00000]
Native frames: (J=compiled Java code, j=interpreted, Vv=VM code, C=native code)
V  [jvm.dll+0x6bb95a]
V  [jvm.dll+0x8485fa]
V  [jvm.dll+0x84a1f5]
V  [jvm.dll+0x84a8f3]
V  [jvm.dll+0x280b0f]
V  [jvm.dll+0x6b86e9]
V  [jvm.dll+0x6ad2da]
V  [jvm.dll+0x35adf5]
V  [jvm.dll+0x363016]
V  [jvm.dll+0x3b3b3e]
V  [jvm.dll+0x3b3dc5]
V  [jvm.dll+0x32b50a]
V  [jvm.dll+0x32e126]
V  [jvm.dll+0x3381ee]
V  [jvm.dll+0x371a5a]
V  [jvm.dll+0x85023e]
V  [jvm.dll+0x851351]
V  [jvm.dll+0x851859]
V  [jvm.dll+0x851ad3]
V  [jvm.dll+0x7f4b56]
V  [jvm.dll+0x6ba5cb]
C  [ucrtbase.dll+0x29363]
C  [KERNEL32.DLL+0x126ad]
C  [ntdll.dll+0x5aa68]

VM_Operation (0x0000004cee8ff940): G1PauseRemark, mode: safepoint, requested by thread 0x0000020d332ddbb0


---------------  P R O C E S S  ---------------

Threads class SMR info:
_java_thread_list=0x0000020d5b449d70, length=18, elements={
0x0000020d4dabf540, 0x0000020d4dac0080, 0x0000020d4dac4620, 0x0000020d4dac71f0,
0x0000020d4dac9a90, 0x0000020d4dace020, 0x0000020d4dad0600, 0x0000020d4dad4500,
0x0000020d4dace570, 0x0000020d4dacc590, 0x0000020d4dacf010, 0x0000020d4dacd580,
0x0000020d4dacdad0, 0x0000020d4dacc040, 0x0000020d4daccae0, 0x0000020d4dacd030,
0x0000020d572b5430, 0x0000020d572b4440
}

Java Threads: ( => current thread )
  0x0000020d4dabf540 JavaThread "Reference Handler" daemon [_thread_blocked, id=2736, stack(0x0000004ceed00000,0x0000004ceee00000)]
  0x0000020d4dac0080 JavaThread "Finalizer" daemon [_thread_blocked, id=8404, stack(0x0000004ceee00000,0x0000004ceef00000)]
  0x0000020d4dac4620 JavaThread "Signal Dispatcher" daemon [_thread_blocked, id=12968, stack(0x0000004ceef00000,0x0000004cef000000)]
  0x0000020d4dac71f0 JavaThread "Attach Listener" daemon [_thread_blocked, id=4476, stack(0x0000004cef000000,0x0000004cef100000)]
  0x0000020d4dac9a90 JavaThread "Service Thread" daemon [_thread_blocked, id=6008, stack(0x0000004cef100000,0x0000004cef200000)]
  0x0000020d4dace020 JavaThread "Monitor Deflation Thread" daemon [_thread_blocked, id=13464, stack(0x0000004cef200000,0x0000004cef300000)]
  0x0000020d4dad0600 JavaThread "C2 CompilerThread0" daemon [_thread_blocked, id=5196, stack(0x0000004cef300000,0x0000004cef400000)]
  0x0000020d4dad4500 JavaThread "C1 CompilerThread0" daemon [_thread_blocked, id=4044, stack(0x0000004cef400000,0x0000004cef500000)]
  0x0000020d4dace570 JavaThread "Common-Cleaner" daemon [_thread_blocked, id=1392, stack(0x0000004cef500000,0x0000004cef600000)]
  0x0000020d4dacc590 JavaThread "Notification Thread" daemon [_thread_blocked, id=11792, stack(0x0000004cef600000,0x0000004cef700000)]
  0x0000020d4dacf010 JavaThread "Java2D Disposer" daemon [_thread_blocked, id=4932, stack(0x0000004cef800000,0x0000004cef900000)]
  0x0000020d4dacd580 JavaThread "AWT-Windows" daemon [_thread_in_native, id=7584, stack(0x0000004cefa00000,0x0000004cefb00000)]
  0x0000020d4dacdad0 JavaThread "Image Fetcher 0" daemon [_thread_blocked, id=13452, stack(0x0000004cf0300000,0x0000004cf0400000)]
  0x0000020d4dacc040 JavaThread "Image Fetcher 1" daemon [_thread_blocked, id=13828, stack(0x0000004cf0400000,0x0000004cf0500000)]
  0x0000020d4daccae0 JavaThread "AWT-Shutdown" [_thread_blocked, id=12504, stack(0x0000004cef900000,0x0000004cefa00000)]
  0x0000020d4dacd030 JavaThread "AWT-EventQueue-0" [_thread_blocked, id=5512, stack(0x0000004cf0800000,0x0000004cf0900000)]
  0x0000020d572b5430 JavaThread "DestroyJavaVM" [_thread_blocked, id=9520, stack(0x0000004cee600000,0x0000004cee700000)]
  0x0000020d572b4440 JavaThread "D3D Screen Updater" daemon [_thread_blocked, id=8576, stack(0x0000004cf0900000,0x0000004cf0a00000)]

Other Threads:
=>0x0000020d33355c30 VMThread "VM Thread" [stack: 0x0000004ceec00000,0x0000004ceed00000] [id=12220]
  0x0000020d51e16f10 WatcherThread "VM Periodic Task Thread" [stack: 0x0000004cef700000,0x0000004cef800000] [id=9588]
  0x0000020d332d5e20 WorkerThread "GC Thread#0" [stack: 0x0000004cee700000,0x0000004cee800000] [id=8016]
  0x0000020d56d8ce90 WorkerThread "GC Thread#1" [stack: 0x0000004cf0500000,0x0000004cf0600000] [id=9428]
  0x0000020d56d88e50 WorkerThread "GC Thread#2" [stack: 0x0000004cf0600000,0x0000004cf0700000] [id=1736]
  0x0000020d5716cf20 WorkerThread "GC Thread#3" [stack: 0x0000004cf0700000,0x0000004cf0800000] [id=10524]
  0x0000020d332ddbb0 ConcurrentGCThread "G1 Main Marker" [stack: 0x0000004cee800000,0x0000004cee900000] [id=12292]
  0x0000020d332de8e0 WorkerThread "G1 Conc#0" [stack: 0x0000004cee900000,0x0000004ceea00000] [id=12888]
  0x0000020d3332ec70 ConcurrentGCThread "G1 Refine#0" [stack: 0x0000004ceea00000,0x0000004ceeb00000] [id=13140]
  0x0000020d3332f710 ConcurrentGCThread "G1 Service" [stack: 0x0000004ceeb00000,0x0000004ceec00000] [id=13012]

Threads with active compile tasks:

VM state: at safepoint (normal execution)

VM Mutex/Monitor currently owned by a thread:  ([mutex/lock_event])
[0x0000020d332926a0] Threads_lock - owner thread: 0x0000020d33355c30
[0x0000020d332928e0] Heap_lock - owner thread: 0x0000020d332ddbb0

Heap address: 0x00000000c8c00000, size: 884 MB, Compressed Oops mode: 32-bit

CDS archive(s) mapped at: [0x0000000800000000-0x0000000800c60000-0x0000000800c60000), size 12976128, SharedBaseAddress: 0x0000000800000000, ArchiveRelocationMode: 0.
Compressed class space mapped at: 0x0000000801000000-0x0000000841000000, reserved size: 1073741824
Narrow klass base: 0x0000000800000000, Narrow klass shift: 0, Narrow klass range: 0x100000000

GC Precious Log:
 CardTable entry size: 512
 Card Set container configuration: InlinePtr #cards 5 size 8 Array Of Cards #cards 12 size 40 Howl #buckets 4 coarsen threshold 1843 Howl Bitmap #cards 512 size 80 coarsen threshold 460 Card regions per heap region 1 cards per card region 2048
 CPUs: 4 total, 4 available
 Memory: 3530M
 Large Page Support: Disabled
 NUMA Support: Disabled
 Compressed Oops: Enabled (32-bit)
 Heap Region Size: 1M
 Heap Min Capacity: 8M
 Heap Initial Capacity: 56M
 Heap Max Capacity: 884M
 Pre-touch: Disabled
 Parallel Workers: 4
 Concurrent Workers: 1
 Concurrent Refinement Workers: 4
 Periodic GC: Disabled

Heap:
 garbage-first heap   total 242688K, used 190611K [0x00000000c8c00000, 0x0000000100000000)
  region size 1024K, 2 young (2048K), 1 survivors (1024K)
 Metaspace       used 7353K, committed 7616K, reserved 1114112K
  class space    used 802K, committed 896K, reserved 1048576K

Heap Regions: E=young(eden), S=young(survivor), O=old, HS=humongous(starts), HC=humongous(continues), CS=collection set, F=free, OA=open archive, CA=closed archive, TAMS=top-at-mark-start, PB=parsable bottom
|   0|0x00000000c8c00000, 0x00000000c8d00000, 0x00000000c8d00000|100%|HS|  |TAMS 0x00000000c8d00000| PB 0x00000000c8c00000| Complete 
|   1|0x00000000c8d00000, 0x00000000c8e00000, 0x00000000c8e00000|100%|HC|  |TAMS 0x00000000c8e00000| PB 0x00000000c8d00000| Complete 
|   2|0x00000000c8e00000, 0x00000000c8f00000, 0x00000000c8f00000|100%| O|  |TAMS 0x00000000c8f00000| PB 0x00000000c8f00000| Updating 
|   3|0x00000000c8f00000, 0x00000000c9000000, 0x00000000c9000000|100%| O|  |TAMS 0x00000000c9000000| PB 0x00000000c9000000| Untracked 
|   4|0x00000000c9000000, 0x00000000c90c4e00, 0x00000000c9100000| 76%| O|  |TAMS 0x00000000c90c4e00| PB 0x00000000c90c4e00| Updating 
|   5|0x00000000c9100000, 0x00000000c9200000, 0x00000000c9200000|100%|HS|  |TAMS 0x00000000c9200000| PB 0x00000000c9100000| Complete 
|   6|0x00000000c9200000, 0x00000000c9300000, 0x00000000c9300000|100%|HC|  |TAMS 0x00000000c9300000| PB 0x00000000c9200000| Complete 
|   7|0x00000000c9300000, 0x00000000c9400000, 0x00000000c9400000|100%|HC|  |TAMS 0x00000000c9400000| PB 0x00000000c9300000| Complete 
|   8|0x00000000c9400000, 0x00000000c9500000, 0x00000000c9500000|100%|HC|  |TAMS 0x00000000c9500000| PB 0x00000000c9400000| Complete 
|   9|0x00000000c9500000, 0x00000000c9600000, 0x00000000c9600000|100%|HC|  |TAMS 0x00000000c9600000| PB 0x00000000c9500000| Complete 
|  10|0x00000000c9600000, 0x00000000c9700000, 0x00000000c9700000|100%|HC|  |TAMS 0x00000000c9700000| PB 0x00000000c9600000| Complete 
|  11|0x00000000c9700000, 0x00000000c9700000, 0x00000000c9800000|  0%| F|  |TAMS 0x00000000c9700000| PB 0x00000000c9700000| Untracked 
|  12|0x00000000c9800000, 0x00000000c9800000, 0x00000000c9900000|  0%| F|  |TAMS 0x00000000c9800000| PB 0x00000000c9800000| Untracked 
|  13|0x00000000c9900000, 0x00000000c9900000, 0x00000000c9a00000|  0%| F|  |TAMS 0x00000000c9900000| PB 0x00000000c9900000| Untracked 
|  14|0x00000000c9a00000, 0x00000000c9a00000, 0x00000000c9b00000|  0%| F|  |TAMS 0x00000000c9a00000| PB 0x00000000c9a00000| Untracked 
|  15|0x00000000c9b00000, 0x00000000c9b00000, 0x00000000c9c00000|  0%| F|  |TAMS 0x00000000c9b00000| PB 0x00000000c9b00000| Untracked 
|  16|0x00000000c9c00000, 0x00000000c9c00000, 0x00000000c9d00000|  0%| F|  |TAMS 0x00000000c9c00000| PB 0x00000000c9c00000| Untracked 
|  17|0x00000000c9d00000, 0x00000000c9d00000, 0x00000000c9e00000|  0%| F|  |TAMS 0x00000000c9d00000| PB 0x00000000c9d00000| Untracked 
|  18|0x00000000c9e00000, 0x00000000c9e00000, 0x00000000c9f00000|  0%| F|  |TAMS 0x00000000c9e00000| PB 0x00000000c9e00000| Untracked 
|  19|0x00000000c9f00000, 0x00000000c9f00000, 0x00000000ca000000|  0%| F|  |TAMS 0x00000000c9f00000| PB 0x00000000c9f00000| Untracked 
|  20|0x00000000ca000000, 0x00000000ca000000, 0x00000000ca100000|  0%| F|  |TAMS 0x00000000ca000000| PB 0x00000000ca000000| Untracked 
|  21|0x00000000ca100000, 0x00000000ca100000, 0x00000000ca200000|  0%| F|  |TAMS 0x00000000ca100000| PB 0x00000000ca100000| Untracked 
|  22|0x00000000ca200000, 0x00000000ca200000, 0x00000000ca300000|  0%| F|  |TAMS 0x00000000ca200000| PB 0x00000000ca200000| Untracked 
|  23|0x00000000ca300000, 0x00000000ca300000, 0x00000000ca400000|  0%| F|  |TAMS 0x00000000ca300000| PB 0x00000000ca300000| Untracked 
|  24|0x00000000ca400000, 0x00000000ca400000, 0x00000000ca500000|  0%| F|  |TAMS 0x00000000ca400000| PB 0x00000000ca400000| Untracked 
|  25|0x00000000ca500000, 0x00000000ca500000, 0x00000000ca600000|  0%| F|  |TAMS 0x00000000ca500000| PB 0x00000000ca500000| Untracked 
|  26|0x00000000ca600000, 0x00000000ca600000, 0x00000000ca700000|  0%| F|  |TAMS 0x00000000ca600000| PB 0x00000000ca600000| Untracked 
|  27|0x00000000ca700000, 0x00000000ca700000, 0x00000000ca800000|  0%| F|  |TAMS 0x00000000ca700000| PB 0x00000000ca700000| Untracked 
|  28|0x00000000ca800000, 0x00000000ca800000, 0x00000000ca900000|  0%| F|  |TAMS 0x00000000ca800000| PB 0x00000000ca800000| Untracked 
|  29|0x00000000ca900000, 0x00000000ca900000, 0x00000000caa00000|  0%| F|  |TAMS 0x00000000ca900000| PB 0x00000000ca900000| Untracked 
|  30|0x00000000caa00000, 0x00000000caa00000, 0x00000000cab00000|  0%| F|  |TAMS 0x00000000caa00000| PB 0x00000000caa00000| Untracked 
|  31|0x00000000cab00000, 0x00000000cab00000, 0x00000000cac00000|  0%| F|  |TAMS 0x00000000cab00000| PB 0x00000000cab00000| Untracked 
|  32|0x00000000cac00000, 0x00000000cac00000, 0x00000000cad00000|  0%| F|  |TAMS 0x00000000cac00000| PB 0x00000000cac00000| Untracked 
|  33|0x00000000cad00000, 0x00000000cad00000, 0x00000000cae00000|  0%| F|  |TAMS 0x00000000cad00000| PB 0x00000000cad00000| Untracked 
|  34|0x00000000cae00000, 0x00000000cae00000, 0x00000000caf00000|  0%| F|  |TAMS 0x00000000cae00000| PB 0x00000000cae00000| Untracked 
|  35|0x00000000caf00000, 0x00000000caf00000, 0x00000000cb000000|  0%| F|  |TAMS 0x00000000caf00000| PB 0x00000000caf00000| Untracked 
|  36|0x00000000cb000000, 0x00000000cb000000, 0x00000000cb100000|  0%| F|  |TAMS 0x00000000cb000000| PB 0x00000000cb000000| Untracked 
|  37|0x00000000cb100000, 0x00000000cb100000, 0x00000000cb200000|  0%| F|  |TAMS 0x00000000cb100000| PB 0x00000000cb100000| Untracked 
|  38|0x00000000cb200000, 0x00000000cb200000, 0x00000000cb300000|  0%| F|  |TAMS 0x00000000cb200000| PB 0x00000000cb200000| Untracked 
|  39|0x00000000cb300000, 0x00000000cb300000, 0x00000000cb400000|  0%| F|  |TAMS 0x00000000cb300000| PB 0x00000000cb300000| Untracked 
|  40|0x00000000cb400000, 0x00000000cb400000, 0x00000000cb500000|  0%| F|  |TAMS 0x00000000cb400000| PB 0x00000000cb400000| Untracked 
|  41|0x00000000cb500000, 0x00000000cb500000, 0x00000000cb600000|  0%| F|  |TAMS 0x00000000cb500000| PB 0x00000000cb500000| Untracked 
|  42|0x00000000cb600000, 0x00000000cb600000, 0x00000000cb700000|  0%| F|  |TAMS 0x00000000cb600000| PB 0x00000000cb600000| Untracked 
|  43|0x00000000cb700000, 0x00000000cb700000, 0x00000000cb800000|  0%| F|  |TAMS 0x00000000cb700000| PB 0x00000000cb700000| Untracked 
|  44|0x00000000cb800000, 0x00000000cb800000, 0x00000000cb900000|  0%| F|  |TAMS 0x00000000cb800000| PB 0x00000000cb800000| Untracked 
|  45|0x00000000cb900000, 0x00000000cb900000, 0x00000000cba00000|  0%| F|  |TAMS 0x00000000cb900000| PB 0x00000000cb900000| Untracked 
|  46|0x00000000cba00000, 0x00000000cba00000, 0x00000000cbb00000|  0%| F|  |TAMS 0x00000000cba00000| PB 0x00000000cba00000| Untracked 
|  47|0x00000000cbb00000, 0x00000000cbb00000, 0x00000000cbc00000|  0%| F|  |TAMS 0x00000000cbb00000| PB 0x00000000cbb00000| Untracked 
|  48|0x00000000cbc00000, 0x00000000cbc00000, 0x00000000cbd00000|  0%| F|  |TAMS 0x00000000cbc00000| PB 0x00000000cbc00000| Untracked 
|  49|0x00000000cbd00000, 0x00000000cbd00000, 0x00000000cbe00000|  0%| F|  |TAMS 0x00000000cbd00000| PB 0x00000000cbd00000| Untracked 
|  50|0x00000000cbe00000, 0x00000000cbe00000, 0x00000000cbf00000|  0%| F|  |TAMS 0x00000000cbe00000| PB 0x00000000cbe00000| Untracked 
|  51|0x00000000cbf00000, 0x00000000cbf00000, 0x00000000cc000000|  0%| F|  |TAMS 0x00000000cbf00000| PB 0x00000000cbf00000| Untracked 
|  52|0x00000000cc000000, 0x00000000cc000000, 0x00000000cc100000|  0%| F|  |TAMS 0x00000000cc000000| PB 0x00000000cc000000| Untracked 
|  53|0x00000000cc100000, 0x00000000cc100000, 0x00000000cc200000|  0%| F|  |TAMS 0x00000000cc100000| PB 0x00000000cc100000| Untracked 
|  54|0x00000000cc200000, 0x00000000cc200000, 0x00000000cc300000|  0%| F|  |TAMS 0x00000000cc200000| PB 0x00000000cc200000| Untracked 
|  55|0x00000000cc300000, 0x00000000cc300000, 0x00000000cc400000|  0%| F|  |TAMS 0x00000000cc300000| PB 0x00000000cc300000| Untracked 
|  56|0x00000000cc400000, 0x00000000cc500000, 0x00000000cc500000|100%|HS|  |TAMS 0x00000000cc500000| PB 0x00000000cc400000| Complete 
|  57|0x00000000cc500000, 0x00000000cc600000, 0x00000000cc600000|100%|HC|  |TAMS 0x00000000cc600000| PB 0x00000000cc500000| Complete 
|  58|0x00000000cc600000, 0x00000000cc700000, 0x00000000cc700000|100%|HC|  |TAMS 0x00000000cc700000| PB 0x00000000cc600000| Complete 
|  59|0x00000000cc700000, 0x00000000cc800000, 0x00000000cc800000|100%|HC|  |TAMS 0x00000000cc800000| PB 0x00000000cc700000| Complete 
|  60|0x00000000cc800000, 0x00000000cc900000, 0x00000000cc900000|100%|HC|  |TAMS 0x00000000cc900000| PB 0x00000000cc800000| Complete 
|  61|0x00000000cc900000, 0x00000000cca00000, 0x00000000cca00000|100%|HC|  |TAMS 0x00000000cca00000| PB 0x00000000cc900000| Complete 
|  62|0x00000000cca00000, 0x00000000ccb00000, 0x00000000ccb00000|100%|HC|  |TAMS 0x00000000ccb00000| PB 0x00000000cca00000| Complete 
|  63|0x00000000ccb00000, 0x00000000ccc00000, 0x00000000ccc00000|100%|HC|  |TAMS 0x00000000ccc00000| PB 0x00000000ccb00000| Complete 
|  64|0x00000000ccc00000, 0x00000000ccd00000, 0x00000000ccd00000|100%|HC|  |TAMS 0x00000000ccd00000| PB 0x00000000ccc00000| Complete 
|  65|0x00000000ccd00000, 0x00000000cce00000, 0x00000000cce00000|100%|HC|  |TAMS 0x00000000cce00000| PB 0x00000000ccd00000| Complete 
|  66|0x00000000cce00000, 0x00000000ccf00000, 0x00000000ccf00000|100%|HC|  |TAMS 0x00000000ccf00000| PB 0x00000000cce00000| Complete 
|  67|0x00000000ccf00000, 0x00000000cd000000, 0x00000000cd000000|100%|HC|  |TAMS 0x00000000cd000000| PB 0x00000000ccf00000| Complete 
|  68|0x00000000cd000000, 0x00000000cd100000, 0x00000000cd100000|100%|HC|  |TAMS 0x00000000cd100000| PB 0x00000000cd000000| Complete 
|  69|0x00000000cd100000, 0x00000000cd200000, 0x00000000cd200000|100%|HC|  |TAMS 0x00000000cd200000| PB 0x00000000cd100000| Complete 
|  70|0x00000000cd200000, 0x00000000cd300000, 0x00000000cd300000|100%|HC|  |TAMS 0x00000000cd300000| PB 0x00000000cd200000| Complete 
|  71|0x00000000cd300000, 0x00000000cd400000, 0x00000000cd400000|100%|HC|  |TAMS 0x00000000cd400000| PB 0x00000000cd300000| Complete 
|  72|0x00000000cd400000, 0x00000000cd500000, 0x00000000cd500000|100%|HC|  |TAMS 0x00000000cd500000| PB 0x00000000cd400000| Complete 
|  73|0x00000000cd500000, 0x00000000cd600000, 0x00000000cd600000|100%|HC|  |TAMS 0x00000000cd600000| PB 0x00000000cd500000| Complete 
|  74|0x00000000cd600000, 0x00000000cd700000, 0x00000000cd700000|100%|HC|  |TAMS 0x00000000cd700000| PB 0x00000000cd600000| Complete 
|  75|0x00000000cd700000, 0x00000000cd800000, 0x00000000cd800000|100%|HC|  |TAMS 0x00000000cd800000| PB 0x00000000cd700000| Complete 
|  76|0x00000000cd800000, 0x00000000cd900000, 0x00000000cd900000|100%|HC|  |TAMS 0x00000000cd900000| PB 0x00000000cd800000| Complete 
|  77|0x00000000cd900000, 0x00000000cda00000, 0x00000000cda00000|100%|HC|  |TAMS 0x00000000cda00000| PB 0x00000000cd900000| Complete 
|  78|0x00000000cda00000, 0x00000000cdb00000, 0x00000000cdb00000|100%|HC|  |TAMS 0x00000000cdb00000| PB 0x00000000cda00000| Complete 
|  79|0x00000000cdb00000, 0x00000000cdc00000, 0x00000000cdc00000|100%|HC|  |TAMS 0x00000000cdc00000| PB 0x00000000cdb00000| Complete 
|  80|0x00000000cdc00000, 0x00000000cdd00000, 0x00000000cdd00000|100%|HC|  |TAMS 0x00000000cdd00000| PB 0x00000000cdc00000| Complete 
|  81|0x00000000cdd00000, 0x00000000cde00000, 0x00000000cde00000|100%|HC|  |TAMS 0x00000000cde00000| PB 0x00000000cdd00000| Complete 
|  82|0x00000000cde00000, 0x00000000cdf00000, 0x00000000cdf00000|100%|HC|  |TAMS 0x00000000cdf00000| PB 0x00000000cde00000| Complete 
|  83|0x00000000cdf00000, 0x00000000ce000000, 0x00000000ce000000|100%|HC|  |TAMS 0x00000000ce000000| PB 0x00000000cdf00000| Complete 
|  84|0x00000000ce000000, 0x00000000ce100000, 0x00000000ce100000|100%|HC|  |TAMS 0x00000000ce100000| PB 0x00000000ce000000| Complete 
|  85|0x00000000ce100000, 0x00000000ce200000, 0x00000000ce200000|100%|HC|  |TAMS 0x00000000ce200000| PB 0x00000000ce100000| Complete 
|  86|0x00000000ce200000, 0x00000000ce300000, 0x00000000ce300000|100%|HC|  |TAMS 0x00000000ce300000| PB 0x00000000ce200000| Complete 
|  87|0x00000000ce300000, 0x00000000ce400000, 0x00000000ce400000|100%|HC|  |TAMS 0x00000000ce400000| PB 0x00000000ce300000| Complete 
|  88|0x00000000ce400000, 0x00000000ce500000, 0x00000000ce500000|100%|HC|  |TAMS 0x00000000ce500000| PB 0x00000000ce400000| Complete 
|  89|0x00000000ce500000, 0x00000000ce600000, 0x00000000ce600000|100%|HC|  |TAMS 0x00000000ce600000| PB 0x00000000ce500000| Complete 
|  90|0x00000000ce600000, 0x00000000ce700000, 0x00000000ce700000|100%|HC|  |TAMS 0x00000000ce700000| PB 0x00000000ce600000| Complete 
|  91|0x00000000ce700000, 0x00000000ce800000, 0x00000000ce800000|100%|HC|  |TAMS 0x00000000ce800000| PB 0x00000000ce700000| Complete 
|  92|0x00000000ce800000, 0x00000000ce900000, 0x00000000ce900000|100%|HC|  |TAMS 0x00000000ce900000| PB 0x00000000ce800000| Complete 
|  93|0x00000000ce900000, 0x00000000cea00000, 0x00000000cea00000|100%|HC|  |TAMS 0x00000000cea00000| PB 0x00000000ce900000| Complete 
|  94|0x00000000cea00000, 0x00000000ceb00000, 0x00000000ceb00000|100%|HC|  |TAMS 0x00000000ceb00000| PB 0x00000000cea00000| Complete 
|  95|0x00000000ceb00000, 0x00000000cec00000, 0x00000000cec00000|100%|HC|  |TAMS 0x00000000cec00000| PB 0x00000000ceb00000| Complete 
|  96|0x00000000cec00000, 0x00000000ced00000, 0x00000000ced00000|100%|HC|  |TAMS 0x00000000ced00000| PB 0x00000000cec00000| Complete 
|  97|0x00000000ced00000, 0x00000000cee00000, 0x00000000cee00000|100%|HC|  |TAMS 0x00000000cee00000| PB 0x00000000ced00000| Complete 
|  98|0x00000000cee00000, 0x00000000cef00000, 0x00000000cef00000|100%|HC|  |TAMS 0x00000000cef00000| PB 0x00000000cee00000| Complete 
|  99|0x00000000cef00000, 0x00000000cf000000, 0x00000000cf000000|100%|HC|  |TAMS 0x00000000cf000000| PB 0x00000000cef00000| Complete 
| 100|0x00000000cf000000, 0x00000000cf100000, 0x00000000cf100000|100%|HC|  |TAMS 0x00000000cf100000| PB 0x00000000cf000000| Complete 
| 101|0x00000000cf100000, 0x00000000cf200000, 0x00000000cf200000|100%|HC|  |TAMS 0x00000000cf200000| PB 0x00000000cf100000| Complete 
| 102|0x00000000cf200000, 0x00000000cf300000, 0x00000000cf300000|100%|HC|  |TAMS 0x00000000cf300000| PB 0x00000000cf200000| Complete 
| 103|0x00000000cf300000, 0x00000000cf400000, 0x00000000cf400000|100%|HC|  |TAMS 0x00000000cf400000| PB 0x00000000cf300000| Complete 
| 104|0x00000000cf400000, 0x00000000cf500000, 0x00000000cf500000|100%|HC|  |TAMS 0x00000000cf500000| PB 0x00000000cf400000| Complete 
| 105|0x00000000cf500000, 0x00000000cf600000, 0x00000000cf600000|100%|HC|  |TAMS 0x00000000cf600000| PB 0x00000000cf500000| Complete 
| 106|0x00000000cf600000, 0x00000000cf700000, 0x00000000cf700000|100%|HC|  |TAMS 0x00000000cf700000| PB 0x00000000cf600000| Complete 
| 107|0x00000000cf700000, 0x00000000cf800000, 0x00000000cf800000|100%|HC|  |TAMS 0x00000000cf800000| PB 0x00000000cf700000| Complete 
| 108|0x00000000cf800000, 0x00000000cf900000, 0x00000000cf900000|100%|HC|  |TAMS 0x00000000cf900000| PB 0x00000000cf800000| Complete 
| 109|0x00000000cf900000, 0x00000000cfa00000, 0x00000000cfa00000|100%|HC|  |TAMS 0x00000000cfa00000| PB 0x00000000cf900000| Complete 
| 110|0x00000000cfa00000, 0x00000000cfb00000, 0x00000000cfb00000|100%|HC|  |TAMS 0x00000000cfb00000| PB 0x00000000cfa00000| Complete 
| 111|0x00000000cfb00000, 0x00000000cfc00000, 0x00000000cfc00000|100%|HC|  |TAMS 0x00000000cfc00000| PB 0x00000000cfb00000| Complete 
| 112|0x00000000cfc00000, 0x00000000cfd00000, 0x00000000cfd00000|100%|HC|  |TAMS 0x00000000cfd00000| PB 0x00000000cfc00000| Complete 
| 113|0x00000000cfd00000, 0x00000000cfe00000, 0x00000000cfe00000|100%|HC|  |TAMS 0x00000000cfe00000| PB 0x00000000cfd00000| Complete 
| 114|0x00000000cfe00000, 0x00000000cff00000, 0x00000000cff00000|100%|HC|  |TAMS 0x00000000cff00000| PB 0x00000000cfe00000| Complete 
| 115|0x00000000cff00000, 0x00000000d0000000, 0x00000000d0000000|100%|HC|  |TAMS 0x00000000d0000000| PB 0x00000000cff00000| Complete 
| 116|0x00000000d0000000, 0x00000000d0100000, 0x00000000d0100000|100%|HC|  |TAMS 0x00000000d0100000| PB 0x00000000d0000000| Complete 
| 117|0x00000000d0100000, 0x00000000d0200000, 0x00000000d0200000|100%|HC|  |TAMS 0x00000000d0200000| PB 0x00000000d0100000| Complete 
| 118|0x00000000d0200000, 0x00000000d0300000, 0x00000000d0300000|100%|HC|  |TAMS 0x00000000d0300000| PB 0x00000000d0200000| Complete 
| 119|0x00000000d0300000, 0x00000000d0400000, 0x00000000d0400000|100%|HC|  |TAMS 0x00000000d0400000| PB 0x00000000d0300000| Complete 
| 120|0x00000000d0400000, 0x00000000d0500000, 0x00000000d0500000|100%|HC|  |TAMS 0x00000000d0500000| PB 0x00000000d0400000| Complete 
| 121|0x00000000d0500000, 0x00000000d0600000, 0x00000000d0600000|100%|HC|  |TAMS 0x00000000d0600000| PB 0x00000000d0500000| Complete 
| 122|0x00000000d0600000, 0x00000000d0700000, 0x00000000d0700000|100%|HC|  |TAMS 0x00000000d0700000| PB 0x00000000d0600000| Complete 
| 123|0x00000000d0700000, 0x00000000d0800000, 0x00000000d0800000|100%|HC|  |TAMS 0x00000000d0800000| PB 0x00000000d0700000| Complete 
| 124|0x00000000d0800000, 0x00000000d0900000, 0x00000000d0900000|100%|HC|  |TAMS 0x00000000d0900000| PB 0x00000000d0800000| Complete 
| 125|0x00000000d0900000, 0x00000000d0a00000, 0x00000000d0a00000|100%|HC|  |TAMS 0x00000000d0a00000| PB 0x00000000d0900000| Complete 
| 126|0x00000000d0a00000, 0x00000000d0b00000, 0x00000000d0b00000|100%|HC|  |TAMS 0x00000000d0b00000| PB 0x00000000d0a00000| Complete 
| 127|0x00000000d0b00000, 0x00000000d0c00000, 0x00000000d0c00000|100%|HC|  |TAMS 0x00000000d0c00000| PB 0x00000000d0b00000| Complete 
| 128|0x00000000d0c00000, 0x00000000d0d00000, 0x00000000d0d00000|100%|HC|  |TAMS 0x00000000d0d00000| PB 0x00000000d0c00000| Complete 
| 129|0x00000000d0d00000, 0x00000000d0e00000, 0x00000000d0e00000|100%|HC|  |TAMS 0x00000000d0e00000| PB 0x00000000d0d00000| Complete 
| 130|0x00000000d0e00000, 0x00000000d0f00000, 0x00000000d0f00000|100%|HC|  |TAMS 0x00000000d0f00000| PB 0x00000000d0e00000| Complete 
| 131|0x00000000d0f00000, 0x00000000d1000000, 0x00000000d1000000|100%|HC|  |TAMS 0x00000000d1000000| PB 0x00000000d0f00000| Complete 
| 132|0x00000000d1000000, 0x00000000d1100000, 0x00000000d1100000|100%|HC|  |TAMS 0x00000000d1100000| PB 0x00000000d1000000| Complete 
| 133|0x00000000d1100000, 0x00000000d1100000, 0x00000000d1200000|  0%| F|  |TAMS 0x00000000d1100000| PB 0x00000000d1100000| Untracked 
| 134|0x00000000d1200000, 0x00000000d1200000, 0x00000000d1300000|  0%| F|  |TAMS 0x00000000d1200000| PB 0x00000000d1200000| Untracked 
| 135|0x00000000d1300000, 0x00000000d1300000, 0x00000000d1400000|  0%| F|  |TAMS 0x00000000d1300000| PB 0x00000000d1300000| Untracked 
| 136|0x00000000d1400000, 0x00000000d1400000, 0x00000000d1500000|  0%| F|  |TAMS 0x00000000d1400000| PB 0x00000000d1400000| Untracked 
| 137|0x00000000d1500000, 0x00000000d15d68d0, 0x00000000d1600000| 83%| E|  |TAMS 0x00000000d1500000| PB 0x00000000d1500000| Complete 
| 138|0x00000000d1600000, 0x00000000d1660050, 0x00000000d1700000| 37%| S|CS|TAMS 0x00000000d1600000| PB 0x00000000d1600000| Complete 
| 139|0x00000000d1700000, 0x00000000d1800000, 0x00000000d1800000|100%|HS|  |TAMS 0x00000000d1700000| PB 0x00000000d1700000| Complete 
| 140|0x00000000d1800000, 0x00000000d1900000, 0x00000000d1900000|100%|HC|  |TAMS 0x00000000d1800000| PB 0x00000000d1800000| Complete 
| 141|0x00000000d1900000, 0x00000000d1a00000, 0x00000000d1a00000|100%|HC|  |TAMS 0x00000000d1900000| PB 0x00000000d1900000| Complete 
| 142|0x00000000d1a00000, 0x00000000d1b00000, 0x00000000d1b00000|100%|HC|  |TAMS 0x00000000d1a00000| PB 0x00000000d1a00000| Complete 
| 143|0x00000000d1b00000, 0x00000000d1c00000, 0x00000000d1c00000|100%|HC|  |TAMS 0x00000000d1b00000| PB 0x00000000d1b00000| Complete 
| 144|0x00000000d1c00000, 0x00000000d1d00000, 0x00000000d1d00000|100%|HC|  |TAMS 0x00000000d1c00000| PB 0x00000000d1c00000| Complete 
| 145|0x00000000d1d00000, 0x00000000d1e00000, 0x00000000d1e00000|100%|HC|  |TAMS 0x00000000d1d00000| PB 0x00000000d1d00000| Complete 
| 146|0x00000000d1e00000, 0x00000000d1f00000, 0x00000000d1f00000|100%|HC|  |TAMS 0x00000000d1e00000| PB 0x00000000d1e00000| Complete 
| 147|0x00000000d1f00000, 0x00000000d2000000, 0x00000000d2000000|100%|HC|  |TAMS 0x00000000d1f00000| PB 0x00000000d1f00000| Complete 
| 148|0x00000000d2000000, 0x00000000d2100000, 0x00000000d2100000|100%|HC|  |TAMS 0x00000000d2000000| PB 0x00000000d2000000| Complete 
| 149|0x00000000d2100000, 0x00000000d2200000, 0x00000000d2200000|100%|HC|  |TAMS 0x00000000d2100000| PB 0x00000000d2100000| Complete 
| 150|0x00000000d2200000, 0x00000000d2300000, 0x00000000d2300000|100%|HC|  |TAMS 0x00000000d2200000| PB 0x00000000d2200000| Complete 
| 151|0x00000000d2300000, 0x00000000d2400000, 0x00000000d2400000|100%|HC|  |TAMS 0x00000000d2300000| PB 0x00000000d2300000| Complete 
| 152|0x00000000d2400000, 0x00000000d2500000, 0x00000000d2500000|100%|HC|  |TAMS 0x00000000d2400000| PB 0x00000000d2400000| Complete 
| 153|0x00000000d2500000, 0x00000000d2600000, 0x00000000d2600000|100%|HC|  |TAMS 0x00000000d2500000| PB 0x00000000d2500000| Complete 
| 154|0x00000000d2600000, 0x00000000d2700000, 0x00000000d2700000|100%|HC|  |TAMS 0x00000000d2600000| PB 0x00000000d2600000| Complete 
| 155|0x00000000d2700000, 0x00000000d2800000, 0x00000000d2800000|100%|HC|  |TAMS 0x00000000d2700000| PB 0x00000000d2700000| Complete 
| 156|0x00000000d2800000, 0x00000000d2900000, 0x00000000d2900000|100%|HC|  |TAMS 0x00000000d2800000| PB 0x00000000d2800000| Complete 
| 157|0x00000000d2900000, 0x00000000d2a00000, 0x00000000d2a00000|100%|HC|  |TAMS 0x00000000d2900000| PB 0x00000000d2900000| Complete 
| 158|0x00000000d2a00000, 0x00000000d2b00000, 0x00000000d2b00000|100%|HC|  |TAMS 0x00000000d2a00000| PB 0x00000000d2a00000| Complete 
| 159|0x00000000d2b00000, 0x00000000d2c00000, 0x00000000d2c00000|100%|HC|  |TAMS 0x00000000d2b00000| PB 0x00000000d2b00000| Complete 
| 160|0x00000000d2c00000, 0x00000000d2d00000, 0x00000000d2d00000|100%|HC|  |TAMS 0x00000000d2c00000| PB 0x00000000d2c00000| Complete 
| 161|0x00000000d2d00000, 0x00000000d2e00000, 0x00000000d2e00000|100%|HC|  |TAMS 0x00000000d2d00000| PB 0x00000000d2d00000| Complete 
| 162|0x00000000d2e00000, 0x00000000d2f00000, 0x00000000d2f00000|100%|HC|  |TAMS 0x00000000d2e00000| PB 0x00000000d2e00000| Complete 
| 163|0x00000000d2f00000, 0x00000000d3000000, 0x00000000d3000000|100%|HC|  |TAMS 0x00000000d2f00000| PB 0x00000000d2f00000| Complete 
| 164|0x00000000d3000000, 0x00000000d3100000, 0x00000000d3100000|100%|HC|  |TAMS 0x00000000d3000000| PB 0x00000000d3000000| Complete 
| 165|0x00000000d3100000, 0x00000000d3200000, 0x00000000d3200000|100%|HC|  |TAMS 0x00000000d3100000| PB 0x00000000d3100000| Complete 
| 166|0x00000000d3200000, 0x00000000d3300000, 0x00000000d3300000|100%|HC|  |TAMS 0x00000000d3200000| PB 0x00000000d3200000| Complete 
| 167|0x00000000d3300000, 0x00000000d3400000, 0x00000000d3400000|100%|HC|  |TAMS 0x00000000d3300000| PB 0x00000000d3300000| Complete 
| 168|0x00000000d3400000, 0x00000000d3500000, 0x00000000d3500000|100%|HC|  |TAMS 0x00000000d3400000| PB 0x00000000d3400000| Complete 
| 169|0x00000000d3500000, 0x00000000d3600000, 0x00000000d3600000|100%|HC|  |TAMS 0x00000000d3500000| PB 0x00000000d3500000| Complete 
| 170|0x00000000d3600000, 0x00000000d3700000, 0x00000000d3700000|100%|HC|  |TAMS 0x00000000d3600000| PB 0x00000000d3600000| Complete 
| 171|0x00000000d3700000, 0x00000000d3800000, 0x00000000d3800000|100%|HC|  |TAMS 0x00000000d3700000| PB 0x00000000d3700000| Complete 
| 172|0x00000000d3800000, 0x00000000d3900000, 0x00000000d3900000|100%|HC|  |TAMS 0x00000000d3800000| PB 0x00000000d3800000| Complete 
| 173|0x00000000d3900000, 0x00000000d3a00000, 0x00000000d3a00000|100%|HC|  |TAMS 0x00000000d3900000| PB 0x00000000d3900000| Complete 
| 174|0x00000000d3a00000, 0x00000000d3b00000, 0x00000000d3b00000|100%|HC|  |TAMS 0x00000000d3a00000| PB 0x00000000d3a00000| Complete 
| 175|0x00000000d3b00000, 0x00000000d3c00000, 0x00000000d3c00000|100%|HC|  |TAMS 0x00000000d3b00000| PB 0x00000000d3b00000| Complete 
| 176|0x00000000d3c00000, 0x00000000d3d00000, 0x00000000d3d00000|100%|HC|  |TAMS 0x00000000d3c00000| PB 0x00000000d3c00000| Complete 
| 177|0x00000000d3d00000, 0x00000000d3e00000, 0x00000000d3e00000|100%|HC|  |TAMS 0x00000000d3d00000| PB 0x00000000d3d00000| Complete 
| 178|0x00000000d3e00000, 0x00000000d3f00000, 0x00000000d3f00000|100%|HC|  |TAMS 0x00000000d3e00000| PB 0x00000000d3e00000| Complete 
| 179|0x00000000d3f00000, 0x00000000d4000000, 0x00000000d4000000|100%|HC|  |TAMS 0x00000000d3f00000| PB 0x00000000d3f00000| Complete 
| 180|0x00000000d4000000, 0x00000000d4100000, 0x00000000d4100000|100%|HC|  |TAMS 0x00000000d4000000| PB 0x00000000d4000000| Complete 
| 181|0x00000000d4100000, 0x00000000d4200000, 0x00000000d4200000|100%|HC|  |TAMS 0x00000000d4100000| PB 0x00000000d4100000| Complete 
| 182|0x00000000d4200000, 0x00000000d4300000, 0x00000000d4300000|100%|HC|  |TAMS 0x00000000d4200000| PB 0x00000000d4200000| Complete 
| 183|0x00000000d4300000, 0x00000000d4400000, 0x00000000d4400000|100%|HC|  |TAMS 0x00000000d4300000| PB 0x00000000d4300000| Complete 
| 184|0x00000000d4400000, 0x00000000d4500000, 0x00000000d4500000|100%|HC|  |TAMS 0x00000000d4400000| PB 0x00000000d4400000| Complete 
| 185|0x00000000d4500000, 0x00000000d4600000, 0x00000000d4600000|100%|HC|  |TAMS 0x00000000d4500000| PB 0x00000000d4500000| Complete 
| 186|0x00000000d4600000, 0x00000000d4700000, 0x00000000d4700000|100%|HC|  |TAMS 0x00000000d4600000| PB 0x00000000d4600000| Complete 
| 187|0x00000000d4700000, 0x00000000d4800000, 0x00000000d4800000|100%|HC|  |TAMS 0x00000000d4700000| PB 0x00000000d4700000| Complete 
| 188|0x00000000d4800000, 0x00000000d4900000, 0x00000000d4900000|100%|HC|  |TAMS 0x00000000d4800000| PB 0x00000000d4800000| Complete 
| 189|0x00000000d4900000, 0x00000000d4a00000, 0x00000000d4a00000|100%|HC|  |TAMS 0x00000000d4900000| PB 0x00000000d4900000| Complete 
| 190|0x00000000d4a00000, 0x00000000d4b00000, 0x00000000d4b00000|100%|HC|  |TAMS 0x00000000d4a00000| PB 0x00000000d4a00000| Complete 
| 191|0x00000000d4b00000, 0x00000000d4c00000, 0x00000000d4c00000|100%|HC|  |TAMS 0x00000000d4b00000| PB 0x00000000d4b00000| Complete 
| 192|0x00000000d4c00000, 0x00000000d4d00000, 0x00000000d4d00000|100%|HC|  |TAMS 0x00000000d4c00000| PB 0x00000000d4c00000| Complete 
| 193|0x00000000d4d00000, 0x00000000d4e00000, 0x00000000d4e00000|100%|HC|  |TAMS 0x00000000d4d00000| PB 0x00000000d4d00000| Complete 
| 194|0x00000000d4e00000, 0x00000000d4f00000, 0x00000000d4f00000|100%|HC|  |TAMS 0x00000000d4e00000| PB 0x00000000d4e00000| Complete 
| 195|0x00000000d4f00000, 0x00000000d5000000, 0x00000000d5000000|100%|HC|  |TAMS 0x00000000d4f00000| PB 0x00000000d4f00000| Complete 
| 196|0x00000000d5000000, 0x00000000d5100000, 0x00000000d5100000|100%|HC|  |TAMS 0x00000000d5000000| PB 0x00000000d5000000| Complete 
| 197|0x00000000d5100000, 0x00000000d5200000, 0x00000000d5200000|100%|HC|  |TAMS 0x00000000d5100000| PB 0x00000000d5100000| Complete 
| 198|0x00000000d5200000, 0x00000000d5300000, 0x00000000d5300000|100%|HC|  |TAMS 0x00000000d5200000| PB 0x00000000d5200000| Complete 
| 199|0x00000000d5300000, 0x00000000d5400000, 0x00000000d5400000|100%|HC|  |TAMS 0x00000000d5300000| PB 0x00000000d5300000| Complete 
| 200|0x00000000d5400000, 0x00000000d5500000, 0x00000000d5500000|100%|HC|  |TAMS 0x00000000d5400000| PB 0x00000000d5400000| Complete 
| 201|0x00000000d5500000, 0x00000000d5600000, 0x00000000d5600000|100%|HC|  |TAMS 0x00000000d5500000| PB 0x00000000d5500000| Complete 
| 202|0x00000000d5600000, 0x00000000d5700000, 0x00000000d5700000|100%|HC|  |TAMS 0x00000000d5600000| PB 0x00000000d5600000| Complete 
| 203|0x00000000d5700000, 0x00000000d5800000, 0x00000000d5800000|100%|HC|  |TAMS 0x00000000d5700000| PB 0x00000000d5700000| Complete 
| 204|0x00000000d5800000, 0x00000000d5900000, 0x00000000d5900000|100%|HC|  |TAMS 0x00000000d5800000| PB 0x00000000d5800000| Complete 
| 205|0x00000000d5900000, 0x00000000d5a00000, 0x00000000d5a00000|100%|HC|  |TAMS 0x00000000d5900000| PB 0x00000000d5900000| Complete 
| 206|0x00000000d5a00000, 0x00000000d5b00000, 0x00000000d5b00000|100%|HC|  |TAMS 0x00000000d5a00000| PB 0x00000000d5a00000| Complete 
| 207|0x00000000d5b00000, 0x00000000d5c00000, 0x00000000d5c00000|100%|HC|  |TAMS 0x00000000d5b00000| PB 0x00000000d5b00000| Complete 
| 208|0x00000000d5c00000, 0x00000000d5d00000, 0x00000000d5d00000|100%|HC|  |TAMS 0x00000000d5c00000| PB 0x00000000d5c00000| Complete 
| 209|0x00000000d5d00000, 0x00000000d5e00000, 0x00000000d5e00000|100%|HC|  |TAMS 0x00000000d5d00000| PB 0x00000000d5d00000| Complete 
| 210|0x00000000d5e00000, 0x00000000d5f00000, 0x00000000d5f00000|100%|HC|  |TAMS 0x00000000d5e00000| PB 0x00000000d5e00000| Complete 
| 211|0x00000000d5f00000, 0x00000000d6000000, 0x00000000d6000000|100%|HC|  |TAMS 0x00000000d5f00000| PB 0x00000000d5f00000| Complete 
| 212|0x00000000d6000000, 0x00000000d6100000, 0x00000000d6100000|100%|HC|  |TAMS 0x00000000d6000000| PB 0x00000000d6000000| Complete 
| 213|0x00000000d6100000, 0x00000000d6200000, 0x00000000d6200000|100%|HC|  |TAMS 0x00000000d6100000| PB 0x00000000d6100000| Complete 
| 214|0x00000000d6200000, 0x00000000d6300000, 0x00000000d6300000|100%|HC|  |TAMS 0x00000000d6200000| PB 0x00000000d6200000| Complete 
| 215|0x00000000d6300000, 0x00000000d6400000, 0x00000000d6400000|100%|HC|  |TAMS 0x00000000d6300000| PB 0x00000000d6300000| Complete 
| 216|0x00000000d6400000, 0x00000000d6500000, 0x00000000d6500000|100%|HC|  |TAMS 0x00000000d6400000| PB 0x00000000d6400000| Complete 
| 217|0x00000000d6500000, 0x00000000d6600000, 0x00000000d6600000|100%|HC|  |TAMS 0x00000000d6500000| PB 0x00000000d6500000| Complete 
| 218|0x00000000d6600000, 0x00000000d6700000, 0x00000000d6700000|100%|HC|  |TAMS 0x00000000d6600000| PB 0x00000000d6600000| Complete 
| 219|0x00000000d6700000, 0x00000000d6800000, 0x00000000d6800000|100%|HC|  |TAMS 0x00000000d6700000| PB 0x00000000d6700000| Complete 
| 220|0x00000000d6800000, 0x00000000d6900000, 0x00000000d6900000|100%|HC|  |TAMS 0x00000000d6800000| PB 0x00000000d6800000| Complete 
| 221|0x00000000d6900000, 0x00000000d6a00000, 0x00000000d6a00000|100%|HC|  |TAMS 0x00000000d6900000| PB 0x00000000d6900000| Complete 
| 222|0x00000000d6a00000, 0x00000000d6b00000, 0x00000000d6b00000|100%|HC|  |TAMS 0x00000000d6a00000| PB 0x00000000d6a00000| Complete 
| 223|0x00000000d6b00000, 0x00000000d6c00000, 0x00000000d6c00000|100%|HC|  |TAMS 0x00000000d6b00000| PB 0x00000000d6b00000| Complete 
| 224|0x00000000d6c00000, 0x00000000d6d00000, 0x00000000d6d00000|100%|HC|  |TAMS 0x00000000d6c00000| PB 0x00000000d6c00000| Complete 
| 225|0x00000000d6d00000, 0x00000000d6e00000, 0x00000000d6e00000|100%|HC|  |TAMS 0x00000000d6d00000| PB 0x00000000d6d00000| Complete 
| 226|0x00000000d6e00000, 0x00000000d6f00000, 0x00000000d6f00000|100%|HC|  |TAMS 0x00000000d6e00000| PB 0x00000000d6e00000| Complete 
| 227|0x00000000d6f00000, 0x00000000d7000000, 0x00000000d7000000|100%|HC|  |TAMS 0x00000000d6f00000| PB 0x00000000d6f00000| Complete 
| 228|0x00000000d7000000, 0x00000000d7100000, 0x00000000d7100000|100%|HC|  |TAMS 0x00000000d7000000| PB 0x00000000d7000000| Complete 
| 229|0x00000000d7100000, 0x00000000d7200000, 0x00000000d7200000|100%|HC|  |TAMS 0x00000000d7100000| PB 0x00000000d7100000| Complete 
| 230|0x00000000d7200000, 0x00000000d7300000, 0x00000000d7300000|100%|HC|  |TAMS 0x00000000d7200000| PB 0x00000000d7200000| Complete 
| 231|0x00000000d7300000, 0x00000000d7400000, 0x00000000d7400000|100%|HC|  |TAMS 0x00000000d7300000| PB 0x00000000d7300000| Complete 
| 232|0x00000000d7400000, 0x00000000d7500000, 0x00000000d7500000|100%|HC|  |TAMS 0x00000000d7400000| PB 0x00000000d7400000| Complete 
| 233|0x00000000d7500000, 0x00000000d7600000, 0x00000000d7600000|100%|HC|  |TAMS 0x00000000d7500000| PB 0x00000000d7500000| Complete 
| 234|0x00000000d7600000, 0x00000000d7700000, 0x00000000d7700000|100%|HC|  |TAMS 0x00000000d7600000| PB 0x00000000d7600000| Complete 
| 235|0x00000000d7700000, 0x00000000d7800000, 0x00000000d7800000|100%|HC|  |TAMS 0x00000000d7700000| PB 0x00000000d7700000| Complete 
| 236|0x00000000d7800000, 0x00000000d7900000, 0x00000000d7900000|100%|HC|  |TAMS 0x00000000d7800000| PB 0x00000000d7800000| Complete 

Card table byte_map: [0x0000020d4a510000,0x0000020d4a6d0000] _byte_map_base: 0x0000020d49eca000

Marking Bits: (CMBitMap*) 0x0000020d332d6450
 Bits: [0x0000020d4a890000, 0x0000020d4b660000)

Polling page: 0x0000020d32a60000

Metaspace:

Usage:
  Non-class:      6.40 MB used.
      Class:    802.80 KB used.
       Both:      7.18 MB used.

Virtual space:
  Non-class space:       64.00 MB reserved,       6.56 MB ( 10%) committed,  1 nodes.
      Class space:        1.00 GB reserved,     896.00 KB ( <1%) committed,  1 nodes.
             Both:        1.06 GB reserved,       7.44 MB ( <1%) committed. 

Chunk freelists:
   Non-Class:  1017.00 KB
       Class:  3.10 MB
        Both:  4.09 MB

MaxMetaspaceSize: unlimited
CompressedClassSpaceSize: 1.00 GB
Initial GC threshold: 21.00 MB
Current GC threshold: 21.00 MB
CDS: on
MetaspaceReclaimPolicy: balanced
 - commit_granule_bytes: 65536.
 - commit_granule_words: 8192.
 - virtual_space_node_default_size: 8388608.
 - enlarge_chunks_in_place: 1.
 - new_chunks_are_fully_committed: 0.
 - uncommit_free_chunks: 1.
 - use_allocation_guard: 0.


Internal statistics:

num_allocs_failed_limit: 0.
num_arena_births: 152.
num_arena_deaths: 0.
num_vsnodes_births: 2.
num_vsnodes_deaths: 0.
num_space_committed: 119.
num_space_uncommitted: 0.
num_chunks_returned_to_freelist: 0.
num_chunks_taken_from_freelist: 192.
num_chunk_merges: 0.
num_chunk_splits: 112.
num_chunks_enlarged: 45.
num_inconsistent_stats: 0.

CodeHeap 'non-profiled nmethods': size=120000Kb used=362Kb max_used=371Kb free=119637Kb
 bounds [0x0000020d42e20000, 0x0000020d43090000, 0x0000020d4a350000]
CodeHeap 'profiled nmethods': size=120000Kb used=1620Kb max_used=1630Kb free=118379Kb
 bounds [0x0000020d3b350000, 0x0000020d3b5c0000, 0x0000020d42880000]
CodeHeap 'non-nmethods': size=5760Kb used=1609Kb max_used=1624Kb free=4150Kb
 bounds [0x0000020d42880000, 0x0000020d42af0000, 0x0000020d42e20000]
 total_blobs=1719 nmethods=1101 adapters=529
 compilation: enabled
              stopped_count=0, restarted_count=0
 full_count=0

Compilation events (20 events):
Event: 4.946 Thread 0x0000020d4dad4500 1154       3       java.awt.EventQueue::cacheEQItem (60 bytes)
Event: 4.947 Thread 0x0000020d4dad4500 nmethod 1154 0x0000020d3b4e3c10 code [0x0000020d3b4e3de0, 0x0000020d3b4e45b0]
Event: 4.949 Thread 0x0000020d4dad0600 1155       4       java.util.concurrent.ConcurrentHashMap::setTabAt (20 bytes)
Event: 4.950 Thread 0x0000020d4dad0600 nmethod 1155 0x0000020d42e7c410 code [0x0000020d42e7c580, 0x0000020d42e7c6a8]
Event: 4.950 Thread 0x0000020d4dad4500 1156       3       java.lang.invoke.DirectMethodHandle$Holder::invokeStatic (14 bytes)
Event: 4.951 Thread 0x0000020d4dad4500 nmethod 1156 0x0000020d3b4e4790 code [0x0000020d3b4e4940, 0x0000020d3b4e4e18]
Event: 4.951 Thread 0x0000020d4dad4500 1157   !   3       javax.swing.UIManager::getLAFState (61 bytes)
Event: 4.952 Thread 0x0000020d4dad4500 nmethod 1157 0x0000020d3b4e4f10 code [0x0000020d3b4e5140, 0x0000020d3b4e5870]
Event: 4.952 Thread 0x0000020d4dad4500 1158   !   3       javax.swing.UIManager::maybeInitialize (36 bytes)
Event: 4.952 Thread 0x0000020d4dad4500 nmethod 1158 0x0000020d3b4e5c10 code [0x0000020d3b4e5dc0, 0x0000020d3b4e6078]
Event: 4.952 Thread 0x0000020d4dad4500 1159       3       java.lang.String::getChars (55 bytes)
Event: 4.953 Thread 0x0000020d4dad4500 nmethod 1159 0x0000020d3b4e6290 code [0x0000020d3b4e64a0, 0x0000020d3b4e6bd8]
Event: 4.953 Thread 0x0000020d4dad4500 1160       3       java.lang.StringLatin1::getChars (12 bytes)
Event: 4.953 Thread 0x0000020d4dad4500 nmethod 1160 0x0000020d3b4e6f10 code [0x0000020d3b4e70a0, 0x0000020d3b4e71c0]
Event: 4.954 Thread 0x0000020d4dad0600 1161       4       java.lang.AbstractStringBuilder::ensureCapacityInternal (39 bytes)
Event: 4.957 Thread 0x0000020d4dad4500 1162   !   3       java.lang.ref.NativeReferenceQueue::enqueue (20 bytes)
Event: 4.958 Thread 0x0000020d4dad4500 nmethod 1162 0x0000020d3b4e7290 code [0x0000020d3b4e7420, 0x0000020d3b4e7648]
Event: 4.958 Thread 0x0000020d4dad4500 1163       3       java.lang.ref.NativeReferenceQueue::signal (8 bytes)
Event: 4.958 Thread 0x0000020d4dad4500 nmethod 1163 0x0000020d3b4e7790 code [0x0000020d3b4e7920, 0x0000020d3b4e7a58]
Event: 4.958 Thread 0x0000020d4dad0600 nmethod 1161 0x0000020d42e7c710 code [0x0000020d42e7c8a0, 0x0000020d42e7cca0]

GC Heap History (12 events):
Event: 0.546 GC heap before
{Heap before GC invocations=0 (full 0):
 garbage-first heap   total 57344K, used 10240K [0x00000000c8c00000, 0x0000000100000000)
  region size 1024K, 9 young (9216K), 0 survivors (0K)
 Metaspace       used 5041K, committed 5312K, reserved 1114112K
  class space    used 526K, committed 640K, reserved 1048576K
}
Event: 0.552 GC heap after
{Heap after GC invocations=1 (full 0):
 garbage-first heap   total 57344K, used 4744K [0x00000000c8c00000, 0x0000000100000000)
  region size 1024K, 2 young (2048K), 2 survivors (2048K)
 Metaspace       used 5041K, committed 5312K, reserved 1114112K
  class space    used 526K, committed 640K, reserved 1048576K
}
Event: 0.724 GC heap before
{Heap before GC invocations=1 (full 0):
 garbage-first heap   total 136192K, used 93832K [0x00000000c8c00000, 0x0000000100000000)
  region size 1024K, 13 young (13312K), 2 survivors (2048K)
 Metaspace       used 5053K, committed 5312K, reserved 1114112K
  class space    used 526K, committed 640K, reserved 1048576K
}
Event: 0.728 GC heap after
{Heap after GC invocations=2 (full 0):
 garbage-first heap   total 136192K, used 83898K [0x00000000c8c00000, 0x0000000100000000)
  region size 1024K, 1 young (1024K), 1 survivors (1024K)
 Metaspace       used 5053K, committed 5312K, reserved 1114112K
  class space    used 526K, committed 640K, reserved 1048576K
}
Event: 1.004 GC heap before
{Heap before GC invocations=2 (full 0):
 garbage-first heap   total 136192K, used 124858K [0x00000000c8c00000, 0x0000000100000000)
  region size 1024K, 42 young (43008K), 1 survivors (1024K)
 Metaspace       used 5053K, committed 5312K, reserved 1114112K
  class space    used 526K, committed 640K, reserved 1048576K
}
Event: 1.005 GC heap after
{Heap after GC invocations=3 (full 0):
 garbage-first heap   total 136192K, used 83794K [0x00000000c8c00000, 0x0000000100000000)
  region size 1024K, 1 young (1024K), 1 survivors (1024K)
 Metaspace       used 5053K, committed 5312K, reserved 1114112K
  class space    used 526K, committed 640K, reserved 1048576K
}
Event: 1.171 GC heap before
{Heap before GC invocations=4 (full 0):
 garbage-first heap   total 147456K, used 124754K [0x00000000c8c00000, 0x0000000100000000)
  region size 1024K, 42 young (43008K), 1 survivors (1024K)
 Metaspace       used 5053K, committed 5312K, reserved 1114112K
  class space    used 526K, committed 640K, reserved 1048576K
}
Event: 1.172 GC heap after
{Heap after GC invocations=5 (full 0):
 garbage-first heap   total 147456K, used 83752K [0x00000000c8c00000, 0x0000000100000000)
  region size 1024K, 1 young (1024K), 1 survivors (1024K)
 Metaspace       used 5053K, committed 5312K, reserved 1114112K
  class space    used 526K, committed 640K, reserved 1048576K
}
Event: 1.238 GC heap before
{Heap before GC invocations=5 (full 0):
 garbage-first heap   total 147456K, used 97064K [0x00000000c8c00000, 0x0000000100000000)
  region size 1024K, 16 young (16384K), 1 survivors (1024K)
 Metaspace       used 5053K, committed 5312K, reserved 1114112K
  class space    used 526K, committed 640K, reserved 1048576K
}
Event: 1.239 GC heap after
{Heap after GC invocations=6 (full 0):
 garbage-first heap   total 147456K, used 83784K [0x00000000c8c00000, 0x0000000100000000)
  region size 1024K, 1 young (1024K), 1 survivors (1024K)
 Metaspace       used 5053K, committed 5312K, reserved 1114112K
  class space    used 526K, committed 640K, reserved 1048576K
}
Event: 4.956 GC heap before
{Heap before GC invocations=7 (full 0):
 garbage-first heap   total 153600K, used 100168K [0x00000000c8c00000, 0x0000000100000000)
  region size 1024K, 12 young (12288K), 1 survivors (1024K)
 Metaspace       used 7352K, committed 7616K, reserved 1114112K
  class space    used 802K, committed 896K, reserved 1048576K
}
Event: 4.957 GC heap after
{Heap after GC invocations=8 (full 0):
 garbage-first heap   total 153600K, used 90259K [0x00000000c8c00000, 0x0000000100000000)
  region size 1024K, 1 young (1024K), 1 survivors (1024K)
 Metaspace       used 7352K, committed 7616K, reserved 1114112K
  class space    used 802K, committed 896K, reserved 1048576K
}

Dll operation events (10 events):
Event: 0.008 Loaded shared library C:\Program Files\Java\jdk-20\bin\java.dll
Event: 0.018 Loaded shared library C:\Program Files\Java\jdk-20\bin\jsvml.dll
Event: 0.087 Loaded shared library C:\Program Files\Java\jdk-20\bin\net.dll
Event: 0.089 Loaded shared library C:\Program Files\Java\jdk-20\bin\nio.dll
Event: 0.124 Loaded shared library C:\Program Files\Java\jdk-20\bin\zip.dll
Event: 0.138 Loaded shared library C:\Program Files\Java\jdk-20\bin\jimage.dll
Event: 0.154 Loaded shared library C:\Program Files\Java\jdk-20\bin\awt.dll
Event: 0.541 Loaded shared library C:\Program Files\Java\jdk-20\bin\javajpeg.dll
Event: 1.751 Loaded shared library C:\Program Files\Java\jdk-20\bin\freetype.dll
Event: 1.752 Loaded shared library C:\Program Files\Java\jdk-20\bin\fontmanager.dll

Deoptimization events (20 events):
Event: 1.931 Thread 0x0000020d4dacd030 Uncommon trap: trap_request=0xffffffde fr.pc=0x0000020d42e6f998 relative=0x0000000000000258
Event: 1.931 Thread 0x0000020d4dacd030 Uncommon trap: reason=class_check action=maybe_recompile pc=0x0000020d42e6f998 method=java.util.HashMap.getNode(Ljava/lang/Object;)Ljava/util/HashMap$Node; @ 63 c2
Event: 1.931 Thread 0x0000020d4dacd030 DEOPT PACKING pc=0x0000020d42e6f998 sp=0x0000004cf08fd4c0
Event: 1.931 Thread 0x0000020d4dacd030 DEOPT UNPACKING pc=0x0000020d428e9d22 sp=0x0000004cf08fd428 mode 2
Event: 1.939 Thread 0x0000020d4dacd030 Uncommon trap: trap_request=0xffffffde fr.pc=0x0000020d42e6f998 relative=0x0000000000000258
Event: 1.939 Thread 0x0000020d4dacd030 Uncommon trap: reason=class_check action=maybe_recompile pc=0x0000020d42e6f998 method=java.util.HashMap.getNode(Ljava/lang/Object;)Ljava/util/HashMap$Node; @ 63 c2
Event: 1.939 Thread 0x0000020d4dacd030 DEOPT PACKING pc=0x0000020d42e6f998 sp=0x0000004cf08fd3b0
Event: 1.939 Thread 0x0000020d4dacd030 DEOPT UNPACKING pc=0x0000020d428e9d22 sp=0x0000004cf08fd318 mode 2
Event: 1.941 Thread 0x0000020d4dacd030 Uncommon trap: trap_request=0xffffffde fr.pc=0x0000020d42e6f998 relative=0x0000000000000258
Event: 1.941 Thread 0x0000020d4dacd030 Uncommon trap: reason=class_check action=maybe_recompile pc=0x0000020d42e6f998 method=java.util.HashMap.getNode(Ljava/lang/Object;)Ljava/util/HashMap$Node; @ 63 c2
Event: 1.941 Thread 0x0000020d4dacd030 DEOPT PACKING pc=0x0000020d42e6f998 sp=0x0000004cf08fd4c0
Event: 1.941 Thread 0x0000020d4dacd030 DEOPT UNPACKING pc=0x0000020d428e9d22 sp=0x0000004cf08fd428 mode 2
Event: 2.015 Thread 0x0000020d4dacd030 Uncommon trap: trap_request=0xffffff45 fr.pc=0x0000020d42e474a8 relative=0x00000000000000a8
Event: 2.015 Thread 0x0000020d4dacd030 Uncommon trap: reason=unstable_if action=reinterpret pc=0x0000020d42e474a8 method=java.util.HashMap.hash(Ljava/lang/Object;)I @ 1 c2
Event: 2.015 Thread 0x0000020d4dacd030 DEOPT PACKING pc=0x0000020d42e474a8 sp=0x0000004cf08fe310
Event: 2.015 Thread 0x0000020d4dacd030 DEOPT UNPACKING pc=0x0000020d428e9d22 sp=0x0000004cf08fe2a8 mode 2
Event: 4.443 Thread 0x0000020d4dacd580 Uncommon trap: trap_request=0xffffff45 fr.pc=0x0000020d42e7b930 relative=0x00000000000000b0
Event: 4.443 Thread 0x0000020d4dacd580 Uncommon trap: reason=unstable_if action=reinterpret pc=0x0000020d42e7b930 method=java.util.concurrent.locks.AbstractQueuedSynchronizer.signalNext(Ljava/util/concurrent/locks/AbstractQueuedSynchronizer$Node;)V @ 10 c2
Event: 4.443 Thread 0x0000020d4dacd580 DEOPT PACKING pc=0x0000020d42e7b930 sp=0x0000004cefafe2e0
Event: 4.443 Thread 0x0000020d4dacd580 DEOPT UNPACKING pc=0x0000020d428e9d22 sp=0x0000004cefafe1d0 mode 2

Classes loaded (20 events):
Event: 2.023 Loading class sun/awt/im/CompositionAreaHandler
Event: 2.023 Loading class sun/awt/im/CompositionAreaHandler done
Event: 2.023 Loading class java/text/AttributedString
Event: 2.023 Loading class java/text/AttributedString done
Event: 2.023 Loading class java/text/AttributedString$AttributedStringIterator
Event: 2.024 Loading class java/text/AttributedCharacterIterator
Event: 2.025 Loading class java/text/CharacterIterator
Event: 2.025 Loading class java/text/CharacterIterator done
Event: 2.025 Loading class java/text/AttributedCharacterIterator done
Event: 2.025 Loading class java/text/AttributedString$AttributedStringIterator done
Event: 2.025 Loading class java/awt/event/ContainerEvent
Event: 2.025 Loading class java/awt/event/ContainerEvent done
Event: 3.367 Loading class javax/swing/event/ChangeEvent
Event: 3.367 Loading class javax/swing/event/ChangeEvent done
Event: 4.816 Loading class javax/swing/ClientPropertyKey
Event: 4.817 Loading class javax/swing/ClientPropertyKey done
Event: 4.818 Loading class javax/swing/ClientPropertyKey$1
Event: 4.818 Loading class sun/awt/AWTAccessor$ClientPropertyKeyAccessor
Event: 4.818 Loading class sun/awt/AWTAccessor$ClientPropertyKeyAccessor done
Event: 4.818 Loading class javax/swing/ClientPropertyKey$1 done

Classes unloaded (0 events):
No events

Classes redefined (0 events):
No events

Internal exceptions (17 events):
Event: 0.090 Thread 0x0000020d332969c0 Exception <a 'sun/nio/fs/WindowsException'{0x00000000cc23f728}> (0x00000000cc23f728) 
thrown [s\open\src\hotspot\share\prims\jni.cpp, line 519]
Event: 0.093 Thread 0x0000020d332969c0 Exception <a 'sun/nio/fs/WindowsException'{0x00000000cc241a18}> (0x00000000cc241a18) 
thrown [s\open\src\hotspot\share\prims\jni.cpp, line 519]
Event: 0.093 Thread 0x0000020d332969c0 Exception <a 'sun/nio/fs/WindowsException'{0x00000000cc242460}> (0x00000000cc242460) 
thrown [s\open\src\hotspot\share\prims\jni.cpp, line 519]
Event: 0.144 Thread 0x0000020d332969c0 Exception <a 'java/lang/ClassNotFoundException'{0x00000000cc165a00}: sun/awt/resources/spi/awtProvider> (0x00000000cc165a00) 
thrown [s\open\src\hotspot\share\classfile\systemDictionary.cpp, line 305]
Event: 0.171 Thread 0x0000020d332969c0 Exception <a 'java/io/FileNotFoundException'{0x00000000cc1bc330}> (0x00000000cc1bc330) 
thrown [s\open\src\hotspot\share\prims\jni.cpp, line 519]
Event: 0.177 Thread 0x0000020d332969c0 Exception <a 'java/io/FileNotFoundException'{0x00000000cc1e6578}> (0x00000000cc1e6578) 
thrown [s\open\src\hotspot\share\prims\jni.cpp, line 519]
Event: 0.317 Thread 0x0000020d332969c0 Exception <a 'java/lang/NoSuchMethodError'{0x00000000cbf01c10}: 'void java.lang.invoke.DirectMethodHandle$Holder.invokeSpecial(java.lang.Object, java.lang.Object, java.lang.Object)'> (0x00000000cbf01c10) 
thrown [s\open\src\hotspot\share\interpreter\linkResolver.cpp, line 773]
Event: 0.329 Thread 0x0000020d332969c0 Exception <a 'java/lang/NoSuchMethodError'{0x00000000cbf2c390}: 'java.lang.Object java.lang.invoke.DirectMethodHandle$Holder.newInvokeSpecial(java.lang.Object, java.lang.Object, java.lang.Object, java.lang.Object, java.lang.Object)'> (0x00000000cbf2c390) 
thrown [s\open\src\hotspot\share\interpreter\linkResolver.cpp, line 773]
Event: 0.338 Thread 0x0000020d332969c0 Exception <a 'java/lang/NoSuchMethodError'{0x00000000cbf5d008}: 'java.lang.Object java.lang.invoke.DirectMethodHandle$Holder.invokeStatic(java.lang.Object, int, java.lang.Object)'> (0x00000000cbf5d008) 
thrown [s\open\src\hotspot\share\interpreter\linkResolver.cpp, line 773]
Event: 0.370 Thread 0x0000020d332969c0 Exception <a 'java/lang/ClassNotFoundException'{0x00000000cbe183d8}: com/sun/swing/internal/plaf/metal/resources/spi/metalProvider> (0x00000000cbe183d8) 
thrown [s\open\src\hotspot\share\classfile\systemDictionary.cpp, line 305]
Event: 0.371 Thread 0x0000020d332969c0 Exception <a 'java/lang/ClassNotFoundException'{0x00000000cbe1c388}: com/sun/swing/internal/plaf/basic/resources/spi/basicProvider> (0x00000000cbe1c388) 
thrown [s\open\src\hotspot\share\classfile\systemDictionary.cpp, line 305]
Event: 0.381 Thread 0x0000020d332969c0 Exception <a 'java/lang/NoSuchMethodError'{0x00000000cbe3b588}: 'int java.lang.invoke.Invokers$Holder.invokeExact_MT(java.lang.Object, java.lang.Object)'> (0x00000000cbe3b588) 
thrown [s\open\src\hotspot\share\interpreter\linkResolver.cpp, line 773]
Event: 0.462 Thread 0x0000020d4dacdad0 Exception <a 'java/lang/NoSuchMethodError'{0x00000000cbc29af8}: 'java.lang.Object java.lang.invoke.DirectMethodHandle$Holder.newInvokeSpecial(java.lang.Object, java.lang.Object, java.lang.Object, int, int, int, int, int)'> (0x00000000cbc29af8) 
thrown [s\open\src\hotspot\share\interpreter\linkResolver.cpp, line 773]
Event: 1.237 Thread 0x0000020d4dacdad0 Implicit null exception at 0x0000020d42e5ed83 to 0x0000020d42e5f91c
Event: 1.699 Thread 0x0000020d4dacd580 Exception <a 'java/lang/NoSuchMethodError'{0x00000000d18083f0}: 'void java.lang.invoke.DirectMethodHandle$Holder.invokeVirtual(java.lang.Object, java.lang.Object)'> (0x00000000d18083f0) 
thrown [s\open\src\hotspot\share\interpreter\linkResolver.cpp, line 773]
Event: 1.742 Thread 0x0000020d332969c0 Exception <a 'java/lang/NoSuchMethodError'{0x00000000d19a39e0}: 'void java.lang.invoke.DirectMethodHandle$Holder.invokeStaticInit(java.lang.Object)'> (0x00000000d19a39e0) 
thrown [s\open\src\hotspot\share\interpreter\linkResolver.cpp, line 773]
Event: 2.015 Thread 0x0000020d4dacd030 Implicit null exception at 0x0000020d42e4741d to 0x0000020d42e47499

VM Operations (20 events):
Event: 1.005 Executing VM operation: G1CollectForAllocation done
Event: 1.013 Executing VM operation: G1PauseRemark
Event: 1.015 Executing VM operation: G1PauseRemark done
Event: 1.017 Executing VM operation: G1PauseCleanup
Event: 1.017 Executing VM operation: G1PauseCleanup done
Event: 1.171 Executing VM operation: G1CollectForAllocation
Event: 1.172 Executing VM operation: G1CollectForAllocation done
Event: 1.238 Executing VM operation: G1TryInitiateConcMark
Event: 1.239 Executing VM operation: G1TryInitiateConcMark done
Event: 1.246 Executing VM operation: G1PauseRemark
Event: 1.248 Executing VM operation: G1PauseRemark done
Event: 1.251 Executing VM operation: G1PauseCleanup
Event: 1.251 Executing VM operation: G1PauseCleanup done
Event: 2.256 Executing VM operation: Cleanup
Event: 2.256 Executing VM operation: Cleanup done
Event: 4.281 Executing VM operation: Cleanup
Event: 4.281 Executing VM operation: Cleanup done
Event: 4.956 Executing VM operation: G1TryInitiateConcMark
Event: 4.957 Executing VM operation: G1TryInitiateConcMark done
Event: 4.964 Executing VM operation: G1PauseRemark

Events (20 events):
Event: 1.248 Thread 0x0000020d33355c30 flushing nmethod 0x0000020d3b350990
Event: 1.248 Thread 0x0000020d33355c30 flushing nmethod 0x0000020d3b350010
Event: 1.248 Thread 0x0000020d33355c30 flushing nmethod 0x0000020d3b353990
Event: 1.248 Thread 0x0000020d33355c30 flushing nmethod 0x0000020d42e2f690
Event: 1.248 Thread 0x0000020d33355c30 flushing nmethod 0x0000020d42e20010
Event: 1.293 Thread 0x0000020d4daccae0 Thread exited: 0x0000020d4daccae0
Event: 1.690 Thread 0x0000020d4daccae0 Thread added: 0x0000020d4daccae0
Event: 1.707 Thread 0x0000020d4dacd030 Thread added: 0x0000020d4dacd030
Event: 1.842 Thread 0x0000020d332969c0 Thread exited: 0x0000020d332969c0
Event: 1.842 Thread 0x0000020d572b5430 Thread added: 0x0000020d572b5430
Event: 1.863 Thread 0x0000020d572b4440 Thread added: 0x0000020d572b4440
Event: 5.008 Thread 0x0000020d33355c30 flushing nmethod 0x0000020d3b47d610
Event: 5.008 Thread 0x0000020d33355c30 flushing nmethod 0x0000020d3b46c890
Event: 5.008 Thread 0x0000020d33355c30 flushing nmethod 0x0000020d3b477c10
Event: 5.008 Thread 0x0000020d33355c30 flushing nmethod 0x0000020d3b477710
Event: 5.008 Thread 0x0000020d33355c30 flushing nmethod 0x0000020d3b421290
Event: 5.008 Thread 0x0000020d33355c30 flushing nmethod 0x0000020d3b420e10
Event: 5.008 Thread 0x0000020d33355c30 flushing nmethod 0x0000020d3b35a390
Event: 5.008 Thread 0x0000020d33355c30 flushing nmethod 0x0000020d42e5e510
Event: 5.008 Thread 0x0000020d33355c30 flushing nmethod 0x0000020d42e4ab10


Dynamic libraries:
0x00007ff661cd0000 - 0x00007ff661ce0000 	C:\Program Files\Java\jdk-20\bin\java.exe
0x00007ff8879f0000 - 0x00007ff887c04000 	C:\WINDOWS\SYSTEM32\ntdll.dll
0x00007ff886d70000 - 0x00007ff886e32000 	C:\WINDOWS\System32\KERNEL32.DLL
0x00007ff884fd0000 - 0x00007ff885373000 	C:\WINDOWS\System32\KERNELBASE.dll
0x00007ff884df0000 - 0x00007ff884f01000 	C:\WINDOWS\System32\ucrtbase.dll
0x00007ff87edb0000 - 0x00007ff87edc9000 	C:\Program Files\Java\jdk-20\bin\jli.dll
0x00007ff8870f0000 - 0x00007ff88719e000 	C:\WINDOWS\System32\ADVAPI32.dll
0x00007ff86e350000 - 0x00007ff86e36b000 	C:\Program Files\Java\jdk-20\bin\VCRUNTIME140.dll
0x00007ff886b20000 - 0x00007ff886bc7000 	C:\WINDOWS\System32\msvcrt.dll
0x00007ff886800000 - 0x00007ff8868a4000 	C:\WINDOWS\System32\sechost.dll
0x00007ff8866e0000 - 0x00007ff8867f7000 	C:\WINDOWS\System32\RPCRT4.dll
0x00007ff8864d0000 - 0x00007ff88667a000 	C:\WINDOWS\System32\USER32.dll
0x00007ff885380000 - 0x00007ff8853a6000 	C:\WINDOWS\System32\win32u.dll
0x00007ff886a70000 - 0x00007ff886a99000 	C:\WINDOWS\System32\GDI32.dll
0x00007ff871460000 - 0x00007ff8716ee000 	C:\WINDOWS\WinSxS\amd64_microsoft.windows.common-controls_6595b64144ccf1df_6.0.22621.1635_none_270f70857386168e\COMCTL32.dll
0x00007ff8853b0000 - 0x00007ff8854c9000 	C:\WINDOWS\System32\gdi32full.dll
0x00007ff8856b0000 - 0x00007ff88574a000 	C:\WINDOWS\System32\msvcp_win.dll
0x00007ff87b240000 - 0x00007ff87b24a000 	C:\WINDOWS\SYSTEM32\VERSION.dll
0x00007ff886e40000 - 0x00007ff886e71000 	C:\WINDOWS\System32\IMM32.DLL
0x00007ff87bc20000 - 0x00007ff87bc2c000 	C:\Program Files\Java\jdk-20\bin\vcruntime140_1.dll
0x00007ff861b50000 - 0x00007ff861bde000 	C:\Program Files\Java\jdk-20\bin\msvcp140.dll
0x00007ff84dc60000 - 0x00007ff84e8f7000 	C:\Program Files\Java\jdk-20\bin\server\jvm.dll
0x00007ff87e910000 - 0x00007ff87e919000 	C:\WINDOWS\SYSTEM32\WSOCK32.dll
0x00007ff87cfc0000 - 0x00007ff87cff4000 	C:\WINDOWS\SYSTEM32\WINMM.dll
0x00007ff8868b0000 - 0x00007ff886921000 	C:\WINDOWS\System32\WS2_32.dll
0x00007ff883e10000 - 0x00007ff883e28000 	C:\WINDOWS\SYSTEM32\kernel.appcore.dll
0x00007ff872770000 - 0x00007ff87277a000 	C:\Program Files\Java\jdk-20\bin\jimage.dll
0x00007ff861c00000 - 0x00007ff861e2e000 	C:\WINDOWS\SYSTEM32\DBGHELP.DLL
0x00007ff8871a0000 - 0x00007ff887529000 	C:\WINDOWS\System32\combase.dll
0x00007ff886f10000 - 0x00007ff886fe7000 	C:\WINDOWS\System32\OLEAUT32.dll
0x00007ff8627c0000 - 0x00007ff8627f2000 	C:\WINDOWS\SYSTEM32\dbgcore.DLL
0x00007ff885750000 - 0x00007ff8857ca000 	C:\WINDOWS\System32\bcryptPrimitives.dll
0x00007ff86a620000 - 0x00007ff86a646000 	C:\Program Files\Java\jdk-20\bin\java.dll
0x00007ff84fb50000 - 0x00007ff84fc27000 	C:\Program Files\Java\jdk-20\bin\jsvml.dll
0x00007ff885c20000 - 0x00007ff886419000 	C:\WINDOWS\System32\SHELL32.dll
0x00007ff882d90000 - 0x00007ff88365e000 	C:\WINDOWS\SYSTEM32\windows.storage.dll
0x00007ff882c50000 - 0x00007ff882d8e000 	C:\WINDOWS\SYSTEM32\wintypes.dll
0x00007ff886ff0000 - 0x00007ff8870e1000 	C:\WINDOWS\System32\SHCORE.dll
0x00007ff886680000 - 0x00007ff8866de000 	C:\WINDOWS\System32\shlwapi.dll
0x00007ff884d20000 - 0x00007ff884d46000 	C:\WINDOWS\SYSTEM32\profapi.dll
0x00007ff86a010000 - 0x00007ff86a023000 	C:\Program Files\Java\jdk-20\bin\net.dll
0x00007ff87cdc0000 - 0x00007ff87cef7000 	C:\WINDOWS\SYSTEM32\WINHTTP.dll
0x00007ff8842b0000 - 0x00007ff884319000 	C:\WINDOWS\system32\mswsock.dll
0x00007ff869ff0000 - 0x00007ff86a006000 	C:\Program Files\Java\jdk-20\bin\nio.dll
0x00007ff868950000 - 0x00007ff868968000 	C:\Program Files\Java\jdk-20\bin\zip.dll
0x00007ff84d6c0000 - 0x00007ff84d851000 	C:\Program Files\Java\jdk-20\bin\awt.dll
0x00007ff8820c0000 - 0x00007ff882157000 	C:\WINDOWS\SYSTEM32\apphelp.dll
0x00007ff8827d0000 - 0x00007ff8827fb000 	C:\WINDOWS\system32\DWMAPI.DLL
0x00007ff8823a0000 - 0x00007ff88244b000 	C:\WINDOWS\system32\uxtheme.dll
0x00007ff84db60000 - 0x00007ff84dc60000 	C:\WINDOWS\system32\opengl32.dll
0x00007ff863a70000 - 0x00007ff863a9d000 	C:\WINDOWS\SYSTEM32\GLU32.dll
0x00007ff8824a0000 - 0x00007ff8824d8000 	C:\WINDOWS\SYSTEM32\dxcore.dll
0x00007ff886930000 - 0x00007ff886a57000 	C:\WINDOWS\System32\MSCTF.dll
0x00007ff886bd0000 - 0x00007ff886d6c000 	C:\WINDOWS\System32\ole32.dll
0x00007ff817970000 - 0x00007ff817b19000 	C:\WINDOWS\system32\d3d9.dll
0x00007ff87b250000 - 0x00007ff87b42b000 	C:\WINDOWS\System32\DriverStore\FileRepository\u0372698.inf_amd64_2366d501a5d0e392\B370279\aticfx64.dll
0x00007ff87e8b0000 - 0x00007ff87e8e3000 	C:\WINDOWS\System32\DriverStore\FileRepository\u0372698.inf_amd64_2366d501a5d0e392\B370279\atiu9p64.dll
0x00007ff83fd40000 - 0x00007ff840a9a000 	C:\WINDOWS\System32\DriverStore\FileRepository\u0372698.inf_amd64_2366d501a5d0e392\B370279\atiumd64.dll
0x0000000064800000 - 0x00000000656cb000 	C:\WINDOWS\System32\DriverStore\FileRepository\u0372698.inf_amd64_2366d501a5d0e392\B370279\atiumd6a.dll
0x00007ff884cc0000 - 0x00007ff884d0d000 	C:\WINDOWS\SYSTEM32\POWRPROF.dll
0x00007ff884ca0000 - 0x00007ff884cb3000 	C:\WINDOWS\SYSTEM32\UMPDC.dll
0x00007ff8782f0000 - 0x00007ff878320000 	C:\WINDOWS\SYSTEM32\amdihk64.dll
0x00007ff87ed00000 - 0x00007ff87ed48000 	C:\WINDOWS\SYSTEM32\directxdatabasehelper.dll
0x00007ff87e980000 - 0x00007ff87e9ae000 	C:\Program Files\Java\jdk-20\bin\javajpeg.dll
0x00007ff857e80000 - 0x00007ff857f06000 	C:\Program Files\Java\jdk-20\bin\freetype.dll
0x00007ff84d5f0000 - 0x00007ff84d6b6000 	C:\Program Files\Java\jdk-20\bin\fontmanager.dll
0x00007ff868c80000 - 0x00007ff868dad000 	C:\WINDOWS\SYSTEM32\textinputframework.dll
0x00007ff881c70000 - 0x00007ff881da3000 	C:\WINDOWS\SYSTEM32\CoreMessaging.dll
0x00007ff87df70000 - 0x00007ff87e2dc000 	C:\WINDOWS\SYSTEM32\CoreUIComponents.dll
0x00007ff884530000 - 0x00007ff88453c000 	C:\WINDOWS\SYSTEM32\CRYPTBASE.DLL

dbghelp: loaded successfully - version: 4.0.5 - missing functions: none
symbol engine: initialized successfully - sym options: 0x614 - pdb path: .;C:\Program Files\Java\jdk-20\bin;C:\WINDOWS\SYSTEM32;C:\WINDOWS\WinSxS\amd64_microsoft.windows.common-controls_6595b64144ccf1df_6.0.22621.1635_none_270f70857386168e;C:\Program Files\Java\jdk-20\bin\server;C:\WINDOWS\System32\DriverStore\FileRepository\u0372698.inf_amd64_2366d501a5d0e392\B370279

VM Arguments:
jvm_args: -Dfile.encoding=UTF-8 --module-path=C:\Users\HP\Documents\NetBeansProjects\project\build\classes 
java_command: project.Dashboard
java_class_path (initial): C:\Users\HP\Documents\NetBeansProjects\project\lib\mysql-connector-j-8.0.32.zip;C:\Users\HP\Documents\NetBeansProjects\project\lib\mysql-connector-j-8.0.32.jar;C:\Users\HP\Documents\NetBeansProjects\project\build\classes
Launcher Type: SUN_STANDARD

[Global flags]
     intx CICompilerCount                          = 3                                         {product} {ergonomic}
     uint ConcGCThreads                            = 1                                         {product} {ergonomic}
     uint G1ConcRefinementThreads                  = 4                                         {product} {ergonomic}
   size_t G1HeapRegionSize                         = 1048576                                   {product} {ergonomic}
    uintx GCDrainStackTargetSize                   = 64                                        {product} {ergonomic}
   size_t InitialHeapSize                          = 58720256                                  {product} {ergonomic}
   size_t MarkStackSize                            = 4194304                                   {product} {ergonomic}
   size_t MaxHeapSize                              = 926941184                                 {product} {ergonomic}
   size_t MaxNewSize                               = 555745280                                 {product} {ergonomic}
   size_t MinHeapDeltaBytes                        = 1048576                                   {product} {ergonomic}
   size_t MinHeapSize                              = 8388608                                   {product} {ergonomic}
    uintx NonNMethodCodeHeapSize                   = 5832780                                {pd product} {ergonomic}
    uintx NonProfiledCodeHeapSize                  = 122912730                              {pd product} {ergonomic}
    uintx ProfiledCodeHeapSize                     = 122912730                              {pd product} {ergonomic}
    uintx ReservedCodeCacheSize                    = 251658240                              {pd product} {ergonomic}
     bool SegmentedCodeCache                       = true                                      {product} {ergonomic}
   size_t SoftMaxHeapSize                          = 926941184                              {manageable} {ergonomic}
     bool UseCompressedClassPointers               = true                           {product lp64_product} {ergonomic}
     bool UseCompressedOops                        = true                           {product lp64_product} {ergonomic}
     bool UseG1GC                                  = true                                      {product} {ergonomic}
     bool UseLargePagesIndividualAllocation        = false                                  {pd product} {ergonomic}

Logging:
Log output configuration:
 #0: stdout all=warning uptime,level,tags foldmultilines=false
 #1: stderr all=off uptime,level,tags foldmultilines=false

Environment Variables:
JAVA_HOME=C:\Program Files\Java\jdk-20
PATH=C:\Program Files\Common Files\Oracle\Java\javapath;C:\Python311\Scripts\;C:\Python311\;C:\WINDOWS\system32;C:\WINDOWS;C:\WINDOWS\System32\Wbem;C:\WINDOWS\System32\WindowsPowerShell\v1.0\;C:\WINDOWS\System32\OpenSSH\;C:\ProgramData\chocolatey\bin;C:\Program Files\MySQL\MySQL Server 8.0\bin;C:\Program Files\Java\jdk-20\bin;C:\Program Files\Common Files\Oracle\Java\javapath;C:\Program Files\MySQL\MySQL Shell 8.0\bin\;C:\Users\HP\AppData\Local\Programs\Python\Python310\Scripts\;C:\Users\HP\AppData\Local\Programs\Python\Python310\;C:\Users\HP\AppData\Local\Microsoft\WindowsApps;C:\Users\HP\AppData\Local\Programs\Microsoft VS Code\bin;C:\MinGW\bin;C:\kotlinc\bin;C:\Users\HP\AppData\Local\Programs\MiKTeX\miktex\bin\x64\;C:\Program Files\Java\jdk-20\bin;
USERNAME=harry sahani
OS=Windows_NT
PROCESSOR_IDENTIFIER=AMD64 Family 23 Model 24 Stepping 1, AuthenticAMD
TMP=C:\Users\HP\AppData\Local\Temp
TEMP=C:\Users\HP\AppData\Local\Temp




---------------  S Y S T E M  ---------------

OS:
 Windows 11 , 64 bit Build 22621 (10.0.22621.1928)
OS uptime: 0 days 14:52 hours
Hyper-V role detected

CPU: total 4 (initial active 4) (4 cores per cpu, 1 threads per core) family 23 model 24 stepping 1 microcode 0x0, cx8, cmov, fxsr, mmx, 3dnowpref, sse, sse2, sse3, ssse3, sse4a, sse4.1, sse4.2, popcnt, lzcnt, tsc, tscinvbit, avx, avx2, aes, clmul, bmi1, bmi2, adx, sha, fma, vzeroupper, clflush, clflushopt, hv, rdtscp, f16c

Memory: 4k page, system-wide physical 3530M (119M free)
TotalPageFile size 9530M (AvailPageFile size 13M)
current process WorkingSet (physical memory assigned to process): 314M, peak: 314M
current process commit charge ("private bytes"): 473M, peak: 550M

vm_info: Java HotSpot(TM) 64-Bit Server VM (20.0.1+9-29) for windows-amd64 JRE (20.0.1+9-29), built on 2023-03-07T13:56:11Z by "mach5one" with MS VC++ 17.1 (VS2022)

END.
