#
# There is insufficient memory for the Java Runtime Environment to continue.
# Native memory allocation (mmap) failed to map 24117248 bytes for G1 virtual space
# Possible reasons:
#   The system is out of physical RAM or swap space
#   The process is running with CompressedOops enabled, and the Java Heap may be blocking the growth of the native heap
# Possible solutions:
#   Reduce memory load on the system
#   Increase physical memory or swap space
#   Check if swap backing store is full
#   Decrease Java heap size (-Xmx/-Xms)
#   Decrease number of Java threads
#   Decrease Java thread stack sizes (-Xss)
#   Set larger code cache with -XX:ReservedCodeCacheSize=
#   JVM is running with Unscaled Compressed Oops mode in which the Java heap is
#     placed in the first 4GB address space. The Java Heap base address is the
#     maximum limit for the native heap growth. Please use -XX:HeapBaseMinAddress
#     to set the Java Heap base and to place the Java Heap above 4GB virtual address.
# This output file may be truncated or incomplete.
#
#  Out of Memory Error (os_windows.cpp:3528), pid=4304, tid=7488
#
# JRE version: Java(TM) SE Runtime Environment (20.0.1+9) (build 20.0.1+9-29)
# Java VM: Java HotSpot(TM) 64-Bit Server VM (20.0.1+9-29, mixed mode, sharing, tiered, compressed oops, compressed class ptrs, g1 gc, windows-amd64)
# No core dump will be written. Minidumps are not enabled by default on client versions of Windows
#

---------------  S U M M A R Y ------------

Command Line: -Dfile.encoding=UTF-8 --module-path=C:\Users\HP\Documents\NetBeansProjects\project\build\classes project.BookHotel

Host: AMD Ryzen 3 3300U with Radeon Vega Mobile Gfx  , 4 cores, 3G,  Windows 11 , 64 bit Build 22621 (10.0.22621.1928)
Time: Tue Aug  8 19:34:17 2023 India Standard Time elapsed time: 1.613939 seconds (0d 0h 0m 1s)

---------------  T H R E A D  ---------------

Current thread (0x00000183dd5be0c0):  VMThread "VM Thread" [stack: 0x0000004d59e00000,0x0000004d59f00000] [id=7488]

Stack: [0x0000004d59e00000,0x0000004d59f00000]
Native frames: (J=compiled Java code, j=interpreted, Vv=VM code, C=native code)
V  [jvm.dll+0x6bb95a]
V  [jvm.dll+0x8485fa]
V  [jvm.dll+0x84a1f5]
V  [jvm.dll+0x84a8f3]
V  [jvm.dll+0x280b0f]
V  [jvm.dll+0x6b86e9]
V  [jvm.dll+0x6ad2da]
V  [jvm.dll+0x35adf5]
V  [jvm.dll+0x363016]
V  [jvm.dll+0x3b3b3e]
V  [jvm.dll+0x3b3dc5]
V  [jvm.dll+0x32b50a]
V  [jvm.dll+0x32e126]
V  [jvm.dll+0x3381ee]
V  [jvm.dll+0x371a5a]
V  [jvm.dll+0x85023e]
V  [jvm.dll+0x851351]
V  [jvm.dll+0x851859]
V  [jvm.dll+0x851ad3]
V  [jvm.dll+0x7f4b56]
V  [jvm.dll+0x6ba5cb]
C  [ucrtbase.dll+0x29363]
C  [KERNEL32.DLL+0x126ad]
C  [ntdll.dll+0x5aa68]

VM_Operation (0x0000004d59aff350): G1PauseRemark, mode: safepoint, requested by thread 0x00000183dd54dcd0


---------------  P R O C E S S  ---------------

Threads class SMR info:
_java_thread_list=0x00000183fed736e0, length=15, elements={
0x00000183dd5069e0, 0x00000183f7c77cd0, 0x00000183f7c788b0, 0x00000183f7c7b300,
0x00000183f7c7bc40, 0x00000183f7c7e590, 0x00000183f7c7eed0, 0x00000183f7c7fb40,
0x00000183f7cece90, 0x00000183fc0081c0, 0x00000183fc1801a0, 0x00000183fc1e1e20,
0x00000183fc1e2370, 0x00000183fc2c5470, 0x00000183fed31410
}

Java Threads: ( => current thread )
  0x00000183dd5069e0 JavaThread "main" [_thread_blocked, id=1604, stack(0x0000004d59800000,0x0000004d59900000)]
  0x00000183f7c77cd0 JavaThread "Reference Handler" daemon [_thread_blocked, id=7240, stack(0x0000004d59f00000,0x0000004d5a000000)]
  0x00000183f7c788b0 JavaThread "Finalizer" daemon [_thread_blocked, id=4508, stack(0x0000004d5a000000,0x0000004d5a100000)]
  0x00000183f7c7b300 JavaThread "Signal Dispatcher" daemon [_thread_blocked, id=6904, stack(0x0000004d5a100000,0x0000004d5a200000)]
  0x00000183f7c7bc40 JavaThread "Attach Listener" daemon [_thread_blocked, id=3712, stack(0x0000004d5a200000,0x0000004d5a300000)]
  0x00000183f7c7e590 JavaThread "Service Thread" daemon [_thread_blocked, id=14156, stack(0x0000004d5a300000,0x0000004d5a400000)]
  0x00000183f7c7eed0 JavaThread "Monitor Deflation Thread" daemon [_thread_blocked, id=10640, stack(0x0000004d5a400000,0x0000004d5a500000)]
  0x00000183f7c7fb40 JavaThread "C2 CompilerThread0" daemon [_thread_blocked, id=7088, stack(0x0000004d5a500000,0x0000004d5a600000)]
  0x00000183f7cece90 JavaThread "C1 CompilerThread0" daemon [_thread_blocked, id=680, stack(0x0000004d5a600000,0x0000004d5a700000)]
  0x00000183fc0081c0 JavaThread "Common-Cleaner" daemon [_thread_blocked, id=6392, stack(0x0000004d5a700000,0x0000004d5a800000)]
  0x00000183fc1801a0 JavaThread "Notification Thread" daemon [_thread_blocked, id=12712, stack(0x0000004d5a800000,0x0000004d5a900000)]
  0x00000183fc1e1e20 JavaThread "Java2D Disposer" daemon [_thread_blocked, id=13916, stack(0x0000004d5aa00000,0x0000004d5ab00000)]
  0x00000183fc1e2370 JavaThread "AWT-Shutdown" [_thread_blocked, id=9416, stack(0x0000004d5ab00000,0x0000004d5ac00000)]
  0x00000183fc2c5470 JavaThread "AWT-Windows" daemon [_thread_in_native, id=2564, stack(0x0000004d5ac00000,0x0000004d5ad00000)]
  0x00000183fed31410 JavaThread "Image Fetcher 0" daemon [_thread_blocked, id=4672, stack(0x0000004d5b500000,0x0000004d5b600000)]

Other Threads:
=>0x00000183dd5be0c0 VMThread "VM Thread" [stack: 0x0000004d59e00000,0x0000004d59f00000] [id=7488]
  0x00000183fc1806f0 WatcherThread "VM Periodic Task Thread" [stack: 0x0000004d5a900000,0x0000004d5aa00000] [id=4744]
  0x00000183dd545f40 WorkerThread "GC Thread#0" [stack: 0x0000004d59900000,0x0000004d59a00000] [id=7044]
  0x00000183fedd0050 WorkerThread "GC Thread#1" [stack: 0x0000004d5b600000,0x0000004d5b700000] [id=1880]
  0x00000183fedd0320 WorkerThread "GC Thread#2" [stack: 0x0000004d5b700000,0x0000004d5b800000] [id=8608]
  0x00000183fedd05f0 WorkerThread "GC Thread#3" [stack: 0x0000004d5b800000,0x0000004d5b900000] [id=7684]
  0x00000183dd54dcd0 ConcurrentGCThread "G1 Main Marker" [stack: 0x0000004d59a00000,0x0000004d59b00000] [id=12192]
  0x00000183dd54ea00 WorkerThread "G1 Conc#0" [stack: 0x0000004d59b00000,0x0000004d59c00000] [id=868]
  0x00000183dd598160 ConcurrentGCThread "G1 Refine#0" [stack: 0x0000004d59c00000,0x0000004d59d00000] [id=2392]
  0x00000183dd598d60 ConcurrentGCThread "G1 Service" [stack: 0x0000004d59d00000,0x0000004d59e00000] [id=5224]

Threads with active compile tasks:

VM state: at safepoint (normal execution)

VM Mutex/Monitor currently owned by a thread:  ([mutex/lock_event])
[0x00000183dd502d80] Threads_lock - owner thread: 0x00000183dd5be0c0
[0x00000183dd502480] Heap_lock - owner thread: 0x00000183dd54dcd0

Heap address: 0x00000000c8c00000, size: 884 MB, Compressed Oops mode: 32-bit

CDS archive(s) mapped at: [0x0000000800000000-0x0000000800c60000-0x0000000800c60000), size 12976128, SharedBaseAddress: 0x0000000800000000, ArchiveRelocationMode: 0.
Compressed class space mapped at: 0x0000000801000000-0x0000000841000000, reserved size: 1073741824
Narrow klass base: 0x0000000800000000, Narrow klass shift: 0, Narrow klass range: 0x100000000

GC Precious Log:
 CardTable entry size: 512
 Card Set container configuration: InlinePtr #cards 5 size 8 Array Of Cards #cards 12 size 40 Howl #buckets 4 coarsen threshold 1843 Howl Bitmap #cards 512 size 80 coarsen threshold 460 Card regions per heap region 1 cards per card region 2048
 CPUs: 4 total, 4 available
 Memory: 3530M
 Large Page Support: Disabled
 NUMA Support: Disabled
 Compressed Oops: Enabled (32-bit)
 Heap Region Size: 1M
 Heap Min Capacity: 8M
 Heap Initial Capacity: 56M
 Heap Max Capacity: 884M
 Pre-touch: Disabled
 Parallel Workers: 4
 Concurrent Workers: 1
 Concurrent Refinement Workers: 4
 Periodic GC: Disabled

Heap:
 garbage-first heap   total 144384K, used 98089K [0x00000000c8c00000, 0x0000000100000000)
  region size 1024K, 2 young (2048K), 1 survivors (1024K)
 Metaspace       used 4859K, committed 5120K, reserved 1114112K
  class space    used 507K, committed 640K, reserved 1048576K

Heap Regions: E=young(eden), S=young(survivor), O=old, HS=humongous(starts), HC=humongous(continues), CS=collection set, F=free, OA=open archive, CA=closed archive, TAMS=top-at-mark-start, PB=parsable bottom
|   0|0x00000000c8c00000, 0x00000000c8d00000, 0x00000000c8d00000|100%| O|  |TAMS 0x00000000c8d00000| PB 0x00000000c8d00000| Untracked 
|   1|0x00000000c8d00000, 0x00000000c8e00000, 0x00000000c8e00000|100%| O|  |TAMS 0x00000000c8e00000| PB 0x00000000c8e00000| Untracked 
|   2|0x00000000c8e00000, 0x00000000c8eb9a00, 0x00000000c8f00000| 72%| O|  |TAMS 0x00000000c8eb9a00| PB 0x00000000c8eb9a00| Updating 
|   3|0x00000000c8f00000, 0x00000000c8f00000, 0x00000000c9000000|  0%| F|  |TAMS 0x00000000c8f00000| PB 0x00000000c8f00000| Untracked 
|   4|0x00000000c9000000, 0x00000000c9000000, 0x00000000c9100000|  0%| F|  |TAMS 0x00000000c9000000| PB 0x00000000c9000000| Untracked 
|   5|0x00000000c9100000, 0x00000000c9100000, 0x00000000c9200000|  0%| F|  |TAMS 0x00000000c9100000| PB 0x00000000c9100000| Untracked 
|   6|0x00000000c9200000, 0x00000000c9200000, 0x00000000c9300000|  0%| F|  |TAMS 0x00000000c9200000| PB 0x00000000c9200000| Untracked 
|   7|0x00000000c9300000, 0x00000000c9300000, 0x00000000c9400000|  0%| F|  |TAMS 0x00000000c9300000| PB 0x00000000c9300000| Untracked 
|   8|0x00000000c9400000, 0x00000000c9400000, 0x00000000c9500000|  0%| F|  |TAMS 0x00000000c9400000| PB 0x00000000c9400000| Untracked 
|   9|0x00000000c9500000, 0x00000000c9500000, 0x00000000c9600000|  0%| F|  |TAMS 0x00000000c9500000| PB 0x00000000c9500000| Untracked 
|  10|0x00000000c9600000, 0x00000000c9600000, 0x00000000c9700000|  0%| F|  |TAMS 0x00000000c9600000| PB 0x00000000c9600000| Untracked 
|  11|0x00000000c9700000, 0x00000000c9710c20, 0x00000000c9800000|  6%| S|CS|TAMS 0x00000000c9700000| PB 0x00000000c9700000| Complete 
|  12|0x00000000c9800000, 0x00000000c9800000, 0x00000000c9900000|  0%| F|  |TAMS 0x00000000c9800000| PB 0x00000000c9800000| Untracked 
|  13|0x00000000c9900000, 0x00000000c9900000, 0x00000000c9a00000|  0%| F|  |TAMS 0x00000000c9900000| PB 0x00000000c9900000| Untracked 
|  14|0x00000000c9a00000, 0x00000000c9a00000, 0x00000000c9b00000|  0%| F|  |TAMS 0x00000000c9a00000| PB 0x00000000c9a00000| Untracked 
|  15|0x00000000c9b00000, 0x00000000c9b00000, 0x00000000c9c00000|  0%| F|  |TAMS 0x00000000c9b00000| PB 0x00000000c9b00000| Untracked 
|  16|0x00000000c9c00000, 0x00000000c9c00000, 0x00000000c9d00000|  0%| F|  |TAMS 0x00000000c9c00000| PB 0x00000000c9c00000| Untracked 
|  17|0x00000000c9d00000, 0x00000000c9d00000, 0x00000000c9e00000|  0%| F|  |TAMS 0x00000000c9d00000| PB 0x00000000c9d00000| Untracked 
|  18|0x00000000c9e00000, 0x00000000c9e00000, 0x00000000c9f00000|  0%| F|  |TAMS 0x00000000c9e00000| PB 0x00000000c9e00000| Untracked 
|  19|0x00000000c9f00000, 0x00000000c9f00000, 0x00000000ca000000|  0%| F|  |TAMS 0x00000000c9f00000| PB 0x00000000c9f00000| Untracked 
|  20|0x00000000ca000000, 0x00000000ca000000, 0x00000000ca100000|  0%| F|  |TAMS 0x00000000ca000000| PB 0x00000000ca000000| Untracked 
|  21|0x00000000ca100000, 0x00000000ca100000, 0x00000000ca200000|  0%| F|  |TAMS 0x00000000ca100000| PB 0x00000000ca100000| Untracked 
|  22|0x00000000ca200000, 0x00000000ca200000, 0x00000000ca300000|  0%| F|  |TAMS 0x00000000ca200000| PB 0x00000000ca200000| Untracked 
|  23|0x00000000ca300000, 0x00000000ca300000, 0x00000000ca400000|  0%| F|  |TAMS 0x00000000ca300000| PB 0x00000000ca300000| Untracked 
|  24|0x00000000ca400000, 0x00000000ca400000, 0x00000000ca500000|  0%| F|  |TAMS 0x00000000ca400000| PB 0x00000000ca400000| Untracked 
|  25|0x00000000ca500000, 0x00000000ca500000, 0x00000000ca600000|  0%| F|  |TAMS 0x00000000ca500000| PB 0x00000000ca500000| Untracked 
|  26|0x00000000ca600000, 0x00000000ca600000, 0x00000000ca700000|  0%| F|  |TAMS 0x00000000ca600000| PB 0x00000000ca600000| Untracked 
|  27|0x00000000ca700000, 0x00000000ca700000, 0x00000000ca800000|  0%| F|  |TAMS 0x00000000ca700000| PB 0x00000000ca700000| Untracked 
|  28|0x00000000ca800000, 0x00000000ca800000, 0x00000000ca900000|  0%| F|  |TAMS 0x00000000ca800000| PB 0x00000000ca800000| Untracked 
|  29|0x00000000ca900000, 0x00000000ca900000, 0x00000000caa00000|  0%| F|  |TAMS 0x00000000ca900000| PB 0x00000000ca900000| Untracked 
|  30|0x00000000caa00000, 0x00000000caa00000, 0x00000000cab00000|  0%| F|  |TAMS 0x00000000caa00000| PB 0x00000000caa00000| Untracked 
|  31|0x00000000cab00000, 0x00000000cab00000, 0x00000000cac00000|  0%| F|  |TAMS 0x00000000cab00000| PB 0x00000000cab00000| Untracked 
|  32|0x00000000cac00000, 0x00000000cac00000, 0x00000000cad00000|  0%| F|  |TAMS 0x00000000cac00000| PB 0x00000000cac00000| Untracked 
|  33|0x00000000cad00000, 0x00000000cad00000, 0x00000000cae00000|  0%| F|  |TAMS 0x00000000cad00000| PB 0x00000000cad00000| Untracked 
|  34|0x00000000cae00000, 0x00000000cae00000, 0x00000000caf00000|  0%| F|  |TAMS 0x00000000cae00000| PB 0x00000000cae00000| Untracked 
|  35|0x00000000caf00000, 0x00000000caf00000, 0x00000000cb000000|  0%| F|  |TAMS 0x00000000caf00000| PB 0x00000000caf00000| Untracked 
|  36|0x00000000cb000000, 0x00000000cb000000, 0x00000000cb100000|  0%| F|  |TAMS 0x00000000cb000000| PB 0x00000000cb000000| Untracked 
|  37|0x00000000cb100000, 0x00000000cb100000, 0x00000000cb200000|  0%| F|  |TAMS 0x00000000cb100000| PB 0x00000000cb100000| Untracked 
|  38|0x00000000cb200000, 0x00000000cb200000, 0x00000000cb300000|  0%| F|  |TAMS 0x00000000cb200000| PB 0x00000000cb200000| Untracked 
|  39|0x00000000cb300000, 0x00000000cb300000, 0x00000000cb400000|  0%| F|  |TAMS 0x00000000cb300000| PB 0x00000000cb300000| Untracked 
|  40|0x00000000cb400000, 0x00000000cb400000, 0x00000000cb500000|  0%| F|  |TAMS 0x00000000cb400000| PB 0x00000000cb400000| Untracked 
|  41|0x00000000cb500000, 0x00000000cb500000, 0x00000000cb600000|  0%| F|  |TAMS 0x00000000cb500000| PB 0x00000000cb500000| Untracked 
|  42|0x00000000cb600000, 0x00000000cb600000, 0x00000000cb700000|  0%| F|  |TAMS 0x00000000cb600000| PB 0x00000000cb600000| Untracked 
|  43|0x00000000cb700000, 0x00000000cb700000, 0x00000000cb800000|  0%| F|  |TAMS 0x00000000cb700000| PB 0x00000000cb700000| Untracked 
|  44|0x00000000cb800000, 0x00000000cb800000, 0x00000000cb900000|  0%| F|  |TAMS 0x00000000cb800000| PB 0x00000000cb800000| Untracked 
|  45|0x00000000cb900000, 0x00000000cb900000, 0x00000000cba00000|  0%| F|  |TAMS 0x00000000cb900000| PB 0x00000000cb900000| Untracked 
|  46|0x00000000cba00000, 0x00000000cba00000, 0x00000000cbb00000|  0%| F|  |TAMS 0x00000000cba00000| PB 0x00000000cba00000| Untracked 
|  47|0x00000000cbb00000, 0x00000000cbb85e10, 0x00000000cbc00000| 52%| E|  |TAMS 0x00000000cbb00000| PB 0x00000000cbb00000| Complete 
|  48|0x00000000cbc00000, 0x00000000cbd00000, 0x00000000cbd00000|100%|HS|  |TAMS 0x00000000cbd00000| PB 0x00000000cbc00000| Complete 
|  49|0x00000000cbd00000, 0x00000000cbe00000, 0x00000000cbe00000|100%|HC|  |TAMS 0x00000000cbe00000| PB 0x00000000cbd00000| Complete 
|  50|0x00000000cbe00000, 0x00000000cbf00000, 0x00000000cbf00000|100%|HC|  |TAMS 0x00000000cbf00000| PB 0x00000000cbe00000| Complete 
|  51|0x00000000cbf00000, 0x00000000cc000000, 0x00000000cc000000|100%|HC|  |TAMS 0x00000000cc000000| PB 0x00000000cbf00000| Complete 
|  52|0x00000000cc000000, 0x00000000cc100000, 0x00000000cc100000|100%|HC|  |TAMS 0x00000000cc100000| PB 0x00000000cc000000| Complete 
|  53|0x00000000cc100000, 0x00000000cc200000, 0x00000000cc200000|100%|HC|  |TAMS 0x00000000cc200000| PB 0x00000000cc100000| Complete 
|  54|0x00000000cc200000, 0x00000000cc300000, 0x00000000cc300000|100%|HC|  |TAMS 0x00000000cc300000| PB 0x00000000cc200000| Complete 
|  55|0x00000000cc300000, 0x00000000cc400000, 0x00000000cc400000|100%|HC|  |TAMS 0x00000000cc400000| PB 0x00000000cc300000| Complete 
|  56|0x00000000cc400000, 0x00000000cc500000, 0x00000000cc500000|100%|HC|  |TAMS 0x00000000cc500000| PB 0x00000000cc400000| Complete 
|  57|0x00000000cc500000, 0x00000000cc600000, 0x00000000cc600000|100%|HC|  |TAMS 0x00000000cc600000| PB 0x00000000cc500000| Complete 
|  58|0x00000000cc600000, 0x00000000cc700000, 0x00000000cc700000|100%|HC|  |TAMS 0x00000000cc700000| PB 0x00000000cc600000| Complete 
|  59|0x00000000cc700000, 0x00000000cc800000, 0x00000000cc800000|100%|HC|  |TAMS 0x00000000cc800000| PB 0x00000000cc700000| Complete 
|  60|0x00000000cc800000, 0x00000000cc900000, 0x00000000cc900000|100%|HC|  |TAMS 0x00000000cc900000| PB 0x00000000cc800000| Complete 
|  61|0x00000000cc900000, 0x00000000cca00000, 0x00000000cca00000|100%|HC|  |TAMS 0x00000000cca00000| PB 0x00000000cc900000| Complete 
|  62|0x00000000cca00000, 0x00000000ccb00000, 0x00000000ccb00000|100%|HC|  |TAMS 0x00000000ccb00000| PB 0x00000000cca00000| Complete 
|  63|0x00000000ccb00000, 0x00000000ccc00000, 0x00000000ccc00000|100%|HC|  |TAMS 0x00000000ccc00000| PB 0x00000000ccb00000| Complete 
|  64|0x00000000ccc00000, 0x00000000ccd00000, 0x00000000ccd00000|100%|HC|  |TAMS 0x00000000ccd00000| PB 0x00000000ccc00000| Complete 
|  65|0x00000000ccd00000, 0x00000000cce00000, 0x00000000cce00000|100%|HC|  |TAMS 0x00000000cce00000| PB 0x00000000ccd00000| Complete 
|  66|0x00000000cce00000, 0x00000000ccf00000, 0x00000000ccf00000|100%|HC|  |TAMS 0x00000000ccf00000| PB 0x00000000cce00000| Complete 
|  67|0x00000000ccf00000, 0x00000000cd000000, 0x00000000cd000000|100%|HC|  |TAMS 0x00000000cd000000| PB 0x00000000ccf00000| Complete 
|  68|0x00000000cd000000, 0x00000000cd100000, 0x00000000cd100000|100%|HC|  |TAMS 0x00000000cd100000| PB 0x00000000cd000000| Complete 
|  69|0x00000000cd100000, 0x00000000cd200000, 0x00000000cd200000|100%|HC|  |TAMS 0x00000000cd200000| PB 0x00000000cd100000| Complete 
|  70|0x00000000cd200000, 0x00000000cd300000, 0x00000000cd300000|100%|HC|  |TAMS 0x00000000cd300000| PB 0x00000000cd200000| Complete 
|  71|0x00000000cd300000, 0x00000000cd400000, 0x00000000cd400000|100%|HC|  |TAMS 0x00000000cd400000| PB 0x00000000cd300000| Complete 
|  72|0x00000000cd400000, 0x00000000cd500000, 0x00000000cd500000|100%|HC|  |TAMS 0x00000000cd500000| PB 0x00000000cd400000| Complete 
|  73|0x00000000cd500000, 0x00000000cd600000, 0x00000000cd600000|100%|HC|  |TAMS 0x00000000cd600000| PB 0x00000000cd500000| Complete 
|  74|0x00000000cd600000, 0x00000000cd700000, 0x00000000cd700000|100%|HC|  |TAMS 0x00000000cd700000| PB 0x00000000cd600000| Complete 
|  75|0x00000000cd700000, 0x00000000cd800000, 0x00000000cd800000|100%|HC|  |TAMS 0x00000000cd800000| PB 0x00000000cd700000| Complete 
|  76|0x00000000cd800000, 0x00000000cd900000, 0x00000000cd900000|100%|HC|  |TAMS 0x00000000cd900000| PB 0x00000000cd800000| Complete 
|  77|0x00000000cd900000, 0x00000000cda00000, 0x00000000cda00000|100%|HC|  |TAMS 0x00000000cda00000| PB 0x00000000cd900000| Complete 
|  78|0x00000000cda00000, 0x00000000cdb00000, 0x00000000cdb00000|100%|HC|  |TAMS 0x00000000cdb00000| PB 0x00000000cda00000| Complete 
|  79|0x00000000cdb00000, 0x00000000cdc00000, 0x00000000cdc00000|100%|HC|  |TAMS 0x00000000cdc00000| PB 0x00000000cdb00000| Complete 
|  80|0x00000000cdc00000, 0x00000000cdd00000, 0x00000000cdd00000|100%|HC|  |TAMS 0x00000000cdd00000| PB 0x00000000cdc00000| Complete 
|  81|0x00000000cdd00000, 0x00000000cde00000, 0x00000000cde00000|100%|HC|  |TAMS 0x00000000cde00000| PB 0x00000000cdd00000| Complete 
|  82|0x00000000cde00000, 0x00000000cdf00000, 0x00000000cdf00000|100%|HC|  |TAMS 0x00000000cdf00000| PB 0x00000000cde00000| Complete 
|  83|0x00000000cdf00000, 0x00000000ce000000, 0x00000000ce000000|100%|HC|  |TAMS 0x00000000ce000000| PB 0x00000000cdf00000| Complete 
|  84|0x00000000ce000000, 0x00000000ce100000, 0x00000000ce100000|100%|HC|  |TAMS 0x00000000ce100000| PB 0x00000000ce000000| Complete 
|  85|0x00000000ce100000, 0x00000000ce200000, 0x00000000ce200000|100%|HC|  |TAMS 0x00000000ce200000| PB 0x00000000ce100000| Complete 
|  86|0x00000000ce200000, 0x00000000ce300000, 0x00000000ce300000|100%|HC|  |TAMS 0x00000000ce300000| PB 0x00000000ce200000| Complete 
|  87|0x00000000ce300000, 0x00000000ce400000, 0x00000000ce400000|100%|HC|  |TAMS 0x00000000ce400000| PB 0x00000000ce300000| Complete 
|  88|0x00000000ce400000, 0x00000000ce500000, 0x00000000ce500000|100%|HC|  |TAMS 0x00000000ce500000| PB 0x00000000ce400000| Complete 
|  89|0x00000000ce500000, 0x00000000ce600000, 0x00000000ce600000|100%|HC|  |TAMS 0x00000000ce600000| PB 0x00000000ce500000| Complete 
|  90|0x00000000ce600000, 0x00000000ce700000, 0x00000000ce700000|100%|HC|  |TAMS 0x00000000ce700000| PB 0x00000000ce600000| Complete 
|  91|0x00000000ce700000, 0x00000000ce800000, 0x00000000ce800000|100%|HC|  |TAMS 0x00000000ce800000| PB 0x00000000ce700000| Complete 
|  92|0x00000000ce800000, 0x00000000ce900000, 0x00000000ce900000|100%|HC|  |TAMS 0x00000000ce900000| PB 0x00000000ce800000| Complete 
|  93|0x00000000ce900000, 0x00000000cea00000, 0x00000000cea00000|100%|HC|  |TAMS 0x00000000cea00000| PB 0x00000000ce900000| Complete 
|  94|0x00000000cea00000, 0x00000000ceb00000, 0x00000000ceb00000|100%|HC|  |TAMS 0x00000000ceb00000| PB 0x00000000cea00000| Complete 
|  95|0x00000000ceb00000, 0x00000000cec00000, 0x00000000cec00000|100%|HC|  |TAMS 0x00000000cec00000| PB 0x00000000ceb00000| Complete 
|  96|0x00000000cec00000, 0x00000000ced00000, 0x00000000ced00000|100%|HC|  |TAMS 0x00000000ced00000| PB 0x00000000cec00000| Complete 
|  97|0x00000000ced00000, 0x00000000cee00000, 0x00000000cee00000|100%|HC|  |TAMS 0x00000000cee00000| PB 0x00000000ced00000| Complete 
|  98|0x00000000cee00000, 0x00000000cef00000, 0x00000000cef00000|100%|HC|  |TAMS 0x00000000cef00000| PB 0x00000000cee00000| Complete 
|  99|0x00000000cef00000, 0x00000000cf000000, 0x00000000cf000000|100%|HC|  |TAMS 0x00000000cf000000| PB 0x00000000cef00000| Complete 
| 100|0x00000000cf000000, 0x00000000cf100000, 0x00000000cf100000|100%|HC|  |TAMS 0x00000000cf100000| PB 0x00000000cf000000| Complete 
| 101|0x00000000cf100000, 0x00000000cf200000, 0x00000000cf200000|100%|HC|  |TAMS 0x00000000cf200000| PB 0x00000000cf100000| Complete 
| 102|0x00000000cf200000, 0x00000000cf300000, 0x00000000cf300000|100%|HC|  |TAMS 0x00000000cf300000| PB 0x00000000cf200000| Complete 
| 103|0x00000000cf300000, 0x00000000cf400000, 0x00000000cf400000|100%|HC|  |TAMS 0x00000000cf400000| PB 0x00000000cf300000| Complete 
| 104|0x00000000cf400000, 0x00000000cf500000, 0x00000000cf500000|100%|HC|  |TAMS 0x00000000cf500000| PB 0x00000000cf400000| Complete 
| 105|0x00000000cf500000, 0x00000000cf600000, 0x00000000cf600000|100%|HC|  |TAMS 0x00000000cf600000| PB 0x00000000cf500000| Complete 
| 106|0x00000000cf600000, 0x00000000cf700000, 0x00000000cf700000|100%|HC|  |TAMS 0x00000000cf700000| PB 0x00000000cf600000| Complete 
| 107|0x00000000cf700000, 0x00000000cf800000, 0x00000000cf800000|100%|HC|  |TAMS 0x00000000cf800000| PB 0x00000000cf700000| Complete 
| 108|0x00000000cf800000, 0x00000000cf900000, 0x00000000cf900000|100%|HC|  |TAMS 0x00000000cf900000| PB 0x00000000cf800000| Complete 
| 109|0x00000000cf900000, 0x00000000cfa00000, 0x00000000cfa00000|100%|HC|  |TAMS 0x00000000cfa00000| PB 0x00000000cf900000| Complete 
| 110|0x00000000cfa00000, 0x00000000cfb00000, 0x00000000cfb00000|100%|HC|  |TAMS 0x00000000cfb00000| PB 0x00000000cfa00000| Complete 
| 111|0x00000000cfb00000, 0x00000000cfc00000, 0x00000000cfc00000|100%|HC|  |TAMS 0x00000000cfc00000| PB 0x00000000cfb00000| Complete 
| 112|0x00000000cfc00000, 0x00000000cfd00000, 0x00000000cfd00000|100%|HC|  |TAMS 0x00000000cfd00000| PB 0x00000000cfc00000| Complete 
| 113|0x00000000cfd00000, 0x00000000cfe00000, 0x00000000cfe00000|100%|HC|  |TAMS 0x00000000cfe00000| PB 0x00000000cfd00000| Complete 
| 114|0x00000000cfe00000, 0x00000000cff00000, 0x00000000cff00000|100%|HC|  |TAMS 0x00000000cff00000| PB 0x00000000cfe00000| Complete 
| 115|0x00000000cff00000, 0x00000000d0000000, 0x00000000d0000000|100%|HC|  |TAMS 0x00000000d0000000| PB 0x00000000cff00000| Complete 
| 116|0x00000000d0000000, 0x00000000d0100000, 0x00000000d0100000|100%|HC|  |TAMS 0x00000000d0100000| PB 0x00000000d0000000| Complete 
| 117|0x00000000d0100000, 0x00000000d0200000, 0x00000000d0200000|100%|HC|  |TAMS 0x00000000d0200000| PB 0x00000000d0100000| Complete 
| 118|0x00000000d0200000, 0x00000000d0300000, 0x00000000d0300000|100%|HC|  |TAMS 0x00000000d0300000| PB 0x00000000d0200000| Complete 
| 119|0x00000000d0300000, 0x00000000d0400000, 0x00000000d0400000|100%|HC|  |TAMS 0x00000000d0400000| PB 0x00000000d0300000| Complete 
| 120|0x00000000d0400000, 0x00000000d0500000, 0x00000000d0500000|100%|HC|  |TAMS 0x00000000d0500000| PB 0x00000000d0400000| Complete 
| 121|0x00000000d0500000, 0x00000000d0600000, 0x00000000d0600000|100%|HC|  |TAMS 0x00000000d0600000| PB 0x00000000d0500000| Complete 
| 122|0x00000000d0600000, 0x00000000d0700000, 0x00000000d0700000|100%|HC|  |TAMS 0x00000000d0700000| PB 0x00000000d0600000| Complete 
| 123|0x00000000d0700000, 0x00000000d0800000, 0x00000000d0800000|100%|HC|  |TAMS 0x00000000d0800000| PB 0x00000000d0700000| Complete 
| 124|0x00000000d0800000, 0x00000000d0900000, 0x00000000d0900000|100%|HC|  |TAMS 0x00000000d0900000| PB 0x00000000d0800000| Complete 
| 125|0x00000000d0900000, 0x00000000d0a00000, 0x00000000d0a00000|100%|HC|  |TAMS 0x00000000d0a00000| PB 0x00000000d0900000| Complete 
| 126|0x00000000d0a00000, 0x00000000d0b00000, 0x00000000d0b00000|100%|HC|  |TAMS 0x00000000d0b00000| PB 0x00000000d0a00000| Complete 
| 127|0x00000000d0b00000, 0x00000000d0c00000, 0x00000000d0c00000|100%|HC|  |TAMS 0x00000000d0c00000| PB 0x00000000d0b00000| Complete 
| 128|0x00000000d0c00000, 0x00000000d0d00000, 0x00000000d0d00000|100%|HC|  |TAMS 0x00000000d0d00000| PB 0x00000000d0c00000| Complete 
| 129|0x00000000d0d00000, 0x00000000d0e00000, 0x00000000d0e00000|100%|HC|  |TAMS 0x00000000d0e00000| PB 0x00000000d0d00000| Complete 
| 130|0x00000000d0e00000, 0x00000000d0f00000, 0x00000000d0f00000|100%|HC|  |TAMS 0x00000000d0f00000| PB 0x00000000d0e00000| Complete 
| 131|0x00000000d0f00000, 0x00000000d1000000, 0x00000000d1000000|100%|HC|  |TAMS 0x00000000d1000000| PB 0x00000000d0f00000| Complete 
| 132|0x00000000d1000000, 0x00000000d1100000, 0x00000000d1100000|100%|HC|  |TAMS 0x00000000d1100000| PB 0x00000000d1000000| Complete 
| 133|0x00000000d1100000, 0x00000000d1200000, 0x00000000d1200000|100%|HC|  |TAMS 0x00000000d1200000| PB 0x00000000d1100000| Complete 
| 134|0x00000000d1200000, 0x00000000d1300000, 0x00000000d1300000|100%|HC|  |TAMS 0x00000000d1300000| PB 0x00000000d1200000| Complete 
| 135|0x00000000d1300000, 0x00000000d1400000, 0x00000000d1400000|100%|HC|  |TAMS 0x00000000d1400000| PB 0x00000000d1300000| Complete 
| 136|0x00000000d1400000, 0x00000000d1500000, 0x00000000d1500000|100%|HC|  |TAMS 0x00000000d1500000| PB 0x00000000d1400000| Complete 
| 137|0x00000000d1500000, 0x00000000d1600000, 0x00000000d1600000|100%|HC|  |TAMS 0x00000000d1600000| PB 0x00000000d1500000| Complete 
| 138|0x00000000d1600000, 0x00000000d1700000, 0x00000000d1700000|100%|HC|  |TAMS 0x00000000d1700000| PB 0x00000000d1600000| Complete 
| 139|0x00000000d1700000, 0x00000000d1800000, 0x00000000d1800000|100%|HC|  |TAMS 0x00000000d1800000| PB 0x00000000d1700000| Complete 
| 140|0x00000000d1800000, 0x00000000d1900000, 0x00000000d1900000|100%|HC|  |TAMS 0x00000000d1900000| PB 0x00000000d1800000| Complete 

Card table byte_map: [0x00000183f45c0000,0x00000183f4780000] _byte_map_base: 0x00000183f3f7a000

Marking Bits: (CMBitMap*) 0x00000183dd546570
 Bits: [0x00000183f4940000, 0x00000183f5710000)

Polling page: 0x00000183db430000

Metaspace:

Usage:
  Non-class:      4.25 MB used.
      Class:    507.27 KB used.
       Both:      4.75 MB used.

Virtual space:
  Non-class space:       64.00 MB reserved,       4.38 MB (  7%) committed,  1 nodes.
      Class space:        1.00 GB reserved,     640.00 KB ( <1%) committed,  1 nodes.
             Both:        1.06 GB reserved,       5.00 MB ( <1%) committed. 

Chunk freelists:
   Non-Class:  2.87 MB
       Class:  3.24 MB
        Both:  6.12 MB

MaxMetaspaceSize: unlimited
CompressedClassSpaceSize: 1.00 GB
Initial GC threshold: 21.00 MB
Current GC threshold: 21.00 MB
CDS: on
MetaspaceReclaimPolicy: balanced
 - commit_granule_bytes: 65536.
 - commit_granule_words: 8192.
 - virtual_space_node_default_size: 8388608.
 - enlarge_chunks_in_place: 1.
 - new_chunks_are_fully_committed: 0.
 - uncommit_free_chunks: 1.
 - use_allocation_guard: 0.


Internal statistics:

num_allocs_failed_limit: 0.
num_arena_births: 126.
num_arena_deaths: 0.
num_vsnodes_births: 2.
num_vsnodes_deaths: 0.
num_space_committed: 80.
num_space_uncommitted: 0.
num_chunks_returned_to_freelist: 0.
num_chunks_taken_from_freelist: 148.
num_chunk_merges: 0.
num_chunk_splits: 92.
num_chunks_enlarged: 41.
num_inconsistent_stats: 0.

CodeHeap 'non-profiled nmethods': size=120000Kb used=216Kb max_used=216Kb free=119783Kb
 bounds [0x00000183ed090000, 0x00000183ed300000, 0x00000183f45c0000]
CodeHeap 'profiled nmethods': size=120000Kb used=1164Kb max_used=1164Kb free=118835Kb
 bounds [0x00000183e55c0000, 0x00000183e5830000, 0x00000183ecaf0000]
CodeHeap 'non-nmethods': size=5760Kb used=1510Kb max_used=1524Kb free=4249Kb
 bounds [0x00000183ecaf0000, 0x00000183ecd60000, 0x00000183ed090000]
 total_blobs=1300 nmethods=762 adapters=449
 compilation: enabled
              stopped_count=0, restarted_count=0
 full_count=0

Compilation events (20 events):
Event: 1.264 Thread 0x00000183f7cece90  753   !   3       sun.awt.image.ImageRepresentation::setPixels (527 bytes)
Event: 1.267 Thread 0x00000183f7cece90 nmethod 753 0x00000183e56db290 code [0x00000183e56db620, 0x00000183e56dd620]
Event: 1.296 Thread 0x00000183f7cece90  754       3       sun.awt.image.ImageWatched$WeakLink::update (39 bytes)
Event: 1.297 Thread 0x00000183f7cece90 nmethod 754 0x00000183e56de690 code [0x00000183e56de900, 0x00000183e56df788]
Event: 1.297 Thread 0x00000183f7cece90  755       3       java.lang.invoke.LambdaForm$MH/0x00000008010c1800::linkToTargetMethod (19 bytes)
Event: 1.297 Thread 0x00000183f7cece90 nmethod 755 0x00000183e56dfb90 code [0x00000183e56dfd40, 0x00000183e56e0188]
Event: 1.297 Thread 0x00000183f7cece90  756       3       java.lang.invoke.LambdaForm$DMH/0x00000008010c1000::newInvokeSpecial (36 bytes)
Event: 1.298 Thread 0x00000183f7cece90 nmethod 756 0x00000183e56e0290 code [0x00000183e56e0460, 0x00000183e56e0ae8]
Event: 1.298 Thread 0x00000183f7cece90  759       3       sun.awt.image.IntegerInterleavedRaster::setDataElements (134 bytes)
Event: 1.298 Thread 0x00000183f7cece90 nmethod 759 0x00000183e56e0d10 code [0x00000183e56e0f00, 0x00000183e56e1598]
Event: 1.298 Thread 0x00000183f7cece90  758       3       sun.awt.image.ImageWatched$WeakLink$$Lambda$153/0x0000000801083650::run (32 bytes)
Event: 1.299 Thread 0x00000183f7cece90 nmethod 758 0x00000183e56e1810 code [0x00000183e56e19a0, 0x00000183e56e1b00]
Event: 1.299 Thread 0x00000183f7cece90  757       3       sun.awt.image.ImageWatched$WeakLink$$Lambda$153/0x0000000801083650::<init> (44 bytes)
Event: 1.299 Thread 0x00000183f7cece90 nmethod 757 0x00000183e56e1b90 code [0x00000183e56e1d20, 0x00000183e56e1f68]
Event: 1.357 Thread 0x00000183f7cece90  760       3       java.awt.ImageMediaEntry::imageUpdate (51 bytes)
Event: 1.358 Thread 0x00000183f7cece90 nmethod 760 0x00000183e56e2090 code [0x00000183e56e2260, 0x00000183e56e2960]
Event: 1.360 Thread 0x00000183f7cece90  761       3       sun.awt.image.ImageWatched$WeakLink::lambda$update$0 (19 bytes)
Event: 1.361 Thread 0x00000183f7cece90 nmethod 761 0x00000183e56e2b90 code [0x00000183e56e2d40, 0x00000183e56e2fd8]
Event: 1.375 Thread 0x00000183f7c7fb40  762       4       java.util.concurrent.locks.ReentrantLock$NonfairSync::initialTryLock (58 bytes)
Event: 1.377 Thread 0x00000183f7c7fb40 nmethod 762 0x00000183ed0c5e90 code [0x00000183ed0c6000, 0x00000183ed0c6198]

GC Heap History (6 events):
Event: 0.864 GC heap before
{Heap before GC invocations=0 (full 0):
 garbage-first heap   total 57344K, used 7168K [0x00000000c8c00000, 0x0000000100000000)
  region size 1024K, 8 young (8192K), 0 survivors (0K)
 Metaspace       used 4738K, committed 4992K, reserved 1114112K
  class space    used 501K, committed 640K, reserved 1048576K
}
Event: 0.870 GC heap after
{Heap after GC invocations=1 (full 0):
 garbage-first heap   total 57344K, used 2626K [0x00000000c8c00000, 0x0000000100000000)
  region size 1024K, 2 young (2048K), 2 survivors (2048K)
 Metaspace       used 4738K, committed 4992K, reserved 1114112K
  class space    used 501K, committed 640K, reserved 1048576K
}
Event: 1.323 GC heap before
{Heap before GC invocations=1 (full 0):
 garbage-first heap   total 144384K, used 108098K [0x00000000c8c00000, 0x0000000100000000)
  region size 1024K, 13 young (13312K), 2 survivors (2048K)
 Metaspace       used 4858K, committed 5120K, reserved 1114112K
  class space    used 507K, committed 640K, reserved 1048576K
}
Event: 1.330 GC heap after
{Heap after GC invocations=2 (full 0):
 garbage-first heap   total 144384K, used 98289K [0x00000000c8c00000, 0x0000000100000000)
  region size 1024K, 1 young (1024K), 1 survivors (1024K)
 Metaspace       used 4858K, committed 5120K, reserved 1114112K
  class space    used 507K, committed 640K, reserved 1048576K
}
Event: 1.583 GC heap before
{Heap before GC invocations=2 (full 0):
 garbage-first heap   total 144384K, used 133105K [0x00000000c8c00000, 0x0000000100000000)
  region size 1024K, 36 young (36864K), 1 survivors (1024K)
 Metaspace       used 4859K, committed 5120K, reserved 1114112K
  class space    used 507K, committed 640K, reserved 1048576K
}
Event: 1.584 GC heap after
{Heap after GC invocations=3 (full 0):
 garbage-first heap   total 144384K, used 98089K [0x00000000c8c00000, 0x0000000100000000)
  region size 1024K, 1 young (1024K), 1 survivors (1024K)
 Metaspace       used 4859K, committed 5120K, reserved 1114112K
  class space    used 507K, committed 640K, reserved 1048576K
}

Dll operation events (8 events):
Event: 0.018 Loaded shared library C:\Program Files\Java\jdk-20\bin\java.dll
Event: 0.038 Loaded shared library C:\Program Files\Java\jdk-20\bin\jsvml.dll
Event: 0.232 Loaded shared library C:\Program Files\Java\jdk-20\bin\net.dll
Event: 0.236 Loaded shared library C:\Program Files\Java\jdk-20\bin\nio.dll
Event: 0.297 Loaded shared library C:\Program Files\Java\jdk-20\bin\zip.dll
Event: 0.327 Loaded shared library C:\Program Files\Java\jdk-20\bin\jimage.dll
Event: 0.363 Loaded shared library C:\Program Files\Java\jdk-20\bin\awt.dll
Event: 0.855 Loaded shared library C:\Program Files\Java\jdk-20\bin\javajpeg.dll

Deoptimization events (12 events):
Event: 0.645 Thread 0x00000183dd5069e0 Uncommon trap: trap_request=0xffffff45 fr.pc=0x00000183ed09ebb4 relative=0x0000000000000934
Event: 0.645 Thread 0x00000183dd5069e0 Uncommon trap: reason=unstable_if action=reinterpret pc=0x00000183ed09ebb4 method=java.util.HashMap.putVal(ILjava/lang/Object;Ljava/lang/Object;ZZ)Ljava/lang/Object; @ 236 c2
Event: 0.645 Thread 0x00000183dd5069e0 DEOPT PACKING pc=0x00000183ed09ebb4 sp=0x0000004d598fe040
Event: 0.645 Thread 0x00000183dd5069e0 DEOPT UNPACKING pc=0x00000183ecb59d22 sp=0x0000004d598fdfe8 mode 2
Event: 0.746 Thread 0x00000183dd5069e0 Uncommon trap: trap_request=0xffffff45 fr.pc=0x00000183ed0b826c relative=0x00000000000004ac
Event: 0.746 Thread 0x00000183dd5069e0 Uncommon trap: reason=unstable_if action=reinterpret pc=0x00000183ed0b826c method=java.lang.StringLatin1.replace([BCC)Ljava/lang/String; @ 19 c2
Event: 0.746 Thread 0x00000183dd5069e0 DEOPT PACKING pc=0x00000183ed0b826c sp=0x0000004d598ff2c0
Event: 0.746 Thread 0x00000183dd5069e0 DEOPT UNPACKING pc=0x00000183ecb59d22 sp=0x0000004d598ff240 mode 2
Event: 0.873 Thread 0x00000183f7c77cd0 Uncommon trap: trap_request=0xffffff45 fr.pc=0x00000183ed0bb2c4 relative=0x0000000000000144
Event: 0.873 Thread 0x00000183f7c77cd0 Uncommon trap: reason=unstable_if action=reinterpret pc=0x00000183ed0bb2c4 method=java.util.concurrent.locks.ReentrantLock$NonfairSync.initialTryLock()Z @ 10 c2
Event: 0.873 Thread 0x00000183f7c77cd0 DEOPT PACKING pc=0x00000183ed0bb2c4 sp=0x0000004d59ffef10
Event: 0.873 Thread 0x00000183f7c77cd0 DEOPT UNPACKING pc=0x00000183ecb59d22 sp=0x0000004d59ffeeb8 mode 2

Classes loaded (20 events):
Event: 0.863 Loading class sun/awt/image/SunWritableRaster
Event: 0.863 Loading class java/awt/image/WritableRaster
Event: 0.864 Loading class java/awt/image/WritableRaster done
Event: 0.864 Loading class sun/awt/image/SunWritableRaster done
Event: 0.944 Loading class java/awt/image/SinglePixelPackedSampleModel
Event: 0.945 Loading class java/awt/image/SampleModel
Event: 0.945 Loading class java/awt/image/SampleModel done
Event: 0.945 Loading class java/awt/image/SinglePixelPackedSampleModel done
Event: 0.946 Loading class sun/awt/image/IntegerInterleavedRaster
Event: 0.947 Loading class sun/awt/image/IntegerComponentRaster
Event: 0.947 Loading class sun/awt/image/IntegerComponentRaster done
Event: 0.947 Loading class sun/awt/image/IntegerInterleavedRaster done
Event: 0.948 Loading class java/awt/image/BufferedImage
Event: 0.949 Loading class java/awt/image/WritableRenderedImage
Event: 0.949 Loading class java/awt/image/RenderedImage
Event: 0.950 Loading class java/awt/image/RenderedImage done
Event: 0.950 Loading class java/awt/image/WritableRenderedImage done
Event: 0.950 Loading class java/awt/image/BufferedImage done
Event: 0.950 Loading class java/awt/image/BufferedImage$1
Event: 0.950 Loading class java/awt/image/BufferedImage$1 done

Classes unloaded (0 events):
No events

Classes redefined (0 events):
No events

Internal exceptions (13 events):
Event: 0.238 Thread 0x00000183dd5069e0 Exception <a 'sun/nio/fs/WindowsException'{0x00000000cc23f728}> (0x00000000cc23f728) 
thrown [s\open\src\hotspot\share\prims\jni.cpp, line 519]
Event: 0.244 Thread 0x00000183dd5069e0 Exception <a 'sun/nio/fs/WindowsException'{0x00000000cc241a18}> (0x00000000cc241a18) 
thrown [s\open\src\hotspot\share\prims\jni.cpp, line 519]
Event: 0.244 Thread 0x00000183dd5069e0 Exception <a 'sun/nio/fs/WindowsException'{0x00000000cc242460}> (0x00000000cc242460) 
thrown [s\open\src\hotspot\share\prims\jni.cpp, line 519]
Event: 0.339 Thread 0x00000183dd5069e0 Exception <a 'java/lang/ClassNotFoundException'{0x00000000cc1664a8}: sun/awt/resources/spi/awtProvider> (0x00000000cc1664a8) 
thrown [s\open\src\hotspot\share\classfile\systemDictionary.cpp, line 305]
Event: 0.393 Thread 0x00000183dd5069e0 Exception <a 'java/io/FileNotFoundException'{0x00000000cc1bcda8}> (0x00000000cc1bcda8) 
thrown [s\open\src\hotspot\share\prims\jni.cpp, line 519]
Event: 0.419 Thread 0x00000183dd5069e0 Exception <a 'java/io/FileNotFoundException'{0x00000000cc1e6f78}> (0x00000000cc1e6f78) 
thrown [s\open\src\hotspot\share\prims\jni.cpp, line 519]
Event: 0.651 Thread 0x00000183dd5069e0 Exception <a 'java/lang/NoSuchMethodError'{0x00000000cbf39a80}: 'void java.lang.invoke.DirectMethodHandle$Holder.invokeSpecial(java.lang.Object, java.lang.Object, java.lang.Object)'> (0x00000000cbf39a80) 
thrown [s\open\src\hotspot\share\interpreter\linkResolver.cpp, line 773]
Event: 0.669 Thread 0x00000183dd5069e0 Exception <a 'java/lang/NoSuchMethodError'{0x00000000cbf64420}: 'java.lang.Object java.lang.invoke.DirectMethodHandle$Holder.newInvokeSpecial(java.lang.Object, java.lang.Object, java.lang.Object, java.lang.Object, java.lang.Object)'> (0x00000000cbf64420) 
thrown [s\open\src\hotspot\share\interpreter\linkResolver.cpp, line 773]
Event: 0.679 Thread 0x00000183dd5069e0 Exception <a 'java/lang/NoSuchMethodError'{0x00000000cbf94f20}: 'java.lang.Object java.lang.invoke.DirectMethodHandle$Holder.invokeStatic(java.lang.Object, int, java.lang.Object)'> (0x00000000cbf94f20) 
thrown [s\open\src\hotspot\share\interpreter\linkResolver.cpp, line 773]
Event: 0.720 Thread 0x00000183dd5069e0 Exception <a 'java/lang/ClassNotFoundException'{0x00000000cbe50828}: com/sun/swing/internal/plaf/metal/resources/spi/metalProvider> (0x00000000cbe50828) 
thrown [s\open\src\hotspot\share\classfile\systemDictionary.cpp, line 305]
Event: 0.722 Thread 0x00000183dd5069e0 Exception <a 'java/lang/ClassNotFoundException'{0x00000000cbe547d8}: com/sun/swing/internal/plaf/basic/resources/spi/basicProvider> (0x00000000cbe547d8) 
thrown [s\open\src\hotspot\share\classfile\systemDictionary.cpp, line 305]
Event: 0.742 Thread 0x00000183dd5069e0 Exception <a 'java/lang/NoSuchMethodError'{0x00000000cbe73908}: 'int java.lang.invoke.Invokers$Holder.invokeExact_MT(java.lang.Object, java.lang.Object)'> (0x00000000cbe73908) 
thrown [s\open\src\hotspot\share\interpreter\linkResolver.cpp, line 773]
Event: 0.858 Thread 0x00000183fed31410 Exception <a 'java/lang/NoSuchMethodError'{0x00000000cbc247f0}: 'java.lang.Object java.lang.invoke.DirectMethodHandle$Holder.newInvokeSpecial(java.lang.Object, java.lang.Object, java.lang.Object, int, int, int, int, int)'> (0x00000000cbc247f0) 
thrown [s\open\src\hotspot\share\interpreter\linkResolver.cpp, line 773]

VM Operations (13 events):
Event: 0.247 Executing VM operation: HandshakeAllThreads
Event: 0.247 Executing VM operation: HandshakeAllThreads done
Event: 0.440 Executing VM operation: HandshakeAllThreads
Event: 0.440 Executing VM operation: HandshakeAllThreads done
Event: 0.831 Executing VM operation: HandshakeAllThreads
Event: 0.831 Executing VM operation: HandshakeAllThreads done
Event: 0.864 Executing VM operation: G1TryInitiateConcMark
Event: 0.870 Executing VM operation: G1TryInitiateConcMark done
Event: 1.322 Executing VM operation: G1CollectForAllocation
Event: 1.330 Executing VM operation: G1CollectForAllocation done
Event: 1.583 Executing VM operation: G1CollectForAllocation
Event: 1.584 Executing VM operation: G1CollectForAllocation done
Event: 1.592 Executing VM operation: G1PauseRemark

Events (15 events):
Event: 0.038 Thread 0x00000183dd5069e0 Thread added: 0x00000183dd5069e0
Event: 0.070 Thread 0x00000183f7c77cd0 Thread added: 0x00000183f7c77cd0
Event: 0.070 Thread 0x00000183f7c788b0 Thread added: 0x00000183f7c788b0
Event: 0.072 Thread 0x00000183f7c7b300 Thread added: 0x00000183f7c7b300
Event: 0.072 Thread 0x00000183f7c7bc40 Thread added: 0x00000183f7c7bc40
Event: 0.072 Thread 0x00000183f7c7e590 Thread added: 0x00000183f7c7e590
Event: 0.072 Thread 0x00000183f7c7eed0 Thread added: 0x00000183f7c7eed0
Event: 0.073 Thread 0x00000183f7c7fb40 Thread added: 0x00000183f7c7fb40
Event: 0.093 Thread 0x00000183f7cece90 Thread added: 0x00000183f7cece90
Event: 0.204 Thread 0x00000183fc0081c0 Thread added: 0x00000183fc0081c0
Event: 0.278 Thread 0x00000183fc1801a0 Thread added: 0x00000183fc1801a0
Event: 0.506 Thread 0x00000183fc1e1e20 Thread added: 0x00000183fc1e1e20
Event: 0.509 Thread 0x00000183fc1e2370 Thread added: 0x00000183fc1e2370
Event: 0.513 Thread 0x00000183fc2c5470 Thread added: 0x00000183fc2c5470
Event: 0.757 Thread 0x00000183fed31410 Thread added: 0x00000183fed31410


Dynamic libraries:
0x00007ff661cd0000 - 0x00007ff661ce0000 	C:\Program Files\Java\jdk-20\bin\java.exe
0x00007ff8879f0000 - 0x00007ff887c04000 	C:\WINDOWS\SYSTEM32\ntdll.dll
0x00007ff886d70000 - 0x00007ff886e32000 	C:\WINDOWS\System32\KERNEL32.DLL
0x00007ff884fd0000 - 0x00007ff885373000 	C:\WINDOWS\System32\KERNELBASE.dll
0x00007ff884df0000 - 0x00007ff884f01000 	C:\WINDOWS\System32\ucrtbase.dll
0x00007ff87e8d0000 - 0x00007ff87e8e9000 	C:\Program Files\Java\jdk-20\bin\jli.dll
0x00007ff8870f0000 - 0x00007ff88719e000 	C:\WINDOWS\System32\ADVAPI32.dll
0x00007ff886b20000 - 0x00007ff886bc7000 	C:\WINDOWS\System32\msvcrt.dll
0x00007ff886800000 - 0x00007ff8868a4000 	C:\WINDOWS\System32\sechost.dll
0x00007ff8866e0000 - 0x00007ff8867f7000 	C:\WINDOWS\System32\RPCRT4.dll
0x00007ff8864d0000 - 0x00007ff88667a000 	C:\WINDOWS\System32\USER32.dll
0x00007ff885380000 - 0x00007ff8853a6000 	C:\WINDOWS\System32\win32u.dll
0x00007ff886a70000 - 0x00007ff886a99000 	C:\WINDOWS\System32\GDI32.dll
0x00007ff8853b0000 - 0x00007ff8854c9000 	C:\WINDOWS\System32\gdi32full.dll
0x00007ff8856b0000 - 0x00007ff88574a000 	C:\WINDOWS\System32\msvcp_win.dll
0x00007ff86e350000 - 0x00007ff86e36b000 	C:\Program Files\Java\jdk-20\bin\VCRUNTIME140.dll
0x00007ff871460000 - 0x00007ff8716ee000 	C:\WINDOWS\WinSxS\amd64_microsoft.windows.common-controls_6595b64144ccf1df_6.0.22621.1635_none_270f70857386168e\COMCTL32.dll
0x00007ff87b240000 - 0x00007ff87b24a000 	C:\WINDOWS\SYSTEM32\VERSION.dll
0x00007ff886e40000 - 0x00007ff886e71000 	C:\WINDOWS\System32\IMM32.DLL
0x00007ff87bc20000 - 0x00007ff87bc2c000 	C:\Program Files\Java\jdk-20\bin\vcruntime140_1.dll
0x00007ff861b50000 - 0x00007ff861bde000 	C:\Program Files\Java\jdk-20\bin\msvcp140.dll
0x00007ff84dc60000 - 0x00007ff84e8f7000 	C:\Program Files\Java\jdk-20\bin\server\jvm.dll
0x00007ff87e910000 - 0x00007ff87e919000 	C:\WINDOWS\SYSTEM32\WSOCK32.dll
0x00007ff8868b0000 - 0x00007ff886921000 	C:\WINDOWS\System32\WS2_32.dll
0x00007ff87cfc0000 - 0x00007ff87cff4000 	C:\WINDOWS\SYSTEM32\WINMM.dll
0x00007ff883e10000 - 0x00007ff883e28000 	C:\WINDOWS\SYSTEM32\kernel.appcore.dll
0x00007ff872770000 - 0x00007ff87277a000 	C:\Program Files\Java\jdk-20\bin\jimage.dll
0x00007ff861c00000 - 0x00007ff861e2e000 	C:\WINDOWS\SYSTEM32\DBGHELP.DLL
0x00007ff8871a0000 - 0x00007ff887529000 	C:\WINDOWS\System32\combase.dll
0x00007ff886f10000 - 0x00007ff886fe7000 	C:\WINDOWS\System32\OLEAUT32.dll
0x00007ff8627c0000 - 0x00007ff8627f2000 	C:\WINDOWS\SYSTEM32\dbgcore.DLL
0x00007ff885750000 - 0x00007ff8857ca000 	C:\WINDOWS\System32\bcryptPrimitives.dll
0x00007ff86a620000 - 0x00007ff86a646000 	C:\Program Files\Java\jdk-20\bin\java.dll
0x00007ff84fb50000 - 0x00007ff84fc27000 	C:\Program Files\Java\jdk-20\bin\jsvml.dll
0x00007ff885c20000 - 0x00007ff886419000 	C:\WINDOWS\System32\SHELL32.dll
0x00007ff882d90000 - 0x00007ff88365e000 	C:\WINDOWS\SYSTEM32\windows.storage.dll
0x00007ff882c50000 - 0x00007ff882d8e000 	C:\WINDOWS\SYSTEM32\wintypes.dll
0x00007ff886ff0000 - 0x00007ff8870e1000 	C:\WINDOWS\System32\SHCORE.dll
0x00007ff886680000 - 0x00007ff8866de000 	C:\WINDOWS\System32\shlwapi.dll
0x00007ff884d20000 - 0x00007ff884d46000 	C:\WINDOWS\SYSTEM32\profapi.dll
0x00007ff86a010000 - 0x00007ff86a023000 	C:\Program Files\Java\jdk-20\bin\net.dll
0x00007ff87cdc0000 - 0x00007ff87cef7000 	C:\WINDOWS\SYSTEM32\WINHTTP.dll
0x00007ff8842b0000 - 0x00007ff884319000 	C:\WINDOWS\system32\mswsock.dll
0x00007ff869ff0000 - 0x00007ff86a006000 	C:\Program Files\Java\jdk-20\bin\nio.dll
0x00007ff868950000 - 0x00007ff868968000 	C:\Program Files\Java\jdk-20\bin\zip.dll
0x00007ff84d6c0000 - 0x00007ff84d851000 	C:\Program Files\Java\jdk-20\bin\awt.dll
0x00007ff8820c0000 - 0x00007ff882157000 	C:\WINDOWS\SYSTEM32\apphelp.dll
0x00007ff8827d0000 - 0x00007ff8827fb000 	C:\WINDOWS\system32\DWMAPI.DLL
0x00007ff8823a0000 - 0x00007ff88244b000 	C:\WINDOWS\system32\uxtheme.dll
0x00007ff84db60000 - 0x00007ff84dc60000 	C:\WINDOWS\system32\opengl32.dll
0x00007ff863a70000 - 0x00007ff863a9d000 	C:\WINDOWS\SYSTEM32\GLU32.dll
0x00007ff8824a0000 - 0x00007ff8824d8000 	C:\WINDOWS\SYSTEM32\dxcore.dll
0x00007ff886930000 - 0x00007ff886a57000 	C:\WINDOWS\System32\MSCTF.dll
0x00007ff886bd0000 - 0x00007ff886d6c000 	C:\WINDOWS\System32\ole32.dll
0x00007ff817970000 - 0x00007ff817b19000 	C:\WINDOWS\system32\d3d9.dll
0x00007ff87b250000 - 0x00007ff87b42b000 	C:\WINDOWS\System32\DriverStore\FileRepository\u0372698.inf_amd64_2366d501a5d0e392\B370279\aticfx64.dll
0x00007ff87e890000 - 0x00007ff87e8c3000 	C:\WINDOWS\System32\DriverStore\FileRepository\u0372698.inf_amd64_2366d501a5d0e392\B370279\atiu9p64.dll
0x00007ff83fd40000 - 0x00007ff840a9a000 	C:\WINDOWS\System32\DriverStore\FileRepository\u0372698.inf_amd64_2366d501a5d0e392\B370279\atiumd64.dll
0x0000000064800000 - 0x00000000656cb000 	C:\WINDOWS\System32\DriverStore\FileRepository\u0372698.inf_amd64_2366d501a5d0e392\B370279\atiumd6a.dll
0x00007ff884cc0000 - 0x00007ff884d0d000 	C:\WINDOWS\SYSTEM32\POWRPROF.dll
0x00007ff884ca0000 - 0x00007ff884cb3000 	C:\WINDOWS\SYSTEM32\UMPDC.dll
0x00007ff8782f0000 - 0x00007ff878320000 	C:\WINDOWS\SYSTEM32\amdihk64.dll
0x00007ff87ed00000 - 0x00007ff87ed48000 	C:\WINDOWS\SYSTEM32\directxdatabasehelper.dll
0x00007ff87e860000 - 0x00007ff87e88e000 	C:\Program Files\Java\jdk-20\bin\javajpeg.dll

dbghelp: loaded successfully - version: 4.0.5 - missing functions: none
symbol engine: initialized successfully - sym options: 0x614 - pdb path: .;C:\Program Files\Java\jdk-20\bin;C:\WINDOWS\SYSTEM32;C:\WINDOWS\WinSxS\amd64_microsoft.windows.common-controls_6595b64144ccf1df_6.0.22621.1635_none_270f70857386168e;C:\Program Files\Java\jdk-20\bin\server;C:\WINDOWS\System32\DriverStore\FileRepository\u0372698.inf_amd64_2366d501a5d0e392\B370279

VM Arguments:
jvm_args: -Dfile.encoding=UTF-8 --module-path=C:\Users\HP\Documents\NetBeansProjects\project\build\classes 
java_command: project.BookHotel
java_class_path (initial): C:\Users\HP\Documents\NetBeansProjects\project\lib\mysql-connector-j-8.0.32.zip;C:\Users\HP\Documents\NetBeansProjects\project\lib\mysql-connector-j-8.0.32.jar;C:\Users\HP\Documents\NetBeansProjects\project\build\classes
Launcher Type: SUN_STANDARD

[Global flags]
     intx CICompilerCount                          = 3                                         {product} {ergonomic}
     uint ConcGCThreads                            = 1                                         {product} {ergonomic}
     uint G1ConcRefinementThreads                  = 4                                         {product} {ergonomic}
   size_t G1HeapRegionSize                         = 1048576                                   {product} {ergonomic}
    uintx GCDrainStackTargetSize                   = 64                                        {product} {ergonomic}
   size_t InitialHeapSize                          = 58720256                                  {product} {ergonomic}
   size_t MarkStackSize                            = 4194304                                   {product} {ergonomic}
   size_t MaxHeapSize                              = 926941184                                 {product} {ergonomic}
   size_t MaxNewSize                               = 555745280                                 {product} {ergonomic}
   size_t MinHeapDeltaBytes                        = 1048576                                   {product} {ergonomic}
   size_t MinHeapSize                              = 8388608                                   {product} {ergonomic}
    uintx NonNMethodCodeHeapSize                   = 5832780                                {pd product} {ergonomic}
    uintx NonProfiledCodeHeapSize                  = 122912730                              {pd product} {ergonomic}
    uintx ProfiledCodeHeapSize                     = 122912730                              {pd product} {ergonomic}
    uintx ReservedCodeCacheSize                    = 251658240                              {pd product} {ergonomic}
     bool SegmentedCodeCache                       = true                                      {product} {ergonomic}
   size_t SoftMaxHeapSize                          = 926941184                              {manageable} {ergonomic}
     bool UseCompressedClassPointers               = true                           {product lp64_product} {ergonomic}
     bool UseCompressedOops                        = true                           {product lp64_product} {ergonomic}
     bool UseG1GC                                  = true                                      {product} {ergonomic}
     bool UseLargePagesIndividualAllocation        = false                                  {pd product} {ergonomic}

Logging:
Log output configuration:
 #0: stdout all=warning uptime,level,tags foldmultilines=false
 #1: stderr all=off uptime,level,tags foldmultilines=false

Environment Variables:
JAVA_HOME=C:\Program Files\Java\jdk-20
PATH=C:\Program Files\Common Files\Oracle\Java\javapath;C:\Python311\Scripts\;C:\Python311\;C:\WINDOWS\system32;C:\WINDOWS;C:\WINDOWS\System32\Wbem;C:\WINDOWS\System32\WindowsPowerShell\v1.0\;C:\WINDOWS\System32\OpenSSH\;C:\ProgramData\chocolatey\bin;C:\Program Files\MySQL\MySQL Server 8.0\bin;C:\Program Files\Java\jdk-20\bin;C:\Program Files\Common Files\Oracle\Java\javapath;C:\Program Files\MySQL\MySQL Shell 8.0\bin\;C:\Users\HP\AppData\Local\Programs\Python\Python310\Scripts\;C:\Users\HP\AppData\Local\Programs\Python\Python310\;C:\Users\HP\AppData\Local\Microsoft\WindowsApps;C:\Users\HP\AppData\Local\Programs\Microsoft VS Code\bin;C:\MinGW\bin;C:\kotlinc\bin;C:\Users\HP\AppData\Local\Programs\MiKTeX\miktex\bin\x64\;C:\Program Files\Java\jdk-20\bin;
USERNAME=harry sahani
OS=Windows_NT
PROCESSOR_IDENTIFIER=AMD64 Family 23 Model 24 Stepping 1, AuthenticAMD
TMP=C:\Users\HP\AppData\Local\Temp
TEMP=C:\Users\HP\AppData\Local\Temp




---------------  S Y S T E M  ---------------

OS:
 Windows 11 , 64 bit Build 22621 (10.0.22621.1928)
OS uptime: 0 days 12:58 hours
Hyper-V role detected

CPU: total 4 (initial active 4) (4 cores per cpu, 1 threads per core) family 23 model 24 stepping 1 microcode 0x0, cx8, cmov, fxsr, mmx, 3dnowpref, sse, sse2, sse3, ssse3, sse4a, sse4.1, sse4.2, popcnt, lzcnt, tsc, tscinvbit, avx, avx2, aes, clmul, bmi1, bmi2, adx, sha, fma, vzeroupper, clflush, clflushopt, hv, rdtscp, f16c

Memory: 4k page, system-wide physical 3530M (185M free)
TotalPageFile size 9530M (AvailPageFile size 10M)
current process WorkingSet (physical memory assigned to process): 219M, peak: 219M
current process commit charge ("private bytes"): 306M, peak: 329M

vm_info: Java HotSpot(TM) 64-Bit Server VM (20.0.1+9-29) for windows-amd64 JRE (20.0.1+9-29), built on 2023-03-07T13:56:11Z by "mach5one" with MS VC++ 17.1 (VS2022)

END.
