#
# There is insufficient memory for the Java Runtime Environment to continue.
# Native memory allocation (malloc) failed to allocate 73936 bytes for Chunk::new
# Possible reasons:
#   The system is out of physical RAM or swap space
#   The process is running with CompressedOops enabled, and the Java Heap may be blocking the growth of the native heap
# Possible solutions:
#   Reduce memory load on the system
#   Increase physical memory or swap space
#   Check if swap backing store is full
#   Decrease Java heap size (-Xmx/-Xms)
#   Decrease number of Java threads
#   Decrease Java thread stack sizes (-Xss)
#   Set larger code cache with -XX:ReservedCodeCacheSize=
#   JVM is running with Unscaled Compressed Oops mode in which the Java heap is
#     placed in the first 4GB address space. The Java Heap base address is the
#     maximum limit for the native heap growth. Please use -XX:HeapBaseMinAddress
#     to set the Java Heap base and to place the Java Heap above 4GB virtual address.
# This output file may be truncated or incomplete.
#
#  Out of Memory Error (arena.cpp:184), pid=12712, tid=3596
#
# JRE version: Java(TM) SE Runtime Environment (20.0.1+9) (build 20.0.1+9-29)
# Java VM: Java HotSpot(TM) 64-Bit Server VM (20.0.1+9-29, mixed mode, sharing, tiered, compressed oops, compressed class ptrs, g1 gc, windows-amd64)
# No core dump will be written. Minidumps are not enabled by default on client versions of Windows
#

---------------  S U M M A R Y ------------

Command Line: -Dfile.encoding=UTF-8 --module-path=C:\Users\HP\Documents\NetBeansProjects\project\build\classes project.Package

Host: AMD Ryzen 3 3300U with Radeon Vega Mobile Gfx  , 4 cores, 3G,  Windows 11 , 64 bit Build 22621 (10.0.22621.1928)
Time: Sat Aug  5 18:52:12 2023 India Standard Time elapsed time: 0.474268 seconds (0d 0h 0m 0s)

---------------  T H R E A D  ---------------

Current thread (0x00000168aa1bdbf0):  JavaThread "C2 CompilerThread0" daemon [_thread_in_native, id=3596, stack(0x000000459d000000,0x000000459d100000)]


Current CompileTask:
C2:    474  551       4       java.lang.StringLatin1::replace (198 bytes)

Stack: [0x000000459d000000,0x000000459d100000]
Native frames: (J=compiled Java code, j=interpreted, Vv=VM code, C=native code)
V  [jvm.dll+0x6bb95a]
V  [jvm.dll+0x8485fa]
V  [jvm.dll+0x84a1f5]
V  [jvm.dll+0x84a8f3]
V  [jvm.dll+0x280b0f]
V  [jvm.dll+0xc2b11]
V  [jvm.dll+0xc2e35]
V  [jvm.dll+0x2f5dbf]
V  [jvm.dll+0x5e32eb]
V  [jvm.dll+0x2543b4]
V  [jvm.dll+0x24ccd4]
V  [jvm.dll+0x24a549]
V  [jvm.dll+0x1ce491]
V  [jvm.dll+0x259e1b]
V  [jvm.dll+0x2584f0]
V  [jvm.dll+0x3f2895]
V  [jvm.dll+0x7f4b56]
V  [jvm.dll+0x6ba5cb]
C  [ucrtbase.dll+0x29363]
C  [KERNEL32.DLL+0x126ad]
C  [ntdll.dll+0x5aa68]


---------------  P R O C E S S  ---------------

Threads class SMR info:
_java_thread_list=0x00000168ae7e59f0, length=15, elements={
0x000001688fa36ab0, 0x00000168aa1afa80, 0x00000168aa1b0760, 0x00000168aa1b8e00,
0x00000168aa1b9740, 0x00000168aa1ba220, 0x00000168aa1bae30, 0x00000168aa1bdbf0,
0x00000168aa1be8b0, 0x00000168ae4543c0, 0x00000168ae4fab70, 0x00000168ae6149f0,
0x00000168ae614f40, 0x00000168ae72e1b0, 0x00000168ae7b8130
}

Java Threads: ( => current thread )
  0x000001688fa36ab0 JavaThread "main" [_thread_blocked, id=5264, stack(0x000000459c300000,0x000000459c400000)]
  0x00000168aa1afa80 JavaThread "Reference Handler" daemon [_thread_blocked, id=7104, stack(0x000000459ca00000,0x000000459cb00000)]
  0x00000168aa1b0760 JavaThread "Finalizer" daemon [_thread_blocked, id=18884, stack(0x000000459cb00000,0x000000459cc00000)]
  0x00000168aa1b8e00 JavaThread "Signal Dispatcher" daemon [_thread_blocked, id=20096, stack(0x000000459cc00000,0x000000459cd00000)]
  0x00000168aa1b9740 JavaThread "Attach Listener" daemon [_thread_blocked, id=7028, stack(0x000000459cd00000,0x000000459ce00000)]
  0x00000168aa1ba220 JavaThread "Service Thread" daemon [_thread_blocked, id=9332, stack(0x000000459ce00000,0x000000459cf00000)]
  0x00000168aa1bae30 JavaThread "Monitor Deflation Thread" daemon [_thread_blocked, id=4140, stack(0x000000459cf00000,0x000000459d000000)]
=>0x00000168aa1bdbf0 JavaThread "C2 CompilerThread0" daemon [_thread_in_native, id=3596, stack(0x000000459d000000,0x000000459d100000)]
  0x00000168aa1be8b0 JavaThread "C1 CompilerThread0" daemon [_thread_in_native, id=5256, stack(0x000000459d100000,0x000000459d200000)]
  0x00000168ae4543c0 JavaThread "Common-Cleaner" daemon [_thread_blocked, id=4032, stack(0x000000459d200000,0x000000459d300000)]
  0x00000168ae4fab70 JavaThread "Notification Thread" daemon [_thread_blocked, id=7792, stack(0x000000459d300000,0x000000459d400000)]
  0x00000168ae6149f0 JavaThread "Java2D Disposer" daemon [_thread_blocked, id=5732, stack(0x000000459d500000,0x000000459d600000)]
  0x00000168ae614f40 JavaThread "AWT-Shutdown" [_thread_blocked, id=5132, stack(0x000000459d600000,0x000000459d700000)]
  0x00000168ae72e1b0 JavaThread "AWT-Windows" daemon [_thread_in_native, id=15000, stack(0x000000459d700000,0x000000459d800000)]
  0x00000168ae7b8130 JavaThread "Image Fetcher 0" daemon [_thread_in_vm, id=8480, stack(0x000000459d800000,0x000000459d900000)]

Other Threads:
  0x000001688faf60c0 VMThread "VM Thread" [stack: 0x000000459c900000,0x000000459ca00000] [id=4276]
  0x00000168ae525900 WatcherThread "VM Periodic Task Thread" [stack: 0x000000459d400000,0x000000459d500000] [id=7312]
  0x000001688fa75e90 WorkerThread "GC Thread#0" [stack: 0x000000459c400000,0x000000459c500000] [id=16964]
  0x000001688fa7dc20 ConcurrentGCThread "G1 Main Marker" [stack: 0x000000459c500000,0x000000459c600000] [id=15228]
  0x000001688fa7e950 WorkerThread "G1 Conc#0" [stack: 0x000000459c600000,0x000000459c700000] [id=19948]
  0x000001688fad2550 ConcurrentGCThread "G1 Refine#0" [stack: 0x000000459c700000,0x000000459c800000] [id=6472]
  0x000001688fad3ea0 ConcurrentGCThread "G1 Service" [stack: 0x000000459c800000,0x000000459c900000] [id=9800]

Threads with active compile tasks:
C2 CompilerThread0      516  551       4       java.lang.StringLatin1::replace (198 bytes)
C1 CompilerThread0      516  617       3       java.io.BufferedInputStream::read1 (109 bytes)

VM state: not at safepoint (normal execution)

VM Mutex/Monitor currently owned by a thread: None

Heap address: 0x00000000c8c00000, size: 884 MB, Compressed Oops mode: 32-bit

CDS archive(s) mapped at: [0x0000000800000000-0x0000000800c60000-0x0000000800c60000), size 12976128, SharedBaseAddress: 0x0000000800000000, ArchiveRelocationMode: 0.
Compressed class space mapped at: 0x0000000801000000-0x0000000841000000, reserved size: 1073741824
Narrow klass base: 0x0000000800000000, Narrow klass shift: 0, Narrow klass range: 0x100000000

GC Precious Log:
 CardTable entry size: 512
 Card Set container configuration: InlinePtr #cards 5 size 8 Array Of Cards #cards 12 size 40 Howl #buckets 4 coarsen threshold 1843 Howl Bitmap #cards 512 size 80 coarsen threshold 460 Card regions per heap region 1 cards per card region 2048
 CPUs: 4 total, 4 available
 Memory: 3530M
 Large Page Support: Disabled
 NUMA Support: Disabled
 Compressed Oops: Enabled (32-bit)
 Heap Region Size: 1M
 Heap Min Capacity: 8M
 Heap Initial Capacity: 56M
 Heap Max Capacity: 884M
 Pre-touch: Disabled
 Parallel Workers: 4
 Concurrent Workers: 1
 Concurrent Refinement Workers: 4
 Periodic GC: Disabled

Heap:
 garbage-first heap   total 57344K, used 5120K [0x00000000c8c00000, 0x0000000100000000)
  region size 1024K, 6 young (6144K), 0 survivors (0K)
 Metaspace       used 4597K, committed 4800K, reserved 1114112K
  class space    used 483K, committed 576K, reserved 1048576K

Heap Regions: E=young(eden), S=young(survivor), O=old, HS=humongous(starts), HC=humongous(continues), CS=collection set, F=free, OA=open archive, CA=closed archive, TAMS=top-at-mark-start, PB=parsable bottom
|   0|0x00000000c8c00000, 0x00000000c8c00000, 0x00000000c8d00000|  0%| F|  |TAMS 0x00000000c8c00000| PB 0x00000000c8c00000| Untracked 
|   1|0x00000000c8d00000, 0x00000000c8d00000, 0x00000000c8e00000|  0%| F|  |TAMS 0x00000000c8d00000| PB 0x00000000c8d00000| Untracked 
|   2|0x00000000c8e00000, 0x00000000c8e00000, 0x00000000c8f00000|  0%| F|  |TAMS 0x00000000c8e00000| PB 0x00000000c8e00000| Untracked 
|   3|0x00000000c8f00000, 0x00000000c8f00000, 0x00000000c9000000|  0%| F|  |TAMS 0x00000000c8f00000| PB 0x00000000c8f00000| Untracked 
|   4|0x00000000c9000000, 0x00000000c9000000, 0x00000000c9100000|  0%| F|  |TAMS 0x00000000c9000000| PB 0x00000000c9000000| Untracked 
|   5|0x00000000c9100000, 0x00000000c9100000, 0x00000000c9200000|  0%| F|  |TAMS 0x00000000c9100000| PB 0x00000000c9100000| Untracked 
|   6|0x00000000c9200000, 0x00000000c9200000, 0x00000000c9300000|  0%| F|  |TAMS 0x00000000c9200000| PB 0x00000000c9200000| Untracked 
|   7|0x00000000c9300000, 0x00000000c9300000, 0x00000000c9400000|  0%| F|  |TAMS 0x00000000c9300000| PB 0x00000000c9300000| Untracked 
|   8|0x00000000c9400000, 0x00000000c9400000, 0x00000000c9500000|  0%| F|  |TAMS 0x00000000c9400000| PB 0x00000000c9400000| Untracked 
|   9|0x00000000c9500000, 0x00000000c9500000, 0x00000000c9600000|  0%| F|  |TAMS 0x00000000c9500000| PB 0x00000000c9500000| Untracked 
|  10|0x00000000c9600000, 0x00000000c9600000, 0x00000000c9700000|  0%| F|  |TAMS 0x00000000c9600000| PB 0x00000000c9600000| Untracked 
|  11|0x00000000c9700000, 0x00000000c9700000, 0x00000000c9800000|  0%| F|  |TAMS 0x00000000c9700000| PB 0x00000000c9700000| Untracked 
|  12|0x00000000c9800000, 0x00000000c9800000, 0x00000000c9900000|  0%| F|  |TAMS 0x00000000c9800000| PB 0x00000000c9800000| Untracked 
|  13|0x00000000c9900000, 0x00000000c9900000, 0x00000000c9a00000|  0%| F|  |TAMS 0x00000000c9900000| PB 0x00000000c9900000| Untracked 
|  14|0x00000000c9a00000, 0x00000000c9a00000, 0x00000000c9b00000|  0%| F|  |TAMS 0x00000000c9a00000| PB 0x00000000c9a00000| Untracked 
|  15|0x00000000c9b00000, 0x00000000c9b00000, 0x00000000c9c00000|  0%| F|  |TAMS 0x00000000c9b00000| PB 0x00000000c9b00000| Untracked 
|  16|0x00000000c9c00000, 0x00000000c9c00000, 0x00000000c9d00000|  0%| F|  |TAMS 0x00000000c9c00000| PB 0x00000000c9c00000| Untracked 
|  17|0x00000000c9d00000, 0x00000000c9d00000, 0x00000000c9e00000|  0%| F|  |TAMS 0x00000000c9d00000| PB 0x00000000c9d00000| Untracked 
|  18|0x00000000c9e00000, 0x00000000c9e00000, 0x00000000c9f00000|  0%| F|  |TAMS 0x00000000c9e00000| PB 0x00000000c9e00000| Untracked 
|  19|0x00000000c9f00000, 0x00000000c9f00000, 0x00000000ca000000|  0%| F|  |TAMS 0x00000000c9f00000| PB 0x00000000c9f00000| Untracked 
|  20|0x00000000ca000000, 0x00000000ca000000, 0x00000000ca100000|  0%| F|  |TAMS 0x00000000ca000000| PB 0x00000000ca000000| Untracked 
|  21|0x00000000ca100000, 0x00000000ca100000, 0x00000000ca200000|  0%| F|  |TAMS 0x00000000ca100000| PB 0x00000000ca100000| Untracked 
|  22|0x00000000ca200000, 0x00000000ca200000, 0x00000000ca300000|  0%| F|  |TAMS 0x00000000ca200000| PB 0x00000000ca200000| Untracked 
|  23|0x00000000ca300000, 0x00000000ca300000, 0x00000000ca400000|  0%| F|  |TAMS 0x00000000ca300000| PB 0x00000000ca300000| Untracked 
|  24|0x00000000ca400000, 0x00000000ca400000, 0x00000000ca500000|  0%| F|  |TAMS 0x00000000ca400000| PB 0x00000000ca400000| Untracked 
|  25|0x00000000ca500000, 0x00000000ca500000, 0x00000000ca600000|  0%| F|  |TAMS 0x00000000ca500000| PB 0x00000000ca500000| Untracked 
|  26|0x00000000ca600000, 0x00000000ca600000, 0x00000000ca700000|  0%| F|  |TAMS 0x00000000ca600000| PB 0x00000000ca600000| Untracked 
|  27|0x00000000ca700000, 0x00000000ca700000, 0x00000000ca800000|  0%| F|  |TAMS 0x00000000ca700000| PB 0x00000000ca700000| Untracked 
|  28|0x00000000ca800000, 0x00000000ca800000, 0x00000000ca900000|  0%| F|  |TAMS 0x00000000ca800000| PB 0x00000000ca800000| Untracked 
|  29|0x00000000ca900000, 0x00000000ca900000, 0x00000000caa00000|  0%| F|  |TAMS 0x00000000ca900000| PB 0x00000000ca900000| Untracked 
|  30|0x00000000caa00000, 0x00000000caa00000, 0x00000000cab00000|  0%| F|  |TAMS 0x00000000caa00000| PB 0x00000000caa00000| Untracked 
|  31|0x00000000cab00000, 0x00000000cab00000, 0x00000000cac00000|  0%| F|  |TAMS 0x00000000cab00000| PB 0x00000000cab00000| Untracked 
|  32|0x00000000cac00000, 0x00000000cac00000, 0x00000000cad00000|  0%| F|  |TAMS 0x00000000cac00000| PB 0x00000000cac00000| Untracked 
|  33|0x00000000cad00000, 0x00000000cad00000, 0x00000000cae00000|  0%| F|  |TAMS 0x00000000cad00000| PB 0x00000000cad00000| Untracked 
|  34|0x00000000cae00000, 0x00000000cae00000, 0x00000000caf00000|  0%| F|  |TAMS 0x00000000cae00000| PB 0x00000000cae00000| Untracked 
|  35|0x00000000caf00000, 0x00000000caf00000, 0x00000000cb000000|  0%| F|  |TAMS 0x00000000caf00000| PB 0x00000000caf00000| Untracked 
|  36|0x00000000cb000000, 0x00000000cb000000, 0x00000000cb100000|  0%| F|  |TAMS 0x00000000cb000000| PB 0x00000000cb000000| Untracked 
|  37|0x00000000cb100000, 0x00000000cb100000, 0x00000000cb200000|  0%| F|  |TAMS 0x00000000cb100000| PB 0x00000000cb100000| Untracked 
|  38|0x00000000cb200000, 0x00000000cb200000, 0x00000000cb300000|  0%| F|  |TAMS 0x00000000cb200000| PB 0x00000000cb200000| Untracked 
|  39|0x00000000cb300000, 0x00000000cb300000, 0x00000000cb400000|  0%| F|  |TAMS 0x00000000cb300000| PB 0x00000000cb300000| Untracked 
|  40|0x00000000cb400000, 0x00000000cb400000, 0x00000000cb500000|  0%| F|  |TAMS 0x00000000cb400000| PB 0x00000000cb400000| Untracked 
|  41|0x00000000cb500000, 0x00000000cb500000, 0x00000000cb600000|  0%| F|  |TAMS 0x00000000cb500000| PB 0x00000000cb500000| Untracked 
|  42|0x00000000cb600000, 0x00000000cb600000, 0x00000000cb700000|  0%| F|  |TAMS 0x00000000cb600000| PB 0x00000000cb600000| Untracked 
|  43|0x00000000cb700000, 0x00000000cb700000, 0x00000000cb800000|  0%| F|  |TAMS 0x00000000cb700000| PB 0x00000000cb700000| Untracked 
|  44|0x00000000cb800000, 0x00000000cb800000, 0x00000000cb900000|  0%| F|  |TAMS 0x00000000cb800000| PB 0x00000000cb800000| Untracked 
|  45|0x00000000cb900000, 0x00000000cb900000, 0x00000000cba00000|  0%| F|  |TAMS 0x00000000cb900000| PB 0x00000000cb900000| Untracked 
|  46|0x00000000cba00000, 0x00000000cba00000, 0x00000000cbb00000|  0%| F|  |TAMS 0x00000000cba00000| PB 0x00000000cba00000| Untracked 
|  47|0x00000000cbb00000, 0x00000000cbb00000, 0x00000000cbc00000|  0%| F|  |TAMS 0x00000000cbb00000| PB 0x00000000cbb00000| Untracked 
|  48|0x00000000cbc00000, 0x00000000cbc00000, 0x00000000cbd00000|  0%| F|  |TAMS 0x00000000cbc00000| PB 0x00000000cbc00000| Untracked 
|  49|0x00000000cbd00000, 0x00000000cbd00000, 0x00000000cbe00000|  0%| F|  |TAMS 0x00000000cbd00000| PB 0x00000000cbd00000| Untracked 
|  50|0x00000000cbe00000, 0x00000000cbf00000, 0x00000000cbf00000|100%| E|  |TAMS 0x00000000cbe00000| PB 0x00000000cbe00000| Complete 
|  51|0x00000000cbf00000, 0x00000000cc000000, 0x00000000cc000000|100%| E|CS|TAMS 0x00000000cbf00000| PB 0x00000000cbf00000| Complete 
|  52|0x00000000cc000000, 0x00000000cc100000, 0x00000000cc100000|100%| E|CS|TAMS 0x00000000cc000000| PB 0x00000000cc000000| Complete 
|  53|0x00000000cc100000, 0x00000000cc200000, 0x00000000cc200000|100%| E|CS|TAMS 0x00000000cc100000| PB 0x00000000cc100000| Complete 
|  54|0x00000000cc200000, 0x00000000cc300000, 0x00000000cc300000|100%| E|CS|TAMS 0x00000000cc200000| PB 0x00000000cc200000| Complete 
|  55|0x00000000cc300000, 0x00000000cc400000, 0x00000000cc400000|100%| E|CS|TAMS 0x00000000cc300000| PB 0x00000000cc300000| Complete 

Card table byte_map: [0x00000168a6af0000,0x00000168a6cb0000] _byte_map_base: 0x00000168a64aa000

Marking Bits: (CMBitMap*) 0x000001688fa764c0
 Bits: [0x00000168a6e70000, 0x00000168a7c40000)

Polling page: 0x000001688d960000

Metaspace:

Usage:
  Non-class:      4.02 MB used.
      Class:    484.54 KB used.
       Both:      4.49 MB used.

Virtual space:
  Non-class space:       64.00 MB reserved,       4.12 MB (  6%) committed,  1 nodes.
      Class space:        1.00 GB reserved,     576.00 KB ( <1%) committed,  1 nodes.
             Both:        1.06 GB reserved,       4.69 MB ( <1%) committed. 

Chunk freelists:
   Non-Class:  3.89 MB
       Class:  3.25 MB
        Both:  7.14 MB

MaxMetaspaceSize: unlimited
CompressedClassSpaceSize: 1.00 GB
Initial GC threshold: 21.00 MB
Current GC threshold: 21.00 MB
CDS: on
MetaspaceReclaimPolicy: balanced
 - commit_granule_bytes: 65536.
 - commit_granule_words: 8192.
 - virtual_space_node_default_size: 8388608.
 - enlarge_chunks_in_place: 1.
 - new_chunks_are_fully_committed: 0.
 - uncommit_free_chunks: 1.
 - use_allocation_guard: 0.


Internal statistics:

num_allocs_failed_limit: 0.
num_arena_births: 114.
num_arena_deaths: 0.
num_vsnodes_births: 2.
num_vsnodes_deaths: 0.
num_space_committed: 75.
num_space_uncommitted: 0.
num_chunks_returned_to_freelist: 0.
num_chunks_taken_from_freelist: 135.
num_chunk_merges: 0.
num_chunk_splits: 83.
num_chunks_enlarged: 35.
num_inconsistent_stats: 0.

CodeHeap 'non-profiled nmethods': size=120000Kb used=172Kb max_used=172Kb free=119827Kb
 bounds [0x000001689f5c0000, 0x000001689f830000, 0x00000168a6af0000]
CodeHeap 'profiled nmethods': size=120000Kb used=888Kb max_used=888Kb free=119112Kb
 bounds [0x0000016897af0000, 0x0000016897d60000, 0x000001689f020000]
CodeHeap 'non-nmethods': size=5760Kb used=1488Kb max_used=1488Kb free=4271Kb
 bounds [0x000001689f020000, 0x000001689f290000, 0x000001689f5c0000]
 total_blobs=1134 nmethods=616 adapters=429
 compilation: enabled
              stopped_count=0, restarted_count=0
 full_count=0

Compilation events (20 events):
Event: 0.463 Thread 0x00000168aa1be8b0  544       3       java.lang.StringConcatHelper::mix (27 bytes)
Event: 0.464 Thread 0x00000168aa1be8b0 nmethod 544 0x0000016897ba8a10 code [0x0000016897ba8be0, 0x0000016897ba8fd8]
Event: 0.464 Thread 0x00000168aa1be8b0  545       3       java.lang.ref.Reference::<init> (7 bytes)
Event: 0.464 Thread 0x00000168aa1be8b0 nmethod 545 0x0000016897ba9190 code [0x0000016897ba9340, 0x0000016897ba95f0]
Event: 0.465 Thread 0x00000168aa1be8b0  546       1       java.lang.reflect.Field::getName (5 bytes)
Event: 0.465 Thread 0x00000168aa1be8b0 nmethod 546 0x000001689f5e7810 code [0x000001689f5e7980, 0x000001689f5e7a48]
Event: 0.468 Thread 0x00000168aa1be8b0  549       3       java.lang.StringBuilder::append (8 bytes)
Event: 0.468 Thread 0x00000168aa1bdbf0  551       4       java.lang.StringLatin1::replace (198 bytes)
Event: 0.468 Thread 0x00000168aa1be8b0 nmethod 549 0x0000016897ba9710 code [0x0000016897ba98a0, 0x0000016897ba99e8]
Event: 0.468 Thread 0x00000168aa1be8b0  552       3       jdk.internal.org.objectweb.asm.SymbolTable::addConstantMethodref (24 bytes)
Event: 0.468 Thread 0x00000168aa1be8b0 nmethod 552 0x0000016897ba9a90 code [0x0000016897ba9c20, 0x0000016897ba9dc8]
Event: 0.468 Thread 0x00000168aa1be8b0  550       3       java.lang.AbstractStringBuilder::append (55 bytes)
Event: 0.469 Thread 0x00000168aa1be8b0 nmethod 550 0x0000016897ba9e90 code [0x0000016897baa060, 0x0000016897baa3a0]
Event: 0.470 Thread 0x00000168aa1be8b0  553       3       sun.util.logging.PlatformLogger::isLoggable (23 bytes)
Event: 0.470 Thread 0x00000168aa1be8b0 nmethod 553 0x0000016897baa510 code [0x0000016897baa6c0, 0x0000016897baa998]
Event: 0.470 Thread 0x00000168aa1be8b0  554       3       jdk.internal.logger.AbstractLoggerWrapper::isLoggable (26 bytes)
Event: 0.471 Thread 0x00000168aa1be8b0 nmethod 554 0x0000016897baaa90 code [0x0000016897baac60, 0x0000016897bab1f0]
Event: 0.471 Thread 0x00000168aa1be8b0  555       3       jdk.internal.logger.LazyLoggers$LazyLoggerWrapper::platformProxy (10 bytes)
Event: 0.471 Thread 0x00000168aa1be8b0 nmethod 555 0x0000016897bab390 code [0x0000016897bab520, 0x0000016897bab6b0]
Event: 0.471 Thread 0x00000168aa1be8b0  556   !   3       jdk.internal.logger.LazyLoggers$LazyLoggerAccessor::platform (103 bytes)

GC Heap History (0 events):
No events

Dll operation events (7 events):
Event: 0.021 Loaded shared library C:\Program Files\Java\jdk-20\bin\java.dll
Event: 0.036 Loaded shared library C:\Program Files\Java\jdk-20\bin\jsvml.dll
Event: 0.110 Loaded shared library C:\Program Files\Java\jdk-20\bin\net.dll
Event: 0.112 Loaded shared library C:\Program Files\Java\jdk-20\bin\nio.dll
Event: 0.153 Loaded shared library C:\Program Files\Java\jdk-20\bin\zip.dll
Event: 0.167 Loaded shared library C:\Program Files\Java\jdk-20\bin\jimage.dll
Event: 0.190 Loaded shared library C:\Program Files\Java\jdk-20\bin\awt.dll

Deoptimization events (4 events):
Event: 0.378 Thread 0x000001688fa36ab0 Uncommon trap: trap_request=0xffffff45 fr.pc=0x000001689f5cf8b4 relative=0x0000000000000934
Event: 0.378 Thread 0x000001688fa36ab0 Uncommon trap: reason=unstable_if action=reinterpret pc=0x000001689f5cf8b4 method=java.util.HashMap.putVal(ILjava/lang/Object;Ljava/lang/Object;ZZ)Ljava/lang/Object; @ 236 c2
Event: 0.378 Thread 0x000001688fa36ab0 DEOPT PACKING pc=0x000001689f5cf8b4 sp=0x000000459c3fdf30
Event: 0.378 Thread 0x000001688fa36ab0 DEOPT UNPACKING pc=0x000001689f089d22 sp=0x000000459c3fded8 mode 2

Classes loaded (20 events):
Event: 0.462 Loading class java/util/StringTokenizer
Event: 0.463 Loading class java/util/StringTokenizer done
Event: 0.463 Loading class java/awt/VKCollection
Event: 0.463 Loading class java/awt/VKCollection done
Event: 0.463 Loading class java/awt/event/KeyEvent
Event: 0.464 Loading class java/awt/event/KeyEvent done
Event: 0.466 Loading class java/awt/event/KeyEvent$1
Event: 0.466 Loading class sun/awt/AWTAccessor$KeyEventAccessor
Event: 0.466 Loading class sun/awt/AWTAccessor$KeyEventAccessor done
Event: 0.466 Loading class java/awt/event/KeyEvent$1 done
Event: 0.467 Loading class java/lang/invoke/DirectMethodHandle$StaticAccessor
Event: 0.467 Loading class java/lang/invoke/DirectMethodHandle$StaticAccessor done
Event: 0.467 Loading class jdk/internal/reflect/MethodHandleIntegerFieldAccessorImpl
Event: 0.467 Loading class jdk/internal/reflect/MethodHandleIntegerFieldAccessorImpl done
Event: 0.469 Loading class javax/swing/plaf/basic/LazyActionMap
Event: 0.469 Loading class javax/swing/plaf/ActionMapUIResource
Event: 0.469 Loading class javax/swing/ActionMap
Event: 0.470 Loading class javax/swing/ActionMap done
Event: 0.470 Loading class javax/swing/plaf/ActionMapUIResource done
Event: 0.470 Loading class javax/swing/plaf/basic/LazyActionMap done

Classes unloaded (0 events):
No events

Classes redefined (0 events):
No events

Internal exceptions (12 events):
Event: 0.113 Thread 0x000001688fa36ab0 Exception <a 'sun/nio/fs/WindowsException'{0x00000000cc23f728}> (0x00000000cc23f728) 
thrown [s\open\src\hotspot\share\prims\jni.cpp, line 519]
Event: 0.116 Thread 0x000001688fa36ab0 Exception <a 'sun/nio/fs/WindowsException'{0x00000000cc241a18}> (0x00000000cc241a18) 
thrown [s\open\src\hotspot\share\prims\jni.cpp, line 519]
Event: 0.117 Thread 0x000001688fa36ab0 Exception <a 'sun/nio/fs/WindowsException'{0x00000000cc242460}> (0x00000000cc242460) 
thrown [s\open\src\hotspot\share\prims\jni.cpp, line 519]
Event: 0.175 Thread 0x000001688fa36ab0 Exception <a 'java/lang/ClassNotFoundException'{0x00000000cc164928}: sun/awt/resources/spi/awtProvider> (0x00000000cc164928) 
thrown [s\open\src\hotspot\share\classfile\systemDictionary.cpp, line 305]
Event: 0.207 Thread 0x000001688fa36ab0 Exception <a 'java/io/FileNotFoundException'{0x00000000cc1bb268}> (0x00000000cc1bb268) 
thrown [s\open\src\hotspot\share\prims\jni.cpp, line 519]
Event: 0.216 Thread 0x000001688fa36ab0 Exception <a 'java/io/FileNotFoundException'{0x00000000cc1e5450}> (0x00000000cc1e5450) 
thrown [s\open\src\hotspot\share\prims\jni.cpp, line 519]
Event: 0.382 Thread 0x000001688fa36ab0 Exception <a 'java/lang/NoSuchMethodError'{0x00000000cc0ff9f0}: 'void java.lang.invoke.DirectMethodHandle$Holder.invokeSpecial(java.lang.Object, java.lang.Object, java.lang.Object)'> (0x00000000cc0ff9f0) 
thrown [s\open\src\hotspot\share\interpreter\linkResolver.cpp, line 773]
Event: 0.393 Thread 0x000001688fa36ab0 Exception <a 'java/lang/NoSuchMethodError'{0x00000000cbf2a780}: 'java.lang.Object java.lang.invoke.DirectMethodHandle$Holder.newInvokeSpecial(java.lang.Object, java.lang.Object, java.lang.Object, java.lang.Object, java.lang.Object)'> (0x00000000cbf2a780) 
thrown [s\open\src\hotspot\share\interpreter\linkResolver.cpp, line 773]
Event: 0.403 Thread 0x000001688fa36ab0 Exception <a 'java/lang/NoSuchMethodError'{0x00000000cbf5b278}: 'java.lang.Object java.lang.invoke.DirectMethodHandle$Holder.invokeStatic(java.lang.Object, int, java.lang.Object)'> (0x00000000cbf5b278) 
thrown [s\open\src\hotspot\share\interpreter\linkResolver.cpp, line 773]
Event: 0.448 Thread 0x000001688fa36ab0 Exception <a 'java/lang/ClassNotFoundException'{0x00000000cbe17230}: com/sun/swing/internal/plaf/metal/resources/spi/metalProvider> (0x00000000cbe17230) 
thrown [s\open\src\hotspot\share\classfile\systemDictionary.cpp, line 305]
Event: 0.449 Thread 0x000001688fa36ab0 Exception <a 'java/lang/ClassNotFoundException'{0x00000000cbe1b1e0}: com/sun/swing/internal/plaf/basic/resources/spi/basicProvider> (0x00000000cbe1b1e0) 
thrown [s\open\src\hotspot\share\classfile\systemDictionary.cpp, line 305]
Event: 0.468 Thread 0x000001688fa36ab0 Exception <a 'java/lang/NoSuchMethodError'{0x00000000cbe3a310}: 'int java.lang.invoke.Invokers$Holder.invokeExact_MT(java.lang.Object, java.lang.Object)'> (0x00000000cbe3a310) 
thrown [s\open\src\hotspot\share\interpreter\linkResolver.cpp, line 773]

VM Operations (4 events):
Event: 0.118 Executing VM operation: HandshakeAllThreads
Event: 0.118 Executing VM operation: HandshakeAllThreads done
Event: 0.226 Executing VM operation: HandshakeAllThreads
Event: 0.226 Executing VM operation: HandshakeAllThreads done

Events (14 events):
Event: 0.037 Thread 0x000001688fa36ab0 Thread added: 0x000001688fa36ab0
Event: 0.056 Thread 0x00000168aa1afa80 Thread added: 0x00000168aa1afa80
Event: 0.056 Thread 0x00000168aa1b0760 Thread added: 0x00000168aa1b0760
Event: 0.056 Thread 0x00000168aa1b8e00 Thread added: 0x00000168aa1b8e00
Event: 0.057 Thread 0x00000168aa1b9740 Thread added: 0x00000168aa1b9740
Event: 0.057 Thread 0x00000168aa1ba220 Thread added: 0x00000168aa1ba220
Event: 0.057 Thread 0x00000168aa1bae30 Thread added: 0x00000168aa1bae30
Event: 0.057 Thread 0x00000168aa1bdbf0 Thread added: 0x00000168aa1bdbf0
Event: 0.057 Thread 0x00000168aa1be8b0 Thread added: 0x00000168aa1be8b0
Event: 0.092 Thread 0x00000168ae4543c0 Thread added: 0x00000168ae4543c0
Event: 0.141 Thread 0x00000168ae4fab70 Thread added: 0x00000168ae4fab70
Event: 0.267 Thread 0x00000168ae6149f0 Thread added: 0x00000168ae6149f0
Event: 0.269 Thread 0x00000168ae614f40 Thread added: 0x00000168ae614f40
Event: 0.271 Thread 0x00000168ae72e1b0 Thread added: 0x00000168ae72e1b0


Dynamic libraries:
0x00007ff614b50000 - 0x00007ff614b60000 	C:\Program Files\Java\jdk-20\bin\java.exe
0x00007ffd102d0000 - 0x00007ffd104e4000 	C:\WINDOWS\SYSTEM32\ntdll.dll
0x00007ffd0ef00000 - 0x00007ffd0efc2000 	C:\WINDOWS\System32\KERNEL32.DLL
0x00007ffd0d920000 - 0x00007ffd0dcc3000 	C:\WINDOWS\System32\KERNELBASE.dll
0x00007ffd0d6d0000 - 0x00007ffd0d7e1000 	C:\WINDOWS\System32\ucrtbase.dll
0x00007ffcda9d0000 - 0x00007ffcda9e9000 	C:\Program Files\Java\jdk-20\bin\jli.dll
0x00007ffcee0b0000 - 0x00007ffcee0cb000 	C:\Program Files\Java\jdk-20\bin\VCRUNTIME140.dll
0x00007ffd100a0000 - 0x00007ffd1014e000 	C:\WINDOWS\System32\ADVAPI32.dll
0x00007ffd0f2f0000 - 0x00007ffd0f397000 	C:\WINDOWS\System32\msvcrt.dll
0x00007ffd101e0000 - 0x00007ffd10284000 	C:\WINDOWS\System32\sechost.dll
0x00007ffd0ed50000 - 0x00007ffd0ee67000 	C:\WINDOWS\System32\RPCRT4.dll
0x00007ffd0fca0000 - 0x00007ffd0fe4a000 	C:\WINDOWS\System32\USER32.dll
0x00007ffd0e080000 - 0x00007ffd0e0a6000 	C:\WINDOWS\System32\win32u.dll
0x00007ffd0eca0000 - 0x00007ffd0ecc9000 	C:\WINDOWS\System32\GDI32.dll
0x00007ffd0dcd0000 - 0x00007ffd0dde9000 	C:\WINDOWS\System32\gdi32full.dll
0x00007ffd0df60000 - 0x00007ffd0dffa000 	C:\WINDOWS\System32\msvcp_win.dll
0x00007ffcf3d40000 - 0x00007ffcf3fce000 	C:\WINDOWS\WinSxS\amd64_microsoft.windows.common-controls_6595b64144ccf1df_6.0.22621.1635_none_270f70857386168e\COMCTL32.dll
0x00007ffd05c20000 - 0x00007ffd05c2a000 	C:\WINDOWS\SYSTEM32\VERSION.dll
0x00007ffd0f590000 - 0x00007ffd0f5c1000 	C:\WINDOWS\System32\IMM32.DLL
0x00007ffcfd120000 - 0x00007ffcfd12c000 	C:\Program Files\Java\jdk-20\bin\vcruntime140_1.dll
0x00007ffcd8cb0000 - 0x00007ffcd8d3e000 	C:\Program Files\Java\jdk-20\bin\msvcp140.dll
0x00007ffc930b0000 - 0x00007ffc93d47000 	C:\Program Files\Java\jdk-20\bin\server\jvm.dll
0x00007ffcf39d0000 - 0x00007ffcf39d9000 	C:\WINDOWS\SYSTEM32\WSOCK32.dll
0x00007ffd10160000 - 0x00007ffd101d1000 	C:\WINDOWS\System32\WS2_32.dll
0x00007ffd07720000 - 0x00007ffd07754000 	C:\WINDOWS\SYSTEM32\WINMM.dll
0x00007ffd0c6f0000 - 0x00007ffd0c708000 	C:\WINDOWS\SYSTEM32\kernel.appcore.dll
0x00007ffcfaa30000 - 0x00007ffcfaa3a000 	C:\Program Files\Java\jdk-20\bin\jimage.dll
0x00007ffcfcc60000 - 0x00007ffcfce8e000 	C:\WINDOWS\SYSTEM32\DBGHELP.DLL
0x00007ffd0e0b0000 - 0x00007ffd0e439000 	C:\WINDOWS\System32\combase.dll
0x00007ffd0f1b0000 - 0x00007ffd0f287000 	C:\WINDOWS\System32\OLEAUT32.dll
0x00007ffcfca00000 - 0x00007ffcfca32000 	C:\WINDOWS\SYSTEM32\dbgcore.DLL
0x00007ffd0e000000 - 0x00007ffd0e07a000 	C:\WINDOWS\System32\bcryptPrimitives.dll
0x00007ffcdbd10000 - 0x00007ffcdbd36000 	C:\Program Files\Java\jdk-20\bin\java.dll
0x00007ffcb73d0000 - 0x00007ffcb74a7000 	C:\Program Files\Java\jdk-20\bin\jsvml.dll
0x00007ffd0e440000 - 0x00007ffd0ec39000 	C:\WINDOWS\System32\SHELL32.dll
0x00007ffd0b670000 - 0x00007ffd0bf3e000 	C:\WINDOWS\SYSTEM32\windows.storage.dll
0x00007ffd0b530000 - 0x00007ffd0b66e000 	C:\WINDOWS\SYSTEM32\wintypes.dll
0x00007ffd0f720000 - 0x00007ffd0f811000 	C:\WINDOWS\System32\SHCORE.dll
0x00007ffd0f290000 - 0x00007ffd0f2ee000 	C:\WINDOWS\System32\shlwapi.dll
0x00007ffd0d600000 - 0x00007ffd0d626000 	C:\WINDOWS\SYSTEM32\profapi.dll
0x00007ffce1e80000 - 0x00007ffce1e93000 	C:\Program Files\Java\jdk-20\bin\net.dll
0x00007ffd06660000 - 0x00007ffd06797000 	C:\WINDOWS\SYSTEM32\WINHTTP.dll
0x00007ffd0cb90000 - 0x00007ffd0cbf9000 	C:\WINDOWS\system32\mswsock.dll
0x00007ffcdcaa0000 - 0x00007ffcdcab6000 	C:\Program Files\Java\jdk-20\bin\nio.dll
0x00007ffcdb220000 - 0x00007ffcdb238000 	C:\Program Files\Java\jdk-20\bin\zip.dll
0x00007ffcb0e20000 - 0x00007ffcb0fb1000 	C:\Program Files\Java\jdk-20\bin\awt.dll
0x00007ffd0aab0000 - 0x00007ffd0ab47000 	C:\WINDOWS\SYSTEM32\apphelp.dll
0x00007ffd0b0b0000 - 0x00007ffd0b0db000 	C:\WINDOWS\system32\DWMAPI.DLL
0x00007ffd0ac80000 - 0x00007ffd0ad2b000 	C:\WINDOWS\system32\uxtheme.dll
0x00007ffcb72d0000 - 0x00007ffcb73d0000 	C:\WINDOWS\system32\opengl32.dll
0x00007ffcd8c80000 - 0x00007ffcd8cad000 	C:\WINDOWS\SYSTEM32\GLU32.dll
0x00007ffd0ad80000 - 0x00007ffd0adb8000 	C:\WINDOWS\SYSTEM32\dxcore.dll
0x00007ffd0f5d0000 - 0x00007ffd0f6f7000 	C:\WINDOWS\System32\MSCTF.dll
0x00007ffd0ff00000 - 0x00007ffd1009c000 	C:\WINDOWS\System32\ole32.dll
0x00007ffc97190000 - 0x00007ffc97339000 	C:\WINDOWS\system32\d3d9.dll
0x00007ffd046a0000 - 0x00007ffd0487b000 	C:\WINDOWS\System32\DriverStore\FileRepository\u0372698.inf_amd64_2366d501a5d0e392\B370279\aticfx64.dll
0x00007ffcbc4b0000 - 0x00007ffcbc4e3000 	C:\WINDOWS\System32\DriverStore\FileRepository\u0372698.inf_amd64_2366d501a5d0e392\B370279\atiu9p64.dll
0x00007ffc92350000 - 0x00007ffc930aa000 	C:\WINDOWS\System32\DriverStore\FileRepository\u0372698.inf_amd64_2366d501a5d0e392\B370279\atiumd64.dll
0x00007ffd08180000 - 0x00007ffd081c8000 	C:\WINDOWS\SYSTEM32\directxdatabasehelper.dll

dbghelp: loaded successfully - version: 4.0.5 - missing functions: none
symbol engine: initialized successfully - sym options: 0x614 - pdb path: .;C:\Program Files\Java\jdk-20\bin;C:\WINDOWS\SYSTEM32;C:\WINDOWS\WinSxS\amd64_microsoft.windows.common-controls_6595b64144ccf1df_6.0.22621.1635_none_270f70857386168e;C:\Program Files\Java\jdk-20\bin\server;C:\WINDOWS\System32\DriverStore\FileRepository\u0372698.inf_amd64_2366d501a5d0e392\B370279

VM Arguments:
jvm_args: -Dfile.encoding=UTF-8 --module-path=C:\Users\HP\Documents\NetBeansProjects\project\build\classes 
java_command: project.Package
java_class_path (initial): C:\Users\HP\Documents\NetBeansProjects\project\lib\mysql-connector-j-8.0.32.zip;C:\Users\HP\Documents\NetBeansProjects\project\lib\mysql-connector-j-8.0.32.jar;C:\Users\HP\Documents\NetBeansProjects\project\build\classes
Launcher Type: SUN_STANDARD

[Global flags]
     intx CICompilerCount                          = 3                                         {product} {ergonomic}
     uint ConcGCThreads                            = 1                                         {product} {ergonomic}
     uint G1ConcRefinementThreads                  = 4                                         {product} {ergonomic}
   size_t G1HeapRegionSize                         = 1048576                                   {product} {ergonomic}
    uintx GCDrainStackTargetSize                   = 64                                        {product} {ergonomic}
   size_t InitialHeapSize                          = 58720256                                  {product} {ergonomic}
   size_t MarkStackSize                            = 4194304                                   {product} {ergonomic}
   size_t MaxHeapSize                              = 926941184                                 {product} {ergonomic}
   size_t MaxNewSize                               = 555745280                                 {product} {ergonomic}
   size_t MinHeapDeltaBytes                        = 1048576                                   {product} {ergonomic}
   size_t MinHeapSize                              = 8388608                                   {product} {ergonomic}
    uintx NonNMethodCodeHeapSize                   = 5832780                                {pd product} {ergonomic}
    uintx NonProfiledCodeHeapSize                  = 122912730                              {pd product} {ergonomic}
    uintx ProfiledCodeHeapSize                     = 122912730                              {pd product} {ergonomic}
    uintx ReservedCodeCacheSize                    = 251658240                              {pd product} {ergonomic}
     bool SegmentedCodeCache                       = true                                      {product} {ergonomic}
   size_t SoftMaxHeapSize                          = 926941184                              {manageable} {ergonomic}
     bool UseCompressedClassPointers               = true                           {product lp64_product} {ergonomic}
     bool UseCompressedOops                        = true                           {product lp64_product} {ergonomic}
     bool UseG1GC                                  = true                                      {product} {ergonomic}
     bool UseLargePagesIndividualAllocation        = false                                  {pd product} {ergonomic}

Logging:
Log output configuration:
 #0: stdout all=warning uptime,level,tags foldmultilines=false
 #1: stderr all=off uptime,level,tags foldmultilines=false

Environment Variables:
JAVA_HOME=C:\Program Files\Java\jdk-20
PATH=C:\Program Files\Common Files\Oracle\Java\javapath;C:\Python311\Scripts\;C:\Python311\;C:\WINDOWS\system32;C:\WINDOWS;C:\WINDOWS\System32\Wbem;C:\WINDOWS\System32\WindowsPowerShell\v1.0\;C:\WINDOWS\System32\OpenSSH\;C:\ProgramData\chocolatey\bin;C:\Program Files\MySQL\MySQL Server 8.0\bin;C:\Program Files\Java\jdk-20\bin;C:\Program Files\Common Files\Oracle\Java\javapath;C:\Program Files\MySQL\MySQL Shell 8.0\bin\;C:\Users\HP\AppData\Local\Programs\Python\Python310\Scripts\;C:\Users\HP\AppData\Local\Programs\Python\Python310\;C:\Users\HP\AppData\Local\Microsoft\WindowsApps;C:\Users\HP\AppData\Local\Programs\Microsoft VS Code\bin;C:\MinGW\bin;C:\kotlinc\bin;C:\Users\HP\AppData\Local\Programs\MiKTeX\miktex\bin\x64\;C:\Program Files\Java\jdk-20\bin;
USERNAME=harry sahani
OS=Windows_NT
PROCESSOR_IDENTIFIER=AMD64 Family 23 Model 24 Stepping 1, AuthenticAMD
TMP=C:\Users\HP\AppData\Local\Temp
TEMP=C:\Users\HP\AppData\Local\Temp




---------------  S Y S T E M  ---------------

OS:
 Windows 11 , 64 bit Build 22621 (10.0.22621.1928)
OS uptime: 21 days 23:13 hours
Hyper-V role detected

CPU: total 4 (initial active 4) (4 cores per cpu, 1 threads per core) family 23 model 24 stepping 1 microcode 0x0, cx8, cmov, fxsr, mmx, 3dnowpref, sse, sse2, sse3, ssse3, sse4a, sse4.1, sse4.2, popcnt, lzcnt, tsc, tscinvbit, avx, avx2, aes, clmul, bmi1, bmi2, adx, sha, fma, vzeroupper, clflush, clflushopt, hv, rdtscp, f16c

Memory: 4k page, system-wide physical 3530M (236M free)
TotalPageFile size 14282M (AvailPageFile size 0M)
current process WorkingSet (physical memory assigned to process): 51M, peak: 51M
current process commit charge ("private bytes"): 135M, peak: 141M

vm_info: Java HotSpot(TM) 64-Bit Server VM (20.0.1+9-29) for windows-amd64 JRE (20.0.1+9-29), built on 2023-03-07T13:56:11Z by "mach5one" with MS VC++ 17.1 (VS2022)

END.
