#
# There is insufficient memory for the Java Runtime Environment to continue.
# Native memory allocation (malloc) failed to allocate 1048576 bytes for AllocateHeap
# Possible reasons:
#   The system is out of physical RAM or swap space
#   The process is running with CompressedOops enabled, and the Java Heap may be blocking the growth of the native heap
# Possible solutions:
#   Reduce memory load on the system
#   Increase physical memory or swap space
#   Check if swap backing store is full
#   Decrease Java heap size (-Xmx/-Xms)
#   Decrease number of Java threads
#   Decrease Java thread stack sizes (-Xss)
#   Set larger code cache with -XX:ReservedCodeCacheSize=
#   JVM is running with Unscaled Compressed Oops mode in which the Java heap is
#     placed in the first 4GB address space. The Java Heap base address is the
#     maximum limit for the native heap growth. Please use -XX:HeapBaseMinAddress
#     to set the Java Heap base and to place the Java Heap above 4GB virtual address.
# This output file may be truncated or incomplete.
#
#  Out of Memory Error (allocation.cpp:44), pid=4128, tid=8836
#
# JRE version:  (20.0.1+9) (build )
# Java VM: Java HotSpot(TM) 64-Bit Server VM (20.0.1+9-29, mixed mode, sharing, tiered, compressed oops, compressed class ptrs, g1 gc, windows-amd64)
# No core dump will be written. Minidumps are not enabled by default on client versions of Windows
#

---------------  S U M M A R Y ------------

Command Line: -Dfile.encoding=UTF-8 --module-path=C:\Users\HP\Documents\NetBeansProjects\project\build\classes project.About

Host: AMD Ryzen 3 3300U with Radeon Vega Mobile Gfx  , 4 cores, 3G,  Windows 11 , 64 bit Build 22621 (10.0.22621.1928)
Time: Tue Aug  8 23:01:37 2023 India Standard Time elapsed time: 0.014586 seconds (0d 0h 0m 0s)

---------------  T H R E A D  ---------------

Current thread (0x00000292a7a16c50):  JavaThread "Unknown thread" [_thread_in_vm, id=8836, stack(0x000000f988300000,0x000000f988400000)]

Stack: [0x000000f988300000,0x000000f988400000]
Native frames: (J=compiled Java code, j=interpreted, Vv=VM code, C=native code)
V  [jvm.dll+0x6bb95a]
V  [jvm.dll+0x8485fa]
V  [jvm.dll+0x84a1f5]
V  [jvm.dll+0x84a8f3]
V  [jvm.dll+0x280b0f]
V  [jvm.dll+0xbcec5]
V  [jvm.dll+0x329165]
V  [jvm.dll+0x81128a]
V  [jvm.dll+0x3c0d91]
V  [jvm.dll+0x7fcfe3]
V  [jvm.dll+0x44c76f]
V  [jvm.dll+0x44e0e1]
C  [jli.dll+0x5287]
C  [ucrtbase.dll+0x29363]
C  [KERNEL32.DLL+0x126ad]
C  [ntdll.dll+0x5aa68]


---------------  P R O C E S S  ---------------

Threads class SMR info:
_java_thread_list=0x00007ff84e7ba098, length=0, elements={
}

Java Threads: ( => current thread )

Other Threads:

=>0x00000292a7a16c50 (exited) JavaThread "Unknown thread" [_thread_in_vm, id=8836, stack(0x000000f988300000,0x000000f988400000)]

Threads with active compile tasks:

VM state: not at safepoint (not fully initialized)

VM Mutex/Monitor currently owned by a thread: None

Heap address: 0x0000000000000000, size: 0 MB, Compressed Oops mode: 32-bit

CDS archive(s) mapped at: [0x0000000000000000-0x0000000000000000-0x0000000000000000), size 0, SharedBaseAddress: 0x0000000800000000, ArchiveRelocationMode: 0.
Narrow klass base: 0x0000000000000000, Narrow klass shift: 0, Narrow klass range: 0x0

GC Precious Log:
 CardTable entry size: 512
 Card Set container configuration: InlinePtr #cards 5 size 8 Array Of Cards #cards 12 size 40 Howl #buckets 4 coarsen threshold 1843 Howl Bitmap #cards 512 size 80 coarsen threshold 460 Card regions per heap region 1 cards per card region 2048

GC Heap History (0 events):
No events

Dll operation events (1 events):
Event: 0.010 Loaded shared library C:\Program Files\Java\jdk-20\bin\java.dll

Deoptimization events (0 events):
No events

Classes loaded (0 events):
No events

Classes unloaded (0 events):
No events

Classes redefined (0 events):
No events

Internal exceptions (0 events):
No events

VM Operations (0 events):
No events

Events (0 events):
No events


Dynamic libraries:
0x00007ff661cd0000 - 0x00007ff661ce0000 	C:\Program Files\Java\jdk-20\bin\java.exe
0x00007ff8879f0000 - 0x00007ff887c04000 	C:\WINDOWS\SYSTEM32\ntdll.dll
0x00007ff886d70000 - 0x00007ff886e32000 	C:\WINDOWS\System32\KERNEL32.DLL
0x00007ff884fd0000 - 0x00007ff885373000 	C:\WINDOWS\System32\KERNELBASE.dll
0x00007ff884df0000 - 0x00007ff884f01000 	C:\WINDOWS\System32\ucrtbase.dll
0x00007ff86e350000 - 0x00007ff86e36b000 	C:\Program Files\Java\jdk-20\bin\VCRUNTIME140.dll
0x00007ff87edb0000 - 0x00007ff87edc9000 	C:\Program Files\Java\jdk-20\bin\jli.dll
0x00007ff8870f0000 - 0x00007ff88719e000 	C:\WINDOWS\System32\ADVAPI32.dll
0x00007ff886b20000 - 0x00007ff886bc7000 	C:\WINDOWS\System32\msvcrt.dll
0x00007ff886800000 - 0x00007ff8868a4000 	C:\WINDOWS\System32\sechost.dll
0x00007ff8866e0000 - 0x00007ff8867f7000 	C:\WINDOWS\System32\RPCRT4.dll
0x00007ff8864d0000 - 0x00007ff88667a000 	C:\WINDOWS\System32\USER32.dll
0x00007ff885380000 - 0x00007ff8853a6000 	C:\WINDOWS\System32\win32u.dll
0x00007ff886a70000 - 0x00007ff886a99000 	C:\WINDOWS\System32\GDI32.dll
0x00007ff8853b0000 - 0x00007ff8854c9000 	C:\WINDOWS\System32\gdi32full.dll
0x00007ff8856b0000 - 0x00007ff88574a000 	C:\WINDOWS\System32\msvcp_win.dll
0x00007ff871460000 - 0x00007ff8716ee000 	C:\WINDOWS\WinSxS\amd64_microsoft.windows.common-controls_6595b64144ccf1df_6.0.22621.1635_none_270f70857386168e\COMCTL32.dll
0x00007ff87b240000 - 0x00007ff87b24a000 	C:\WINDOWS\SYSTEM32\VERSION.dll
0x00007ff886e40000 - 0x00007ff886e71000 	C:\WINDOWS\System32\IMM32.DLL
0x00007ff87bc20000 - 0x00007ff87bc2c000 	C:\Program Files\Java\jdk-20\bin\vcruntime140_1.dll
0x00007ff861b50000 - 0x00007ff861bde000 	C:\Program Files\Java\jdk-20\bin\msvcp140.dll
0x00007ff84dc60000 - 0x00007ff84e8f7000 	C:\Program Files\Java\jdk-20\bin\server\jvm.dll
0x00007ff87cfc0000 - 0x00007ff87cff4000 	C:\WINDOWS\SYSTEM32\WINMM.dll
0x00007ff87e910000 - 0x00007ff87e919000 	C:\WINDOWS\SYSTEM32\WSOCK32.dll
0x00007ff8868b0000 - 0x00007ff886921000 	C:\WINDOWS\System32\WS2_32.dll
0x00007ff883e10000 - 0x00007ff883e28000 	C:\WINDOWS\SYSTEM32\kernel.appcore.dll
0x00007ff872770000 - 0x00007ff87277a000 	C:\Program Files\Java\jdk-20\bin\jimage.dll
0x00007ff861c00000 - 0x00007ff861e2e000 	C:\WINDOWS\SYSTEM32\DBGHELP.DLL
0x00007ff8871a0000 - 0x00007ff887529000 	C:\WINDOWS\System32\combase.dll
0x00007ff886f10000 - 0x00007ff886fe7000 	C:\WINDOWS\System32\OLEAUT32.dll
0x00007ff8627c0000 - 0x00007ff8627f2000 	C:\WINDOWS\SYSTEM32\dbgcore.DLL
0x00007ff885750000 - 0x00007ff8857ca000 	C:\WINDOWS\System32\bcryptPrimitives.dll
0x00007ff86a620000 - 0x00007ff86a646000 	C:\Program Files\Java\jdk-20\bin\java.dll

dbghelp: loaded successfully - version: 4.0.5 - missing functions: none
symbol engine: initialized successfully - sym options: 0x614 - pdb path: .;C:\Program Files\Java\jdk-20\bin;C:\WINDOWS\SYSTEM32;C:\WINDOWS\WinSxS\amd64_microsoft.windows.common-controls_6595b64144ccf1df_6.0.22621.1635_none_270f70857386168e;C:\Program Files\Java\jdk-20\bin\server

VM Arguments:
jvm_args: -Dfile.encoding=UTF-8 --module-path=C:\Users\HP\Documents\NetBeansProjects\project\build\classes 
java_command: project.About
java_class_path (initial): C:\Users\HP\Documents\NetBeansProjects\project\lib\mysql-connector-j-8.0.32.zip;C:\Users\HP\Documents\NetBeansProjects\project\lib\mysql-connector-j-8.0.32.jar;C:\Users\HP\Documents\NetBeansProjects\project\build\classes
Launcher Type: SUN_STANDARD

[Global flags]
     intx CICompilerCount                          = 3                                         {product} {ergonomic}
     uint ConcGCThreads                            = 1                                         {product} {ergonomic}
     uint G1ConcRefinementThreads                  = 4                                         {product} {ergonomic}
   size_t G1HeapRegionSize                         = 1048576                                   {product} {ergonomic}
    uintx GCDrainStackTargetSize                   = 64                                        {product} {ergonomic}
   size_t InitialHeapSize                          = 58720256                                  {product} {ergonomic}
   size_t MarkStackSize                            = 4194304                                   {product} {ergonomic}
   size_t MaxHeapSize                              = 926941184                                 {product} {ergonomic}
   size_t MinHeapDeltaBytes                        = 1048576                                   {product} {ergonomic}
   size_t MinHeapSize                              = 8388608                                   {product} {ergonomic}
    uintx NonNMethodCodeHeapSize                   = 5832780                                {pd product} {ergonomic}
    uintx NonProfiledCodeHeapSize                  = 122912730                              {pd product} {ergonomic}
    uintx ProfiledCodeHeapSize                     = 122912730                              {pd product} {ergonomic}
    uintx ReservedCodeCacheSize                    = 251658240                              {pd product} {ergonomic}
     bool SegmentedCodeCache                       = true                                      {product} {ergonomic}
   size_t SoftMaxHeapSize                          = 926941184                              {manageable} {ergonomic}
     bool UseCompressedClassPointers               = true                           {product lp64_product} {ergonomic}
     bool UseCompressedOops                        = true                           {product lp64_product} {ergonomic}
     bool UseG1GC                                  = true                                      {product} {ergonomic}
     bool UseLargePagesIndividualAllocation        = false                                  {pd product} {ergonomic}

Logging:
Log output configuration:
 #0: stdout all=warning uptime,level,tags foldmultilines=false
 #1: stderr all=off uptime,level,tags foldmultilines=false

Environment Variables:
JAVA_HOME=C:\Program Files\Java\jdk-20
PATH=C:\Program Files\Common Files\Oracle\Java\javapath;C:\Python311\Scripts\;C:\Python311\;C:\WINDOWS\system32;C:\WINDOWS;C:\WINDOWS\System32\Wbem;C:\WINDOWS\System32\WindowsPowerShell\v1.0\;C:\WINDOWS\System32\OpenSSH\;C:\ProgramData\chocolatey\bin;C:\Program Files\MySQL\MySQL Server 8.0\bin;C:\Program Files\Java\jdk-20\bin;C:\Program Files\Common Files\Oracle\Java\javapath;C:\Program Files\MySQL\MySQL Shell 8.0\bin\;C:\Users\HP\AppData\Local\Programs\Python\Python310\Scripts\;C:\Users\HP\AppData\Local\Programs\Python\Python310\;C:\Users\HP\AppData\Local\Microsoft\WindowsApps;C:\Users\HP\AppData\Local\Programs\Microsoft VS Code\bin;C:\MinGW\bin;C:\kotlinc\bin;C:\Users\HP\AppData\Local\Programs\MiKTeX\miktex\bin\x64\;C:\Program Files\Java\jdk-20\bin;
USERNAME=harry sahani
OS=Windows_NT
PROCESSOR_IDENTIFIER=AMD64 Family 23 Model 24 Stepping 1, AuthenticAMD
TMP=C:\Users\HP\AppData\Local\Temp
TEMP=C:\Users\HP\AppData\Local\Temp




---------------  S Y S T E M  ---------------

OS:
 Windows 11 , 64 bit Build 22621 (10.0.22621.1928)
OS uptime: 0 days 16:26 hours
Hyper-V role detected

CPU: total 4 (initial active 4) (4 cores per cpu, 1 threads per core) family 23 model 24 stepping 1 microcode 0x0, cx8, cmov, fxsr, mmx, 3dnowpref, sse, sse2, sse3, ssse3, sse4a, sse4.1, sse4.2, popcnt, lzcnt, tsc, tscinvbit, avx, avx2, aes, clmul, bmi1, bmi2, adx, sha, fma, vzeroupper, clflush, clflushopt, hv, rdtscp, f16c

Memory: 4k page, system-wide physical 3530M (268M free)
TotalPageFile size 9530M (AvailPageFile size 5M)
current process WorkingSet (physical memory assigned to process): 10M, peak: 10M
current process commit charge ("private bytes"): 11M, peak: 12M

vm_info: Java HotSpot(TM) 64-Bit Server VM (20.0.1+9-29) for windows-amd64 JRE (20.0.1+9-29), built on 2023-03-07T13:56:11Z by "mach5one" with MS VC++ 17.1 (VS2022)

END.
