#
# There is insufficient memory for the Java Runtime Environment to continue.
# Native memory allocation (mmap) failed to map 1048576 bytes for G1 virtual space
# Possible reasons:
#   The system is out of physical RAM or swap space
#   The process is running with CompressedOops enabled, and the Java Heap may be blocking the growth of the native heap
# Possible solutions:
#   Reduce memory load on the system
#   Increase physical memory or swap space
#   Check if swap backing store is full
#   Decrease Java heap size (-Xmx/-Xms)
#   Decrease number of Java threads
#   Decrease Java thread stack sizes (-Xss)
#   Set larger code cache with -XX:ReservedCodeCacheSize=
#   JVM is running with Unscaled Compressed Oops mode in which the Java heap is
#     placed in the first 4GB address space. The Java Heap base address is the
#     maximum limit for the native heap growth. Please use -XX:HeapBaseMinAddress
#     to set the Java Heap base and to place the Java Heap above 4GB virtual address.
# This output file may be truncated or incomplete.
#
#  Out of Memory Error (os_windows.cpp:3528), pid=6748, tid=2296
#
# JRE version: Java(TM) SE Runtime Environment (20.0.1+9) (build 20.0.1+9-29)
# Java VM: Java HotSpot(TM) 64-Bit Server VM (20.0.1+9-29, mixed mode, sharing, tiered, compressed oops, compressed class ptrs, g1 gc, windows-amd64)
# No core dump will be written. Minidumps are not enabled by default on client versions of Windows
#

---------------  S U M M A R Y ------------

Command Line: -Dfile.encoding=UTF-8 --module-path=C:\Users\HP\Documents\NetBeansProjects\project\build\classes project.Book

Host: AMD Ryzen 3 3300U with Radeon Vega Mobile Gfx  , 4 cores, 3G,  Windows 11 , 64 bit Build 22621 (10.0.22621.1928)
Time: Sat Aug  5 21:30:29 2023 India Standard Time elapsed time: 0.685537 seconds (0d 0h 0m 0s)

---------------  T H R E A D  ---------------

Current thread (0x000001ff9b1ff630):  JavaThread "Image Fetcher 0" daemon [_thread_in_vm, id=2296, stack(0x00000003d4d00000,0x00000003d4e00000)]

Stack: [0x00000003d4d00000,0x00000003d4e00000]
Native frames: (J=compiled Java code, j=interpreted, Vv=VM code, C=native code)
V  [jvm.dll+0x6bb95a]
V  [jvm.dll+0x8485fa]
V  [jvm.dll+0x84a1f5]
V  [jvm.dll+0x84a8f3]
V  [jvm.dll+0x280b0f]
V  [jvm.dll+0x6b86e9]
V  [jvm.dll+0x6ad2da]
V  [jvm.dll+0x35adf5]
V  [jvm.dll+0x363016]
V  [jvm.dll+0x3b383b]
V  [jvm.dll+0x3b3eb4]
V  [jvm.dll+0x3b3a06]
V  [jvm.dll+0x32b994]
V  [jvm.dll+0x329ab4]
V  [jvm.dll+0x64dca0]
V  [jvm.dll+0x242262]
V  [jvm.dll+0x80ddf7]
V  [jvm.dll+0x3da7ba]
C  0x000001ff8755f969

Java frames: (J=compiled Java code, j=interpreted, Vv=VM code)
j  java.awt.image.DataBufferInt.<init>(I)V+11 java.desktop@20.0.1
j  java.awt.image.Raster.createPackedRaster(III[ILjava/awt/Point;)Ljava/awt/image/WritableRaster;+69 java.desktop@20.0.1
j  java.awt.image.DirectColorModel.createCompatibleWritableRaster(II)Ljava/awt/image/WritableRaster;+83 java.desktop@20.0.1
j  sun.awt.image.ImageRepresentation.createBufferedImage()V+18 java.desktop@20.0.1
j  sun.awt.image.ImageRepresentation.setPixels(IIIILjava/awt/image/ColorModel;[III)V+47 java.desktop@20.0.1
j  sun.awt.image.ImageDecoder.setPixels(IIIILjava/awt/image/ColorModel;[III)I+44 java.desktop@20.0.1
j  sun.awt.image.JPEGImageDecoder.sendPixels([II)Z+14 java.desktop@20.0.1
v  ~StubRoutines::call_stub 0x000001ff8753100d
j  sun.awt.image.JPEGImageDecoder.readImage(Ljava/io/InputStream;[B)V+0 java.desktop@20.0.1
j  sun.awt.image.JPEGImageDecoder.produceImage()V+10 java.desktop@20.0.1
j  sun.awt.image.InputStreamImageSource.doFetch()V+51 java.desktop@20.0.1
j  sun.awt.image.ImageFetcher.fetchloop()V+31 java.desktop@20.0.1
j  sun.awt.image.ImageFetcher.run()V+5 java.desktop@20.0.1
v  ~StubRoutines::call_stub 0x000001ff8753100d

---------------  P R O C E S S  ---------------

Threads class SMR info:
_java_thread_list=0x000001ff9b188160, length=15, elements={
0x000001fff78067c0, 0x000001ff9200ec90, 0x000001ff9200f580, 0x000001ff920162a0,
0x000001ff92018930, 0x000001ff92019310, 0x000001ff92019860, 0x000001ff9201a0e0,
0x000001ff920822a0, 0x000001fff78ae610, 0x000001ff964c13d0, 0x000001ff96691db0,
0x000001ff966926e0, 0x000001ff96692c30, 0x000001ff9b1ff630
}

Java Threads: ( => current thread )
  0x000001fff78067c0 JavaThread "main" [_thread_blocked, id=1044, stack(0x00000003d2f00000,0x00000003d3000000)]
  0x000001ff9200ec90 JavaThread "Reference Handler" daemon [_thread_blocked, id=7788, stack(0x00000003d3600000,0x00000003d3700000)]
  0x000001ff9200f580 JavaThread "Finalizer" daemon [_thread_blocked, id=11128, stack(0x00000003d3700000,0x00000003d3800000)]
  0x000001ff920162a0 JavaThread "Signal Dispatcher" daemon [_thread_blocked, id=7096, stack(0x00000003d3800000,0x00000003d3900000)]
  0x000001ff92018930 JavaThread "Attach Listener" daemon [_thread_blocked, id=10888, stack(0x00000003d3900000,0x00000003d3a00000)]
  0x000001ff92019310 JavaThread "Service Thread" daemon [_thread_blocked, id=8864, stack(0x00000003d3a00000,0x00000003d3b00000)]
  0x000001ff92019860 JavaThread "Monitor Deflation Thread" daemon [_thread_blocked, id=5368, stack(0x00000003d3b00000,0x00000003d3c00000)]
  0x000001ff9201a0e0 JavaThread "C2 CompilerThread0" daemon [_thread_blocked, id=11980, stack(0x00000003d3c00000,0x00000003d3d00000)]
  0x000001ff920822a0 JavaThread "C1 CompilerThread0" daemon [_thread_blocked, id=10968, stack(0x00000003d3d00000,0x00000003d3e00000)]
  0x000001fff78ae610 JavaThread "Common-Cleaner" daemon [_thread_blocked, id=6916, stack(0x00000003d3e00000,0x00000003d3f00000)]
  0x000001ff964c13d0 JavaThread "Notification Thread" daemon [_thread_blocked, id=2244, stack(0x00000003d3f00000,0x00000003d4000000)]
  0x000001ff96691db0 JavaThread "Java2D Disposer" daemon [_thread_blocked, id=6576, stack(0x00000003d4200000,0x00000003d4300000)]
  0x000001ff966926e0 JavaThread "AWT-Shutdown" [_thread_blocked, id=5936, stack(0x00000003d4300000,0x00000003d4400000)]
  0x000001ff96692c30 JavaThread "AWT-Windows" daemon [_thread_in_native, id=6656, stack(0x00000003d4400000,0x00000003d4500000)]
=>0x000001ff9b1ff630 JavaThread "Image Fetcher 0" daemon [_thread_in_vm, id=2296, stack(0x00000003d4d00000,0x00000003d4e00000)]

Other Threads:
  0x000001fff78c4bb0 VMThread "VM Thread" [stack: 0x00000003d3500000,0x00000003d3600000] [id=6532]
  0x000001ff964865d0 WatcherThread "VM Periodic Task Thread" [stack: 0x00000003d4000000,0x00000003d4100000] [id=2280]
  0x000001fff7844b10 WorkerThread "GC Thread#0" [stack: 0x00000003d3000000,0x00000003d3100000] [id=10596]
  0x000001ff9b2973a0 WorkerThread "GC Thread#1" [stack: 0x00000003d4e00000,0x00000003d4f00000] [id=2276]
  0x000001ff9b297670 WorkerThread "GC Thread#2" [stack: 0x00000003d4f00000,0x00000003d5000000] [id=3416]
  0x000001ff9b297940 WorkerThread "GC Thread#3" [stack: 0x00000003d5000000,0x00000003d5100000] [id=3452]
  0x000001fff784c8a0 ConcurrentGCThread "G1 Main Marker" [stack: 0x00000003d3100000,0x00000003d3200000] [id=10644]
  0x000001fff784d2d0 WorkerThread "G1 Conc#0" [stack: 0x00000003d3200000,0x00000003d3300000] [id=10600]
  0x000001fff789c420 ConcurrentGCThread "G1 Refine#0" [stack: 0x00000003d3300000,0x00000003d3400000] [id=7540]
  0x000001fff789d1c0 ConcurrentGCThread "G1 Service" [stack: 0x00000003d3400000,0x00000003d3500000] [id=12044]

Threads with active compile tasks:

VM state: not at safepoint (normal execution)

VM Mutex/Monitor currently owned by a thread:  ([mutex/lock_event])
[0x000001fff7801c30] Heap_lock - owner thread: 0x000001ff9b1ff630

Heap address: 0x00000000c8c00000, size: 884 MB, Compressed Oops mode: 32-bit

CDS archive(s) mapped at: [0x0000000800000000-0x0000000800c60000-0x0000000800c60000), size 12976128, SharedBaseAddress: 0x0000000800000000, ArchiveRelocationMode: 0.
Compressed class space mapped at: 0x0000000801000000-0x0000000841000000, reserved size: 1073741824
Narrow klass base: 0x0000000800000000, Narrow klass shift: 0, Narrow klass range: 0x100000000

GC Precious Log:
 CardTable entry size: 512
 Card Set container configuration: InlinePtr #cards 5 size 8 Array Of Cards #cards 12 size 40 Howl #buckets 4 coarsen threshold 1843 Howl Bitmap #cards 512 size 80 coarsen threshold 460 Card regions per heap region 1 cards per card region 2048
 CPUs: 4 total, 4 available
 Memory: 3530M
 Large Page Support: Disabled
 NUMA Support: Disabled
 Compressed Oops: Enabled (32-bit)
 Heap Region Size: 1M
 Heap Min Capacity: 8M
 Heap Initial Capacity: 56M
 Heap Max Capacity: 884M
 Pre-touch: Disabled
 Parallel Workers: 4
 Concurrent Workers: 1
 Concurrent Refinement Workers: 4
 Periodic GC: Disabled

Heap:
 garbage-first heap   total 129024K, used 2604K [0x00000000c8c00000, 0x0000000100000000)
  region size 1024K, 2 young (2048K), 2 survivors (2048K)
 Metaspace       used 4733K, committed 4992K, reserved 1114112K
  class space    used 499K, committed 640K, reserved 1048576K

Heap Regions: E=young(eden), S=young(survivor), O=old, HS=humongous(starts), HC=humongous(continues), CS=collection set, F=free, OA=open archive, CA=closed archive, TAMS=top-at-mark-start, PB=parsable bottom
|   0|0x00000000c8c00000, 0x00000000c8c8b200, 0x00000000c8d00000| 54%| O|  |TAMS 0x00000000c8c00000| PB 0x00000000c8c00000| Untracked 
|   1|0x00000000c8d00000, 0x00000000c8d00000, 0x00000000c8e00000|  0%| F|  |TAMS 0x00000000c8d00000| PB 0x00000000c8d00000| Untracked 
|   2|0x00000000c8e00000, 0x00000000c8e00000, 0x00000000c8f00000|  0%| F|  |TAMS 0x00000000c8e00000| PB 0x00000000c8e00000| Untracked 
|   3|0x00000000c8f00000, 0x00000000c8f00000, 0x00000000c9000000|  0%| F|  |TAMS 0x00000000c8f00000| PB 0x00000000c8f00000| Untracked 
|   4|0x00000000c9000000, 0x00000000c9000000, 0x00000000c9100000|  0%| F|  |TAMS 0x00000000c9000000| PB 0x00000000c9000000| Untracked 
|   5|0x00000000c9100000, 0x00000000c9100000, 0x00000000c9200000|  0%| F|  |TAMS 0x00000000c9100000| PB 0x00000000c9100000| Untracked 
|   6|0x00000000c9200000, 0x00000000c9200000, 0x00000000c9300000|  0%| F|  |TAMS 0x00000000c9200000| PB 0x00000000c9200000| Untracked 
|   7|0x00000000c9300000, 0x00000000c9300000, 0x00000000c9400000|  0%| F|  |TAMS 0x00000000c9300000| PB 0x00000000c9300000| Untracked 
|   8|0x00000000c9400000, 0x00000000c9400000, 0x00000000c9500000|  0%| F|  |TAMS 0x00000000c9400000| PB 0x00000000c9400000| Untracked 
|   9|0x00000000c9500000, 0x00000000c9500000, 0x00000000c9600000|  0%| F|  |TAMS 0x00000000c9500000| PB 0x00000000c9500000| Untracked 
|  10|0x00000000c9600000, 0x00000000c9600000, 0x00000000c9700000|  0%| F|  |TAMS 0x00000000c9600000| PB 0x00000000c9600000| Untracked 
|  11|0x00000000c9700000, 0x00000000c9700000, 0x00000000c9800000|  0%| F|  |TAMS 0x00000000c9700000| PB 0x00000000c9700000| Untracked 
|  12|0x00000000c9800000, 0x00000000c9800000, 0x00000000c9900000|  0%| F|  |TAMS 0x00000000c9800000| PB 0x00000000c9800000| Untracked 
|  13|0x00000000c9900000, 0x00000000c9900000, 0x00000000c9a00000|  0%| F|  |TAMS 0x00000000c9900000| PB 0x00000000c9900000| Untracked 
|  14|0x00000000c9a00000, 0x00000000c9a00000, 0x00000000c9b00000|  0%| F|  |TAMS 0x00000000c9a00000| PB 0x00000000c9a00000| Untracked 
|  15|0x00000000c9b00000, 0x00000000c9b00000, 0x00000000c9c00000|  0%| F|  |TAMS 0x00000000c9b00000| PB 0x00000000c9b00000| Untracked 
|  16|0x00000000c9c00000, 0x00000000c9c00000, 0x00000000c9d00000|  0%| F|  |TAMS 0x00000000c9c00000| PB 0x00000000c9c00000| Untracked 
|  17|0x00000000c9d00000, 0x00000000c9d00000, 0x00000000c9e00000|  0%| F|  |TAMS 0x00000000c9d00000| PB 0x00000000c9d00000| Untracked 
|  18|0x00000000c9e00000, 0x00000000c9e00000, 0x00000000c9f00000|  0%| F|  |TAMS 0x00000000c9e00000| PB 0x00000000c9e00000| Untracked 
|  19|0x00000000c9f00000, 0x00000000c9f00000, 0x00000000ca000000|  0%| F|  |TAMS 0x00000000c9f00000| PB 0x00000000c9f00000| Untracked 
|  20|0x00000000ca000000, 0x00000000ca000000, 0x00000000ca100000|  0%| F|  |TAMS 0x00000000ca000000| PB 0x00000000ca000000| Untracked 
|  21|0x00000000ca100000, 0x00000000ca100000, 0x00000000ca200000|  0%| F|  |TAMS 0x00000000ca100000| PB 0x00000000ca100000| Untracked 
|  22|0x00000000ca200000, 0x00000000ca200000, 0x00000000ca300000|  0%| F|  |TAMS 0x00000000ca200000| PB 0x00000000ca200000| Untracked 
|  23|0x00000000ca300000, 0x00000000ca300000, 0x00000000ca400000|  0%| F|  |TAMS 0x00000000ca300000| PB 0x00000000ca300000| Untracked 
|  24|0x00000000ca400000, 0x00000000ca400000, 0x00000000ca500000|  0%| F|  |TAMS 0x00000000ca400000| PB 0x00000000ca400000| Untracked 
|  25|0x00000000ca500000, 0x00000000ca500000, 0x00000000ca600000|  0%| F|  |TAMS 0x00000000ca500000| PB 0x00000000ca500000| Untracked 
|  26|0x00000000ca600000, 0x00000000ca600000, 0x00000000ca700000|  0%| F|  |TAMS 0x00000000ca600000| PB 0x00000000ca600000| Untracked 
|  27|0x00000000ca700000, 0x00000000ca700000, 0x00000000ca800000|  0%| F|  |TAMS 0x00000000ca700000| PB 0x00000000ca700000| Untracked 
|  28|0x00000000ca800000, 0x00000000ca800000, 0x00000000ca900000|  0%| F|  |TAMS 0x00000000ca800000| PB 0x00000000ca800000| Untracked 
|  29|0x00000000ca900000, 0x00000000ca900000, 0x00000000caa00000|  0%| F|  |TAMS 0x00000000ca900000| PB 0x00000000ca900000| Untracked 
|  30|0x00000000caa00000, 0x00000000caa00000, 0x00000000cab00000|  0%| F|  |TAMS 0x00000000caa00000| PB 0x00000000caa00000| Untracked 
|  31|0x00000000cab00000, 0x00000000cab00000, 0x00000000cac00000|  0%| F|  |TAMS 0x00000000cab00000| PB 0x00000000cab00000| Untracked 
|  32|0x00000000cac00000, 0x00000000cac00000, 0x00000000cad00000|  0%| F|  |TAMS 0x00000000cac00000| PB 0x00000000cac00000| Untracked 
|  33|0x00000000cad00000, 0x00000000cad00000, 0x00000000cae00000|  0%| F|  |TAMS 0x00000000cad00000| PB 0x00000000cad00000| Untracked 
|  34|0x00000000cae00000, 0x00000000cae00000, 0x00000000caf00000|  0%| F|  |TAMS 0x00000000cae00000| PB 0x00000000cae00000| Untracked 
|  35|0x00000000caf00000, 0x00000000caf00000, 0x00000000cb000000|  0%| F|  |TAMS 0x00000000caf00000| PB 0x00000000caf00000| Untracked 
|  36|0x00000000cb000000, 0x00000000cb000000, 0x00000000cb100000|  0%| F|  |TAMS 0x00000000cb000000| PB 0x00000000cb000000| Untracked 
|  37|0x00000000cb100000, 0x00000000cb100000, 0x00000000cb200000|  0%| F|  |TAMS 0x00000000cb100000| PB 0x00000000cb100000| Untracked 
|  38|0x00000000cb200000, 0x00000000cb200000, 0x00000000cb300000|  0%| F|  |TAMS 0x00000000cb200000| PB 0x00000000cb200000| Untracked 
|  39|0x00000000cb300000, 0x00000000cb300000, 0x00000000cb400000|  0%| F|  |TAMS 0x00000000cb300000| PB 0x00000000cb300000| Untracked 
|  40|0x00000000cb400000, 0x00000000cb400000, 0x00000000cb500000|  0%| F|  |TAMS 0x00000000cb400000| PB 0x00000000cb400000| Untracked 
|  41|0x00000000cb500000, 0x00000000cb500000, 0x00000000cb600000|  0%| F|  |TAMS 0x00000000cb500000| PB 0x00000000cb500000| Untracked 
|  42|0x00000000cb600000, 0x00000000cb600000, 0x00000000cb700000|  0%| F|  |TAMS 0x00000000cb600000| PB 0x00000000cb600000| Untracked 
|  43|0x00000000cb700000, 0x00000000cb700000, 0x00000000cb800000|  0%| F|  |TAMS 0x00000000cb700000| PB 0x00000000cb700000| Untracked 
|  44|0x00000000cb800000, 0x00000000cb800000, 0x00000000cb900000|  0%| F|  |TAMS 0x00000000cb800000| PB 0x00000000cb800000| Untracked 
|  45|0x00000000cb900000, 0x00000000cb900000, 0x00000000cba00000|  0%| F|  |TAMS 0x00000000cb900000| PB 0x00000000cb900000| Untracked 
|  46|0x00000000cba00000, 0x00000000cbb00000, 0x00000000cbb00000|100%| S|CS|TAMS 0x00000000cba00000| PB 0x00000000cba00000| Complete 
|  47|0x00000000cbb00000, 0x00000000cbc00000, 0x00000000cbc00000|100%| S|CS|TAMS 0x00000000cbb00000| PB 0x00000000cbb00000| Complete 
|  48|0x00000000cbc00000, 0x00000000cbc00000, 0x00000000cbd00000|  0%| F|  |TAMS 0x00000000cbc00000| PB 0x00000000cbc00000| Untracked 
|  49|0x00000000cbd00000, 0x00000000cbd00000, 0x00000000cbe00000|  0%| F|  |TAMS 0x00000000cbd00000| PB 0x00000000cbd00000| Untracked 
|  50|0x00000000cbe00000, 0x00000000cbe00000, 0x00000000cbf00000|  0%| F|  |TAMS 0x00000000cbe00000| PB 0x00000000cbe00000| Untracked 
|  51|0x00000000cbf00000, 0x00000000cbf00000, 0x00000000cc000000|  0%| F|  |TAMS 0x00000000cbf00000| PB 0x00000000cbf00000| Untracked 
|  52|0x00000000cc000000, 0x00000000cc000000, 0x00000000cc100000|  0%| F|  |TAMS 0x00000000cc000000| PB 0x00000000cc000000| Untracked 
|  53|0x00000000cc100000, 0x00000000cc100000, 0x00000000cc200000|  0%| F|  |TAMS 0x00000000cc100000| PB 0x00000000cc100000| Untracked 
|  54|0x00000000cc200000, 0x00000000cc200000, 0x00000000cc300000|  0%| F|  |TAMS 0x00000000cc200000| PB 0x00000000cc200000| Untracked 
|  55|0x00000000cc300000, 0x00000000cc300000, 0x00000000cc400000|  0%| F|  |TAMS 0x00000000cc300000| PB 0x00000000cc300000| Untracked 
|  56|0x00000000cc400000, 0x00000000cc400000, 0x00000000cc500000|  0%| F|  |TAMS 0x00000000cc400000| PB 0x00000000cc400000| Untracked 
|  57|0x00000000cc500000, 0x00000000cc500000, 0x00000000cc600000|  0%| F|  |TAMS 0x00000000cc500000| PB 0x00000000cc500000| Untracked 
|  58|0x00000000cc600000, 0x00000000cc600000, 0x00000000cc700000|  0%| F|  |TAMS 0x00000000cc600000| PB 0x00000000cc600000| Untracked 
|  59|0x00000000cc700000, 0x00000000cc700000, 0x00000000cc800000|  0%| F|  |TAMS 0x00000000cc700000| PB 0x00000000cc700000| Untracked 
|  60|0x00000000cc800000, 0x00000000cc800000, 0x00000000cc900000|  0%| F|  |TAMS 0x00000000cc800000| PB 0x00000000cc800000| Untracked 
|  61|0x00000000cc900000, 0x00000000cc900000, 0x00000000cca00000|  0%| F|  |TAMS 0x00000000cc900000| PB 0x00000000cc900000| Untracked 
|  62|0x00000000cca00000, 0x00000000cca00000, 0x00000000ccb00000|  0%| F|  |TAMS 0x00000000cca00000| PB 0x00000000cca00000| Untracked 
|  63|0x00000000ccb00000, 0x00000000ccb00000, 0x00000000ccc00000|  0%| F|  |TAMS 0x00000000ccb00000| PB 0x00000000ccb00000| Untracked 
|  64|0x00000000ccc00000, 0x00000000ccc00000, 0x00000000ccd00000|  0%| F|  |TAMS 0x00000000ccc00000| PB 0x00000000ccc00000| Untracked 
|  65|0x00000000ccd00000, 0x00000000ccd00000, 0x00000000cce00000|  0%| F|  |TAMS 0x00000000ccd00000| PB 0x00000000ccd00000| Untracked 
|  66|0x00000000cce00000, 0x00000000cce00000, 0x00000000ccf00000|  0%| F|  |TAMS 0x00000000cce00000| PB 0x00000000cce00000| Untracked 
|  67|0x00000000ccf00000, 0x00000000ccf00000, 0x00000000cd000000|  0%| F|  |TAMS 0x00000000ccf00000| PB 0x00000000ccf00000| Untracked 
|  68|0x00000000cd000000, 0x00000000cd000000, 0x00000000cd100000|  0%| F|  |TAMS 0x00000000cd000000| PB 0x00000000cd000000| Untracked 
|  69|0x00000000cd100000, 0x00000000cd100000, 0x00000000cd200000|  0%| F|  |TAMS 0x00000000cd100000| PB 0x00000000cd100000| Untracked 
|  70|0x00000000cd200000, 0x00000000cd200000, 0x00000000cd300000|  0%| F|  |TAMS 0x00000000cd200000| PB 0x00000000cd200000| Untracked 
|  71|0x00000000cd300000, 0x00000000cd300000, 0x00000000cd400000|  0%| F|  |TAMS 0x00000000cd300000| PB 0x00000000cd300000| Untracked 
|  72|0x00000000cd400000, 0x00000000cd400000, 0x00000000cd500000|  0%| F|  |TAMS 0x00000000cd400000| PB 0x00000000cd400000| Untracked 
|  73|0x00000000cd500000, 0x00000000cd500000, 0x00000000cd600000|  0%| F|  |TAMS 0x00000000cd500000| PB 0x00000000cd500000| Untracked 
|  74|0x00000000cd600000, 0x00000000cd600000, 0x00000000cd700000|  0%| F|  |TAMS 0x00000000cd600000| PB 0x00000000cd600000| Untracked 
|  75|0x00000000cd700000, 0x00000000cd700000, 0x00000000cd800000|  0%| F|  |TAMS 0x00000000cd700000| PB 0x00000000cd700000| Untracked 
|  76|0x00000000cd800000, 0x00000000cd800000, 0x00000000cd900000|  0%| F|  |TAMS 0x00000000cd800000| PB 0x00000000cd800000| Untracked 
|  77|0x00000000cd900000, 0x00000000cd900000, 0x00000000cda00000|  0%| F|  |TAMS 0x00000000cd900000| PB 0x00000000cd900000| Untracked 
|  78|0x00000000cda00000, 0x00000000cda00000, 0x00000000cdb00000|  0%| F|  |TAMS 0x00000000cda00000| PB 0x00000000cda00000| Untracked 
|  79|0x00000000cdb00000, 0x00000000cdb00000, 0x00000000cdc00000|  0%| F|  |TAMS 0x00000000cdb00000| PB 0x00000000cdb00000| Untracked 
|  80|0x00000000cdc00000, 0x00000000cdc00000, 0x00000000cdd00000|  0%| F|  |TAMS 0x00000000cdc00000| PB 0x00000000cdc00000| Untracked 
|  81|0x00000000cdd00000, 0x00000000cdd00000, 0x00000000cde00000|  0%| F|  |TAMS 0x00000000cdd00000| PB 0x00000000cdd00000| Untracked 
|  82|0x00000000cde00000, 0x00000000cde00000, 0x00000000cdf00000|  0%| F|  |TAMS 0x00000000cde00000| PB 0x00000000cde00000| Untracked 
|  83|0x00000000cdf00000, 0x00000000cdf00000, 0x00000000ce000000|  0%| F|  |TAMS 0x00000000cdf00000| PB 0x00000000cdf00000| Untracked 
|  84|0x00000000ce000000, 0x00000000ce000000, 0x00000000ce100000|  0%| F|  |TAMS 0x00000000ce000000| PB 0x00000000ce000000| Untracked 
|  85|0x00000000ce100000, 0x00000000ce100000, 0x00000000ce200000|  0%| F|  |TAMS 0x00000000ce100000| PB 0x00000000ce100000| Untracked 
|  86|0x00000000ce200000, 0x00000000ce200000, 0x00000000ce300000|  0%| F|  |TAMS 0x00000000ce200000| PB 0x00000000ce200000| Untracked 
|  87|0x00000000ce300000, 0x00000000ce300000, 0x00000000ce400000|  0%| F|  |TAMS 0x00000000ce300000| PB 0x00000000ce300000| Untracked 
|  88|0x00000000ce400000, 0x00000000ce400000, 0x00000000ce500000|  0%| F|  |TAMS 0x00000000ce400000| PB 0x00000000ce400000| Untracked 
|  89|0x00000000ce500000, 0x00000000ce500000, 0x00000000ce600000|  0%| F|  |TAMS 0x00000000ce500000| PB 0x00000000ce500000| Untracked 
|  90|0x00000000ce600000, 0x00000000ce600000, 0x00000000ce700000|  0%| F|  |TAMS 0x00000000ce600000| PB 0x00000000ce600000| Untracked 
|  91|0x00000000ce700000, 0x00000000ce700000, 0x00000000ce800000|  0%| F|  |TAMS 0x00000000ce700000| PB 0x00000000ce700000| Untracked 
|  92|0x00000000ce800000, 0x00000000ce800000, 0x00000000ce900000|  0%| F|  |TAMS 0x00000000ce800000| PB 0x00000000ce800000| Untracked 
|  93|0x00000000ce900000, 0x00000000ce900000, 0x00000000cea00000|  0%| F|  |TAMS 0x00000000ce900000| PB 0x00000000ce900000| Untracked 
|  94|0x00000000cea00000, 0x00000000cea00000, 0x00000000ceb00000|  0%| F|  |TAMS 0x00000000cea00000| PB 0x00000000cea00000| Untracked 
|  95|0x00000000ceb00000, 0x00000000ceb00000, 0x00000000cec00000|  0%| F|  |TAMS 0x00000000ceb00000| PB 0x00000000ceb00000| Untracked 
|  96|0x00000000cec00000, 0x00000000cec00000, 0x00000000ced00000|  0%| F|  |TAMS 0x00000000cec00000| PB 0x00000000cec00000| Untracked 
|  97|0x00000000ced00000, 0x00000000ced00000, 0x00000000cee00000|  0%| F|  |TAMS 0x00000000ced00000| PB 0x00000000ced00000| Untracked 
|  98|0x00000000cee00000, 0x00000000cee00000, 0x00000000cef00000|  0%| F|  |TAMS 0x00000000cee00000| PB 0x00000000cee00000| Untracked 
|  99|0x00000000cef00000, 0x00000000cef00000, 0x00000000cf000000|  0%| F|  |TAMS 0x00000000cef00000| PB 0x00000000cef00000| Untracked 
| 100|0x00000000cf000000, 0x00000000cf000000, 0x00000000cf100000|  0%| F|  |TAMS 0x00000000cf000000| PB 0x00000000cf000000| Untracked 
| 101|0x00000000cf100000, 0x00000000cf100000, 0x00000000cf200000|  0%| F|  |TAMS 0x00000000cf100000| PB 0x00000000cf100000| Untracked 
| 102|0x00000000cf200000, 0x00000000cf200000, 0x00000000cf300000|  0%| F|  |TAMS 0x00000000cf200000| PB 0x00000000cf200000| Untracked 
| 103|0x00000000cf300000, 0x00000000cf300000, 0x00000000cf400000|  0%| F|  |TAMS 0x00000000cf300000| PB 0x00000000cf300000| Untracked 
| 104|0x00000000cf400000, 0x00000000cf400000, 0x00000000cf500000|  0%| F|  |TAMS 0x00000000cf400000| PB 0x00000000cf400000| Untracked 
| 105|0x00000000cf500000, 0x00000000cf500000, 0x00000000cf600000|  0%| F|  |TAMS 0x00000000cf500000| PB 0x00000000cf500000| Untracked 
| 106|0x00000000cf600000, 0x00000000cf600000, 0x00000000cf700000|  0%| F|  |TAMS 0x00000000cf600000| PB 0x00000000cf600000| Untracked 
| 107|0x00000000cf700000, 0x00000000cf700000, 0x00000000cf800000|  0%| F|  |TAMS 0x00000000cf700000| PB 0x00000000cf700000| Untracked 
| 108|0x00000000cf800000, 0x00000000cf800000, 0x00000000cf900000|  0%| F|  |TAMS 0x00000000cf800000| PB 0x00000000cf800000| Untracked 
| 109|0x00000000cf900000, 0x00000000cf900000, 0x00000000cfa00000|  0%| F|  |TAMS 0x00000000cf900000| PB 0x00000000cf900000| Untracked 
| 110|0x00000000cfa00000, 0x00000000cfa00000, 0x00000000cfb00000|  0%| F|  |TAMS 0x00000000cfa00000| PB 0x00000000cfa00000| Untracked 
| 111|0x00000000cfb00000, 0x00000000cfb00000, 0x00000000cfc00000|  0%| F|  |TAMS 0x00000000cfb00000| PB 0x00000000cfb00000| Untracked 
| 112|0x00000000cfc00000, 0x00000000cfc00000, 0x00000000cfd00000|  0%| F|  |TAMS 0x00000000cfc00000| PB 0x00000000cfc00000| Untracked 
| 113|0x00000000cfd00000, 0x00000000cfd00000, 0x00000000cfe00000|  0%| F|  |TAMS 0x00000000cfd00000| PB 0x00000000cfd00000| Untracked 
| 114|0x00000000cfe00000, 0x00000000cfe00000, 0x00000000cff00000|  0%| F|  |TAMS 0x00000000cfe00000| PB 0x00000000cfe00000| Untracked 
| 115|0x00000000cff00000, 0x00000000cff00000, 0x00000000d0000000|  0%| F|  |TAMS 0x00000000cff00000| PB 0x00000000cff00000| Untracked 
| 116|0x00000000d0000000, 0x00000000d0000000, 0x00000000d0100000|  0%| F|  |TAMS 0x00000000d0000000| PB 0x00000000d0000000| Untracked 
| 117|0x00000000d0100000, 0x00000000d0100000, 0x00000000d0200000|  0%| F|  |TAMS 0x00000000d0100000| PB 0x00000000d0100000| Untracked 
| 118|0x00000000d0200000, 0x00000000d0200000, 0x00000000d0300000|  0%| F|  |TAMS 0x00000000d0200000| PB 0x00000000d0200000| Untracked 
| 119|0x00000000d0300000, 0x00000000d0300000, 0x00000000d0400000|  0%| F|  |TAMS 0x00000000d0300000| PB 0x00000000d0300000| Untracked 
| 120|0x00000000d0400000, 0x00000000d0400000, 0x00000000d0500000|  0%| F|  |TAMS 0x00000000d0400000| PB 0x00000000d0400000| Untracked 
| 121|0x00000000d0500000, 0x00000000d0500000, 0x00000000d0600000|  0%| F|  |TAMS 0x00000000d0500000| PB 0x00000000d0500000| Untracked 
| 122|0x00000000d0600000, 0x00000000d0600000, 0x00000000d0700000|  0%| F|  |TAMS 0x00000000d0600000| PB 0x00000000d0600000| Untracked 
| 123|0x00000000d0700000, 0x00000000d0700000, 0x00000000d0800000|  0%| F|  |TAMS 0x00000000d0700000| PB 0x00000000d0700000| Untracked 
| 124|0x00000000d0800000, 0x00000000d0800000, 0x00000000d0900000|  0%| F|  |TAMS 0x00000000d0800000| PB 0x00000000d0800000| Untracked 
| 125|0x00000000d0900000, 0x00000000d0900000, 0x00000000d0a00000|  0%| F|  |TAMS 0x00000000d0900000| PB 0x00000000d0900000| Untracked 

Card table byte_map: [0x000001ffff8c0000,0x000001ffffa80000] _byte_map_base: 0x000001ffff27a000

Marking Bits: (CMBitMap*) 0x000001fff7845140
 Bits: [0x000001ff8f000000, 0x000001ff8fdd0000)

Polling page: 0x000001fff5780000

Metaspace:

Usage:
  Non-class:      4.13 MB used.
      Class:    499.70 KB used.
       Both:      4.62 MB used.

Virtual space:
  Non-class space:       64.00 MB reserved,       4.25 MB (  7%) committed,  1 nodes.
      Class space:        1.00 GB reserved,     640.00 KB ( <1%) committed,  1 nodes.
             Both:        1.06 GB reserved,       4.88 MB ( <1%) committed. 

Chunk freelists:
   Non-Class:  2.87 MB
       Class:  3.24 MB
        Both:  6.12 MB

MaxMetaspaceSize: unlimited
CompressedClassSpaceSize: 1.00 GB
Initial GC threshold: 21.00 MB
Current GC threshold: 21.00 MB
CDS: on
MetaspaceReclaimPolicy: balanced
 - commit_granule_bytes: 65536.
 - commit_granule_words: 8192.
 - virtual_space_node_default_size: 8388608.
 - enlarge_chunks_in_place: 1.
 - new_chunks_are_fully_committed: 0.
 - uncommit_free_chunks: 1.
 - use_allocation_guard: 0.


Internal statistics:

num_allocs_failed_limit: 0.
num_arena_births: 126.
num_arena_deaths: 0.
num_vsnodes_births: 2.
num_vsnodes_deaths: 0.
num_space_committed: 78.
num_space_uncommitted: 0.
num_chunks_returned_to_freelist: 0.
num_chunks_taken_from_freelist: 148.
num_chunk_merges: 0.
num_chunk_splits: 92.
num_chunks_enlarged: 41.
num_inconsistent_stats: 0.

CodeHeap 'non-profiled nmethods': size=120000Kb used=206Kb max_used=206Kb free=119793Kb
 bounds [0x000001ff87ad0000, 0x000001ff87d40000, 0x000001ff8f000000]
CodeHeap 'profiled nmethods': size=120000Kb used=1089Kb max_used=1089Kb free=118910Kb
 bounds [0x000001ff80000000, 0x000001ff80270000, 0x000001ff87530000]
CodeHeap 'non-nmethods': size=5760Kb used=1506Kb max_used=1508Kb free=4253Kb
 bounds [0x000001ff87530000, 0x000001ff877a0000, 0x000001ff87ad0000]
 total_blobs=1251 nmethods=717 adapters=445
 compilation: enabled
              stopped_count=0, restarted_count=0
 full_count=0

Compilation events (20 events):
Event: 0.658 Thread 0x000001ff920822a0 nmethod 703 0x000001ff80109e90 code [0x000001ff8010a060, 0x000001ff8010a460]
Event: 0.658 Thread 0x000001ff920822a0  705       3       sun.util.locale.LanguageTag::parseExtensions (208 bytes)
Event: 0.660 Thread 0x000001ff920822a0 nmethod 705 0x000001ff8010a610 code [0x000001ff8010a9c0, 0x000001ff8010c0c0]
Event: 0.660 Thread 0x000001ff920822a0  676       3       sun.util.locale.BaseLocale::convertOldISOCodes (238 bytes)
Event: 0.661 Thread 0x000001ff920822a0 nmethod 676 0x000001ff8010c990 code [0x000001ff8010cba0, 0x000001ff8010d288]
Event: 0.661 Thread 0x000001ff920822a0  694       3       sun.util.locale.LanguageTag::getVariants (24 bytes)
Event: 0.661 Thread 0x000001ff920822a0 nmethod 694 0x000001ff8010d410 code [0x000001ff8010d5c0, 0x000001ff8010d890]
Event: 0.661 Thread 0x000001ff920822a0  695       3       sun.util.locale.LanguageTag::getExtensions (24 bytes)
Event: 0.661 Thread 0x000001ff920822a0 nmethod 695 0x000001ff8010d990 code [0x000001ff8010db40, 0x000001ff8010de10]
Event: 0.661 Thread 0x000001ff920822a0  699       3       sun.util.locale.LanguageTag::isRegion (36 bytes)
Event: 0.663 Thread 0x000001ff920822a0 nmethod 699 0x000001ff8010df10 code [0x000001ff8010e200, 0x000001ff8010f5a8]
Event: 0.663 Thread 0x000001ff920822a0  711       3       java.lang.StringUTF16::getChar (60 bytes)
Event: 0.663 Thread 0x000001ff920822a0 nmethod 711 0x000001ff8010fc90 code [0x000001ff8010fe20, 0x000001ff8010ff90]
Event: 0.664 Thread 0x000001ff9201a0e0 nmethod 709 0x000001ff87b01f10 code [0x000001ff87b020a0, 0x000001ff87b025c8]
Event: 0.664 Thread 0x000001ff9201a0e0  712       4       java.lang.StringUTF16::getChar (60 bytes)
Event: 0.665 Thread 0x000001ff9201a0e0 nmethod 712 0x000001ff87b02890 code [0x000001ff87b02a00, 0x000001ff87b02ad0]
Event: 0.670 Thread 0x000001ff9201a0e0  715       4       jdk.internal.org.objectweb.asm.ByteVector::putShort (52 bytes)
Event: 0.671 Thread 0x000001ff920822a0  718       3       jdk.internal.org.objectweb.asm.MethodWriter::visitAbstractType (8 bytes)
Event: 0.671 Thread 0x000001ff920822a0 nmethod 718 0x000001ff80110090 code [0x000001ff80110220, 0x000001ff80110360]
Event: 0.671 Thread 0x000001ff9201a0e0 nmethod 715 0x000001ff87b03790 code [0x000001ff87b03900, 0x000001ff87b03a38]

GC Heap History (2 events):
Event: 0.675 GC heap before
{Heap before GC invocations=0 (full 0):
 garbage-first heap   total 57344K, used 7168K [0x00000000c8c00000, 0x0000000100000000)
  region size 1024K, 8 young (8192K), 0 survivors (0K)
 Metaspace       used 4733K, committed 4992K, reserved 1114112K
  class space    used 499K, committed 640K, reserved 1048576K
}
Event: 0.681 GC heap after
{Heap after GC invocations=1 (full 0):
 garbage-first heap   total 57344K, used 2604K [0x00000000c8c00000, 0x0000000100000000)
  region size 1024K, 2 young (2048K), 2 survivors (2048K)
 Metaspace       used 4733K, committed 4992K, reserved 1114112K
  class space    used 499K, committed 640K, reserved 1048576K
}

Dll operation events (8 events):
Event: 0.011 Loaded shared library C:\Program Files\Java\jdk-20\bin\java.dll
Event: 0.024 Loaded shared library C:\Program Files\Java\jdk-20\bin\jsvml.dll
Event: 0.123 Loaded shared library C:\Program Files\Java\jdk-20\bin\net.dll
Event: 0.125 Loaded shared library C:\Program Files\Java\jdk-20\bin\nio.dll
Event: 0.163 Loaded shared library C:\Program Files\Java\jdk-20\bin\zip.dll
Event: 0.182 Loaded shared library C:\Program Files\Java\jdk-20\bin\jimage.dll
Event: 0.207 Loaded shared library C:\Program Files\Java\jdk-20\bin\awt.dll
Event: 0.668 Loaded shared library C:\Program Files\Java\jdk-20\bin\javajpeg.dll

Deoptimization events (8 events):
Event: 0.472 Thread 0x000001fff78067c0 Uncommon trap: trap_request=0xffffff45 fr.pc=0x000001ff87ae06f8 relative=0x00000000000009f8
Event: 0.472 Thread 0x000001fff78067c0 Uncommon trap: reason=unstable_if action=reinterpret pc=0x000001ff87ae06f8 method=java.util.HashMap.putVal(ILjava/lang/Object;Ljava/lang/Object;ZZ)Ljava/lang/Object; @ 81 c2
Event: 0.472 Thread 0x000001fff78067c0 DEOPT PACKING pc=0x000001ff87ae06f8 sp=0x00000003d2ffe490
Event: 0.472 Thread 0x000001fff78067c0 DEOPT UNPACKING pc=0x000001ff87599d22 sp=0x00000003d2ffe440 mode 2
Event: 0.650 Thread 0x000001ff9b1ff630 Uncommon trap: trap_request=0xffffff45 fr.pc=0x000001ff87aff328 relative=0x00000000000006c8
Event: 0.650 Thread 0x000001ff9b1ff630 Uncommon trap: reason=unstable_if action=reinterpret pc=0x000001ff87aff328 method=java.util.regex.Matcher.search(I)Z @ 30 c2
Event: 0.650 Thread 0x000001ff9b1ff630 DEOPT PACKING pc=0x000001ff87aff328 sp=0x00000003d4dfeb30
Event: 0.650 Thread 0x000001ff9b1ff630 DEOPT UNPACKING pc=0x000001ff87599d22 sp=0x00000003d4dfeb10 mode 2

Classes loaded (20 events):
Event: 0.666 Loading class sun/awt/image/JPEGImageDecoder
Event: 0.666 Loading class sun/awt/image/ImageDecoder
Event: 0.666 Loading class sun/awt/image/ImageDecoder done
Event: 0.666 Loading class sun/awt/image/JPEGImageDecoder done
Event: 0.666 Loading class sun/awt/image/JPEGImageDecoder$1
Event: 0.666 Loading class sun/awt/image/JPEGImageDecoder$1 done
Event: 0.673 Loading class java/awt/image/Raster
Event: 0.673 Loading class java/awt/image/Raster done
Event: 0.673 Loading class java/awt/image/DataBufferInt
Event: 0.674 Loading class java/awt/image/DataBuffer
Event: 0.674 Loading class java/awt/image/DataBuffer done
Event: 0.674 Loading class java/awt/image/DataBufferInt done
Event: 0.674 Loading class java/awt/image/DataBuffer$1
Event: 0.674 Loading class sun/awt/image/SunWritableRaster$DataStealer
Event: 0.674 Loading class sun/awt/image/SunWritableRaster$DataStealer done
Event: 0.674 Loading class java/awt/image/DataBuffer$1 done
Event: 0.674 Loading class sun/awt/image/SunWritableRaster
Event: 0.674 Loading class java/awt/image/WritableRaster
Event: 0.674 Loading class java/awt/image/WritableRaster done
Event: 0.674 Loading class sun/awt/image/SunWritableRaster done

Classes unloaded (0 events):
No events

Classes redefined (0 events):
No events

Internal exceptions (13 events):
Event: 0.127 Thread 0x000001fff78067c0 Exception <a 'sun/nio/fs/WindowsException'{0x00000000cc23f728}> (0x00000000cc23f728) 
thrown [s\open\src\hotspot\share\prims\jni.cpp, line 519]
Event: 0.131 Thread 0x000001fff78067c0 Exception <a 'sun/nio/fs/WindowsException'{0x00000000cc241a18}> (0x00000000cc241a18) 
thrown [s\open\src\hotspot\share\prims\jni.cpp, line 519]
Event: 0.131 Thread 0x000001fff78067c0 Exception <a 'sun/nio/fs/WindowsException'{0x00000000cc242460}> (0x00000000cc242460) 
thrown [s\open\src\hotspot\share\prims\jni.cpp, line 519]
Event: 0.191 Thread 0x000001fff78067c0 Exception <a 'java/lang/ClassNotFoundException'{0x00000000cc1657d0}: sun/awt/resources/spi/awtProvider> (0x00000000cc1657d0) 
thrown [s\open\src\hotspot\share\classfile\systemDictionary.cpp, line 305]
Event: 0.227 Thread 0x000001fff78067c0 Exception <a 'java/io/FileNotFoundException'{0x00000000cc1bc0d0}> (0x00000000cc1bc0d0) 
thrown [s\open\src\hotspot\share\prims\jni.cpp, line 519]
Event: 0.237 Thread 0x000001fff78067c0 Exception <a 'java/io/FileNotFoundException'{0x00000000cc1e6520}> (0x00000000cc1e6520) 
thrown [s\open\src\hotspot\share\prims\jni.cpp, line 519]
Event: 0.475 Thread 0x000001fff78067c0 Exception <a 'java/lang/NoSuchMethodError'{0x00000000cbf39580}: 'void java.lang.invoke.DirectMethodHandle$Holder.invokeSpecial(java.lang.Object, java.lang.Object, java.lang.Object)'> (0x00000000cbf39580) 
thrown [s\open\src\hotspot\share\interpreter\linkResolver.cpp, line 773]
Event: 0.491 Thread 0x000001fff78067c0 Exception <a 'java/lang/NoSuchMethodError'{0x00000000cbf63f28}: 'java.lang.Object java.lang.invoke.DirectMethodHandle$Holder.newInvokeSpecial(java.lang.Object, java.lang.Object, java.lang.Object, java.lang.Object, java.lang.Object)'> (0x00000000cbf63f28) 
thrown [s\open\src\hotspot\share\interpreter\linkResolver.cpp, line 773]
Event: 0.502 Thread 0x000001fff78067c0 Exception <a 'java/lang/NoSuchMethodError'{0x00000000cbf94a68}: 'java.lang.Object java.lang.invoke.DirectMethodHandle$Holder.invokeStatic(java.lang.Object, int, java.lang.Object)'> (0x00000000cbf94a68) 
thrown [s\open\src\hotspot\share\interpreter\linkResolver.cpp, line 773]
Event: 0.540 Thread 0x000001fff78067c0 Exception <a 'java/lang/ClassNotFoundException'{0x00000000cbe50528}: com/sun/swing/internal/plaf/metal/resources/spi/metalProvider> (0x00000000cbe50528) 
thrown [s\open\src\hotspot\share\classfile\systemDictionary.cpp, line 305]
Event: 0.542 Thread 0x000001fff78067c0 Exception <a 'java/lang/ClassNotFoundException'{0x00000000cbe544d8}: com/sun/swing/internal/plaf/basic/resources/spi/basicProvider> (0x00000000cbe544d8) 
thrown [s\open\src\hotspot\share\classfile\systemDictionary.cpp, line 305]
Event: 0.559 Thread 0x000001fff78067c0 Exception <a 'java/lang/NoSuchMethodError'{0x00000000cbe736d8}: 'int java.lang.invoke.Invokers$Holder.invokeExact_MT(java.lang.Object, java.lang.Object)'> (0x00000000cbe736d8) 
thrown [s\open\src\hotspot\share\interpreter\linkResolver.cpp, line 773]
Event: 0.670 Thread 0x000001ff9b1ff630 Exception <a 'java/lang/NoSuchMethodError'{0x00000000cbc24c50}: 'java.lang.Object java.lang.invoke.DirectMethodHandle$Holder.newInvokeSpecial(java.lang.Object, java.lang.Object, java.lang.Object, int, int, int, int, int)'> (0x00000000cbc24c50) 
thrown [s\open\src\hotspot\share\interpreter\linkResolver.cpp, line 773]

VM Operations (8 events):
Event: 0.133 Executing VM operation: HandshakeAllThreads
Event: 0.133 Executing VM operation: HandshakeAllThreads done
Event: 0.253 Executing VM operation: HandshakeAllThreads
Event: 0.253 Executing VM operation: HandshakeAllThreads done
Event: 0.647 Executing VM operation: HandshakeAllThreads
Event: 0.647 Executing VM operation: HandshakeAllThreads done
Event: 0.675 Executing VM operation: G1TryInitiateConcMark
Event: 0.681 Executing VM operation: G1TryInitiateConcMark done

Events (15 events):
Event: 0.025 Thread 0x000001fff78067c0 Thread added: 0x000001fff78067c0
Event: 0.049 Thread 0x000001ff9200ec90 Thread added: 0x000001ff9200ec90
Event: 0.049 Thread 0x000001ff9200f580 Thread added: 0x000001ff9200f580
Event: 0.049 Thread 0x000001ff920162a0 Thread added: 0x000001ff920162a0
Event: 0.050 Thread 0x000001ff92018930 Thread added: 0x000001ff92018930
Event: 0.050 Thread 0x000001ff92019310 Thread added: 0x000001ff92019310
Event: 0.050 Thread 0x000001ff92019860 Thread added: 0x000001ff92019860
Event: 0.050 Thread 0x000001ff9201a0e0 Thread added: 0x000001ff9201a0e0
Event: 0.056 Thread 0x000001ff920822a0 Thread added: 0x000001ff920822a0
Event: 0.102 Thread 0x000001fff78ae610 Thread added: 0x000001fff78ae610
Event: 0.152 Thread 0x000001ff964c13d0 Thread added: 0x000001ff964c13d0
Event: 0.327 Thread 0x000001ff96691db0 Thread added: 0x000001ff96691db0
Event: 0.331 Thread 0x000001ff966926e0 Thread added: 0x000001ff966926e0
Event: 0.333 Thread 0x000001ff96692c30 Thread added: 0x000001ff96692c30
Event: 0.572 Thread 0x000001ff9b1ff630 Thread added: 0x000001ff9b1ff630


Dynamic libraries:
0x00007ff76dbb0000 - 0x00007ff76dbc0000 	C:\Program Files\Java\jdk-20\bin\java.exe
0x00007ffe8c670000 - 0x00007ffe8c884000 	C:\WINDOWS\SYSTEM32\ntdll.dll
0x00007ffe8a770000 - 0x00007ffe8a832000 	C:\WINDOWS\System32\KERNEL32.DLL
0x00007ffe89ba0000 - 0x00007ffe89f43000 	C:\WINDOWS\System32\KERNELBASE.dll
0x00007ffe8a330000 - 0x00007ffe8a441000 	C:\WINDOWS\System32\ucrtbase.dll
0x00007ffe82290000 - 0x00007ffe822a9000 	C:\Program Files\Java\jdk-20\bin\jli.dll
0x00007ffe3d950000 - 0x00007ffe3d96b000 	C:\Program Files\Java\jdk-20\bin\VCRUNTIME140.dll
0x00007ffe8c450000 - 0x00007ffe8c4fe000 	C:\WINDOWS\System32\ADVAPI32.dll
0x00007ffe8b160000 - 0x00007ffe8b207000 	C:\WINDOWS\System32\msvcrt.dll
0x00007ffe8a880000 - 0x00007ffe8a924000 	C:\WINDOWS\System32\sechost.dll
0x00007ffe8b540000 - 0x00007ffe8b657000 	C:\WINDOWS\System32\RPCRT4.dll
0x00007ffe8bcc0000 - 0x00007ffe8be6a000 	C:\WINDOWS\System32\USER32.dll
0x00007ffe89f50000 - 0x00007ffe89f76000 	C:\WINDOWS\System32\win32u.dll
0x00007ffe8a930000 - 0x00007ffe8a959000 	C:\WINDOWS\System32\GDI32.dll
0x00007ffe8a210000 - 0x00007ffe8a329000 	C:\WINDOWS\System32\gdi32full.dll
0x00007ffe8a170000 - 0x00007ffe8a20a000 	C:\WINDOWS\System32\msvcp_win.dll
0x00007ffe72ea0000 - 0x00007ffe7312e000 	C:\WINDOWS\WinSxS\amd64_microsoft.windows.common-controls_6595b64144ccf1df_6.0.22621.1635_none_270f70857386168e\COMCTL32.dll
0x00007ffe807b0000 - 0x00007ffe807ba000 	C:\WINDOWS\SYSTEM32\VERSION.dll
0x00007ffe8a840000 - 0x00007ffe8a871000 	C:\WINDOWS\System32\IMM32.DLL
0x00007ffe3d970000 - 0x00007ffe3d97c000 	C:\Program Files\Java\jdk-20\bin\vcruntime140_1.dll
0x00007ffe3d410000 - 0x00007ffe3d49e000 	C:\Program Files\Java\jdk-20\bin\msvcp140.dll
0x00007ffe3d990000 - 0x00007ffe3e627000 	C:\Program Files\Java\jdk-20\bin\server\jvm.dll
0x00007ffe3d980000 - 0x00007ffe3d989000 	C:\WINDOWS\SYSTEM32\WSOCK32.dll
0x00007ffe8a560000 - 0x00007ffe8a5d1000 	C:\WINDOWS\System32\WS2_32.dll
0x00007ffe80c00000 - 0x00007ffe80c34000 	C:\WINDOWS\SYSTEM32\WINMM.dll
0x00007ffe88a90000 - 0x00007ffe88aa8000 	C:\WINDOWS\SYSTEM32\kernel.appcore.dll
0x00007ffe3d8d0000 - 0x00007ffe3d8da000 	C:\Program Files\Java\jdk-20\bin\jimage.dll
0x00007ffe6c670000 - 0x00007ffe6c89e000 	C:\WINDOWS\SYSTEM32\DBGHELP.DLL
0x00007ffe8be70000 - 0x00007ffe8c1f9000 	C:\WINDOWS\System32\combase.dll
0x00007ffe8c2d0000 - 0x00007ffe8c3a7000 	C:\WINDOWS\System32\OLEAUT32.dll
0x00007ffe6c4d0000 - 0x00007ffe6c502000 	C:\WINDOWS\SYSTEM32\dbgcore.DLL
0x00007ffe8a0f0000 - 0x00007ffe8a16a000 	C:\WINDOWS\System32\bcryptPrimitives.dll
0x00007ffe3d8e0000 - 0x00007ffe3d906000 	C:\Program Files\Java\jdk-20\bin\java.dll
0x00007ffe3d7f0000 - 0x00007ffe3d8c7000 	C:\Program Files\Java\jdk-20\bin\jsvml.dll
0x00007ffe8a960000 - 0x00007ffe8b159000 	C:\WINDOWS\System32\SHELL32.dll
0x00007ffe87a10000 - 0x00007ffe882de000 	C:\WINDOWS\SYSTEM32\windows.storage.dll
0x00007ffe878d0000 - 0x00007ffe87a0e000 	C:\WINDOWS\SYSTEM32\wintypes.dll
0x00007ffe8c500000 - 0x00007ffe8c5f1000 	C:\WINDOWS\System32\SHCORE.dll
0x00007ffe8c200000 - 0x00007ffe8c25e000 	C:\WINDOWS\System32\shlwapi.dll
0x00007ffe899a0000 - 0x00007ffe899c6000 	C:\WINDOWS\SYSTEM32\profapi.dll
0x00007ffe3d7d0000 - 0x00007ffe3d7e3000 	C:\Program Files\Java\jdk-20\bin\net.dll
0x00007ffe80a70000 - 0x00007ffe80ba7000 	C:\WINDOWS\SYSTEM32\WINHTTP.dll
0x00007ffe88f30000 - 0x00007ffe88f99000 	C:\WINDOWS\system32\mswsock.dll
0x00007ffe3d7b0000 - 0x00007ffe3d7c6000 	C:\Program Files\Java\jdk-20\bin\nio.dll
0x00007ffe3d790000 - 0x00007ffe3d7a8000 	C:\Program Files\Java\jdk-20\bin\zip.dll
0x00007ffe3d4a0000 - 0x00007ffe3d631000 	C:\Program Files\Java\jdk-20\bin\awt.dll
0x00007ffe86e30000 - 0x00007ffe86ec7000 	C:\WINDOWS\SYSTEM32\apphelp.dll
0x00007ffe87450000 - 0x00007ffe8747b000 	C:\WINDOWS\system32\DWMAPI.DLL
0x00007ffe87020000 - 0x00007ffe870cb000 	C:\WINDOWS\system32\uxtheme.dll
0x00007ffe3d310000 - 0x00007ffe3d410000 	C:\WINDOWS\system32\opengl32.dll
0x00007ffe3d2e0000 - 0x00007ffe3d30d000 	C:\WINDOWS\SYSTEM32\GLU32.dll
0x00007ffe87120000 - 0x00007ffe87158000 	C:\WINDOWS\SYSTEM32\dxcore.dll
0x00007ffe8a640000 - 0x00007ffe8a767000 	C:\WINDOWS\System32\MSCTF.dll
0x00007ffe8b350000 - 0x00007ffe8b4ec000 	C:\WINDOWS\System32\ole32.dll
0x00007ffe35d80000 - 0x00007ffe35f29000 	C:\WINDOWS\system32\d3d9.dll
0x00007ffe807c0000 - 0x00007ffe8099b000 	C:\WINDOWS\System32\DriverStore\FileRepository\u0372698.inf_amd64_2366d501a5d0e392\B370279\aticfx64.dll
0x00007ffe55390000 - 0x00007ffe553c3000 	C:\WINDOWS\System32\DriverStore\FileRepository\u0372698.inf_amd64_2366d501a5d0e392\B370279\atiu9p64.dll
0x00007ffe35020000 - 0x00007ffe35d7a000 	C:\WINDOWS\System32\DriverStore\FileRepository\u0372698.inf_amd64_2366d501a5d0e392\B370279\atiumd64.dll
0x00000000629f0000 - 0x00000000638bb000 	C:\WINDOWS\System32\DriverStore\FileRepository\u0372698.inf_amd64_2366d501a5d0e392\B370279\atiumd6a.dll
0x00007ffe89940000 - 0x00007ffe8998d000 	C:\WINDOWS\SYSTEM32\POWRPROF.dll
0x00007ffe89920000 - 0x00007ffe89933000 	C:\WINDOWS\SYSTEM32\UMPDC.dll
0x00007ffe80310000 - 0x00007ffe80340000 	C:\WINDOWS\SYSTEM32\amdihk64.dll
0x00007ffe841c0000 - 0x00007ffe84208000 	C:\WINDOWS\SYSTEM32\directxdatabasehelper.dll
0x00007ffe5e100000 - 0x00007ffe5e12e000 	C:\Program Files\Java\jdk-20\bin\javajpeg.dll

dbghelp: loaded successfully - version: 4.0.5 - missing functions: none
symbol engine: initialized successfully - sym options: 0x614 - pdb path: .;C:\Program Files\Java\jdk-20\bin;C:\WINDOWS\SYSTEM32;C:\WINDOWS\WinSxS\amd64_microsoft.windows.common-controls_6595b64144ccf1df_6.0.22621.1635_none_270f70857386168e;C:\Program Files\Java\jdk-20\bin\server;C:\WINDOWS\System32\DriverStore\FileRepository\u0372698.inf_amd64_2366d501a5d0e392\B370279

VM Arguments:
jvm_args: -Dfile.encoding=UTF-8 --module-path=C:\Users\HP\Documents\NetBeansProjects\project\build\classes 
java_command: project.Book
java_class_path (initial): C:\Users\HP\Documents\NetBeansProjects\project\lib\mysql-connector-j-8.0.32.zip;C:\Users\HP\Documents\NetBeansProjects\project\lib\mysql-connector-j-8.0.32.jar;C:\Users\HP\Documents\NetBeansProjects\project\build\classes
Launcher Type: SUN_STANDARD

[Global flags]
     intx CICompilerCount                          = 3                                         {product} {ergonomic}
     uint ConcGCThreads                            = 1                                         {product} {ergonomic}
     uint G1ConcRefinementThreads                  = 4                                         {product} {ergonomic}
   size_t G1HeapRegionSize                         = 1048576                                   {product} {ergonomic}
    uintx GCDrainStackTargetSize                   = 64                                        {product} {ergonomic}
   size_t InitialHeapSize                          = 58720256                                  {product} {ergonomic}
   size_t MarkStackSize                            = 4194304                                   {product} {ergonomic}
   size_t MaxHeapSize                              = 926941184                                 {product} {ergonomic}
   size_t MaxNewSize                               = 555745280                                 {product} {ergonomic}
   size_t MinHeapDeltaBytes                        = 1048576                                   {product} {ergonomic}
   size_t MinHeapSize                              = 8388608                                   {product} {ergonomic}
    uintx NonNMethodCodeHeapSize                   = 5832780                                {pd product} {ergonomic}
    uintx NonProfiledCodeHeapSize                  = 122912730                              {pd product} {ergonomic}
    uintx ProfiledCodeHeapSize                     = 122912730                              {pd product} {ergonomic}
    uintx ReservedCodeCacheSize                    = 251658240                              {pd product} {ergonomic}
     bool SegmentedCodeCache                       = true                                      {product} {ergonomic}
   size_t SoftMaxHeapSize                          = 926941184                              {manageable} {ergonomic}
     bool UseCompressedClassPointers               = true                           {product lp64_product} {ergonomic}
     bool UseCompressedOops                        = true                           {product lp64_product} {ergonomic}
     bool UseG1GC                                  = true                                      {product} {ergonomic}
     bool UseLargePagesIndividualAllocation        = false                                  {pd product} {ergonomic}

Logging:
Log output configuration:
 #0: stdout all=warning uptime,level,tags foldmultilines=false
 #1: stderr all=off uptime,level,tags foldmultilines=false

Environment Variables:
JAVA_HOME=C:\Program Files\Java\jdk-20
PATH=C:\Program Files\Common Files\Oracle\Java\javapath;C:\Python311\Scripts\;C:\Python311\;C:\WINDOWS\system32;C:\WINDOWS;C:\WINDOWS\System32\Wbem;C:\WINDOWS\System32\WindowsPowerShell\v1.0\;C:\WINDOWS\System32\OpenSSH\;C:\ProgramData\chocolatey\bin;C:\Program Files\MySQL\MySQL Server 8.0\bin;C:\Program Files\Java\jdk-20\bin;C:\Program Files\Common Files\Oracle\Java\javapath;C:\Program Files\MySQL\MySQL Shell 8.0\bin\;C:\Users\HP\AppData\Local\Programs\Python\Python310\Scripts\;C:\Users\HP\AppData\Local\Programs\Python\Python310\;C:\Users\HP\AppData\Local\Microsoft\WindowsApps;C:\Users\HP\AppData\Local\Programs\Microsoft VS Code\bin;C:\MinGW\bin;C:\kotlinc\bin;C:\Users\HP\AppData\Local\Programs\MiKTeX\miktex\bin\x64\;C:\Program Files\Java\jdk-20\bin;
USERNAME=harry sahani
OS=Windows_NT
PROCESSOR_IDENTIFIER=AMD64 Family 23 Model 24 Stepping 1, AuthenticAMD
TMP=C:\Users\HP\AppData\Local\Temp
TEMP=C:\Users\HP\AppData\Local\Temp




---------------  S Y S T E M  ---------------

OS:
 Windows 11 , 64 bit Build 22621 (10.0.22621.1928)
OS uptime: 0 days 0:05 hours
Hyper-V role detected

CPU: total 4 (initial active 4) (4 cores per cpu, 1 threads per core) family 23 model 24 stepping 1 microcode 0x0, cx8, cmov, fxsr, mmx, 3dnowpref, sse, sse2, sse3, ssse3, sse4a, sse4.1, sse4.2, popcnt, lzcnt, tsc, tscinvbit, avx, avx2, aes, clmul, bmi1, bmi2, adx, sha, fma, vzeroupper, clflush, clflushopt, hv, rdtscp, f16c

Memory: 4k page, system-wide physical 3530M (192M free)
TotalPageFile size 5530M (AvailPageFile size 5M)
current process WorkingSet (physical memory assigned to process): 65M, peak: 65M
current process commit charge ("private bytes"): 291M, peak: 292M

vm_info: Java HotSpot(TM) 64-Bit Server VM (20.0.1+9-29) for windows-amd64 JRE (20.0.1+9-29), built on 2023-03-07T13:56:11Z by "mach5one" with MS VC++ 17.1 (VS2022)

END.
